----------------------------------------------------------------------------------------------------------------------------------------------------------------
      name:  <unnamed>
       log:  C:\Users\lsh1703468\Documents\repos\logs/00_checkSTPs_in_original_extract_an.log
  log type:  text
 opened on:  14 Sep 2022, 14:46:15

. 
. 
. *(1)=========Cases============
. import delimited ./output/input_covid_stp01_matching.csv, clear
(encoding automatically selected: ISO-8859-2)
(40 vars, 50,000 obs)

. safetab stp
command safetab is unrecognized
r(199);

end of do-file

r(199);

. install safetab
command install is unrecognized
r(199);

. clear

. do "C:\Users\LSH170~1\AppData\Local\Temp\STD5908_000000.tmp"

. sysdir set PLUS ./analysis/adofiles

. sysdir set PERSONAL ./analysis/adofiles

. pwd
C:\Users\lsh1703468\Documents\repos

. 
. 
. * Open a log file
. cap log close
