------------------------------------------------------------------------------------------------------------------------------------------------------------------------------------------------------------------------------------------------------------
      name:  <unnamed>
       log:  C:\Users\lsh1703468\Documents\repos\logs/00b_dummyData_create_multiple_stps_may2021.log
  log type:  text
 opened on:  20 Oct 2022, 12:00:55

. 
. *program for replacing stps that is called below
. program drop _all

. program replaceSTPs
  1.         local low=0
  2.         *divide total dataset by number of stps (=31)
.         local increase=int(_N/31)
  3.         *replace stps 5-9
.         foreach i of numlist 5/9 {
  4.                 local high=`low'+`increase'
  5.                 replace stp="E5400000`i'" if _n>`low'& _n<`high'
  6.                 local low=`low'+ `increase'
  7.         }
  8.         count
  9.         *replace all other stps
.         *reset lower limit to take account that 5/9 have been done already
.         local low=`increase'*5 
 10.         foreach i of numlist 10 12/17 20/27 29 33 35/37 40/44 49 {
 11.                 local high=`low'+`increase'
 12.                 replace stp="E540000`i'" if _n>`low'& _n<`high'
 13.                 local low=`low'+ `increase'
 14.         }
 15.         count
 16.         *tidy up remainder
.         replace stp="E54000005" if stp=="STP1"
 17. end

. 
. 
. *(1)=========Create separate stps for cases============
. import delimited ./output/covid_matching_may2021.csv, clear
(encoding automatically selected: ISO-8859-1)
(11 vars, 8,990 obs)

. *tabulate before changes
. tab stp

        stp |      Freq.     Percent        Cum.
------------+-----------------------------------
       STP1 |      8,990      100.00      100.00
------------+-----------------------------------
      Total |      8,990      100.00

. *call program
. replaceSTPs
variable stp was str4 now str9
(289 real changes made)
(289 real changes made)
(289 real changes made)
(289 real changes made)
(289 real changes made)
  8,990
(289 real changes made)
(289 real changes made)
(289 real changes made)
(289 real changes made)
(289 real changes made)
(289 real changes made)
(289 real changes made)
(289 real changes made)
(289 real changes made)
(289 real changes made)
(289 real changes made)
(289 real changes made)
(289 real changes made)
(289 real changes made)
(289 real changes made)
(289 real changes made)
(289 real changes made)
(289 real changes made)
(289 real changes made)
(289 real changes made)
(289 real changes made)
(289 real changes made)
(289 real changes made)
(289 real changes made)
(289 real changes made)
(289 real changes made)
  8,990
(31 real changes made)

. *tabulate after changes
. tab stp, miss

        stp |      Freq.     Percent        Cum.
------------+-----------------------------------
  E54000005 |        320        3.56        3.56
  E54000006 |        289        3.21        6.77
  E54000007 |        289        3.21        9.99
  E54000008 |        289        3.21       13.20
  E54000009 |        289        3.21       16.42
  E54000010 |        289        3.21       19.63
  E54000012 |        289        3.21       22.85
  E54000013 |        289        3.21       26.06
  E54000014 |        289        3.21       29.28
  E54000015 |        289        3.21       32.49
  E54000016 |        289        3.21       35.71
  E54000017 |        289        3.21       38.92
  E54000020 |        289        3.21       42.14
  E54000021 |        289        3.21       45.35
  E54000022 |        289        3.21       48.57
  E54000023 |        289        3.21       51.78
  E54000024 |        289        3.21       54.99
  E54000025 |        289        3.21       58.21
  E54000026 |        289        3.21       61.42
  E54000027 |        289        3.21       64.64
  E54000029 |        289        3.21       67.85
  E54000033 |        289        3.21       71.07
  E54000035 |        289        3.21       74.28
  E54000036 |        289        3.21       77.50
  E54000037 |        289        3.21       80.71
  E54000040 |        289        3.21       83.93
  E54000041 |        289        3.21       87.14
  E54000042 |        289        3.21       90.36
  E54000043 |        289        3.21       93.57
  E54000044 |        289        3.21       96.79
  E54000049 |        289        3.21      100.00
------------+-----------------------------------
      Total |      8,990      100.00

. *export output
. export delimited using "./output/covid_matching_may2021.csv", replace
file ./output/covid_matching_may2021.csv saved

. 
. 
. 
. 
. *(2)=========Create separate stps for comparators============
. import delimited ./output/contemporary_matching_may2021.csv, clear
(encoding automatically selected: ISO-8859-1)
(15 vars, 28,901 obs)

. *tabulate before changes
. tab stp

        stp |      Freq.     Percent        Cum.
------------+-----------------------------------
       STP1 |     28,901      100.00      100.00
------------+-----------------------------------
      Total |     28,901      100.00

. *call program
. replaceSTPs
variable stp was str4 now str9
(931 real changes made)
(931 real changes made)
(931 real changes made)
(931 real changes made)
(931 real changes made)
  28,901
(931 real changes made)
(931 real changes made)
(931 real changes made)
(931 real changes made)
(931 real changes made)
(931 real changes made)
(931 real changes made)
(931 real changes made)
(931 real changes made)
(931 real changes made)
(931 real changes made)
(931 real changes made)
(931 real changes made)
(931 real changes made)
(931 real changes made)
(931 real changes made)
(931 real changes made)
(931 real changes made)
(931 real changes made)
(931 real changes made)
(931 real changes made)
(931 real changes made)
(931 real changes made)
(931 real changes made)
(931 real changes made)
(931 real changes made)
  28,901
(40 real changes made)

. *tabulate after changes
. tab stp

        stp |      Freq.     Percent        Cum.
------------+-----------------------------------
  E54000005 |        971        3.36        3.36
  E54000006 |        931        3.22        6.58
  E54000007 |        931        3.22        9.80
  E54000008 |        931        3.22       13.02
  E54000009 |        931        3.22       16.25
  E54000010 |        931        3.22       19.47
  E54000012 |        931        3.22       22.69
  E54000013 |        931        3.22       25.91
  E54000014 |        931        3.22       29.13
  E54000015 |        931        3.22       32.35
  E54000016 |        931        3.22       35.57
  E54000017 |        931        3.22       38.79
  E54000020 |        931        3.22       42.02
  E54000021 |        931        3.22       45.24
  E54000022 |        931        3.22       48.46
  E54000023 |        931        3.22       51.68
  E54000024 |        931        3.22       54.90
  E54000025 |        931        3.22       58.12
  E54000026 |        931        3.22       61.34
  E54000027 |        931        3.22       64.57
  E54000029 |        931        3.22       67.79
  E54000033 |        931        3.22       71.01
  E54000035 |        931        3.22       74.23
  E54000036 |        931        3.22       77.45
  E54000037 |        931        3.22       80.67
  E54000040 |        931        3.22       83.89
  E54000041 |        931        3.22       87.11
  E54000042 |        931        3.22       90.34
  E54000043 |        931        3.22       93.56
  E54000044 |        931        3.22       96.78
  E54000049 |        931        3.22      100.00
------------+-----------------------------------
      Total |     28,901      100.00

. *export output
. export delimited using "./output/contemporary_matching_may2021.csv", replace
file ./output/contemporary_matching_may2021.csv saved

. 
. 
. log close
      name:  <unnamed>
       log:  C:\Users\lsh1703468\Documents\repos\logs/00b_dummyData_create_multiple_stps_may2021.log
  log type:  text
 closed on:  20 Oct 2022, 12:00:56
------------------------------------------------------------------------------------------------------------------------------------------------------------------------------------------------------------------------------------------------------------
