-------------------------------------------------------------------------------
      name:  <unnamed>
       log:  /workspace/logs/codebook_2020_additional.log
  log type:  text
 opened on:  28 Oct 2022, 00:08:06

. 
. capture noisily import delimited ./output/input_covid_2020_additional.csv, cl
> ear
(70 vars, 14,330 obs)

. codebook

-------------------------------------------------------------------------------
patient_id                                                          (unlabeled)
-------------------------------------------------------------------------------

                  type:  numeric (long)

                 range:  [25,499966]                  units:  1
         unique values:  14,330                   missing .:  0/14,330

                  mean:    250808
              std. dev:    143675

           percentiles:        10%       25%       50%       75%       90%
                           51917.5    125120    251929    375134    450111

-------------------------------------------------------------------------------
case_index_date                                                     (unlabeled)
-------------------------------------------------------------------------------

                  type:  string (str10)

         unique values:  972                      missing "":  0/14,330

              examples:  "2020-06-29"
                         "2020-12-11"
                         "2021-06-16"
                         "2022-01-14"

-------------------------------------------------------------------------------
covid_vax_1_date                                                    (unlabeled)
-------------------------------------------------------------------------------

                  type:  string (str10)

         unique values:  652                      missing "":  11,464/14,330

              examples:  ""
                         ""
                         ""
                         ""

-------------------------------------------------------------------------------
covid_vax_2_date                                                    (unlabeled)
-------------------------------------------------------------------------------

                  type:  string (str10)

         unique values:  632                      missing "":  11,464/14,330

              examples:  ""
                         ""
                         ""
                         ""

-------------------------------------------------------------------------------
covid_vax_3_date                                                    (unlabeled)
-------------------------------------------------------------------------------

                  type:  string (str10)

         unique values:  544                      missing "":  11,464/14,330

              examples:  ""
                         ""
                         ""
                         ""

-------------------------------------------------------------------------------
covid_vax_4_date                                                    (unlabeled)
-------------------------------------------------------------------------------

                  type:  string (str10)

         unique values:  515                      missing "":  11,464/14,330

              examples:  ""
                         ""
                         ""
                         ""

-------------------------------------------------------------------------------
year_of_birth                                                       (unlabeled)
-------------------------------------------------------------------------------

                  type:  numeric (int)

                 range:  [1950,2000]                  units:  1
         unique values:  51                       missing .:  0/14,330

                  mean:   1974.41
              std. dev:   14.3693

           percentiles:        10%       25%       50%       75%       90%
                              1954      1962      1974      1987      1994

-------------------------------------------------------------------------------
ethnicity_date                                                      (unlabeled)
-------------------------------------------------------------------------------

                  type:  numeric (int)

                 range:  [1900,2022]                  units:  1
         unique values:  123                      missing .:  3,582/14,330

                  mean:   1961.24
              std. dev:   35.4693

           percentiles:        10%       25%       50%       75%       90%
                              1912      1930      1962      1992      2010

-------------------------------------------------------------------------------
body_mass_index_date_measured                                       (unlabeled)
-------------------------------------------------------------------------------

                  type:  string (str10)

         unique values:  1,031                    missing "":  716/14,330

              examples:  "2020-06-18"
                         "2021-01-20"
                         "2021-08-22"
                         "2022-03-23"

-------------------------------------------------------------------------------
acute_kidney_injury_outcome                                         (unlabeled)
-------------------------------------------------------------------------------

                  type:  string (str10)

         unique values:  735                      missing "":  12,897/14,330

              examples:  ""
                         ""
                         ""
                         ""

-------------------------------------------------------------------------------
death_date_gp                                                       (unlabeled)
-------------------------------------------------------------------------------

                  type:  string (str10)

         unique values:  746                      missing "":  12,897/14,330

              examples:  ""
                         ""
                         ""
                         ""

-------------------------------------------------------------------------------
covid_hospitalised                                                  (unlabeled)
-------------------------------------------------------------------------------

                  type:  numeric (byte)

                 range:  [0,1]                        units:  1
         unique values:  2                        missing .:  0/14,330

            tabulation:  Freq.  Value
                        12,897  0
                         1,433  1

-------------------------------------------------------------------------------
covid_critical_care                                                 (unlabeled)
-------------------------------------------------------------------------------

                  type:  numeric (byte)

                 range:  [0,1]                        units:  1
         unique values:  2                        missing .:  0/14,330

            tabulation:  Freq.  Value
                        13,613  0
                           717  1

-------------------------------------------------------------------------------
covid_critical_days                                                 (unlabeled)
-------------------------------------------------------------------------------

                  type:  numeric (byte)

                 range:  [0,1]                        units:  1
         unique values:  2                        missing .:  0/14,330

            tabulation:  Freq.  Value
                        13,613  0
                           717  1

-------------------------------------------------------------------------------
covid_acute_kidney_injury                                           (unlabeled)
-------------------------------------------------------------------------------

                  type:  numeric (byte)

                 range:  [0,1]                        units:  1
         unique values:  2                        missing .:  0/14,330

            tabulation:  Freq.  Value
                        13,613  0
                           717  1

-------------------------------------------------------------------------------
covid_krt_icd_10                                                    (unlabeled)
-------------------------------------------------------------------------------

                  type:  numeric (byte)

                 range:  [0,1]                        units:  1
         unique values:  2                        missing .:  0/14,330

            tabulation:  Freq.  Value
                        13,613  0
                           717  1

-------------------------------------------------------------------------------
covid_krt_opcs_4                                                    (unlabeled)
-------------------------------------------------------------------------------

                  type:  numeric (byte)

                 range:  [0,1]                        units:  1
         unique values:  2                        missing .:  0/14,330

            tabulation:  Freq.  Value
                        13,613  0
                           717  1

-------------------------------------------------------------------------------
covid_death                                                         (unlabeled)
-------------------------------------------------------------------------------

                  type:  numeric (byte)

                 range:  [0,1]                        units:  1
         unique values:  2                        missing .:  0/14,330

            tabulation:  Freq.  Value
                        12,897  0
                         1,433  1

-------------------------------------------------------------------------------
practice_id                                                         (unlabeled)
-------------------------------------------------------------------------------

                  type:  numeric (byte)

                 range:  [0,44]                       units:  1
         unique values:  38                       missing .:  0/14,330

                  mean:   12.2764
              std. dev:   12.7794

           percentiles:        10%       25%       50%       75%       90%
                                 0         0         3        25        29

-------------------------------------------------------------------------------
imd                                                                 (unlabeled)
-------------------------------------------------------------------------------

                  type:  numeric (byte)

                 range:  [0,5]                        units:  1
         unique values:  6                        missing .:  0/14,330

            tabulation:  Freq.  Value
                           700  0
                         2,818  1
                         2,686  2
                         2,744  3
                         2,706  4
                         2,676  5

-------------------------------------------------------------------------------
region                                                              (unlabeled)
-------------------------------------------------------------------------------

                  type:  string (str24)

         unique values:  9                        missing "":  0/14,330

            tabulation:  Freq.  Value
                         1,413  "East"
                         1,427  "East Midlands"
                         2,783  "London"
                         1,461  "North East"
                         1,391  "North West"
                         1,522  "South East"
                         1,422  "South West"
                         1,474  "West Midlands"
                         1,437  "Yorkshire and The Humber"

               warning:  variable has embedded blanks

-------------------------------------------------------------------------------
ethnicity                                                           (unlabeled)
-------------------------------------------------------------------------------

                  type:  numeric (byte)

                 range:  [1,5]                        units:  1
         unique values:  3                        missing .:  3,582/14,330

            tabulation:  Freq.  Value
                         8,568  1
                         1,164  3
                         1,016  5
                         3,582  .

-------------------------------------------------------------------------------
atrial_fibrillation_or_flutter                                      (unlabeled)
-------------------------------------------------------------------------------

                  type:  numeric (byte)

                 range:  [0,1]                        units:  1
         unique values:  2                        missing .:  0/14,330

            tabulation:  Freq.  Value
                        13,613  0
                           717  1

-------------------------------------------------------------------------------
chronic_liver_disease                                               (unlabeled)
-------------------------------------------------------------------------------

                  type:  numeric (byte)

                 range:  [0,1]                        units:  1
         unique values:  2                        missing .:  0/14,330

            tabulation:  Freq.  Value
                        14,043  0
                           287  1

-------------------------------------------------------------------------------
diabetes                                                            (unlabeled)
-------------------------------------------------------------------------------

                  type:  numeric (byte)

                 range:  [0,1]                        units:  1
         unique values:  2                        missing .:  0/14,330

            tabulation:  Freq.  Value
                        11,464  0
                         2,866  1

-------------------------------------------------------------------------------
haematological_cancer                                               (unlabeled)
-------------------------------------------------------------------------------

                  type:  numeric (byte)

                 range:  [0,1]                        units:  1
         unique values:  2                        missing .:  0/14,330

            tabulation:  Freq.  Value
                        14,186  0
                           144  1

-------------------------------------------------------------------------------
heart_failure                                                       (unlabeled)
-------------------------------------------------------------------------------

                  type:  numeric (byte)

                 range:  [0,1]                        units:  1
         unique values:  2                        missing .:  0/14,330

            tabulation:  Freq.  Value
                        13,756  0
                           574  1

-------------------------------------------------------------------------------
hiv                                                                 (unlabeled)
-------------------------------------------------------------------------------

                  type:  numeric (byte)

                 range:  [0,1]                        units:  1
         unique values:  2                        missing .:  0/14,330

            tabulation:  Freq.  Value
                        14,043  0
                           287  1

-------------------------------------------------------------------------------
hypertension                                                        (unlabeled)
-------------------------------------------------------------------------------

                  type:  numeric (byte)

                 range:  [0,1]                        units:  1
         unique values:  2                        missing .:  0/14,330

            tabulation:  Freq.  Value
                        11,464  0
                         2,866  1

-------------------------------------------------------------------------------
non_haematological_cancer                                           (unlabeled)
-------------------------------------------------------------------------------

                  type:  numeric (byte)

                 range:  [0,1]                        units:  1
         unique values:  2                        missing .:  0/14,330

            tabulation:  Freq.  Value
                        14,043  0
                           287  1

-------------------------------------------------------------------------------
myocardial_infarction                                               (unlabeled)
-------------------------------------------------------------------------------

                  type:  numeric (byte)

                 range:  [0,1]                        units:  1
         unique values:  2                        missing .:  0/14,330

            tabulation:  Freq.  Value
                        12,897  0
                         1,433  1

-------------------------------------------------------------------------------
peripheral_vascular_disease                                         (unlabeled)
-------------------------------------------------------------------------------

                  type:  numeric (byte)

                 range:  [0,1]                        units:  1
         unique values:  2                        missing .:  0/14,330

            tabulation:  Freq.  Value
                        14,043  0
                           287  1

-------------------------------------------------------------------------------
rheumatoid_arthritis                                                (unlabeled)
-------------------------------------------------------------------------------

                  type:  numeric (byte)

                 range:  [0,1]                        units:  1
         unique values:  2                        missing .:  0/14,330

            tabulation:  Freq.  Value
                        13,613  0
                           717  1

-------------------------------------------------------------------------------
stroke                                                              (unlabeled)
-------------------------------------------------------------------------------

                  type:  numeric (byte)

                 range:  [0,1]                        units:  1
         unique values:  2                        missing .:  0/14,330

            tabulation:  Freq.  Value
                        14,043  0
                           287  1

-------------------------------------------------------------------------------
systemic_lupus_erythematosus                                        (unlabeled)
-------------------------------------------------------------------------------

                  type:  numeric (byte)

                 range:  [0,1]                        units:  1
         unique values:  2                        missing .:  0/14,330

            tabulation:  Freq.  Value
                        14,043  0
                           287  1

-------------------------------------------------------------------------------
smoking_status                                                      (unlabeled)
-------------------------------------------------------------------------------

                  type:  string (str1)

         unique values:  4                        missing "":  11,464/14,330

            tabulation:  Freq.  Value
                        11,464  ""
                           276  "E"
                           293  "M"
                           556  "N"
                         1,741  "S"

-------------------------------------------------------------------------------
body_mass_index                                                     (unlabeled)
-------------------------------------------------------------------------------

                  type:  numeric (float)

                 range:  [-3.7253516,58.103878]       units:  1.000e-08
         unique values:  13,608                   missing .:  0/14,330

                  mean:   26.6156
              std. dev:   9.91906

           percentiles:        10%       25%       50%       75%       90%
                           15.1163   21.6319    27.421   33.0673   38.1346

-------------------------------------------------------------------------------
immunosuppression                                                   (unlabeled)
-------------------------------------------------------------------------------

                  type:  numeric (byte)

                 range:  [0,1]                        units:  1
         unique values:  2                        missing .:  0/14,330

            tabulation:  Freq.  Value
                        13,613  0
                           717  1

-------------------------------------------------------------------------------
followup_creatinine_feb2020                                         (unlabeled)
-------------------------------------------------------------------------------

                  type:  numeric (float)

                 range:  [-86.574112,258.03558]       units:  1.000e-08
         unique values:  8,597                    missing .:  0/14,330

                  mean:   47.8354
              std. dev:   50.1176

           percentiles:        10%       25%       50%       75%       90%
                                 0         0   40.2851   88.6274   118.885

-------------------------------------------------------------------------------
followup_creatinine_mar2020                                         (unlabeled)
-------------------------------------------------------------------------------

                  type:  numeric (float)

                 range:  [-77.924568,236.32413]       units:  1.000e-10
         unique values:  8,598                    missing .:  0/14,330

                  mean:   47.8418
              std. dev:   49.9338

           percentiles:        10%       25%       50%       75%       90%
                                 0         0   40.9021   88.2511   119.067

-------------------------------------------------------------------------------
followup_creatinine_apr2020                                         (unlabeled)
-------------------------------------------------------------------------------

                  type:  numeric (float)

                 range:  [-65.424126,238.38945]       units:  1.000e-09
         unique values:  8,599                    missing .:  0/14,330

                  mean:   47.9306
              std. dev:   49.7285

           percentiles:        10%       25%       50%       75%       90%
                                 0         0   42.4283   87.9306    117.35

-------------------------------------------------------------------------------
followup_creatinine_may2020                                         (unlabeled)
-------------------------------------------------------------------------------

                  type:  numeric (float)

                 range:  [-76.500603,246.08784]       units:  1.000e-08
         unique values:  8,598                    missing .:  0/14,330

                  mean:   47.8125
              std. dev:   49.9483

           percentiles:        10%       25%       50%       75%       90%
                                 0         0    41.032   88.1008   118.573

-------------------------------------------------------------------------------
followup_creatinine_jun2020                                         (unlabeled)
-------------------------------------------------------------------------------

                  type:  numeric (float)

                 range:  [-100.22772,241.27516]       units:  1.000e-09
         unique values:  8,597                    missing .:  0/14,330

                  mean:   47.5849
              std. dev:   49.7242

           percentiles:        10%       25%       50%       75%       90%
                                 0         0   40.5445   88.1242   117.292

-------------------------------------------------------------------------------
followup_creatinine_jul2020                                         (unlabeled)
-------------------------------------------------------------------------------

                  type:  numeric (float)

                 range:  [-80.020996,221.49129]       units:  1.000e-09
         unique values:  8,598                    missing .:  0/14,330

                  mean:    47.741
              std. dev:   49.8985

           percentiles:        10%       25%       50%       75%       90%
                                 0         0   40.2086   88.7625    118.21

-------------------------------------------------------------------------------
followup_creatinine_aug2020                                         (unlabeled)
-------------------------------------------------------------------------------

                  type:  numeric (float)

                 range:  [-77.746277,216.15506]       units:  1.000e-09
         unique values:  8,595                    missing .:  0/14,330

                  mean:   47.8803
              std. dev:   49.8881

           percentiles:        10%       25%       50%       75%       90%
                                 0         0   40.6236   88.6622   118.272

-------------------------------------------------------------------------------
followup_creatinine_sep2020                                         (unlabeled)
-------------------------------------------------------------------------------

                  type:  numeric (float)

                 range:  [-63.068222,234.43915]       units:  1.000e-09
         unique values:  8,598                    missing .:  0/14,330

                  mean:   47.8193
              std. dev:   49.7967

           percentiles:        10%       25%       50%       75%       90%
                                 0         0   40.8318   88.0723   117.858

-------------------------------------------------------------------------------
followup_creatinine_oct2020                                         (unlabeled)
-------------------------------------------------------------------------------

                  type:  numeric (float)

                 range:  [-77.909393,217.04405]       units:  1.000e-09
         unique values:  8,599                    missing .:  0/14,330

                  mean:   48.2491
              std. dev:   50.1096

           percentiles:        10%       25%       50%       75%       90%
                                 0         0   41.8573   89.1998   118.874

-------------------------------------------------------------------------------
followup_creatinine_nov2020                                         (unlabeled)
-------------------------------------------------------------------------------

                  type:  numeric (float)

                 range:  [-52.930546,252.40067]       units:  1.000e-09
         unique values:  8,596                    missing .:  0/14,330

                  mean:   48.1321
              std. dev:   49.9454

           percentiles:        10%       25%       50%       75%       90%
                                 0         0   41.0553   89.2652   118.673

-------------------------------------------------------------------------------
followup_creatinine_dec2020                                         (unlabeled)
-------------------------------------------------------------------------------

                  type:  numeric (float)

                 range:  [-86.168915,232.61237]       units:  1.000e-10
         unique values:  8,599                    missing .:  0/14,330

                  mean:   48.3057
              std. dev:   50.2468

           percentiles:        10%       25%       50%       75%       90%
                                 0         0      41.5   89.8265   119.326

-------------------------------------------------------------------------------
followup_creatinine_jan2021                                         (unlabeled)
-------------------------------------------------------------------------------

                  type:  numeric (float)

                 range:  [-84.33123,227.03394]        units:  1.000e-09
         unique values:  8,597                    missing .:  0/14,330

                  mean:   47.8534
              std. dev:   49.9783

           percentiles:        10%       25%       50%       75%       90%
                                 0         0   40.6869   88.0283   118.053

-------------------------------------------------------------------------------
followup_creatinine_feb2021                                         (unlabeled)
-------------------------------------------------------------------------------

                  type:  numeric (float)

                 range:  [-81.62014,250.66919]        units:  1.000e-09
         unique values:  8,599                    missing .:  0/14,330

                  mean:   47.7902
              std. dev:   49.9682

           percentiles:        10%       25%       50%       75%       90%
                                 0         0   40.6791   88.1618   118.916

-------------------------------------------------------------------------------
followup_creatinine_mar2021                                         (unlabeled)
-------------------------------------------------------------------------------

                  type:  numeric (float)

                 range:  [-84.297302,233.33226]       units:  1.000e-09
         unique values:  8,598                    missing .:  0/14,330

                  mean:   48.3616
              std. dev:   50.4579

           percentiles:        10%       25%       50%       75%       90%
                                 0         0    41.863   89.1446    119.89

-------------------------------------------------------------------------------
followup_creatinine_apr2021                                         (unlabeled)
-------------------------------------------------------------------------------

                  type:  numeric (float)

                 range:  [-83.627724,236.34476]       units:  1.000e-09
         unique values:  8,597                    missing .:  0/14,330

                  mean:   48.5077
              std. dev:   50.5381

           percentiles:        10%       25%       50%       75%       90%
                                 0         0   41.4504    89.394    120.26

-------------------------------------------------------------------------------
followup_creatinine_may2021                                         (unlabeled)
-------------------------------------------------------------------------------

                  type:  numeric (float)

                 range:  [-78.933044,248.81165]       units:  1.000e-09
         unique values:  8,596                    missing .:  0/14,330

                  mean:   47.6245
              std. dev:     49.58

           percentiles:        10%       25%       50%       75%       90%
                                 0         0   40.7693   87.1474   117.999

-------------------------------------------------------------------------------
followup_creatinine_jun2021                                         (unlabeled)
-------------------------------------------------------------------------------

                  type:  numeric (float)

                 range:  [-89.92807,218.04927]        units:  1.000e-08
         unique values:  8,597                    missing .:  0/14,330

                  mean:   47.9409
              std. dev:   49.7317

           percentiles:        10%       25%       50%       75%       90%
                                 0         0   41.6436    88.231   117.586

-------------------------------------------------------------------------------
followup_creatinine_jul2021                                         (unlabeled)
-------------------------------------------------------------------------------

                  type:  numeric (float)

                 range:  [-73.724113,219.71695]       units:  1.000e-10
         unique values:  8,598                    missing .:  0/14,330

                  mean:   48.0286
              std. dev:   50.1586

           percentiles:        10%       25%       50%       75%       90%
                                 0         0   41.1717   87.8952   118.817

-------------------------------------------------------------------------------
followup_creatinine_aug2021                                         (unlabeled)
-------------------------------------------------------------------------------

                  type:  numeric (float)

                 range:  [-59.498627,226.61261]       units:  1.000e-08
         unique values:  8,598                    missing .:  0/14,330

                  mean:   47.5685
              std. dev:   49.7892

           percentiles:        10%       25%       50%       75%       90%
                                 0         0   40.3909   87.6002   117.944

-------------------------------------------------------------------------------
followup_creatinine_sep2021                                         (unlabeled)
-------------------------------------------------------------------------------

                  type:  numeric (float)

                 range:  [-54.517849,231.41031]       units:  1.000e-08
         unique values:  8,595                    missing .:  0/14,330

                  mean:   48.0047
              std. dev:   49.9674

           percentiles:        10%       25%       50%       75%       90%
                                 0         0   41.3679   88.4144   118.557

-------------------------------------------------------------------------------
followup_creatinine_oct2021                                         (unlabeled)
-------------------------------------------------------------------------------

                  type:  numeric (float)

                 range:  [-57.09977,235.88458]        units:  1.000e-09
         unique values:  8,595                    missing .:  0/14,330

                  mean:   48.4813
              std. dev:   50.0475

           percentiles:        10%       25%       50%       75%       90%
                                 0         0    42.529   89.0055    118.87

-------------------------------------------------------------------------------
followup_creatinine_nov2021                                         (unlabeled)
-------------------------------------------------------------------------------

                  type:  numeric (float)

                 range:  [-74.288422,261.18442]       units:  1.000e-09
         unique values:  8,596                    missing .:  0/14,330

                  mean:   48.1629
              std. dev:   50.0493

           percentiles:        10%       25%       50%       75%       90%
                                 0         0   41.1293   88.7146   118.694

-------------------------------------------------------------------------------
followup_creatinine_dec2021                                         (unlabeled)
-------------------------------------------------------------------------------

                  type:  numeric (float)

                 range:  [-76.855804,219.40932]       units:  1.000e-08
         unique values:  8,597                    missing .:  0/14,330

                  mean:   47.7147
              std. dev:    49.784

           percentiles:        10%       25%       50%       75%       90%
                                 0         0   40.5465   88.0965   118.534

-------------------------------------------------------------------------------
followup_creatinine_jan2022                                         (unlabeled)
-------------------------------------------------------------------------------

                  type:  numeric (float)

                 range:  [-56.652367,244.01797]       units:  1.000e-09
         unique values:  8,599                    missing .:  0/14,330

                  mean:   47.9668
              std. dev:   49.8125

           percentiles:        10%       25%       50%       75%       90%
                                 0         0   41.2808   88.3041   118.371

-------------------------------------------------------------------------------
followup_creatinine_feb2022                                         (unlabeled)
-------------------------------------------------------------------------------

                  type:  numeric (float)

                 range:  [-69.85347,232.31512]        units:  1.000e-09
         unique values:  8,597                    missing .:  0/14,330

                  mean:    47.805
              std. dev:   49.7463

           percentiles:        10%       25%       50%       75%       90%
                                 0         0   41.4548   87.9352   117.862

-------------------------------------------------------------------------------
followup_creatinine_mar2022                                         (unlabeled)
-------------------------------------------------------------------------------

                  type:  numeric (float)

                 range:  [-72.011757,250.07225]       units:  1.000e-09
         unique values:  8,597                    missing .:  0/14,330

                  mean:   47.8726
              std. dev:   50.1306

           percentiles:        10%       25%       50%       75%       90%
                                 0         0    40.978   88.4295   118.844

-------------------------------------------------------------------------------
followup_creatinine_apr2022                                         (unlabeled)
-------------------------------------------------------------------------------

                  type:  numeric (float)

                 range:  [-75.405327,219.69986]       units:  1.000e-09
         unique values:  8,599                    missing .:  0/14,330

                  mean:   48.1097
              std. dev:   50.1325

           percentiles:        10%       25%       50%       75%       90%
                                 0         0   41.0499   88.7224   119.371

-------------------------------------------------------------------------------
followup_creatinine_may2022                                         (unlabeled)
-------------------------------------------------------------------------------

                  type:  numeric (float)

                 range:  [-94.341377,238.97549]       units:  1.000e-09
         unique values:  8,598                    missing .:  0/14,330

                  mean:   48.0512
              std. dev:    50.211

           percentiles:        10%       25%       50%       75%       90%
                                 0         0   41.0346   88.8297   119.025

-------------------------------------------------------------------------------
followup_creatinine_jun2022                                         (unlabeled)
-------------------------------------------------------------------------------

                  type:  numeric (float)

                 range:  [-78.390121,229.93126]       units:  1.000e-09
         unique values:  8,598                    missing .:  0/14,330

                  mean:   47.8007
              std. dev:    49.823

           percentiles:        10%       25%       50%       75%       90%
                                 0         0   41.4226   88.2254   118.492

-------------------------------------------------------------------------------
followup_creatinine_jul2022                                         (unlabeled)
-------------------------------------------------------------------------------

                  type:  numeric (float)

                 range:  [-81.849442,228.51682]       units:  1.000e-08
         unique values:  8,598                    missing .:  0/14,330

                  mean:   47.9904
              std. dev:   49.9594

           percentiles:        10%       25%       50%       75%       90%
                                 0         0   40.6545   88.1377   118.284

-------------------------------------------------------------------------------
followup_creatinine_aug2022                                         (unlabeled)
-------------------------------------------------------------------------------

                  type:  numeric (float)

                 range:  [-64.105911,240.65843]       units:  1.000e-09
         unique values:  8,596                    missing .:  0/14,330

                  mean:   47.8799
              std. dev:   49.9787

           percentiles:        10%       25%       50%       75%       90%
                                 0         0   40.6822   88.3314   119.163

-------------------------------------------------------------------------------
followup_creatinine_sep2022                                         (unlabeled)
-------------------------------------------------------------------------------

                  type:  numeric (float)

                 range:  [-61.688675,219.20424]       units:  1.000e-09
         unique values:  8,598                    missing .:  0/14,330

                  mean:   48.0885
              std. dev:   50.0978

           percentiles:        10%       25%       50%       75%       90%
                                 0         0   41.0954   89.0827   118.889

. 
. capture noisily import delimited ./output/input_2020_additional.csv, clear
(59 vars, 21,127 obs)

. codebook

-------------------------------------------------------------------------------
patient_id                                                          (unlabeled)
-------------------------------------------------------------------------------

                  type:  numeric (long)

                 range:  [4,499994]                   units:  1
         unique values:  21,127                   missing .:  0/21,127

                  mean:    251231
              std. dev:    145024

           percentiles:        10%       25%       50%       75%       90%
                             50482    125490    251368    377999    450587

-------------------------------------------------------------------------------
case_index_date                                                     (unlabeled)
-------------------------------------------------------------------------------

                  type:  string (str10)

         unique values:  848                      missing "":  0/21,127

              examples:  "2020-03-21"
                         "2020-05-24"
                         "2020-08-14"
                         "2021-01-06"

-------------------------------------------------------------------------------
year_of_birth                                                       (unlabeled)
-------------------------------------------------------------------------------

                  type:  numeric (int)

                 range:  [1950,2000]                  units:  1
         unique values:  51                       missing .:  0/21,127

                  mean:   1974.49
              std. dev:   14.4732

           percentiles:        10%       25%       50%       75%       90%
                              1954      1962      1974      1987      1995

-------------------------------------------------------------------------------
ethnicity_date                                                      (unlabeled)
-------------------------------------------------------------------------------

                  type:  numeric (int)

                 range:  [1900,2022]                  units:  1
         unique values:  123                      missing .:  5,281/21,127

                  mean:   1960.91
              std. dev:    35.199

           percentiles:        10%       25%       50%       75%       90%
                              1912      1931      1961      1991      2010

-------------------------------------------------------------------------------
body_mass_index_date_measured                                       (unlabeled)
-------------------------------------------------------------------------------

                  type:  string (str10)

         unique values:  1,030                    missing "":  1,056/21,127

              examples:  "2020-06-12"
                         "2021-01-15"
                         "2021-08-15"
                         "2022-03-28"

-------------------------------------------------------------------------------
acute_kidney_injury_outcome                                         (unlabeled)
-------------------------------------------------------------------------------

                  type:  string (str10)

         unique values:  852                      missing "":  19,014/21,127

              examples:  ""
                         ""
                         ""
                         ""

-------------------------------------------------------------------------------
death_date_gp                                                       (unlabeled)
-------------------------------------------------------------------------------

                  type:  string (str10)

         unique values:  843                      missing "":  19,014/21,127

              examples:  ""
                         ""
                         ""
                         ""

-------------------------------------------------------------------------------
practice_id                                                         (unlabeled)
-------------------------------------------------------------------------------

                  type:  numeric (byte)

                 range:  [0,45]                       units:  1
         unique values:  40                       missing .:  0/21,127

                  mean:    12.242
              std. dev:   12.7486

           percentiles:        10%       25%       50%       75%       90%
                                 0         0         5        24        29

-------------------------------------------------------------------------------
imd                                                                 (unlabeled)
-------------------------------------------------------------------------------

                  type:  numeric (byte)

                 range:  [0,5]                        units:  1
         unique values:  6                        missing .:  0/21,127

            tabulation:  Freq.  Value
                         1,074  0
                         3,946  1
                         3,923  2
                         4,017  3
                         4,027  4
                         4,140  5

-------------------------------------------------------------------------------
region                                                              (unlabeled)
-------------------------------------------------------------------------------

                  type:  string (str24)

         unique values:  9                        missing "":  0/21,127

            tabulation:  Freq.  Value
                         2,160  "East"
                         2,176  "East Midlands"
                         4,232  "London"
                         2,097  "North East"
                         2,146  "North West"
                         2,023  "South East"
                         2,091  "South West"
                         2,119  "West Midlands"
                         2,083  "Yorkshire and The Humber"

               warning:  variable has embedded blanks

-------------------------------------------------------------------------------
ethnicity                                                           (unlabeled)
-------------------------------------------------------------------------------

                  type:  numeric (byte)

                 range:  [1,5]                        units:  1
         unique values:  3                        missing .:  5,281/21,127

            tabulation:  Freq.  Value
                        12,707  1
                         1,541  3
                         1,598  5
                         5,281  .

-------------------------------------------------------------------------------
atrial_fibrillation_or_flutter                                      (unlabeled)
-------------------------------------------------------------------------------

                  type:  numeric (byte)

                 range:  [0,1]                        units:  1
         unique values:  2                        missing .:  0/21,127

            tabulation:  Freq.  Value
                        20,070  0
                         1,057  1

-------------------------------------------------------------------------------
chronic_liver_disease                                               (unlabeled)
-------------------------------------------------------------------------------

                  type:  numeric (byte)

                 range:  [0,1]                        units:  1
         unique values:  2                        missing .:  0/21,127

            tabulation:  Freq.  Value
                        20,704  0
                           423  1

-------------------------------------------------------------------------------
diabetes                                                            (unlabeled)
-------------------------------------------------------------------------------

                  type:  numeric (byte)

                 range:  [0,1]                        units:  1
         unique values:  2                        missing .:  0/21,127

            tabulation:  Freq.  Value
                        16,901  0
                         4,226  1

-------------------------------------------------------------------------------
haematological_cancer                                               (unlabeled)
-------------------------------------------------------------------------------

                  type:  numeric (byte)

                 range:  [0,1]                        units:  1
         unique values:  2                        missing .:  0/21,127

            tabulation:  Freq.  Value
                        20,915  0
                           212  1

-------------------------------------------------------------------------------
heart_failure                                                       (unlabeled)
-------------------------------------------------------------------------------

                  type:  numeric (byte)

                 range:  [0,1]                        units:  1
         unique values:  2                        missing .:  0/21,127

            tabulation:  Freq.  Value
                        20,281  0
                           846  1

-------------------------------------------------------------------------------
hiv                                                                 (unlabeled)
-------------------------------------------------------------------------------

                  type:  numeric (byte)

                 range:  [0,1]                        units:  1
         unique values:  2                        missing .:  0/21,127

            tabulation:  Freq.  Value
                        20,704  0
                           423  1

-------------------------------------------------------------------------------
hypertension                                                        (unlabeled)
-------------------------------------------------------------------------------

                  type:  numeric (byte)

                 range:  [0,1]                        units:  1
         unique values:  2                        missing .:  0/21,127

            tabulation:  Freq.  Value
                        16,901  0
                         4,226  1

-------------------------------------------------------------------------------
non_haematological_cancer                                           (unlabeled)
-------------------------------------------------------------------------------

                  type:  numeric (byte)

                 range:  [0,1]                        units:  1
         unique values:  2                        missing .:  0/21,127

            tabulation:  Freq.  Value
                        20,704  0
                           423  1

-------------------------------------------------------------------------------
myocardial_infarction                                               (unlabeled)
-------------------------------------------------------------------------------

                  type:  numeric (byte)

                 range:  [0,1]                        units:  1
         unique values:  2                        missing .:  0/21,127

            tabulation:  Freq.  Value
                        19,014  0
                         2,113  1

-------------------------------------------------------------------------------
peripheral_vascular_disease                                         (unlabeled)
-------------------------------------------------------------------------------

                  type:  numeric (byte)

                 range:  [0,1]                        units:  1
         unique values:  2                        missing .:  0/21,127

            tabulation:  Freq.  Value
                        20,704  0
                           423  1

-------------------------------------------------------------------------------
rheumatoid_arthritis                                                (unlabeled)
-------------------------------------------------------------------------------

                  type:  numeric (byte)

                 range:  [0,1]                        units:  1
         unique values:  2                        missing .:  0/21,127

            tabulation:  Freq.  Value
                        20,070  0
                         1,057  1

-------------------------------------------------------------------------------
stroke                                                              (unlabeled)
-------------------------------------------------------------------------------

                  type:  numeric (byte)

                 range:  [0,1]                        units:  1
         unique values:  2                        missing .:  0/21,127

            tabulation:  Freq.  Value
                        20,704  0
                           423  1

-------------------------------------------------------------------------------
systemic_lupus_erythematosus                                        (unlabeled)
-------------------------------------------------------------------------------

                  type:  numeric (byte)

                 range:  [0,1]                        units:  1
         unique values:  2                        missing .:  0/21,127

            tabulation:  Freq.  Value
                        20,704  0
                           423  1

-------------------------------------------------------------------------------
smoking_status                                                      (unlabeled)
-------------------------------------------------------------------------------

                  type:  string (str1)

         unique values:  4                        missing "":  16,901/21,127

            tabulation:  Freq.  Value
                        16,901  ""
                           425  "E"
                           415  "M"
                           860  "N"
                         2,526  "S"

-------------------------------------------------------------------------------
body_mass_index                                                     (unlabeled)
-------------------------------------------------------------------------------

                  type:  numeric (float)

                 range:  [-7.5390744,57.738369]       units:  1.000e-08
         unique values:  20,061                   missing .:  0/21,127

                  mean:   26.5658
              std. dev:   9.88412

           percentiles:        10%       25%       50%       75%       90%
                            14.902   21.5991   27.4179   32.9913   37.9704

-------------------------------------------------------------------------------
immunosuppression                                                   (unlabeled)
-------------------------------------------------------------------------------

                  type:  numeric (byte)

                 range:  [0,1]                        units:  1
         unique values:  2                        missing .:  0/21,127

            tabulation:  Freq.  Value
                        20,070  0
                         1,057  1

-------------------------------------------------------------------------------
followup_creatinine_feb2020                                         (unlabeled)
-------------------------------------------------------------------------------

                  type:  numeric (float)

                 range:  [-56.028225,220.78621]       units:  1.000e-09
         unique values:  12,674                   missing .:  0/21,127

                  mean:   48.2724
              std. dev:   50.0804

           percentiles:        10%       25%       50%       75%       90%
                                 0         0   41.7514   88.9806   119.778

-------------------------------------------------------------------------------
followup_creatinine_mar2020                                         (unlabeled)
-------------------------------------------------------------------------------

                  type:  numeric (float)

                 range:  [-77.638252,229.01297]       units:  1.000e-09
         unique values:  12,671                   missing .:  0/21,127

                  mean:   47.8439
              std. dev:   49.8605

           percentiles:        10%       25%       50%       75%       90%
                                 0         0   41.5254   88.0672     118.7

-------------------------------------------------------------------------------
followup_creatinine_apr2020                                         (unlabeled)
-------------------------------------------------------------------------------

                  type:  numeric (float)

                 range:  [-109.93774,218.0121]        units:  1.000e-10
         unique values:  12,677                   missing .:  0/21,127

                  mean:   47.9871
              std. dev:   49.9416

           percentiles:        10%       25%       50%       75%       90%
                                 0         0   41.5609   88.7875   118.553

-------------------------------------------------------------------------------
followup_creatinine_may2020                                         (unlabeled)
-------------------------------------------------------------------------------

                  type:  numeric (float)

                 range:  [-66.576942,226.82838]       units:  1.000e-08
         unique values:  12,676                   missing .:  0/21,127

                  mean:   48.2074
              std. dev:   50.1241

           percentiles:        10%       25%       50%       75%       90%
                                 0         0   41.2297   88.9353   119.067

-------------------------------------------------------------------------------
followup_creatinine_jun2020                                         (unlabeled)
-------------------------------------------------------------------------------

                  type:  numeric (float)

                 range:  [-79.969505,234.58492]       units:  1.000e-09
         unique values:  12,673                   missing .:  0/21,127

                  mean:   48.1961
              std. dev:     50.06

           percentiles:        10%       25%       50%       75%       90%
                                 0         0   41.7752   88.7555   119.369

-------------------------------------------------------------------------------
followup_creatinine_jul2020                                         (unlabeled)
-------------------------------------------------------------------------------

                  type:  numeric (float)

                 range:  [-60.42028,243.27657]        units:  1.000e-10
         unique values:  12,675                   missing .:  0/21,127

                  mean:   47.4554
              std. dev:   49.5474

           percentiles:        10%       25%       50%       75%       90%
                                 0         0   40.7526    87.105   117.797

-------------------------------------------------------------------------------
followup_creatinine_aug2020                                         (unlabeled)
-------------------------------------------------------------------------------

                  type:  numeric (float)

                 range:  [-91.690033,242.11551]       units:  1.000e-09
         unique values:  12,676                   missing .:  0/21,127

                  mean:   48.2083
              std. dev:   50.0838

           percentiles:        10%       25%       50%       75%       90%
                                 0         0   41.6406   88.7277   118.612

-------------------------------------------------------------------------------
followup_creatinine_sep2020                                         (unlabeled)
-------------------------------------------------------------------------------

                  type:  numeric (float)

                 range:  [-58.076427,246.93933]       units:  1.000e-09
         unique values:  12,676                   missing .:  0/21,127

                  mean:   48.2592
              std. dev:   50.0592

           percentiles:        10%       25%       50%       75%       90%
                                 0         0    42.227   88.5365   119.198

-------------------------------------------------------------------------------
followup_creatinine_oct2020                                         (unlabeled)
-------------------------------------------------------------------------------

                  type:  numeric (float)

                 range:  [-77.944206,244.35535]       units:  1.000e-09
         unique values:  12,676                   missing .:  0/21,127

                  mean:   47.7065
              std. dev:    49.671

           percentiles:        10%       25%       50%       75%       90%
                                 0         0   41.3346    87.436   117.747

-------------------------------------------------------------------------------
followup_creatinine_nov2020                                         (unlabeled)
-------------------------------------------------------------------------------

                  type:  numeric (float)

                 range:  [-106.84531,233.9283]        units:  1.000e-09
         unique values:  12,674                   missing .:  0/21,127

                  mean:   47.8783
              std. dev:   49.8849

           percentiles:        10%       25%       50%       75%       90%
                                 0         0   41.1766   88.9088   117.667

-------------------------------------------------------------------------------
followup_creatinine_dec2020                                         (unlabeled)
-------------------------------------------------------------------------------

                  type:  numeric (float)

                 range:  [-77.748222,222.43047]       units:  1.000e-08
         unique values:  12,673                   missing .:  0/21,127

                  mean:   47.9401
              std. dev:   49.5887

           percentiles:        10%       25%       50%       75%       90%
                                 0         0   41.9421   88.4919   117.822

-------------------------------------------------------------------------------
followup_creatinine_jan2021                                         (unlabeled)
-------------------------------------------------------------------------------

                  type:  numeric (float)

                 range:  [-73.711456,229.68961]       units:  1.000e-09
         unique values:  12,674                   missing .:  0/21,127

                  mean:     47.69
              std. dev:   49.8666

           percentiles:        10%       25%       50%       75%       90%
                                 0         0   40.6252   88.0597   118.127

-------------------------------------------------------------------------------
followup_creatinine_feb2021                                         (unlabeled)
-------------------------------------------------------------------------------

                  type:  numeric (float)

                 range:  [-68.673126,239.79637]       units:  1.000e-08
         unique values:  12,674                   missing .:  0/21,127

                  mean:   47.7131
              std. dev:   49.7086

           percentiles:        10%       25%       50%       75%       90%
                                 0         0   40.2225   88.3915   117.821

-------------------------------------------------------------------------------
followup_creatinine_mar2021                                         (unlabeled)
-------------------------------------------------------------------------------

                  type:  numeric (float)

                 range:  [-83.47126,235.38968]        units:  1.000e-09
         unique values:  12,675                   missing .:  0/21,127

                  mean:    48.551
              std. dev:   50.4138

           percentiles:        10%       25%       50%       75%       90%
                                 0         0   41.8239   89.1879   119.905

-------------------------------------------------------------------------------
followup_creatinine_apr2021                                         (unlabeled)
-------------------------------------------------------------------------------

                  type:  numeric (float)

                 range:  [-71.179489,226.15356]       units:  1.000e-09
         unique values:  12,675                   missing .:  0/21,127

                  mean:   48.1877
              std. dev:   50.1708

           percentiles:        10%       25%       50%       75%       90%
                                 0         0    41.331   89.0436   118.911

-------------------------------------------------------------------------------
followup_creatinine_may2021                                         (unlabeled)
-------------------------------------------------------------------------------

                  type:  numeric (float)

                 range:  [-96.344559,228.14783]       units:  1.000e-08
         unique values:  12,674                   missing .:  0/21,127

                  mean:   47.8303
              std. dev:   49.7557

           percentiles:        10%       25%       50%       75%       90%
                                 0         0   41.5527   87.9244   118.288

-------------------------------------------------------------------------------
followup_creatinine_jun2021                                         (unlabeled)
-------------------------------------------------------------------------------

                  type:  numeric (float)

                 range:  [-73.80587,216.47177]        units:  1.000e-09
         unique values:  12,674                   missing .:  0/21,127

                  mean:   47.7919
              std. dev:   49.7523

           percentiles:        10%       25%       50%       75%       90%
                                 0         0   41.5198   87.8649   117.564

-------------------------------------------------------------------------------
followup_creatinine_jul2021                                         (unlabeled)
-------------------------------------------------------------------------------

                  type:  numeric (float)

                 range:  [-82.203636,219.82352]       units:  1.000e-09
         unique values:  12,674                   missing .:  0/21,127

                  mean:   47.7995
              std. dev:   49.8615

           percentiles:        10%       25%       50%       75%       90%
                                 0         0   40.3497   88.4909   118.649

-------------------------------------------------------------------------------
followup_creatinine_aug2021                                         (unlabeled)
-------------------------------------------------------------------------------

                  type:  numeric (float)

                 range:  [-78.200645,240.46483]       units:  1.000e-09
         unique values:  12,674                   missing .:  0/21,127

                  mean:   47.8828
              std. dev:   49.6342

           percentiles:        10%       25%       50%       75%       90%
                                 0         0   41.8471   88.1407   117.633

-------------------------------------------------------------------------------
followup_creatinine_sep2021                                         (unlabeled)
-------------------------------------------------------------------------------

                  type:  numeric (float)

                 range:  [-75.979515,243.99948]       units:  1.000e-09
         unique values:  12,671                   missing .:  0/21,127

                  mean:   47.8033
              std. dev:   49.9906

           percentiles:        10%       25%       50%       75%       90%
                                 0         0   40.6283   88.1002   118.445

-------------------------------------------------------------------------------
followup_creatinine_oct2021                                         (unlabeled)
-------------------------------------------------------------------------------

                  type:  numeric (float)

                 range:  [-67.243858,225.5208]        units:  1.000e-10
         unique values:  12,675                   missing .:  0/21,127

                  mean:   47.9905
              std. dev:   50.0785

           percentiles:        10%       25%       50%       75%       90%
                                 0         0   40.8994   88.1714   118.515

-------------------------------------------------------------------------------
followup_creatinine_nov2021                                         (unlabeled)
-------------------------------------------------------------------------------

                  type:  numeric (float)

                 range:  [-72.594177,227.51466]       units:  1.000e-10
         unique values:  12,675                   missing .:  0/21,127

                  mean:   48.3008
              std. dev:   50.1436

           percentiles:        10%       25%       50%       75%       90%
                                 0         0   41.4761   88.5267   119.458

-------------------------------------------------------------------------------
followup_creatinine_dec2021                                         (unlabeled)
-------------------------------------------------------------------------------

                  type:  numeric (float)

                 range:  [-88.814926,235.1226]        units:  1.000e-09
         unique values:  12,676                   missing .:  0/21,127

                  mean:   47.7528
              std. dev:   49.6331

           percentiles:        10%       25%       50%       75%       90%
                                 0         0   40.8514   88.1351   117.838

-------------------------------------------------------------------------------
followup_creatinine_jan2022                                         (unlabeled)
-------------------------------------------------------------------------------

                  type:  numeric (float)

                 range:  [-77.408493,226.66605]       units:  1.000e-09
         unique values:  12,669                   missing .:  0/21,127

                  mean:   47.7904
              std. dev:    49.816

           percentiles:        10%       25%       50%       75%       90%
                                 0         0   40.9802   88.0014   118.196

-------------------------------------------------------------------------------
followup_creatinine_feb2022                                         (unlabeled)
-------------------------------------------------------------------------------

                  type:  numeric (float)

                 range:  [-54.548172,229.59412]       units:  1.000e-09
         unique values:  12,675                   missing .:  0/21,127

                  mean:   48.3771
              std. dev:   50.3135

           percentiles:        10%       25%       50%       75%       90%
                                 0         0   41.8626   89.3217   119.624

-------------------------------------------------------------------------------
followup_creatinine_mar2022                                         (unlabeled)
-------------------------------------------------------------------------------

                  type:  numeric (float)

                 range:  [-63.216988,220.67378]       units:  1.000e-09
         unique values:  12,674                   missing .:  0/21,127

                  mean:   48.3484
              std. dev:   50.2039

           percentiles:        10%       25%       50%       75%       90%
                                 0         0   42.2597   88.4616    119.24

-------------------------------------------------------------------------------
followup_creatinine_apr2022                                         (unlabeled)
-------------------------------------------------------------------------------

                  type:  numeric (float)

                 range:  [-62.28915,242.27252]        units:  1.000e-09
         unique values:  12,674                   missing .:  0/21,127

                  mean:   48.3208
              std. dev:   50.1716

           percentiles:        10%       25%       50%       75%       90%
                                 0         0   42.0813   88.6694   119.645

-------------------------------------------------------------------------------
followup_creatinine_may2022                                         (unlabeled)
-------------------------------------------------------------------------------

                  type:  numeric (float)

                 range:  [-75.121712,235.15103]       units:  1.000e-09
         unique values:  12,676                   missing .:  0/21,127

                  mean:   48.0001
              std. dev:   50.1378

           percentiles:        10%       25%       50%       75%       90%
                                 0         0   40.8986   88.5614   119.221

-------------------------------------------------------------------------------
followup_creatinine_jun2022                                         (unlabeled)
-------------------------------------------------------------------------------

                  type:  numeric (float)

                 range:  [-62.229954,228.71515]       units:  1.000e-09
         unique values:  12,673                   missing .:  0/21,127

                  mean:    48.177
              std. dev:   50.0251

           percentiles:        10%       25%       50%       75%       90%
                                 0         0   41.9211   89.0139    118.55

-------------------------------------------------------------------------------
followup_creatinine_jul2022                                         (unlabeled)
-------------------------------------------------------------------------------

                  type:  numeric (float)

                 range:  [-89.18969,229.1143]         units:  1.000e-10
         unique values:  12,670                   missing .:  0/21,127

                  mean:    48.269
              std. dev:   50.0983

           percentiles:        10%       25%       50%       75%       90%
                                 0         0   41.3433   88.4027   119.071

-------------------------------------------------------------------------------
followup_creatinine_aug2022                                         (unlabeled)
-------------------------------------------------------------------------------

                  type:  numeric (float)

                 range:  [-68.935265,232.79391]       units:  1.000e-09
         unique values:  12,678                   missing .:  0/21,127

                  mean:   47.9235
              std. dev:   49.7528

           percentiles:        10%       25%       50%       75%       90%
                                 0         0   41.8965   87.8223   118.123

-------------------------------------------------------------------------------
followup_creatinine_sep2022                                         (unlabeled)
-------------------------------------------------------------------------------

                  type:  numeric (float)

                 range:  [-88.957497,227.04321]       units:  1.000e-10
         unique values:  12,674                   missing .:  0/21,127

                  mean:   48.0158
              std. dev:   49.9275

           percentiles:        10%       25%       50%       75%       90%
                                 0         0   41.8649   88.3129    118.57

. 
. log close
      name:  <unnamed>
       log:  /workspace/logs/codebook_2020_additional.log
  log type:  text
 closed on:  28 Oct 2022, 00:08:15
-------------------------------------------------------------------------------
