-------------------------------------------------------------------------------
      name:  <unnamed>
       log:  /workspace/logs/codebook_2017_additional.log
  log type:  text
 opened on:   1 Nov 2022, 15:51:23

. 
. capture noisily import delimited ./output/input_covid_2017_additional.csv, cl
> ear
(70 vars, 14,271 obs)

. codebook

-------------------------------------------------------------------------------
patient_id                                                          (unlabeled)
-------------------------------------------------------------------------------

                  type:  numeric (long)

                 range:  [62,499865]                  units:  1
         unique values:  14,271                   missing .:  0/14,271

                  mean:    250235
              std. dev:    144089

           percentiles:        10%       25%       50%       75%       90%
                             50021    125999    249662    376265    449976

-------------------------------------------------------------------------------
case_index_date                                                     (unlabeled)
-------------------------------------------------------------------------------

                  type:  string (str10)

         unique values:  972                      missing "":  0/14,271

              examples:  "2020-07-01"
                         "2020-12-17"
                         "2021-06-15"
                         "2022-01-17"

-------------------------------------------------------------------------------
covid_vax_1_date                                                    (unlabeled)
-------------------------------------------------------------------------------

                  type:  string (str10)

         unique values:  656                      missing "":  11,416/14,271

              examples:  ""
                         ""
                         ""
                         ""

-------------------------------------------------------------------------------
covid_vax_2_date                                                    (unlabeled)
-------------------------------------------------------------------------------

                  type:  string (str10)

         unique values:  630                      missing "":  11,416/14,271

              examples:  ""
                         ""
                         ""
                         ""

-------------------------------------------------------------------------------
covid_vax_3_date                                                    (unlabeled)
-------------------------------------------------------------------------------

                  type:  string (str10)

         unique values:  546                      missing "":  11,416/14,271

              examples:  ""
                         ""
                         ""
                         ""

-------------------------------------------------------------------------------
covid_vax_4_date                                                    (unlabeled)
-------------------------------------------------------------------------------

                  type:  string (str10)

         unique values:  517                      missing "":  11,416/14,271

              examples:  ""
                         ""
                         ""
                         ""

-------------------------------------------------------------------------------
year_of_birth                                                       (unlabeled)
-------------------------------------------------------------------------------

                  type:  numeric (int)

                 range:  [1950,2000]                  units:  1
         unique values:  51                       missing .:  0/14,271

                  mean:   1974.45
              std. dev:   14.4389

           percentiles:        10%       25%       50%       75%       90%
                              1954      1962      1974      1987      1995

-------------------------------------------------------------------------------
ethnicity_date                                                      (unlabeled)
-------------------------------------------------------------------------------

                  type:  numeric (int)

                 range:  [1900,2022]                  units:  1
         unique values:  123                      missing .:  3,567/14,271

                  mean:   1960.88
              std. dev:   35.3733

           percentiles:        10%       25%       50%       75%       90%
                              1912      1930      1961      1991      2010

-------------------------------------------------------------------------------
body_mass_index_date_measured                                       (unlabeled)
-------------------------------------------------------------------------------

                  type:  string (str10)

         unique values:  1,035                    missing "":  713/14,271

              examples:  "2020-06-11"
                         "2021-01-09"
                         "2021-08-20"
                         "2022-03-25"

-------------------------------------------------------------------------------
acute_kidney_injury_outcome                                         (unlabeled)
-------------------------------------------------------------------------------

                  type:  string (str10)

         unique values:  731                      missing "":  12,843/14,271

              examples:  ""
                         ""
                         ""
                         ""

-------------------------------------------------------------------------------
covid_hospitalised                                                  (unlabeled)
-------------------------------------------------------------------------------

                  type:  numeric (byte)

                 range:  [0,1]                        units:  1
         unique values:  2                        missing .:  0/14,271

            tabulation:  Freq.  Value
                        12,843  0
                         1,428  1

-------------------------------------------------------------------------------
covid_critical_care                                                 (unlabeled)
-------------------------------------------------------------------------------

                  type:  numeric (byte)

                 range:  [0,1]                        units:  1
         unique values:  2                        missing .:  0/14,271

            tabulation:  Freq.  Value
                        13,557  0
                           714  1

-------------------------------------------------------------------------------
covid_critical_days                                                 (unlabeled)
-------------------------------------------------------------------------------

                  type:  numeric (byte)

                 range:  [0,1]                        units:  1
         unique values:  2                        missing .:  0/14,271

            tabulation:  Freq.  Value
                        13,557  0
                           714  1

-------------------------------------------------------------------------------
covid_acute_kidney_injury                                           (unlabeled)
-------------------------------------------------------------------------------

                  type:  numeric (byte)

                 range:  [0,1]                        units:  1
         unique values:  2                        missing .:  0/14,271

            tabulation:  Freq.  Value
                        13,557  0
                           714  1

-------------------------------------------------------------------------------
covid_krt_icd_10                                                    (unlabeled)
-------------------------------------------------------------------------------

                  type:  numeric (byte)

                 range:  [0,1]                        units:  1
         unique values:  2                        missing .:  0/14,271

            tabulation:  Freq.  Value
                        13,557  0
                           714  1

-------------------------------------------------------------------------------
covid_krt_opcs_4                                                    (unlabeled)
-------------------------------------------------------------------------------

                  type:  numeric (byte)

                 range:  [0,1]                        units:  1
         unique values:  2                        missing .:  0/14,271

            tabulation:  Freq.  Value
                        13,557  0
                           714  1

-------------------------------------------------------------------------------
covid_death                                                         (unlabeled)
-------------------------------------------------------------------------------

                  type:  numeric (byte)

                 range:  [0,1]                        units:  1
         unique values:  2                        missing .:  0/14,271

            tabulation:  Freq.  Value
                        12,843  0
                         1,428  1

-------------------------------------------------------------------------------
practice_id                                                         (unlabeled)
-------------------------------------------------------------------------------

                  type:  numeric (byte)

                 range:  [0,43]                       units:  1
         unique values:  39                       missing .:  0/14,271

                  mean:   12.2147
              std. dev:   12.7171

           percentiles:        10%       25%       50%       75%       90%
                                 0         0         3        24        29

-------------------------------------------------------------------------------
imd                                                                 (unlabeled)
-------------------------------------------------------------------------------

                  type:  numeric (byte)

                 range:  [0,5]                        units:  1
         unique values:  6                        missing .:  0/14,271

            tabulation:  Freq.  Value
                           701  0
                         2,627  1
                         2,796  2
                         2,742  3
                         2,715  4
                         2,690  5

-------------------------------------------------------------------------------
region                                                              (unlabeled)
-------------------------------------------------------------------------------

                  type:  string (str24)

         unique values:  9                        missing "":  0/14,271

            tabulation:  Freq.  Value
                         1,432  "East"
                         1,412  "East Midlands"
                         2,799  "London"
                         1,434  "North East"
                         1,443  "North West"
                         1,375  "South East"
                         1,454  "South West"
                         1,438  "West Midlands"
                         1,484  "Yorkshire and The Humber"

               warning:  variable has embedded blanks

-------------------------------------------------------------------------------
ethnicity                                                           (unlabeled)
-------------------------------------------------------------------------------

                  type:  numeric (byte)

                 range:  [1,5]                        units:  1
         unique values:  3                        missing .:  3,567/14,271

            tabulation:  Freq.  Value
                         8,592  1
                         1,066  3
                         1,046  5
                         3,567  .

-------------------------------------------------------------------------------
rural_urban                                                         (unlabeled)
-------------------------------------------------------------------------------

                  type:  numeric (byte)

                 range:  [1,8]                        units:  1
         unique values:  8                        missing .:  0/14,271

            tabulation:  Freq.  Value
                         1,430  1
                         1,462  2
                         1,423  3
                         1,476  4
                         1,358  5
                         1,473  6
                         2,839  7
                         2,810  8

-------------------------------------------------------------------------------
atrial_fibrillation_or_flutter                                      (unlabeled)
-------------------------------------------------------------------------------

                  type:  numeric (byte)

                 range:  [0,1]                        units:  1
         unique values:  2                        missing .:  0/14,271

            tabulation:  Freq.  Value
                        13,557  0
                           714  1

-------------------------------------------------------------------------------
chronic_liver_disease                                               (unlabeled)
-------------------------------------------------------------------------------

                  type:  numeric (byte)

                 range:  [0,1]                        units:  1
         unique values:  2                        missing .:  0/14,271

            tabulation:  Freq.  Value
                        13,985  0
                           286  1

-------------------------------------------------------------------------------
diabetes                                                            (unlabeled)
-------------------------------------------------------------------------------

                  type:  numeric (byte)

                 range:  [0,1]                        units:  1
         unique values:  2                        missing .:  0/14,271

            tabulation:  Freq.  Value
                        11,416  0
                         2,855  1

-------------------------------------------------------------------------------
haematological_cancer                                               (unlabeled)
-------------------------------------------------------------------------------

                  type:  numeric (byte)

                 range:  [0,1]                        units:  1
         unique values:  2                        missing .:  0/14,271

            tabulation:  Freq.  Value
                        14,128  0
                           143  1

-------------------------------------------------------------------------------
heart_failure                                                       (unlabeled)
-------------------------------------------------------------------------------

                  type:  numeric (byte)

                 range:  [0,1]                        units:  1
         unique values:  2                        missing .:  0/14,271

            tabulation:  Freq.  Value
                        13,700  0
                           571  1

-------------------------------------------------------------------------------
hiv                                                                 (unlabeled)
-------------------------------------------------------------------------------

                  type:  numeric (byte)

                 range:  [0,1]                        units:  1
         unique values:  2                        missing .:  0/14,271

            tabulation:  Freq.  Value
                        13,985  0
                           286  1

-------------------------------------------------------------------------------
hypertension                                                        (unlabeled)
-------------------------------------------------------------------------------

                  type:  numeric (byte)

                 range:  [0,1]                        units:  1
         unique values:  2                        missing .:  0/14,271

            tabulation:  Freq.  Value
                        11,416  0
                         2,855  1

-------------------------------------------------------------------------------
non_haematological_cancer                                           (unlabeled)
-------------------------------------------------------------------------------

                  type:  numeric (byte)

                 range:  [0,1]                        units:  1
         unique values:  2                        missing .:  0/14,271

            tabulation:  Freq.  Value
                        13,985  0
                           286  1

-------------------------------------------------------------------------------
myocardial_infarction                                               (unlabeled)
-------------------------------------------------------------------------------

                  type:  numeric (byte)

                 range:  [0,1]                        units:  1
         unique values:  2                        missing .:  0/14,271

            tabulation:  Freq.  Value
                        12,843  0
                         1,428  1

-------------------------------------------------------------------------------
peripheral_vascular_disease                                         (unlabeled)
-------------------------------------------------------------------------------

                  type:  numeric (byte)

                 range:  [0,1]                        units:  1
         unique values:  2                        missing .:  0/14,271

            tabulation:  Freq.  Value
                        13,985  0
                           286  1

-------------------------------------------------------------------------------
rheumatoid_arthritis                                                (unlabeled)
-------------------------------------------------------------------------------

                  type:  numeric (byte)

                 range:  [0,1]                        units:  1
         unique values:  2                        missing .:  0/14,271

            tabulation:  Freq.  Value
                        13,557  0
                           714  1

-------------------------------------------------------------------------------
stroke                                                              (unlabeled)
-------------------------------------------------------------------------------

                  type:  numeric (byte)

                 range:  [0,1]                        units:  1
         unique values:  2                        missing .:  0/14,271

            tabulation:  Freq.  Value
                        13,985  0
                           286  1

-------------------------------------------------------------------------------
systemic_lupus_erythematosus                                        (unlabeled)
-------------------------------------------------------------------------------

                  type:  numeric (byte)

                 range:  [0,1]                        units:  1
         unique values:  2                        missing .:  0/14,271

            tabulation:  Freq.  Value
                        13,985  0
                           286  1

-------------------------------------------------------------------------------
smoking_status                                                      (unlabeled)
-------------------------------------------------------------------------------

                  type:  string (str1)

         unique values:  4                        missing "":  11,416/14,271

            tabulation:  Freq.  Value
                        11,416  ""
                           283  "E"
                           278  "M"
                           587  "N"
                         1,707  "S"

-------------------------------------------------------------------------------
body_mass_index                                                     (unlabeled)
-------------------------------------------------------------------------------

                  type:  numeric (float)

                 range:  [-2.196115,57.335747]        units:  1.000e-09
         unique values:  13,555                   missing .:  0/14,271

                  mean:   26.4011
              std. dev:   9.85222

           percentiles:        10%       25%       50%       75%       90%
                           14.8195   21.4143    27.268   32.8753   37.6748

-------------------------------------------------------------------------------
immunosuppression                                                   (unlabeled)
-------------------------------------------------------------------------------

                  type:  numeric (byte)

                 range:  [0,1]                        units:  1
         unique values:  2                        missing .:  0/14,271

            tabulation:  Freq.  Value
                        13,557  0
                           714  1

-------------------------------------------------------------------------------
creatinine_feb2020                                                  (unlabeled)
-------------------------------------------------------------------------------

                  type:  numeric (float)

                 range:  [-82.350761,224.9077]        units:  1.000e-09
         unique values:  8,560                    missing .:  0/14,271

                  mean:   48.0222
              std. dev:   49.8409

           percentiles:        10%       25%       50%       75%       90%
                                 0         0   41.8359   88.5218   118.805

-------------------------------------------------------------------------------
creatinine_mar2020                                                  (unlabeled)
-------------------------------------------------------------------------------

                  type:  numeric (float)

                 range:  [-64.334305,256.87033]       units:  1.000e-09
         unique values:  8,562                    missing .:  0/14,271

                  mean:   47.9766
              std. dev:    50.111

           percentiles:        10%       25%       50%       75%       90%
                                 0         0   40.5567   88.4206   118.696

-------------------------------------------------------------------------------
creatinine_apr2020                                                  (unlabeled)
-------------------------------------------------------------------------------

                  type:  numeric (float)

                 range:  [-51.624039,228.40501]       units:  1.000e-08
         unique values:  8,563                    missing .:  0/14,271

                  mean:   48.5068
              std. dev:   50.2591

           percentiles:        10%       25%       50%       75%       90%
                                 0         0   41.3946   89.3985   119.541

-------------------------------------------------------------------------------
creatinine_may2020                                                  (unlabeled)
-------------------------------------------------------------------------------

                  type:  numeric (float)

                 range:  [-74.263367,254.84145]       units:  1.000e-08
         unique values:  8,561                    missing .:  0/14,271

                  mean:   47.6139
              std. dev:     49.44

           percentiles:        10%       25%       50%       75%       90%
                                 0         0   41.3529   87.5166   117.517

-------------------------------------------------------------------------------
creatinine_jun2020                                                  (unlabeled)
-------------------------------------------------------------------------------

                  type:  numeric (float)

                 range:  [-55.471577,233.95261]       units:  1.000e-09
         unique values:  8,564                    missing .:  0/14,271

                  mean:   48.1849
              std. dev:   50.1362

           percentiles:        10%       25%       50%       75%       90%
                                 0         0   41.8976   88.6103   119.489

-------------------------------------------------------------------------------
creatinine_jul2020                                                  (unlabeled)
-------------------------------------------------------------------------------

                  type:  numeric (float)

                 range:  [-89.283958,248.968]         units:  1.000e-08
         unique values:  8,560                    missing .:  0/14,271

                  mean:   47.6279
              std. dev:   49.6627

           percentiles:        10%       25%       50%       75%       90%
                                 0         0   40.9691   87.4265   118.283

-------------------------------------------------------------------------------
creatinine_aug2020                                                  (unlabeled)
-------------------------------------------------------------------------------

                  type:  numeric (float)

                 range:  [-65.485413,228.52609]       units:  1.000e-10
         unique values:  8,561                    missing .:  0/14,271

                  mean:   47.6107
              std. dev:   49.7728

           percentiles:        10%       25%       50%       75%       90%
                                 0         0   41.4589    87.498   117.824

-------------------------------------------------------------------------------
creatinine_sep2020                                                  (unlabeled)
-------------------------------------------------------------------------------

                  type:  numeric (float)

                 range:  [-54.206245,242.51405]       units:  1.000e-09
         unique values:  8,564                    missing .:  0/14,271

                  mean:   47.6254
              std. dev:   49.7243

           percentiles:        10%       25%       50%       75%       90%
                                 0         0   40.6468   87.5863    118.15

-------------------------------------------------------------------------------
creatinine_oct2020                                                  (unlabeled)
-------------------------------------------------------------------------------

                  type:  numeric (float)

                 range:  [-68.541092,232.60478]       units:  1.000e-08
         unique values:  8,563                    missing .:  0/14,271

                  mean:   48.2424
              std. dev:    50.062

           percentiles:        10%       25%       50%       75%       90%
                                 0         0   41.6951   89.6587    118.76

-------------------------------------------------------------------------------
creatinine_nov2020                                                  (unlabeled)
-------------------------------------------------------------------------------

                  type:  numeric (float)

                 range:  [-61.540401,270.61935]       units:  1.000e-09
         unique values:  8,560                    missing .:  0/14,271

                  mean:   48.6702
              std. dev:   50.5228

           percentiles:        10%       25%       50%       75%       90%
                                 0         0   42.1341   89.5603   119.788

-------------------------------------------------------------------------------
creatinine_dec2020                                                  (unlabeled)
-------------------------------------------------------------------------------

                  type:  numeric (float)

                 range:  [-88.130997,226.3952]        units:  1.000e-09
         unique values:  8,561                    missing .:  0/14,271

                  mean:   48.0222
              std. dev:   49.9245

           percentiles:        10%       25%       50%       75%       90%
                                 0         0   40.8601   88.3291   118.792

-------------------------------------------------------------------------------
creatinine_jan2021                                                  (unlabeled)
-------------------------------------------------------------------------------

                  type:  numeric (float)

                 range:  [-62.034855,225.97417]       units:  1.000e-08
         unique values:  8,563                    missing .:  0/14,271

                  mean:   47.9205
              std. dev:    49.756

           percentiles:        10%       25%       50%       75%       90%
                                 0         0   41.8385   88.8069   118.056

-------------------------------------------------------------------------------
creatinine_feb2021                                                  (unlabeled)
-------------------------------------------------------------------------------

                  type:  numeric (float)

                 range:  [-49.99836,222.13457]        units:  1.000e-11
         unique values:  8,561                    missing .:  0/14,271

                  mean:    47.625
              std. dev:   49.5801

           percentiles:        10%       25%       50%       75%       90%
                                 0         0    40.772   87.8083   118.148

-------------------------------------------------------------------------------
creatinine_mar2021                                                  (unlabeled)
-------------------------------------------------------------------------------

                  type:  numeric (float)

                 range:  [-55.055645,234.58678]       units:  1.000e-10
         unique values:  8,563                    missing .:  0/14,271

                  mean:   48.1847
              std. dev:   49.7267

           percentiles:        10%       25%       50%       75%       90%
                                 0         0   42.4304   88.3671    117.79

-------------------------------------------------------------------------------
creatinine_apr2021                                                  (unlabeled)
-------------------------------------------------------------------------------

                  type:  numeric (float)

                 range:  [-77.164146,235.86237]       units:  1.000e-09
         unique values:  8,562                    missing .:  0/14,271

                  mean:   47.6512
              std. dev:   49.7709

           percentiles:        10%       25%       50%       75%       90%
                                 0         0   40.3476   87.6391   117.218

-------------------------------------------------------------------------------
creatinine_may2021                                                  (unlabeled)
-------------------------------------------------------------------------------

                  type:  numeric (float)

                 range:  [-55.353992,213.09476]       units:  1.000e-09
         unique values:  8,563                    missing .:  0/14,271

                  mean:   47.7777
              std. dev:   49.3521

           percentiles:        10%       25%       50%       75%       90%
                                 0         0   41.3747   88.5571   117.507

-------------------------------------------------------------------------------
creatinine_jun2021                                                  (unlabeled)
-------------------------------------------------------------------------------

                  type:  numeric (float)

                 range:  [-69.162033,229.14316]       units:  1.000e-09
         unique values:  8,563                    missing .:  0/14,271

                  mean:   47.9842
              std. dev:   49.8451

           percentiles:        10%       25%       50%       75%       90%
                                 0         0   41.9007   88.7004   117.781

-------------------------------------------------------------------------------
creatinine_jul2021                                                  (unlabeled)
-------------------------------------------------------------------------------

                  type:  numeric (float)

                 range:  [-60.501434,220.11633]       units:  1.000e-09
         unique values:  8,562                    missing .:  0/14,271

                  mean:   48.1157
              std. dev:   50.0025

           percentiles:        10%       25%       50%       75%       90%
                                 0         0   41.1429   89.2291   118.843

-------------------------------------------------------------------------------
creatinine_aug2021                                                  (unlabeled)
-------------------------------------------------------------------------------

                  type:  numeric (float)

                 range:  [-78.905914,226.33145]       units:  1.000e-09
         unique values:  8,562                    missing .:  0/14,271

                  mean:   47.7363
              std. dev:   49.6914

           percentiles:        10%       25%       50%       75%       90%
                                 0         0   40.5766   87.5955   118.313

-------------------------------------------------------------------------------
creatinine_sep2021                                                  (unlabeled)
-------------------------------------------------------------------------------

                  type:  numeric (float)

                 range:  [-71.979614,233.008]         units:  1.000e-09
         unique values:  8,562                    missing .:  0/14,271

                  mean:   48.0316
              std. dev:   49.7423

           percentiles:        10%       25%       50%       75%       90%
                                 0         0   42.4702   88.2519    118.66

-------------------------------------------------------------------------------
creatinine_oct2021                                                  (unlabeled)
-------------------------------------------------------------------------------

                  type:  numeric (float)

                 range:  [-63.501461,241.55833]       units:  1.000e-08
         unique values:  8,563                    missing .:  0/14,271

                  mean:   48.0663
              std. dev:   49.7084

           percentiles:        10%       25%       50%       75%       90%
                                 0         0    41.886   88.1805   119.152

-------------------------------------------------------------------------------
creatinine_nov2021                                                  (unlabeled)
-------------------------------------------------------------------------------

                  type:  numeric (float)

                 range:  [-76.654846,231.23361]       units:  1.000e-09
         unique values:  8,559                    missing .:  0/14,271

                  mean:   48.1367
              std. dev:    50.392

           percentiles:        10%       25%       50%       75%       90%
                                 0         0   40.9522    89.019   118.908

-------------------------------------------------------------------------------
creatinine_dec2021                                                  (unlabeled)
-------------------------------------------------------------------------------

                  type:  numeric (float)

                 range:  [-74.196159,232.59122]       units:  1.000e-09
         unique values:  8,561                    missing .:  0/14,271

                  mean:   47.9967
              std. dev:   49.9083

           percentiles:        10%       25%       50%       75%       90%
                                 0         0   41.4076   88.2041   119.456

-------------------------------------------------------------------------------
creatinine_jan2022                                                  (unlabeled)
-------------------------------------------------------------------------------

                  type:  numeric (float)

                 range:  [-59.272427,229.96597]       units:  1.000e-09
         unique values:  8,561                    missing .:  0/14,271

                  mean:   47.2411
              std. dev:   49.7089

           percentiles:        10%       25%       50%       75%       90%
                                 0         0   40.3414   86.9909   117.938

-------------------------------------------------------------------------------
creatinine_feb2022                                                  (unlabeled)
-------------------------------------------------------------------------------

                  type:  numeric (float)

                 range:  [-66.237328,224.16853]       units:  1.000e-08
         unique values:  8,562                    missing .:  0/14,271

                  mean:   47.8251
              std. dev:   49.6161

           percentiles:        10%       25%       50%       75%       90%
                                 0         0   42.1745    87.525   117.673

-------------------------------------------------------------------------------
creatinine_mar2022                                                  (unlabeled)
-------------------------------------------------------------------------------

                  type:  numeric (float)

                 range:  [-88.077751,236.36136]       units:  1.000e-09
         unique values:  8,563                    missing .:  0/14,271

                  mean:   48.5289
              std. dev:   50.4446

           percentiles:        10%       25%       50%       75%       90%
                                 0         0   42.2976   88.8514   120.104

-------------------------------------------------------------------------------
creatinine_apr2022                                                  (unlabeled)
-------------------------------------------------------------------------------

                  type:  numeric (float)

                 range:  [-91.287842,241.89575]       units:  1.000e-09
         unique values:  8,562                    missing .:  0/14,271

                  mean:   48.0237
              std. dev:     49.86

           percentiles:        10%       25%       50%       75%       90%
                                 0         0   41.8518   87.8777   118.492

-------------------------------------------------------------------------------
creatinine_may2022                                                  (unlabeled)
-------------------------------------------------------------------------------

                  type:  numeric (float)

                 range:  [-73.30043,225.15279]        units:  1.000e-09
         unique values:  8,564                    missing .:  0/14,271

                  mean:   48.0715
              std. dev:   50.1215

           percentiles:        10%       25%       50%       75%       90%
                                 0         0   41.7641   88.8864   118.286

-------------------------------------------------------------------------------
creatinine_jun2022                                                  (unlabeled)
-------------------------------------------------------------------------------

                  type:  numeric (float)

                 range:  [-76.648232,241.44897]       units:  1.000e-09
         unique values:  8,563                    missing .:  0/14,271

                  mean:   48.2624
              std. dev:   50.0473

           percentiles:        10%       25%       50%       75%       90%
                                 0         0   42.0035   88.6469   119.501

-------------------------------------------------------------------------------
creatinine_jul2022                                                  (unlabeled)
-------------------------------------------------------------------------------

                  type:  numeric (float)

                 range:  [-94.877083,235.35338]       units:  1.000e-09
         unique values:  8,560                    missing .:  0/14,271

                  mean:   47.9759
              std. dev:   49.8782

           percentiles:        10%       25%       50%       75%       90%
                                 0         0    41.305    88.541   118.585

-------------------------------------------------------------------------------
creatinine_aug2022                                                  (unlabeled)
-------------------------------------------------------------------------------

                  type:  numeric (float)

                 range:  [-77.09108,220.07547]        units:  1.000e-10
         unique values:  8,562                    missing .:  0/14,271

                  mean:   48.5918
              std. dev:   50.2685

           percentiles:        10%       25%       50%       75%       90%
                                 0         0   42.2325   90.0358   119.277

-------------------------------------------------------------------------------
creatinine_sep2022                                                  (unlabeled)
-------------------------------------------------------------------------------

                  type:  numeric (float)

                 range:  [-62.598511,232.15727]       units:  1.000e-09
         unique values:  8,561                    missing .:  0/14,271

                  mean:   47.9264
              std. dev:   50.0371

           percentiles:        10%       25%       50%       75%       90%
                                 0         0   40.1223   88.3695   118.987

. 
. capture noisily import delimited ./output/input_2017_additional.csv, clear
(63 vars, 11,714 obs)

. codebook

-------------------------------------------------------------------------------
patient_id                                                          (unlabeled)
-------------------------------------------------------------------------------

                  type:  numeric (long)

                 range:  [13,499953]                  units:  1
         unique values:  11,714                   missing .:  0/11,714

                  mean:    251132
              std. dev:    144613

           percentiles:        10%       25%       50%       75%       90%
                             50745    125873    252520    376731    451227

-------------------------------------------------------------------------------
case_index_date                                                     (unlabeled)
-------------------------------------------------------------------------------

                  type:  string (str10)

         unique values:  966                      missing "":  0/11,714

              examples:  "2017-05-15"
                         "2017-09-18"
                         "2018-02-21"
                         "2018-10-07"

-------------------------------------------------------------------------------
year_of_birth                                                       (unlabeled)
-------------------------------------------------------------------------------

                  type:  numeric (int)

                 range:  [1950,2000]                  units:  1
         unique values:  51                       missing .:  0/11,714

                  mean:   1974.42
              std. dev:   14.3786

           percentiles:        10%       25%       50%       75%       90%
                              1955      1962      1974      1987      1994

-------------------------------------------------------------------------------
ethnicity_date                                                      (unlabeled)
-------------------------------------------------------------------------------

                  type:  numeric (int)

                 range:  [1900,2022]                  units:  1
         unique values:  123                      missing .:  2,928/11,714

                  mean:   1960.66
              std. dev:   35.5036

           percentiles:        10%       25%       50%       75%       90%
                              1912      1930      1961      1991      2010

-------------------------------------------------------------------------------
body_mass_index_date_measured                                       (unlabeled)
-------------------------------------------------------------------------------

                  type:  string (str10)

         unique values:  1,035                    missing "":  585/11,714

              examples:  "2020-06-16"
                         "2021-01-17"
                         "2021-08-12"
                         "2022-03-22"

-------------------------------------------------------------------------------
acute_kidney_injury_outcome                                         (unlabeled)
-------------------------------------------------------------------------------

                  type:  string (str10)

         unique values:  687                      missing "":  10,542/11,714

              examples:  ""
                         ""
                         ""
                         ""

-------------------------------------------------------------------------------
practice_id                                                         (unlabeled)
-------------------------------------------------------------------------------

                  type:  numeric (byte)

                 range:  [0,44]                       units:  1
         unique values:  41                       missing .:  0/11,714

                  mean:   12.2525
              std. dev:   12.7633

           percentiles:        10%       25%       50%       75%       90%
                                 0         0         1        25        29

-------------------------------------------------------------------------------
imd                                                                 (unlabeled)
-------------------------------------------------------------------------------

                  type:  numeric (byte)

                 range:  [0,5]                        units:  1
         unique values:  6                        missing .:  0/11,714

            tabulation:  Freq.  Value
                           603  0
                         2,238  1
                         2,189  2
                         2,275  3
                         2,257  4
                         2,152  5

-------------------------------------------------------------------------------
region                                                              (unlabeled)
-------------------------------------------------------------------------------

                  type:  string (str24)

         unique values:  9                        missing "":  0/11,714

            tabulation:  Freq.  Value
                         1,108  "East"
                         1,137  "East Midlands"
                         2,377  "London"
                         1,177  "North East"
                         1,220  "North West"
                         1,193  "South East"
                         1,156  "South West"
                         1,153  "West Midlands"
                         1,193  "Yorkshire and The Humber"

               warning:  variable has embedded blanks

-------------------------------------------------------------------------------
ethnicity                                                           (unlabeled)
-------------------------------------------------------------------------------

                  type:  numeric (byte)

                 range:  [1,5]                        units:  1
         unique values:  3                        missing .:  2,928/11,714

            tabulation:  Freq.  Value
                         7,080  1
                           868  3
                           838  5
                         2,928  .

-------------------------------------------------------------------------------
rural_urban                                                         (unlabeled)
-------------------------------------------------------------------------------

                  type:  numeric (byte)

                 range:  [1,8]                        units:  1
         unique values:  8                        missing .:  0/11,714

            tabulation:  Freq.  Value
                         1,168  1
                         1,137  2
                         1,173  3
                         1,115  4
                         1,201  5
                         1,143  6
                         2,395  7
                         2,382  8

-------------------------------------------------------------------------------
atrial_fibrillation_or_flutter                                      (unlabeled)
-------------------------------------------------------------------------------

                  type:  numeric (byte)

                 range:  [0,1]                        units:  1
         unique values:  2                        missing .:  0/11,714

            tabulation:  Freq.  Value
                        11,128  0
                           586  1

-------------------------------------------------------------------------------
chronic_liver_disease                                               (unlabeled)
-------------------------------------------------------------------------------

                  type:  numeric (byte)

                 range:  [0,1]                        units:  1
         unique values:  2                        missing .:  0/11,714

            tabulation:  Freq.  Value
                        11,479  0
                           235  1

-------------------------------------------------------------------------------
diabetes                                                            (unlabeled)
-------------------------------------------------------------------------------

                  type:  numeric (byte)

                 range:  [0,1]                        units:  1
         unique values:  2                        missing .:  0/11,714

            tabulation:  Freq.  Value
                         9,371  0
                         2,343  1

-------------------------------------------------------------------------------
haematological_cancer                                               (unlabeled)
-------------------------------------------------------------------------------

                  type:  numeric (byte)

                 range:  [0,1]                        units:  1
         unique values:  2                        missing .:  0/11,714

            tabulation:  Freq.  Value
                        11,596  0
                           118  1

-------------------------------------------------------------------------------
heart_failure                                                       (unlabeled)
-------------------------------------------------------------------------------

                  type:  numeric (byte)

                 range:  [0,1]                        units:  1
         unique values:  2                        missing .:  0/11,714

            tabulation:  Freq.  Value
                        11,245  0
                           469  1

-------------------------------------------------------------------------------
hiv                                                                 (unlabeled)
-------------------------------------------------------------------------------

                  type:  numeric (byte)

                 range:  [0,1]                        units:  1
         unique values:  2                        missing .:  0/11,714

            tabulation:  Freq.  Value
                        11,479  0
                           235  1

-------------------------------------------------------------------------------
hypertension                                                        (unlabeled)
-------------------------------------------------------------------------------

                  type:  numeric (byte)

                 range:  [0,1]                        units:  1
         unique values:  2                        missing .:  0/11,714

            tabulation:  Freq.  Value
                         9,371  0
                         2,343  1

-------------------------------------------------------------------------------
non_haematological_cancer                                           (unlabeled)
-------------------------------------------------------------------------------

                  type:  numeric (byte)

                 range:  [0,1]                        units:  1
         unique values:  2                        missing .:  0/11,714

            tabulation:  Freq.  Value
                        11,479  0
                           235  1

-------------------------------------------------------------------------------
myocardial_infarction                                               (unlabeled)
-------------------------------------------------------------------------------

                  type:  numeric (byte)

                 range:  [0,1]                        units:  1
         unique values:  2                        missing .:  0/11,714

            tabulation:  Freq.  Value
                        10,542  0
                         1,172  1

-------------------------------------------------------------------------------
peripheral_vascular_disease                                         (unlabeled)
-------------------------------------------------------------------------------

                  type:  numeric (byte)

                 range:  [0,1]                        units:  1
         unique values:  2                        missing .:  0/11,714

            tabulation:  Freq.  Value
                        11,479  0
                           235  1

-------------------------------------------------------------------------------
rheumatoid_arthritis                                                (unlabeled)
-------------------------------------------------------------------------------

                  type:  numeric (byte)

                 range:  [0,1]                        units:  1
         unique values:  2                        missing .:  0/11,714

            tabulation:  Freq.  Value
                        11,128  0
                           586  1

-------------------------------------------------------------------------------
stroke                                                              (unlabeled)
-------------------------------------------------------------------------------

                  type:  numeric (byte)

                 range:  [0,1]                        units:  1
         unique values:  2                        missing .:  0/11,714

            tabulation:  Freq.  Value
                        11,479  0
                           235  1

-------------------------------------------------------------------------------
systemic_lupus_erythematosus                                        (unlabeled)
-------------------------------------------------------------------------------

                  type:  numeric (byte)

                 range:  [0,1]                        units:  1
         unique values:  2                        missing .:  0/11,714

            tabulation:  Freq.  Value
                        11,479  0
                           235  1

-------------------------------------------------------------------------------
smoking_status                                                      (unlabeled)
-------------------------------------------------------------------------------

                  type:  string (str1)

         unique values:  4                        missing "":  9,371/11,714

            tabulation:  Freq.  Value
                         9,371  ""
                           264  "E"
                           204  "M"
                           452  "N"
                         1,423  "S"

-------------------------------------------------------------------------------
body_mass_index                                                     (unlabeled)
-------------------------------------------------------------------------------

                  type:  numeric (float)

                 range:  [-6.4057398,61.263699]       units:  1.000e-08
         unique values:  11,123                   missing .:  0/11,714

                  mean:   26.5907
              std. dev:    9.8811

           percentiles:        10%       25%       50%       75%       90%
                           15.0986   21.5777   27.4065    33.052   37.8257

-------------------------------------------------------------------------------
immunosuppression                                                   (unlabeled)
-------------------------------------------------------------------------------

                  type:  numeric (byte)

                 range:  [0,1]                        units:  1
         unique values:  2                        missing .:  0/11,714

            tabulation:  Freq.  Value
                        11,128  0
                           586  1

-------------------------------------------------------------------------------
creatinine_feb2017                                                  (unlabeled)
-------------------------------------------------------------------------------

                  type:  numeric (float)

                 range:  [-76.044365,222.07237]       units:  1.000e-09
         unique values:  7,030                    missing .:  0/11,714

                  mean:   48.0342
              std. dev:   50.1442

           percentiles:        10%       25%       50%       75%       90%
                                 0         0   40.2038   88.8538   120.109

-------------------------------------------------------------------------------
creatinine_mar2017                                                  (unlabeled)
-------------------------------------------------------------------------------

                  type:  numeric (float)

                 range:  [-76.058212,215.79372]       units:  1.000e-09
         unique values:  7,030                    missing .:  0/11,714

                  mean:   48.1131
              std. dev:   49.9237

           percentiles:        10%       25%       50%       75%       90%
                                 0         0   41.4679    88.588   118.266

-------------------------------------------------------------------------------
creatinine_apr2017                                                  (unlabeled)
-------------------------------------------------------------------------------

                  type:  numeric (float)

                 range:  [-82.605026,214.90851]       units:  1.000e-10
         unique values:  7,029                    missing .:  0/11,714

                  mean:   48.7932
              std. dev:   50.6028

           percentiles:        10%       25%       50%       75%       90%
                                 0         0   42.6849   89.9235   120.234

-------------------------------------------------------------------------------
creatinine_may2017                                                  (unlabeled)
-------------------------------------------------------------------------------

                  type:  numeric (float)

                 range:  [-50.419361,236.08517]       units:  1.000e-09
         unique values:  7,030                    missing .:  0/11,714

                  mean:   47.4741
              std. dev:   49.7439

           percentiles:        10%       25%       50%       75%       90%
                                 0         0   40.2393   87.8679   118.415

-------------------------------------------------------------------------------
creatinine_jun2017                                                  (unlabeled)
-------------------------------------------------------------------------------

                  type:  numeric (float)

                 range:  [-101.58701,223.92744]       units:  1.000e-08
         unique values:  7,028                    missing .:  0/11,714

                  mean:   48.2706
              std. dev:   50.2698

           percentiles:        10%       25%       50%       75%       90%
                                 0         0   41.2513   89.0126   119.328

-------------------------------------------------------------------------------
creatinine_jul2017                                                  (unlabeled)
-------------------------------------------------------------------------------

                  type:  numeric (float)

                 range:  [-60.968876,244.23526]       units:  1.000e-09
         unique values:  7,029                    missing .:  0/11,714

                  mean:   47.7804
              std. dev:   49.6943

           percentiles:        10%       25%       50%       75%       90%
                                 0         0   41.6179    87.115   117.912

-------------------------------------------------------------------------------
creatinine_aug2017                                                  (unlabeled)
-------------------------------------------------------------------------------

                  type:  numeric (float)

                 range:  [-62.290562,232.57173]       units:  1.000e-10
         unique values:  7,029                    missing .:  0/11,714

                  mean:   47.9205
              std. dev:   49.9436

           percentiles:        10%       25%       50%       75%       90%
                                 0         0   41.3221   88.2719   118.604

-------------------------------------------------------------------------------
creatinine_sep2017                                                  (unlabeled)
-------------------------------------------------------------------------------

                  type:  numeric (float)

                 range:  [-85.476883,264.09042]       units:  1.000e-08
         unique values:  7,028                    missing .:  0/11,714

                  mean:   48.0785
              std. dev:   49.9895

           percentiles:        10%       25%       50%       75%       90%
                                 0         0   40.9656   88.5464    118.75

-------------------------------------------------------------------------------
creatinine_oct2017                                                  (unlabeled)
-------------------------------------------------------------------------------

                  type:  numeric (float)

                 range:  [-59.207771,217.46669]       units:  1.000e-08
         unique values:  7,030                    missing .:  0/11,714

                  mean:    47.898
              std. dev:   49.8313

           percentiles:        10%       25%       50%       75%       90%
                                 0         0   40.5537   88.4359   118.145

-------------------------------------------------------------------------------
creatinine_nov2017                                                  (unlabeled)
-------------------------------------------------------------------------------

                  type:  numeric (float)

                 range:  [-66.661919,228.67314]       units:  1.000e-09
         unique values:  7,029                    missing .:  0/11,714

                  mean:   47.8644
              std. dev:   50.0588

           percentiles:        10%       25%       50%       75%       90%
                                 0         0   41.2939    87.386   118.126

-------------------------------------------------------------------------------
creatinine_dec2017                                                  (unlabeled)
-------------------------------------------------------------------------------

                  type:  numeric (float)

                 range:  [-81.950844,240.70499]       units:  1.000e-08
         unique values:  7,029                    missing .:  0/11,714

                  mean:   48.2487
              std. dev:   49.9375

           percentiles:        10%       25%       50%       75%       90%
                                 0         0   41.3953   88.8965   119.176

-------------------------------------------------------------------------------
creatinine_jan2018                                                  (unlabeled)
-------------------------------------------------------------------------------

                  type:  numeric (float)

                 range:  [-53.645214,222.36169]       units:  1.000e-09
         unique values:  7,030                    missing .:  0/11,714

                  mean:   47.8182
              std. dev:   49.7609

           percentiles:        10%       25%       50%       75%       90%
                                 0         0   40.4985   87.6261   118.887

-------------------------------------------------------------------------------
creatinine_feb2018                                                  (unlabeled)
-------------------------------------------------------------------------------

                  type:  numeric (float)

                 range:  [-62.222382,247.03926]       units:  1.000e-09
         unique values:  7,030                    missing .:  0/11,714

                  mean:   47.6703
              std. dev:   50.0082

           percentiles:        10%       25%       50%       75%       90%
                                 0         0   39.9958   87.9656   118.975

-------------------------------------------------------------------------------
creatinine_mar2018                                                  (unlabeled)
-------------------------------------------------------------------------------

                  type:  numeric (float)

                 range:  [-92.237694,222.8512]        units:  1.000e-09
         unique values:  7,029                    missing .:  0/11,714

                  mean:   47.6165
              std. dev:   49.8306

           percentiles:        10%       25%       50%       75%       90%
                                 0         0   40.4898    87.957   118.269

-------------------------------------------------------------------------------
creatinine_apr2018                                                  (unlabeled)
-------------------------------------------------------------------------------

                  type:  numeric (float)

                 range:  [-47.358887,241.12883]       units:  1.000e-09
         unique values:  7,027                    missing .:  0/11,714

                  mean:   48.0254
              std. dev:    49.984

           percentiles:        10%       25%       50%       75%       90%
                                 0         0   41.6157   88.3813   119.123

-------------------------------------------------------------------------------
creatinine_may2018                                                  (unlabeled)
-------------------------------------------------------------------------------

                  type:  numeric (float)

                 range:  [-59.585827,241.64215]       units:  1.000e-10
         unique values:  7,030                    missing .:  0/11,714

                  mean:   47.9128
              std. dev:   49.8203

           percentiles:        10%       25%       50%       75%       90%
                                 0         0   41.1211   88.1877   118.441

-------------------------------------------------------------------------------
creatinine_jun2018                                                  (unlabeled)
-------------------------------------------------------------------------------

                  type:  numeric (float)

                 range:  [-82.365486,229.65247]       units:  1.000e-08
         unique values:  7,030                    missing .:  0/11,714

                  mean:   48.4485
              std. dev:   50.2392

           percentiles:        10%       25%       50%       75%       90%
                                 0         0   42.0491   88.5017   120.044

-------------------------------------------------------------------------------
creatinine_jul2018                                                  (unlabeled)
-------------------------------------------------------------------------------

                  type:  numeric (float)

                 range:  [-76.030991,231.28859]       units:  1.000e-10
         unique values:  7,028                    missing .:  0/11,714

                  mean:    48.168
              std. dev:   50.1759

           percentiles:        10%       25%       50%       75%       90%
                                 0         0   41.5272   87.9583   118.825

-------------------------------------------------------------------------------
creatinine_aug2018                                                  (unlabeled)
-------------------------------------------------------------------------------

                  type:  numeric (float)

                 range:  [-46.978111,231.6662]        units:  1.000e-09
         unique values:  7,028                    missing .:  0/11,714

                  mean:   48.1601
              std. dev:   49.9977

           percentiles:        10%       25%       50%       75%       90%
                                 0         0   41.0245   88.9192   118.831

-------------------------------------------------------------------------------
creatinine_sep2018                                                  (unlabeled)
-------------------------------------------------------------------------------

                  type:  numeric (float)

                 range:  [-65.53228,226.09387]        units:  1.000e-09
         unique values:  7,030                    missing .:  0/11,714

                  mean:   48.5453
              std. dev:   50.2619

           percentiles:        10%       25%       50%       75%       90%
                                 0         0   42.5545   89.8247   119.506

-------------------------------------------------------------------------------
creatinine_oct2018                                                  (unlabeled)
-------------------------------------------------------------------------------

                  type:  numeric (float)

                 range:  [-63.792675,219.47501]       units:  1.000e-10
         unique values:  7,028                    missing .:  0/11,714

                  mean:     48.34
              std. dev:   50.4728

           percentiles:        10%       25%       50%       75%       90%
                                 0         0   42.3229   88.9311   119.679

-------------------------------------------------------------------------------
creatinine_nov2018                                                  (unlabeled)
-------------------------------------------------------------------------------

                  type:  numeric (float)

                 range:  [-61.288387,230.20859]       units:  1.000e-09
         unique values:  7,029                    missing .:  0/11,714

                  mean:   47.8979
              std. dev:    50.005

           percentiles:        10%       25%       50%       75%       90%
                                 0         0   40.8866   87.9309    119.44

-------------------------------------------------------------------------------
creatinine_dec2018                                                  (unlabeled)
-------------------------------------------------------------------------------

                  type:  numeric (float)

                 range:  [-96.59375,232.20927]        units:  1.000e-08
         unique values:  7,027                    missing .:  0/11,714

                  mean:   48.4183
              std. dev:   50.3513

           percentiles:        10%       25%       50%       75%       90%
                                 0         0   41.7665   89.1984   118.939

-------------------------------------------------------------------------------
creatinine_jan2019                                                  (unlabeled)
-------------------------------------------------------------------------------

                  type:  numeric (float)

                 range:  [-56.640812,240.09096]       units:  1.000e-08
         unique values:  7,029                    missing .:  0/11,714

                  mean:    47.818
              std. dev:   49.6667

           percentiles:        10%       25%       50%       75%       90%
                                 0         0    41.305   88.1505   117.866

-------------------------------------------------------------------------------
creatinine_feb2019                                                  (unlabeled)
-------------------------------------------------------------------------------

                  type:  numeric (float)

                 range:  [-85.267021,211.74904]       units:  1.000e-08
         unique values:  7,030                    missing .:  0/11,714

                  mean:    48.197
              std. dev:   50.1886

           percentiles:        10%       25%       50%       75%       90%
                                 0         0   40.8316    88.523   119.546

-------------------------------------------------------------------------------
creatinine_mar2019                                                  (unlabeled)
-------------------------------------------------------------------------------

                  type:  numeric (float)

                 range:  [-65.071884,246.90442]       units:  1.000e-09
         unique values:  7,029                    missing .:  0/11,714

                  mean:   48.1913
              std. dev:   50.0523

           percentiles:        10%       25%       50%       75%       90%
                                 0         0   41.3292    88.685    118.89

-------------------------------------------------------------------------------
creatinine_apr2019                                                  (unlabeled)
-------------------------------------------------------------------------------

                  type:  numeric (float)

                 range:  [-81.581985,255.57121]       units:  1.000e-09
         unique values:  7,029                    missing .:  0/11,714

                  mean:   47.9361
              std. dev:   49.8069

           percentiles:        10%       25%       50%       75%       90%
                                 0         0   41.7558   87.7266   118.343

-------------------------------------------------------------------------------
creatinine_may2019                                                  (unlabeled)
-------------------------------------------------------------------------------

                  type:  numeric (float)

                 range:  [-70.780891,210.29276]       units:  1.000e-09
         unique values:  7,029                    missing .:  0/11,714

                  mean:   48.2312
              std. dev:    50.348

           percentiles:        10%       25%       50%       75%       90%
                                 0         0   41.0981   88.8505   119.692

-------------------------------------------------------------------------------
creatinine_jun2019                                                  (unlabeled)
-------------------------------------------------------------------------------

                  type:  numeric (float)

                 range:  [-77.717735,223.77306]       units:  1.000e-09
         unique values:  7,028                    missing .:  0/11,714

                  mean:   48.0053
              std. dev:   50.1061

           percentiles:        10%       25%       50%       75%       90%
                                 0         0   41.2344   88.2888   118.758

-------------------------------------------------------------------------------
creatinine_jul2019                                                  (unlabeled)
-------------------------------------------------------------------------------

                  type:  numeric (float)

                 range:  [-50.403603,246.73106]       units:  1.000e-09
         unique values:  7,030                    missing .:  0/11,714

                  mean:   48.1119
              std. dev:   49.6812

           percentiles:        10%       25%       50%       75%       90%
                                 0         0   41.8412   88.3942   118.903

-------------------------------------------------------------------------------
creatinine_aug2019                                                  (unlabeled)
-------------------------------------------------------------------------------

                  type:  numeric (float)

                 range:  [-79.384026,228.19662]       units:  1.000e-09
         unique values:  7,026                    missing .:  0/11,714

                  mean:   48.4582
              std. dev:   50.2545

           percentiles:        10%       25%       50%       75%       90%
                                 0         0   41.2773    88.993    119.56

-------------------------------------------------------------------------------
creatinine_sep2019                                                  (unlabeled)
-------------------------------------------------------------------------------

                  type:  numeric (float)

                 range:  [-82.012772,238.52342]       units:  1.000e-08
         unique values:  7,027                    missing .:  0/11,714

                  mean:   48.2634
              std. dev:   50.4562

           percentiles:        10%       25%       50%       75%       90%
                                 0         0   40.7233   88.8082   119.483

-------------------------------------------------------------------------------
creatinine_oct2019                                                  (unlabeled)
-------------------------------------------------------------------------------

                  type:  numeric (float)

                 range:  [-66.678482,241.36476]       units:  1.000e-08
         unique values:  7,029                    missing .:  0/11,714

                  mean:   48.5705
              std. dev:   50.3917

           percentiles:        10%       25%       50%       75%       90%
                                 0         0   42.4673   89.4338   119.438

-------------------------------------------------------------------------------
creatinine_nov2019                                                  (unlabeled)
-------------------------------------------------------------------------------

                  type:  numeric (float)

                 range:  [-70.498688,234.48071]       units:  1.000e-09
         unique values:  7,029                    missing .:  0/11,714

                  mean:   48.0538
              std. dev:    50.228

           percentiles:        10%       25%       50%       75%       90%
                                 0         0   40.9524    88.027   119.726

-------------------------------------------------------------------------------
creatinine_dec2019                                                  (unlabeled)
-------------------------------------------------------------------------------

                  type:  numeric (float)

                 range:  [-69.649612,231.58269]       units:  1.000e-09
         unique values:  7,028                    missing .:  0/11,714

                  mean:   47.9906
              std. dev:   50.1615

           percentiles:        10%       25%       50%       75%       90%
                                 0         0   41.1509   88.4309    118.78

-------------------------------------------------------------------------------
creatinine_jan2020                                                  (unlabeled)
-------------------------------------------------------------------------------

                  type:  numeric (float)

                 range:  [-88.064522,211.56029]       units:  1.000e-09
         unique values:  7,028                    missing .:  0/11,714

                  mean:   47.9127
              std. dev:   49.8907

           percentiles:        10%       25%       50%       75%       90%
                                 0         0   40.9291   88.0512   119.009

. 
. log close
      name:  <unnamed>
       log:  /workspace/logs/codebook_2017_additional.log
  log type:  text
 closed on:   1 Nov 2022, 15:51:32
-------------------------------------------------------------------------------
