------------------------------------------------------------------------------------------------------------------------------------------------------------------------------------------------------------------------------------------------------------
      name:  <unnamed>
       log:  C:\Users\lsh1703468\Documents\repos\logs/combine_stps_covid2021_2017.log
  log type:  text
 opened on:  25 Nov 2022, 18:49:20

. 
. *(1)=========Change source files to stata format============
. foreach i of numlist 10 12 {
  2.         capture noisily import delimited ./output/matched_cases_covid20212017_stp`i'.csv, clear
  3.         capture noisily tempfile matched_cases_covid20212017_stp`i'
  4.         capture noisily save `matched_cases_covid2017_stp`i'', replace
  5. }
(encoding automatically selected: ISO-8859-1)
(13 vars, 260 obs)
_matched_cases_covid20212017_stp10 invalid name
invalid file specification
(encoding automatically selected: ISO-8859-2)
(13 vars, 258 obs)
_matched_cases_covid20212017_stp12 invalid name
invalid file specification

. 
. *(2)=========Append separate cases files==========
. use `matched_cases_covid20212017_stp5', clear
invalid file specification
r(198);

end of do-file

r(198);

. do "C:\Users\LSH170~1\AppData\Local\Temp\STD3e0_000000.tmp"

. sysdir set PLUS ./analysis/adofiles

. sysdir set PERSONAL ./analysis/adofiles

. pwd
C:\Users\lsh1703468\Documents\repos

. 
. 
. * Open a log file
. cap log close
