------------------------------------------------------------------------------------------------------------------------------------------------------------------------------------------------------------------------------------------------------------
      name:  <unnamed>
       log:  C:\Users\lsh1703468\Documents\repos\logs/cox_hospitalised_wave.log
  log type:  text
 opened on:  25 Jan 2023, 11:13:02

. 
. cap file close tablecontent

. file open tablecontent using ./output/cox_hospitalised_wave.txt, write text replace

. file write tablecontent ("Kidney outcomes after COVID-19 hospitalisation by pandemic period compared to a pre-pandemic population hospitalised for pneumonia") _n

. file write tablecontent _n

. file write tablecontent ("Populations restricted to those who survived 28 days after hospital admission") _n

. file write tablecontent ("Clustering by general practice accounted for using robust standard errors") _n

. file write tablecontent _n

. file write tablecontent ("Cox regression models:") _n

. file write tablecontent ("1. Crude") _n

. file write tablecontent ("2. Minimally adjusted: adjusted for age (using spline functions), sex and calendar month") _n

. file write tablecontent ("3. Additionally adjusted: additionally adjusted for ethnicity, socioeconomic deprivation, region, rural/urban, body mass index and smoking") _n

. file write tablecontent ("4. Fully adjusted: additionally adjusted for cardiovascular diseases, diabetes, hypertension, immunocompromise and cancer") _n

. file write tablecontent _n

. file write tablecontent _tab _tab _tab _tab _tab ("Number") _tab ("Event") _tab ("Total person-years") _tab ("Rate per 100,000") _tab ("Crude") _tab _tab _tab ("Minimally adjusted") _tab ("Additionally adjusted") _tab ("Fully adjusted") _tab _tab _n

. file write tablecontent _tab _tab _tab _tab _tab _tab _tab _tab _tab _tab _tab _tab _tab ("HR") _tab ("95% CI") _tab _tab ("HR") _tab ("95% CI") _tab _tab ("HR") _tab ("95% CI") _tab _tab ("HR") _tab ("95% CI") _tab _tab _n

. 
. use ./output/analysis_hospitalised.dta, clear

. foreach outcome of varlist esrd egfr_half aki death {
  2. stset time_end_`outcome', fail(time_`outcome') origin(time_zero_`outcome') id(patient_id) scale(365.25)
  3. bysort wave: egen total_follow_up_`outcome' = total(_t)
  4. 
. stcox i.wave, vce(cluster practice_id)
  5. matrix table = r(table)
  6. local crude_`outcome'_1b: display %4.2f table[1,2]
  7. local crude_`outcome'_1ll: display %4.2f table[5,2]
  8. local crude_`outcome'_1ul: display %4.2f table[6,2]
  9. local crude_`outcome'_2b: display %4.2f table[1,3]
 10. local crude_`outcome'_2ll: display %4.2f table[5,3]
 11. local crude_`outcome'_2ul: display %4.2f table[6,3]
 12. local crude_`outcome'_3b: display %4.2f table[1,4]
 13. local crude_`outcome'_3ll: display %4.2f table[5,4]
 14. local crude_`outcome'_3ul: display %4.2f table[6,4]
 15. local crude_`outcome'_4b: display %4.2f table[1,5]
 16. local crude_`outcome'_4ll: display %4.2f table[5,5]
 17. local crude_`outcome'_4ul: display %4.2f table[6,5]
 18. 
. stcox i.wave i.sex age1 age2 age3 i.month, vce(cluster practice_id)
 19. matrix table = r(table)
 20. local minimal_`outcome'_1b: display %4.2f table[1,2]
 21. local minimal_`outcome'_1ll: display %4.2f table[5,2]
 22. local minimal_`outcome'_1ul: display %4.2f table[6,2]
 23. local minimal_`outcome'_2b: display %4.2f table[1,3]
 24. local minimal_`outcome'_2ll: display %4.2f table[5,3]
 25. local minimal_`outcome'_2ul: display %4.2f table[6,3]
 26. local minimal_`outcome'_3b: display %4.2f table[1,4]
 27. local minimal_`outcome'_3ll: display %4.2f table[5,4]
 28. local minimal_`outcome'_3ul: display %4.2f table[6,4]
 29. local minimal_`outcome'_4b: display %4.2f table[1,5]
 30. local minimal_`outcome'_4ll: display %4.2f table[5,5]
 31. local minimal_`outcome'_4ul: display %4.2f table[6,5]
 32. 
. stcox i.wave i.sex i.ethnicity i.imd i.region i.urban i.bmi i.smoking age1 age2 age3 i.month, vce(cluster practice_id)
 33. matrix table = r(table)
 34. local additional_`outcome'_1b: display %4.2f table[1,2]
 35. local additional_`outcome'_1ll: display %4.2f table[5,2]
 36. local additional_`outcome'_1ul: display %4.2f table[6,2]
 37. local additional_`outcome'_2b: display %4.2f table[1,3]
 38. local additional_`outcome'_2ll: display %4.2f table[5,3]
 39. local additional_`outcome'_2ul: display %4.2f table[6,3]
 40. local additional_`outcome'_3b: display %4.2f table[1,4]
 41. local additional_`outcome'_3ll: display %4.2f table[5,4]
 42. local additional_`outcome'_3ul: display %4.2f table[6,4]
 43. local additional_`outcome'_4b: display %4.2f table[1,5]
 44. local additional_`outcome'_4ll: display %4.2f table[5,5]
 45. local additional_`outcome'_4ul: display %4.2f table[6,5]
 46. 
. stcox i.wave i.sex i.ethnicity i.imd i.region i.urban i.bmi i.cardiovascular i.diabetes i.hypertension i.immunosuppressed i.non_haem_cancer i.smoking age1 age2 age3 i.month, vce(cluster practice_id)          
 47. matrix table = r(table)
 48. local full_`outcome'_1b: display %4.2f table[1,2]
 49. local full_`outcome'_1ll: display %4.2f table[5,2]
 50. local full_`outcome'_1ul: display %4.2f table[6,2]
 51. local full_`outcome'_2b: display %4.2f table[1,3]
 52. local full_`outcome'_2ll: display %4.2f table[5,3]
 53. local full_`outcome'_2ul: display %4.2f table[6,3]
 54. local full_`outcome'_3b: display %4.2f table[1,4]
 55. local full_`outcome'_3ll: display %4.2f table[5,4]
 56. local full_`outcome'_3ul: display %4.2f table[6,4]
 57. local full_`outcome'_4b: display %4.2f table[1,5]
 58. local full_`outcome'_4ll: display %4.2f table[5,5]
 59. local full_`outcome'_4ul: display %4.2f table[6,5]      
 60. 
. local lab0: label wave 0
 61. local lab1: label wave 1
 62. local lab2: label wave 2
 63. local lab3: label wave 3
 64. local lab4: label wave 4
 65. 
.         qui safecount if wave==0 & `outcome'_denominator==1 & _st==1
 66.         local denominator = round(r(N),5)
 67.         qui safecount if wave== 0 & `outcome'==1 & _st==1
 68.         local event = round(r(N),5)
 69.         qui su total_follow_up_`outcome' if wave==0
 70.         local person_year = r(mean)
 71.         local rate = 100000*(`event'/`person_year')
 72.         
.         file write tablecontent _n
 73.         file write tablecontent ("`outcome'") _n
 74.         file write tablecontent _tab ("`lab0'") _tab _tab (`denominator') _tab _tab (`event') _tab %10.0f (`person_year') _tab _tab %3.2f (`rate') _tab _tab _tab
 75.         file write tablecontent ("1.00") _tab _tab _tab ("1.00") _tab _tab _tab ("1.00") _tab _tab _tab ("1.00") _n
 76.         
. forvalues wave=1/4 {
 77.         qui safecount if wave==`wave'  & `outcome'_denominator==1 & _st==1
 78.         local denominator = round(r(N),5)
 79.         qui safecount if wave==`wave' & `outcome'==1 &  _st==1
 80.         local event = round(r(N),5)
 81.         qui su total_follow_up_`outcome' if wave==`wave'
 82.         local person_year = r(mean)
 83.         local rate = 100000*(`event'/`person_year')
 84.         file write tablecontent _tab ("`lab`wave''") _tab _tab (`denominator') _tab _tab (`event') _tab %10.0f (`person_year') _tab _tab %3.2f (`rate') _tab _tab
 85.         file write tablecontent  _tab %4.2f (`crude_`outcome'_`wave'b') _tab ("(") %4.2f (`crude_`outcome'_`wave'll') (" - ") %4.2f (`crude_`outcome'_`wave'ul') (")")
 86.         file write tablecontent  _tab %4.2f (`minimal_`outcome'_`wave'b') _tab ("(") %4.2f (`minimal_`outcome'_`wave'll') (" - ") %4.2f (`minimal_`outcome'_`wave'ul') (")")
 87.         file write tablecontent  _tab %4.2f (`additional_`outcome'_`wave'b') _tab ("(") %4.2f (`additional_`outcome'_`wave'll') (" - ") %4.2f (`additional_`outcome'_`wave'ul') (")")
 88.         file write tablecontent  _tab %4.2f (`full_`outcome'_`wave'b') _tab ("(") %4.2f (`full_`outcome'_`wave'll') (" - ") %4.2f (`full_`outcome'_`wave'ul') (")") _tab _n
 89.         }
 90. }

Survival-time data settings

           ID variable: patient_id
         Failure event: time_esrd!=0 & time_esrd<.
Observed time interval: (time_end_esrd[_n-1], time_end_esrd]
     Exit on or before: failure
     Time for analysis: (time-origin)/365.25
                Origin: time time_zero_esrd

--------------------------------------------------------------------------
     25,430  total observations
         34  observations begin on or after (first) failure
--------------------------------------------------------------------------
     25,396  observations remaining, representing
     25,131  subjects
      2,037  failures in single-failure-per-subject data
 32,222.804  total analysis time at risk and under observation
                                                At risk from t =         0
                                     Earliest observed entry t =         0
                                          Last observed exit t =  2.748802

        Failure _d: time_esrd
  Analysis time _t: (time_end_esrd-origin)/365.25
            Origin: time time_zero_esrd
       ID variable: patient_id

Iteration 0:   log pseudolikelihood = -19503.145
Iteration 1:   log pseudolikelihood = -19500.995
Iteration 2:   log pseudolikelihood = -19500.993
Refining estimates:
Iteration 0:   log pseudolikelihood = -19500.993

Cox regression with Breslow method for ties

No. of subjects =      25,131                           Number of obs = 25,396
No. of failures =       2,037
Time at risk    = 32,222.8036
                                                        Wald chi2(4)  =   9.83
Log pseudolikelihood = -19500.993                       Prob > chi2   = 0.0433

                                 (Std. err. adjusted for 38 clusters in practice_id)
------------------------------------------------------------------------------------
                   |               Robust
                _t | Haz. ratio   std. err.      z    P>|z|     [95% conf. interval]
-------------------+----------------------------------------------------------------
              wave |
COVID Feb20-Aug20  |   .9678756   .0414868    -0.76   0.446     .8898848    1.052702
COVID Sep20-Jun21  |   1.068854   .0447087     1.59   0.111      .984722    1.160173
COVID Jul21-Nov21  |   .8983945   .0631752    -1.52   0.128     .7827273    1.031154
COVID Dec21-Oct22  |   .8991142   .0966084    -0.99   0.322     .7283743    1.109878
------------------------------------------------------------------------------------

        Failure _d: time_esrd
  Analysis time _t: (time_end_esrd-origin)/365.25
            Origin: time time_zero_esrd
       ID variable: patient_id

Iteration 0:   log pseudolikelihood = -19503.145
Iteration 1:   log pseudolikelihood = -19488.716
Iteration 2:   log pseudolikelihood = -19488.676
Iteration 3:   log pseudolikelihood = -19488.676
Refining estimates:
Iteration 0:   log pseudolikelihood = -19488.676

Cox regression with Breslow method for ties

No. of subjects =      25,131                           Number of obs = 25,396
No. of failures =       2,037
Time at risk    = 32,222.8036
                                                        Wald chi2(19) = 395.42
Log pseudolikelihood = -19488.676                       Prob > chi2   = 0.0000

                                 (Std. err. adjusted for 38 clusters in practice_id)
------------------------------------------------------------------------------------
                   |               Robust
                _t | Haz. ratio   std. err.      z    P>|z|     [95% conf. interval]
-------------------+----------------------------------------------------------------
              wave |
COVID Feb20-Aug20  |   .9556932   .0421279    -1.03   0.304     .8765904    1.041934
COVID Sep20-Jun21  |   1.077764   .0447781     1.80   0.071     .9934785      1.1692
COVID Jul21-Nov21  |   .9319025   .0825143    -0.80   0.426     .7834329    1.108509
COVID Dec21-Oct22  |   .8634506    .100275    -1.26   0.206     .6876778    1.084152
                   |
               sex |
             Male  |   .9561554   .0374996    -1.14   0.253     .8854114    1.032552
              age1 |   1.004589   .0042511     1.08   0.279     .9962914    1.012956
              age2 |   .9943648   .0171626    -0.33   0.743     .9612894    1.028578
              age3 |    1.00863   .0574373     0.15   0.880     .9021096    1.127728
                   |
             month |
         February  |   .8447327   .0868635    -1.64   0.101     .6905429    1.033351
            March  |   .9717751   .0795015    -0.35   0.726     .8278058    1.140783
            April  |   1.089011   .0819214     1.13   0.257     .9397235    1.262014
              May  |    .853165   .0630144    -2.15   0.032     .7381824    .9860579
             June  |   .9131277   .0855334    -0.97   0.332     .7599741    1.097146
             July  |   .9589327    .098588    -0.41   0.683     .7839277    1.173006
           August  |   .9909304   .0856795    -0.11   0.916     .8364599    1.173927
        September  |   .9056464   .1164503    -0.77   0.441     .7038968    1.165221
          October  |   .7606618   .0582837    -3.57   0.000     .6545918    .8839194
         November  |   .8670117   .0717608    -1.72   0.085     .7371786    1.019711
         December  |   1.107853   .1123647     1.01   0.313     .9081313      1.3515
------------------------------------------------------------------------------------

        Failure _d: time_esrd
  Analysis time _t: (time_end_esrd-origin)/365.25
            Origin: time time_zero_esrd
       ID variable: patient_id

Iteration 0:   log pseudolikelihood =  -7130.939
Iteration 1:   log pseudolikelihood = -7111.9267
Iteration 2:   log pseudolikelihood = -7111.8667
Iteration 3:   log pseudolikelihood = -7111.8667
Refining estimates:
Iteration 0:   log pseudolikelihood = -7111.8667

Cox regression with Breslow method for ties

No. of subjects =      10,648                        Number of obs =    10,693
No. of failures =         820
Time at risk    = 13,654.5161
                                                     Wald chi2(35) = 157392.57
Log pseudolikelihood = -7111.8667                    Prob > chi2   =    0.0000

                                        (Std. err. adjusted for 36 clusters in practice_id)
-------------------------------------------------------------------------------------------
                          |               Robust
                       _t | Haz. ratio   std. err.      z    P>|z|     [95% conf. interval]
--------------------------+----------------------------------------------------------------
                     wave |
       COVID Feb20-Aug20  |   .9695776   .0690164    -0.43   0.664       .84332    1.114738
       COVID Sep20-Jun21  |   1.078849   .0686104     1.19   0.233     .9524187    1.222063
       COVID Jul21-Nov21  |   .8162835   .1228607    -1.35   0.177     .6077497     1.09637
       COVID Dec21-Oct22  |   .9714721   .1282779    -0.22   0.827     .7499521    1.258424
                          |
                      sex |
                    Male  |   .9955138   .0522645    -0.09   0.932     .8981714    1.103406
                          |
                ethnicity |
             South Asian  |   .9427383   .1442877    -0.39   0.700     .6984146    1.272533
                   Black  |   .8040412   .0997663    -1.76   0.079     .6304641    1.025407
                   Mixed  |    1.09339   .1254005     0.78   0.436     .8732747    1.368986
                   Other  |   .8623341   .1517468    -0.84   0.400     .6107841    1.217484
                          |
                      imd |
                       2  |   .9313045   .1475889    -0.45   0.653     .6826486    1.270534
                       3  |    1.00054   .0725311     0.01   0.994     .8680186    1.153293
                       4  |    1.00037   .1174141     0.00   0.997     .7947944    1.259119
        5 Least deprived  |   1.050315   .0876685     0.59   0.556     .8918073    1.236997
                          |
                   region |
                    East  |   1.113388    .113676     1.05   0.293     .9114644    1.360046
                  London  |   .9581355     .12299    -0.33   0.739     .7450122    1.232226
              North East  |   .8927908    .089886    -1.13   0.260     .7329105    1.087548
              North West  |   .8617507   .0941837    -1.36   0.173     .6955862    1.067609
              South East  |    1.02943   .1051344     0.28   0.776     .8426838    1.257561
              South West  |    1.19903   .1304159     1.67   0.095     .9688284     1.48393
           West Midlands  |    .852315     .13281    -1.03   0.305     .6280058    1.156742
Yorkshire and The Humber  |   1.023979   .1388693     0.17   0.861     .7849707    1.335761
                          |
                    urban |
                   Urban  |   1.164783   .0625749     2.84   0.005     1.048374    1.294117
                          |
                      bmi |
      Normal (18.5-24.9)  |   1.026387   .0911893     0.29   0.769     .8623552     1.22162
    Overweight (25-29.9)  |   1.144211   .1284067     1.20   0.230     .9182942    1.425707
       Obese I (30-34.9)  |   1.025346   .1148853     0.22   0.823     .8231851    1.277155
      Obese II (35-39.9)  |   .8420562   .1401627    -1.03   0.302     .6076536     1.16688
         Obese III (40+)  |   .8980631   .1289068    -0.75   0.454     .6778388    1.189836
                          |
                  smoking |
   Current/former smoker  |    1.05498   .0781974     0.72   0.470     .9123282    1.219936
                     age1 |   1.003758   .0064764     0.58   0.561     .9911447    1.016532
                     age2 |   .9910552   .0269392    -0.33   0.741     .9396372    1.045287
                     age3 |   1.021467   .0876965     0.25   0.805     .8632678    1.208656
                          |
                    month |
                February  |   .9129302   .1082182    -0.77   0.442     .7236634    1.151698
                   March  |   1.145076   .1326892     1.17   0.242     .9124286    1.437044
                   April  |   1.064836   .1216247     0.55   0.582     .8512543    1.332007
                     May  |    .818423   .0985969    -1.66   0.096     .6462968    1.036391
                    June  |   1.120279   .1413958     0.90   0.368     .8747656    1.434697
                    July  |   1.044419    .122135     0.37   0.710     .8304907    1.313454
                  August  |   .9408885   .1401627    -0.41   0.683     .7026451    1.259912
               September  |   .8380654   .1075828    -1.38   0.169     .6516416    1.077822
                 October  |   .9431361   .1272623    -0.43   0.664     .7239644    1.228659
                November  |   1.030432    .190787     0.16   0.871     .7168319    1.481226
                December  |    1.14032   .1540878     0.97   0.331     .8749965    1.486096
-------------------------------------------------------------------------------------------

        Failure _d: time_esrd
  Analysis time _t: (time_end_esrd-origin)/365.25
            Origin: time time_zero_esrd
       ID variable: patient_id

Iteration 0:   log pseudolikelihood =  -7130.939
Iteration 1:   log pseudolikelihood =  -7110.029
Iteration 2:   log pseudolikelihood = -7109.9681
Iteration 3:   log pseudolikelihood = -7109.9681
Refining estimates:
Iteration 0:   log pseudolikelihood = -7109.9681

Cox regression with Breslow method for ties

No. of subjects =      10,648                        Number of obs =    10,693
No. of failures =         820
Time at risk    = 13,654.5161
                                                     Wald chi2(35) = 319778.62
Log pseudolikelihood = -7109.9681                    Prob > chi2   =    0.0000

                                        (Std. err. adjusted for 36 clusters in practice_id)
-------------------------------------------------------------------------------------------
                          |               Robust
                       _t | Haz. ratio   std. err.      z    P>|z|     [95% conf. interval]
--------------------------+----------------------------------------------------------------
                     wave |
       COVID Feb20-Aug20  |    .969759   .0714192    -0.42   0.677     .8394135    1.120345
       COVID Sep20-Jun21  |   1.080603   .0692075     1.21   0.226     .9531274    1.225129
       COVID Jul21-Nov21  |   .8162353   .1232466    -1.34   0.179     .6071404    1.097341
       COVID Dec21-Oct22  |   .9708626   .1265901    -0.23   0.821     .7519174    1.253561
                          |
                      sex |
                    Male  |   .9952064   .0527156    -0.09   0.928     .8970681    1.104081
                          |
                ethnicity |
             South Asian  |   .9334987   .1449237    -0.44   0.658     .6885992    1.265496
                   Black  |   .8056833   .0985129    -1.77   0.077      .633995    1.023866
                   Mixed  |   1.095498   .1247208     0.80   0.423     .8764025    1.369366
                   Other  |    .863088   .1515948    -0.84   0.402     .6117134    1.217761
                          |
                      imd |
                       2  |   .9296788   .1449978    -0.47   0.640     .6848176    1.262092
                       3  |   1.003504   .0724533     0.05   0.961     .8710885    1.156049
                       4  |   .9980443    .116507    -0.02   0.987     .7939343    1.254628
        5 Least deprived  |   1.051231   .0874719     0.60   0.548     .8930391    1.237445
                          |
                   region |
                    East  |   1.106904   .1158914     0.97   0.332     .9015507    1.359032
                  London  |   .9539812   .1230069    -0.37   0.715      .740944    1.228271
              North East  |   .8833203    .089301    -1.23   0.220     .7245434    1.076892
              North West  |   .8578409   .0920087    -1.43   0.153     .6952007     1.05853
              South East  |   1.025685   .1061391     0.25   0.806     .8373955    1.256312
              South West  |   1.196881   .1314873     1.64   0.102      .965027     1.48444
           West Midlands  |   .8468017    .131914    -1.07   0.286     .6239968    1.149162
Yorkshire and The Humber  |   1.020061   .1402074     0.14   0.885      .779163    1.335438
                          |
                    urban |
                   Urban  |   1.165807   .0623005     2.87   0.004     1.049877    1.294537
                          |
                      bmi |
      Normal (18.5-24.9)  |   1.025194   .0907036     0.28   0.779     .8619779    1.219314
    Overweight (25-29.9)  |   1.140305   .1265812     1.18   0.237     .9173438    1.417457
       Obese I (30-34.9)  |   1.022578   .1148268     0.20   0.842     .8205665    1.274322
      Obese II (35-39.9)  |   .8417931   .1390761    -1.04   0.297     .6089405    1.163686
         Obese III (40+)  |   .8976618   .1297644    -0.75   0.455     .6761834    1.191684
                          |
         1.cardiovascular |   .8858809   .0448342    -2.39   0.017      .802225    .9782604
               1.diabetes |   1.072131   .0954143     0.78   0.434     .9005238     1.27644
           1.hypertension |   .9446292   .0752968    -0.71   0.475     .8080007    1.104361
       1.immunosuppressed |   1.098479   .0996609     1.04   0.301      .919529    1.312254
        1.non_haem_cancer |   1.117915   .2887246     0.43   0.666     .6738577    1.854595
                          |
                  smoking |
   Current/former smoker  |   1.054993   .0774572     0.73   0.466      .913597    1.218273
                     age1 |   1.003783   .0063895     0.59   0.553     .9913378    1.016385
                     age2 |   .9912957   .0266684    -0.32   0.745     .9403807    1.044967
                     age3 |   1.020456   .0869113     0.24   0.812     .8635715    1.205842
                          |
                    month |
                February  |   .9117326   .1085816    -0.78   0.438     .7219294    1.151437
                   March  |   1.143413   .1332569     1.15   0.250     .9099161    1.436828
                   April  |   1.062181   .1223737     0.52   0.601     .8474844    1.331268
                     May  |   .8188856   .0996822    -1.64   0.101     .6450705    1.039535
                    June  |   1.119104   .1433642     0.88   0.380     .8706151    1.438516
                    July  |    1.05095   .1235101     0.42   0.672     .8347313    1.323175
                  August  |    .938077   .1423297    -0.42   0.674     .6967708    1.262953
               September  |   .8351237   .1094609    -1.37   0.169     .6459257     1.07974
                 October  |   .9406745   .1304028    -0.44   0.659     .7168691    1.234351
                November  |   1.029792   .1902052     0.16   0.874     .7170184    1.479001
                December  |   1.137348   .1549576     0.94   0.345     .8708062    1.485474
-------------------------------------------------------------------------------------------

Survival-time data settings

           ID variable: patient_id
         Failure event: time_egfr_half!=0 & time_egfr_half<.
Observed time interval: (time_end_egfr_half[_n-1], time_end_egfr_half]
     Exit on or before: failure
     Time for analysis: (time-origin)/365.25
                Origin: time time_zero_egfr_half

--------------------------------------------------------------------------
     25,430  total observations
     11,325  event time missing (time_end_egfr_half>=.)     PROBABLE ERROR
         52  observations begin on or after (first) failure
--------------------------------------------------------------------------
     14,053  observations remaining, representing
     14,013  subjects
      5,788  failures in single-failure-per-subject data
 13,153.832  total analysis time at risk and under observation
                                                At risk from t =         0
                                     Earliest observed entry t =         0
                                          Last observed exit t =  2.748802

        Failure _d: time_egfr_half
  Analysis time _t: (time_end_egfr_half-origin)/365.25
            Origin: time time_zero_egfr_half
       ID variable: patient_id

Iteration 0:   log pseudolikelihood = -52046.848
Iteration 1:   log pseudolikelihood = -52040.928
Iteration 2:   log pseudolikelihood = -52040.927
Refining estimates:
Iteration 0:   log pseudolikelihood = -52040.927

Cox regression with Breslow method for ties

No. of subjects =      14,013                           Number of obs = 14,053
No. of failures =       5,788
Time at risk    = 13,153.8316
                                                        Wald chi2(4)  =   8.47
Log pseudolikelihood = -52040.927                       Prob > chi2   = 0.0757

                                 (Std. err. adjusted for 36 clusters in practice_id)
------------------------------------------------------------------------------------
                   |               Robust
                _t | Haz. ratio   std. err.      z    P>|z|     [95% conf. interval]
-------------------+----------------------------------------------------------------
              wave |
COVID Feb20-Aug20  |   1.116905   .0496404     2.49   0.013     1.023728    1.218562
COVID Sep20-Jun21  |   1.080442   .0322097     2.60   0.009     1.019121    1.145452
COVID Jul21-Nov21  |    1.08865     .05711     1.62   0.105     .9822792    1.206541
COVID Dec21-Oct22  |   1.061651   .0506355     1.25   0.210     .9669042    1.165681
------------------------------------------------------------------------------------

        Failure _d: time_egfr_half
  Analysis time _t: (time_end_egfr_half-origin)/365.25
            Origin: time time_zero_egfr_half
       ID variable: patient_id

Iteration 0:   log pseudolikelihood = -52046.848
Iteration 1:   log pseudolikelihood = -52015.762
Iteration 2:   log pseudolikelihood = -52015.751
Refining estimates:
Iteration 0:   log pseudolikelihood = -52015.751

Cox regression with Breslow method for ties

No. of subjects =      14,013                           Number of obs = 14,053
No. of failures =       5,788
Time at risk    = 13,153.8316
                                                        Wald chi2(19) = 620.66
Log pseudolikelihood = -52015.751                       Prob > chi2   = 0.0000

                                 (Std. err. adjusted for 36 clusters in practice_id)
------------------------------------------------------------------------------------
                   |               Robust
                _t | Haz. ratio   std. err.      z    P>|z|     [95% conf. interval]
-------------------+----------------------------------------------------------------
              wave |
COVID Feb20-Aug20  |   1.108992   .0545632     2.10   0.035     1.007044     1.22126
COVID Sep20-Jun21  |    1.09143   .0299494     3.19   0.001      1.03428    1.151736
COVID Jul21-Nov21  |   1.128262   .0674944     2.02   0.044     1.003436    1.268616
COVID Dec21-Oct22  |   1.036636     .04739     0.79   0.431     .9477927    1.133807
                   |
               sex |
             Male  |   .8602749   .0168425    -7.69   0.000     .8278897    .8939271
              age1 |   1.002803   .0026741     1.05   0.294     .9975751    1.008058
              age2 |    .995157   .0092917    -0.52   0.603     .9771112    1.013536
              age3 |   1.006509   .0296874     0.22   0.826     .9499725     1.06641
                   |
             month |
         February  |   1.029449   .0425052     0.70   0.482      .949422    1.116221
            March  |    1.02156   .0366467     0.59   0.552     .9522007    1.095972
            April  |   1.023559   .0499268     0.48   0.633     .9302361    1.126244
              May  |   1.052329    .038446     1.40   0.163     .9796108    1.130445
             June  |   1.030553    .041434     0.75   0.454      .952461    1.115048
             July  |   1.059782   .0385531     1.60   0.110     .9868499    1.138104
           August  |   .9894199   .0616051    -0.17   0.864     .8757528     1.11784
        September  |   .9369309   .0410396    -1.49   0.137     .8598508    1.020921
          October  |   .9753349   .0313546    -0.78   0.437     .9157771    1.038766
         November  |   .9351885    .048004    -1.31   0.192     .8456803     1.03417
         December  |   1.158755   .0531309     3.21   0.001     1.059162    1.267712
------------------------------------------------------------------------------------

        Failure _d: time_egfr_half
  Analysis time _t: (time_end_egfr_half-origin)/365.25
            Origin: time time_zero_egfr_half
       ID variable: patient_id

Iteration 0:   log pseudolikelihood = -20020.183
Iteration 1:   log pseudolikelihood = -19987.257
Iteration 2:   log pseudolikelihood = -19987.209
Iteration 3:   log pseudolikelihood = -19987.209
Refining estimates:
Iteration 0:   log pseudolikelihood = -19987.209

Cox regression with Breslow method for ties

No. of subjects =      5,936                           Number of obs =   5,943
No. of failures =      2,462
Time at risk    = 5,546.4285
                                                       Wald chi2(34) = 3115.80
Log pseudolikelihood = -19987.209                      Prob > chi2   =  0.0000

                                        (Std. err. adjusted for 35 clusters in practice_id)
-------------------------------------------------------------------------------------------
                          |               Robust
                       _t | Haz. ratio   std. err.      z    P>|z|     [95% conf. interval]
--------------------------+----------------------------------------------------------------
                     wave |
       COVID Feb20-Aug20  |   1.076306   .0636124     1.24   0.213     .9585785    1.208493
       COVID Sep20-Jun21  |   1.103797   .0488207     2.23   0.026     1.012141    1.203754
       COVID Jul21-Nov21  |    .969431   .0663047    -0.45   0.650     .8478101    1.108499
       COVID Dec21-Oct22  |   1.048105   .0562911     0.87   0.382     .9433848     1.16445
                          |
                      sex |
                    Male  |   .8337083   .0281806    -5.38   0.000     .7802651    .8908119
                          |
                ethnicity |
             South Asian  |   .9802901   .1281702    -0.15   0.879     .7586865    1.266621
                   Black  |    1.00822   .1085028     0.08   0.939     .8164892    1.244973
                   Mixed  |    .827503   .0547119    -2.86   0.004      .726927    .9419944
                   Other  |   .9651434   .0868325    -0.39   0.693     .8091155    1.151259
                          |
                      imd |
                       2  |   1.088105   .0612597     1.50   0.134     .9744253    1.215046
                       3  |   .9993223   .0437773    -0.02   0.988     .9171006    1.088915
                       4  |   1.072325   .0628097     1.19   0.233     .9560235    1.202774
        5 Least deprived  |   .9613142   .0615205    -0.62   0.538     .8479919    1.089781
                          |
                   region |
                    East  |   .9557879   .0633532    -0.68   0.495     .8393454    1.088385
                  London  |   1.112906   .0620812     1.92   0.055     .9976449    1.241484
              North East  |   .9965334   .0915503    -0.04   0.970     .8323253    1.193138
              North West  |   .9720643   .0707778    -0.39   0.697     .8427862    1.121173
              South East  |    .936964   .0557097    -1.10   0.273      .833897     1.05277
              South West  |   1.173958   .0757053     2.49   0.013     1.034573    1.332123
           West Midlands  |   1.105943   .0729646     1.53   0.127     .9717951    1.258609
Yorkshire and The Humber  |   1.082354     .08353     1.03   0.305     .9304181      1.2591
                          |
                    urban |
                   Urban  |   .9700348    .055472    -0.53   0.595     .8671832    1.085085
                          |
                      bmi |
      Normal (18.5-24.9)  |   1.034461   .0539021     0.65   0.516     .9340303     1.14569
    Overweight (25-29.9)  |    1.00381   .0611576     0.06   0.950     .8908237    1.131127
       Obese I (30-34.9)  |   1.135044   .0557124     2.58   0.010     1.030938    1.249664
      Obese II (35-39.9)  |   .9765541   .0615471    -0.38   0.707      .863077    1.104951
         Obese III (40+)  |   1.052372   .0822259     0.65   0.514     .9029458    1.226526
                          |
                  smoking |
   Current/former smoker  |   1.002199    .043575     0.05   0.960     .9203317    1.091349
                     age1 |   1.001845   .0035991     0.51   0.608     .9948157    1.008924
                     age2 |   .9971488   .0114011    -0.25   0.803     .9750516    1.019747
                     age3 |   1.003613   .0330433     0.11   0.913     .9408942    1.070512
                          |
                    month |
                February  |   .9741913   .0487852    -0.52   0.602     .8831167    1.074658
                   March  |   .9784091    .070309    -0.30   0.761     .8498703    1.126389
                   April  |   1.005373   .0629882     0.09   0.932     .8891973    1.136728
                     May  |   .9330488   .0526376    -1.23   0.219     .8353802    1.042136
                    June  |   1.012135   .0765502     0.16   0.873     .8726896    1.173861
                    July  |   1.003852   .0566856     0.07   0.946     .8986775    1.121335
                  August  |   .8737245   .0700183    -1.68   0.092     .7467257    1.022322
               September  |   .8885338   .0795304    -1.32   0.187     .7455642    1.058919
                 October  |    .974821   .0729141    -0.34   0.733     .8418937    1.128736
                November  |   1.034906   .0669682     0.53   0.596      .911633    1.174848
                December  |   1.137671   .0727955     2.02   0.044     1.003578     1.28968
-------------------------------------------------------------------------------------------

        Failure _d: time_egfr_half
  Analysis time _t: (time_end_egfr_half-origin)/365.25
            Origin: time time_zero_egfr_half
       ID variable: patient_id

Iteration 0:   log pseudolikelihood = -20020.183
Iteration 1:   log pseudolikelihood = -19979.425
Iteration 2:   log pseudolikelihood = -19979.361
Iteration 3:   log pseudolikelihood = -19979.361
Refining estimates:
Iteration 0:   log pseudolikelihood = -19979.361

Cox regression with Breslow method for ties

No. of subjects =      5,936                          Number of obs =    5,943
No. of failures =      2,462
Time at risk    = 5,546.4285
                                                      Wald chi2(34) = 77361.38
Log pseudolikelihood = -19979.361                     Prob > chi2   =   0.0000

                                        (Std. err. adjusted for 35 clusters in practice_id)
-------------------------------------------------------------------------------------------
                          |               Robust
                       _t | Haz. ratio   std. err.      z    P>|z|     [95% conf. interval]
--------------------------+----------------------------------------------------------------
                     wave |
       COVID Feb20-Aug20  |    1.08032   .0659218     1.27   0.205     .9585434    1.217568
       COVID Sep20-Jun21  |   1.103016   .0478377     2.26   0.024      1.01313    1.200876
       COVID Jul21-Nov21  |   .9667222   .0670528    -0.49   0.626     .8438427    1.107495
       COVID Dec21-Oct22  |   1.055817   .0574771     1.00   0.318     .9489658      1.1747
                          |
                      sex |
                    Male  |   .8323775   .0274767    -5.56   0.000     .7802294    .8880111
                          |
                ethnicity |
             South Asian  |   .9695085   .1249078    -0.24   0.810     .7531579    1.248008
                   Black  |   1.017116   .1086902     0.16   0.874     .8249163    1.254096
                   Mixed  |   .8266919    .055769    -2.82   0.005     .7243046    .9435525
                   Other  |   .9601085    .086017    -0.45   0.650     .8054905    1.144406
                          |
                      imd |
                       2  |   1.084588   .0597482     1.47   0.140     .9735843    1.208248
                       3  |   .9982094   .0420358    -0.04   0.966     .9191291    1.084094
                       4  |   1.067896   .0609453     1.15   0.250     .9548832    1.194283
        5 Least deprived  |   .9594991    .058453    -0.68   0.497     .8515087    1.081185
                          |
                   region |
                    East  |   .9528856   .0649913    -0.71   0.479     .8336521    1.089173
                  London  |   1.109847   .0635283     1.82   0.069      .992064    1.241613
              North East  |   .9914701   .0939969    -0.09   0.928     .8233434    1.193928
              North West  |   .9757946   .0730252    -0.33   0.743     .8426697    1.129951
              South East  |    .935084   .0579088    -1.08   0.278     .8282027    1.055759
              South West  |    1.17096   .0786931     2.35   0.019      1.02645    1.335814
           West Midlands  |   1.097265   .0724566     1.41   0.160     .9640584    1.248877
Yorkshire and The Humber  |   1.078412   .0815341     1.00   0.318     .9298842    1.250663
                          |
                    urban |
                   Urban  |    .972096   .0540179    -0.51   0.611     .8717846     1.08395
                          |
                      bmi |
      Normal (18.5-24.9)  |   1.035691    .053769     0.68   0.499     .9354903    1.146625
    Overweight (25-29.9)  |   1.003465   .0610259     0.06   0.955     .8907096    1.130493
       Obese I (30-34.9)  |   1.139279     .05574     2.67   0.008     1.035105    1.253937
      Obese II (35-39.9)  |   .9781703   .0616731    -0.35   0.726     .8644635    1.106833
         Obese III (40+)  |   1.055268   .0835379     0.68   0.497     .9036062    1.232384
                          |
         1.cardiovascular |   .8295595   .0357231    -4.34   0.000     .7624169    .9026151
               1.diabetes |   .9604625   .0294993    -1.31   0.189     .9043507    1.020056
           1.hypertension |   .9907302    .038732    -0.24   0.812     .9176524    1.069628
       1.immunosuppressed |   1.011682    .080597     0.15   0.884     .8654296    1.182649
        1.non_haem_cancer |   .8445127   .0958965    -1.49   0.137     .6760054    1.055024
                          |
                  smoking |
   Current/former smoker  |   1.003019    .044326     0.07   0.946     .9197975     1.09377
                     age1 |   1.001485   .0036166     0.41   0.681     .9944218    1.008599
                     age2 |   .9984809     .01152    -0.13   0.895     .9761555    1.021317
                     age3 |   .9995275   .0331852    -0.01   0.989     .9365568    1.066732
                          |
                    month |
                February  |   .9644471   .0480105    -0.73   0.467     .8747931    1.063289
                   March  |   .9779309   .0681456    -0.32   0.749     .8530873    1.121044
                   April  |   1.007106   .0655019     0.11   0.913     .8865706    1.144029
                     May  |   .9296264   .0514848    -1.32   0.188     .8340018    1.036215
                    June  |   1.015823   .0778728     0.20   0.838     .8741081    1.180514
                    July  |   1.004976   .0566061     0.09   0.930     .8999344    1.122277
                  August  |   .8703922    .069478    -1.74   0.082     .7443357    1.017797
               September  |   .8839258   .0781002    -1.40   0.163     .7433734    1.051053
                 October  |   .9711581   .0711148    -0.40   0.689      .841316    1.121039
                November  |   1.040661   .0667802     0.62   0.535     .9176707    1.180135
                December  |   1.125765   .0736759     1.81   0.070     .9902404    1.279837
-------------------------------------------------------------------------------------------

Survival-time data settings

           ID variable: patient_id
         Failure event: time_aki!=0 & time_aki<.
Observed time interval: (time_end_aki[_n-1], time_end_aki]
     Exit on or before: failure
     Time for analysis: (time-origin)/365.25
                Origin: time time_zero_aki

--------------------------------------------------------------------------
     25,430  total observations
      1,192  observations end on or before enter()
         77  observations begin on or after (first) failure
--------------------------------------------------------------------------
     24,161  observations remaining, representing
     23,940  subjects
      3,172  failures in single-failure-per-subject data
  30,144.03  total analysis time at risk and under observation
                                                At risk from t =         0
                                     Earliest observed entry t =         0
                                          Last observed exit t =  2.748802

        Failure _d: time_aki
  Analysis time _t: (time_end_aki-origin)/365.25
            Origin: time time_zero_aki
       ID variable: patient_id

Iteration 0:   log pseudolikelihood = -30191.052
Iteration 1:   log pseudolikelihood = -30188.155
Iteration 2:   log pseudolikelihood = -30188.154
Refining estimates:
Iteration 0:   log pseudolikelihood = -30188.154

Cox regression with Breslow method for ties

No. of subjects =      23,940                           Number of obs = 24,161
No. of failures =       3,172
Time at risk    = 30,144.0301
                                                        Wald chi2(4)  =  15.09
Log pseudolikelihood = -30188.154                       Prob > chi2   = 0.0045

                                 (Std. err. adjusted for 38 clusters in practice_id)
------------------------------------------------------------------------------------
                   |               Robust
                _t | Haz. ratio   std. err.      z    P>|z|     [95% conf. interval]
-------------------+----------------------------------------------------------------
              wave |
COVID Feb20-Aug20  |   1.042901   .0465991     0.94   0.347     .9554532    1.138352
COVID Sep20-Jun21  |   1.118884   .0348534     3.61   0.000     1.052616    1.189324
COVID Jul21-Nov21  |    1.04982   .0593087     0.86   0.389     .9397819    1.172743
COVID Dec21-Oct22  |   1.070806   .0979791     0.75   0.455     .8950048    1.281138
------------------------------------------------------------------------------------

        Failure _d: time_aki
  Analysis time _t: (time_end_aki-origin)/365.25
            Origin: time time_zero_aki
       ID variable: patient_id

Iteration 0:   log pseudolikelihood = -30191.052
Iteration 1:   log pseudolikelihood = -30180.003
Iteration 2:   log pseudolikelihood = -30179.989
Iteration 3:   log pseudolikelihood = -30179.989
Refining estimates:
Iteration 0:   log pseudolikelihood = -30179.989

Cox regression with Breslow method for ties

No. of subjects =      23,940                           Number of obs = 24,161
No. of failures =       3,172
Time at risk    = 30,144.0301
                                                        Wald chi2(19) = 254.04
Log pseudolikelihood = -30179.989                       Prob > chi2   = 0.0000

                                 (Std. err. adjusted for 38 clusters in practice_id)
------------------------------------------------------------------------------------
                   |               Robust
                _t | Haz. ratio   std. err.      z    P>|z|     [95% conf. interval]
-------------------+----------------------------------------------------------------
              wave |
COVID Feb20-Aug20  |   1.035463   .0506062     0.71   0.476     .9408788    1.139555
COVID Sep20-Jun21  |   1.121316   .0317063     4.05   0.000     1.060863    1.185213
COVID Jul21-Nov21  |   1.087684   .0739774     1.24   0.217     .9519397    1.242785
COVID Dec21-Oct22  |   1.036932   .1003274     0.37   0.708     .8578143    1.253452
                   |
               sex |
             Male  |   .9765972   .0223901    -1.03   0.302     .9336847    1.021482
              age1 |   1.004173   .0037755     1.11   0.268     .9968003      1.0116
              age2 |   .9944889   .0147734    -0.37   0.710      .965951     1.02387
              age3 |   1.009608    .047556     0.20   0.839     .9205727    1.107254
                   |
             month |
         February  |   .9010029    .048771    -1.93   0.054     .8103094    1.001847
            March  |   .9461677   .0655823    -0.80   0.425     .8259777    1.083847
            April  |   1.019773   .0803093     0.25   0.804     .8739157    1.189974
              May  |   .9326392   .0494153    -1.32   0.188     .8406463    1.034699
             June  |    .892251   .0604438    -1.68   0.092     .7813113    1.018943
             July  |   .9128839   .0845272    -0.98   0.325      .761377    1.094539
           August  |   .9676197   .0633981    -0.50   0.615     .8510094    1.100209
        September  |   .9141781   .0778319    -1.05   0.292     .7736788    1.080192
          October  |   .8117054   .0666215    -2.54   0.011      .691091    .9533704
         November  |   .8812773   .0679002    -1.64   0.101     .7577565    1.024933
         December  |   1.038526   .0844842     0.46   0.642     .8854667    1.218044
------------------------------------------------------------------------------------

        Failure _d: time_aki
  Analysis time _t: (time_end_aki-origin)/365.25
            Origin: time time_zero_aki
       ID variable: patient_id

Iteration 0:   log pseudolikelihood = -10942.316
Iteration 1:   log pseudolikelihood = -10925.465
Iteration 2:   log pseudolikelihood = -10925.426
Iteration 3:   log pseudolikelihood = -10925.426
Refining estimates:
Iteration 0:   log pseudolikelihood = -10925.426

Cox regression with Breslow method for ties

No. of subjects =     10,129                          Number of obs =   10,166
No. of failures =      1,265
Time at risk    = 12,797.306
                                                      Wald chi2(34) = 80908.89
Log pseudolikelihood = -10925.426                     Prob > chi2   =   0.0000

                                        (Std. err. adjusted for 35 clusters in practice_id)
-------------------------------------------------------------------------------------------
                          |               Robust
                       _t | Haz. ratio   std. err.      z    P>|z|     [95% conf. interval]
--------------------------+----------------------------------------------------------------
                     wave |
       COVID Feb20-Aug20  |   .9710021   .0484559    -0.59   0.555     .8805269    1.070774
       COVID Sep20-Jun21  |   1.060665   .0608507     1.03   0.305     .9478612    1.186894
       COVID Jul21-Nov21  |   .9962968   .0934625    -0.04   0.968     .8289676    1.197402
       COVID Dec21-Oct22  |   1.022205    .092826     0.24   0.809     .8555412    1.221337
                          |
                      sex |
                    Male  |   1.004739   .0479722     0.10   0.921     .9149801    1.103302
                          |
                ethnicity |
             South Asian  |   .9314204   .0604476    -1.09   0.274     .8201706     1.05776
                   Black  |   .7804524   .0921953    -2.10   0.036     .6191466    .9837832
                   Mixed  |   1.096171   .0896807     1.12   0.262     .9337683    1.286819
                   Other  |   .8481194   .1188463    -1.18   0.240     .6444346    1.116182
                          |
                      imd |
                       2  |   1.036532   .0794652     0.47   0.640     .8919197    1.204591
                       3  |   1.105249   .1006929     1.10   0.272     .9245107     1.32132
                       4  |   .9858606   .0604852    -0.23   0.816     .8741622    1.111832
        5 Least deprived  |   1.037681   .0714231     0.54   0.591     .9067263     1.18755
                          |
                   region |
                    East  |   1.074812   .1195522     0.65   0.517     .8642767    1.336634
                  London  |   1.104454   .0995503     1.10   0.270     .9256016    1.317865
              North East  |   .9504306   .1085921    -0.44   0.656     .7597413    1.188981
              North West  |   .9043145   .1025329    -0.89   0.375     .7241168    1.129355
              South East  |   1.018205    .118196     0.16   0.876     .8110088    1.278336
              South West  |   1.202003   .1490823     1.48   0.138     .9426107    1.532775
           West Midlands  |   .9376782   .1471152    -0.41   0.682     .6894554    1.275268
Yorkshire and The Humber  |   1.107061   .1500637     0.75   0.453     .8487701    1.443954
                          |
                    urban |
                   Urban  |   1.115013   .0462683     2.62   0.009     1.027919    1.209487
                          |
                      bmi |
      Normal (18.5-24.9)  |   .8865569   .0825467    -1.29   0.196     .7386723    1.064049
    Overweight (25-29.9)  |   .9929597   .1351153    -0.05   0.959     .7605116    1.296455
       Obese I (30-34.9)  |   .9352931   .0985509    -0.63   0.526     .7607771    1.149842
      Obese II (35-39.9)  |   .8312838   .1354776    -1.13   0.257     .6039842    1.144124
         Obese III (40+)  |   .8681549   .1291582    -0.95   0.342     .6485765    1.162073
                          |
                  smoking |
   Current/former smoker  |   1.025463    .048042     0.54   0.591     .9354962    1.124082
                     age1 |   1.001198   .0052336     0.23   0.819     .9909927    1.011508
                     age2 |   1.001906   .0196497     0.10   0.923     .9641236    1.041168
                     age3 |   .9902636   .0598846    -0.16   0.871     .8795808    1.114874
                          |
                    month |
                February  |   .9336295   .0984099    -0.65   0.515     .7593692    1.147879
                   March  |   .9477901   .0882282    -0.58   0.565     .7897238    1.137494
                   April  |   .9578805   .0996657    -0.41   0.679     .7811696    1.174566
                     May  |   .7886953   .0873874    -2.14   0.032     .6347404    .9799917
                    June  |   1.039559   .1031789     0.39   0.696     .8557859    1.262795
                    July  |   .8962561   .1295443    -0.76   0.449     .6751495    1.189773
                  August  |   .8932176    .130764    -0.77   0.440     .6704158    1.190064
               September  |   .9192387   .0811265    -0.95   0.340     .7732258    1.092824
                 October  |   .8828288   .0872604    -1.26   0.207     .7273479    1.071546
                November  |   .9309792   .1174503    -0.57   0.571     .7270332    1.192136
                December  |   1.025163   .1493094     0.17   0.865     .7705843    1.363848
-------------------------------------------------------------------------------------------

        Failure _d: time_aki
  Analysis time _t: (time_end_aki-origin)/365.25
            Origin: time time_zero_aki
       ID variable: patient_id

Iteration 0:   log pseudolikelihood = -10942.316
Iteration 1:   log pseudolikelihood = -10922.432
Iteration 2:   log pseudolikelihood = -10922.389
Iteration 3:   log pseudolikelihood = -10922.389
Refining estimates:
Iteration 0:   log pseudolikelihood = -10922.389

Cox regression with Breslow method for ties

No. of subjects =     10,129                          Number of obs =   10,166
No. of failures =      1,265
Time at risk    = 12,797.306
                                                      Wald chi2(34) = 11747.40
Log pseudolikelihood = -10922.389                     Prob > chi2   =   0.0000

                                        (Std. err. adjusted for 35 clusters in practice_id)
-------------------------------------------------------------------------------------------
                          |               Robust
                       _t | Haz. ratio   std. err.      z    P>|z|     [95% conf. interval]
--------------------------+----------------------------------------------------------------
                     wave |
       COVID Feb20-Aug20  |   .9706726   .0497649    -0.58   0.562     .8778755    1.073279
       COVID Sep20-Jun21  |   1.062259   .0616506     1.04   0.298     .9480448    1.190232
       COVID Jul21-Nov21  |   .9932813   .0941337    -0.07   0.943     .8249042    1.196027
       COVID Dec21-Oct22  |   1.023211   .0925758     0.25   0.800     .8569429    1.221738
                          |
                      sex |
                    Male  |    1.00419   .0480675     0.09   0.930     .9142638    1.102961
                          |
                ethnicity |
             South Asian  |   .9218565   .0593095    -1.26   0.206     .8126427    1.045748
                   Black  |   .7839746   .0922474    -2.07   0.039     .6225071     .987324
                   Mixed  |   1.097897   .0896722     1.14   0.253     .9354887    1.288501
                   Other  |   .8480405   .1196455    -1.17   0.243      .643169    1.118171
                          |
                      imd |
                       2  |   1.034113   .0787395     0.44   0.660     .8907497     1.20055
                       3  |   1.107559   .0995471     1.14   0.256     .9286697    1.320908
                       4  |   .9820569   .0604951    -0.29   0.769     .8703667     1.10808
        5 Least deprived  |   1.037609   .0697485     0.55   0.583     .9095268    1.183728
                          |
                   region |
                    East  |   1.069592   .1197516     0.60   0.548     .8588507    1.332045
                  London  |   1.100003   .0994292     1.05   0.292     .9214122     1.31321
              North East  |   .9426239   .1070267    -0.52   0.603     .7545569    1.177565
              North West  |   .9003392   .1006655    -0.94   0.348     .7231605    1.120928
              South East  |   1.016578   .1168899     0.14   0.886     .8114591    1.273547
              South West  |   1.200001   .1484992     1.47   0.141      .941556    1.529386
           West Midlands  |   .9348481   .1466065    -0.43   0.667     .6874677    1.271247
Yorkshire and The Humber  |   1.105727    .151382     0.73   0.463     .8454976    1.446051
                          |
                    urban |
                   Urban  |    1.11484   .0463413     2.62   0.009     1.027614     1.20947
                          |
                      bmi |
      Normal (18.5-24.9)  |   .8840746   .0815789    -1.34   0.182     .7378081    1.059338
    Overweight (25-29.9)  |   .9883243   .1338231    -0.09   0.931     .7579549    1.288711
       Obese I (30-34.9)  |   .9330901   .0984479    -0.66   0.512     .7587794    1.147444
      Obese II (35-39.9)  |   .8292015   .1344408    -1.16   0.248     .6034653    1.139378
         Obese III (40+)  |   .8675828   .1290094    -0.96   0.339     .6482425    1.161139
                          |
         1.cardiovascular |   .8756769   .0335464    -3.47   0.001      .812335    .9439579
               1.diabetes |    1.05765    .072509     0.82   0.414      .924669    1.209755
           1.hypertension |    .989057   .0630696    -0.17   0.863     .8728557    1.120728
       1.immunosuppressed |   1.137106   .0794225     1.84   0.066     .9916256     1.30393
        1.non_haem_cancer |   .9931288   .1565305    -0.04   0.965     .7291967    1.352591
                          |
                  smoking |
   Current/former smoker  |   1.027105   .0481071     0.57   0.568     .9370154    1.125857
                     age1 |   1.001088   .0052905     0.21   0.837     .9907721    1.011511
                     age2 |   1.002667   .0199017     0.13   0.893     .9644099    1.042443
                     age3 |   .9877487   .0605555    -0.20   0.841     .8759156     1.11386
                          |
                    month |
                February  |   .9332571   .0992717    -0.65   0.516     .7576314    1.149594
                   March  |   .9477191   .0878926    -0.58   0.563     .7902022    1.136635
                   April  |   .9597585   .0999611    -0.39   0.693     .7825414    1.177109
                     May  |   .7914262   .0876116    -2.11   0.035      .637062     .983194
                    June  |   1.041498   .1032638     0.41   0.682     .8575559    1.264895
                    July  |   .9042736   .1299237    -0.70   0.484      .682341     1.19839
                  August  |   .8923474   .1326062    -0.77   0.443     .6668716    1.194059
               September  |    .918637    .079221    -0.98   0.325     .7757797    1.087801
                 October  |   .8842735    .090815    -1.20   0.231     .7230497    1.081447
                November  |   .9328161   .1180118    -0.55   0.583     .7279632    1.195316
                December  |   1.024356   .1497514     0.16   0.869     .7691537    1.364234
-------------------------------------------------------------------------------------------

Survival-time data settings

           ID variable: patient_id
         Failure event: time_death!=0 & time_death<.
Observed time interval: (time_end_death[_n-1], time_end_death]
     Exit on or before: failure
     Time for analysis: (time-origin)/365.25
                Origin: time time_zero_death

--------------------------------------------------------------------------
     25,430  total observations
          6  observations end on or before enter()
         17  observations begin on or after (first) failure
--------------------------------------------------------------------------
     25,407  observations remaining, representing
     25,125  subjects
      1,054  failures in single-failure-per-subject data
 34,006.804  total analysis time at risk and under observation
                                                At risk from t =         0
                                     Earliest observed entry t =         0
                                          Last observed exit t =  2.748802

        Failure _d: time_death
  Analysis time _t: (time_end_death-origin)/365.25
            Origin: time time_zero_death
       ID variable: patient_id

Iteration 0:   log pseudolikelihood = -10143.167
Iteration 1:   log pseudolikelihood = -10111.822
Iteration 2:   log pseudolikelihood = -10111.779
Iteration 3:   log pseudolikelihood = -10111.779
Refining estimates:
Iteration 0:   log pseudolikelihood = -10111.779

Cox regression with Breslow method for ties

No. of subjects =      25,125                           Number of obs = 25,407
No. of failures =       1,054
Time at risk    = 34,006.8036
                                                        Wald chi2(4)  = 213.05
Log pseudolikelihood = -10111.779                       Prob > chi2   = 0.0000

                                 (Std. err. adjusted for 38 clusters in practice_id)
------------------------------------------------------------------------------------
                   |               Robust
                _t | Haz. ratio   std. err.      z    P>|z|     [95% conf. interval]
-------------------+----------------------------------------------------------------
              wave |
COVID Feb20-Aug20  |   .6196904   .0375233    -7.90   0.000     .5503425    .6977767
COVID Sep20-Jun21  |   .6255844   .0797807    -3.68   0.000     .4872281    .8032292
COVID Jul21-Nov21  |   .5770207   .0460742    -6.89   0.000     .4934286    .6747743
COVID Dec21-Oct22  |   .5486366   .0447785    -7.36   0.000     .4675323    .6438104
------------------------------------------------------------------------------------

        Failure _d: time_death
  Analysis time _t: (time_end_death-origin)/365.25
            Origin: time time_zero_death
       ID variable: patient_id

Iteration 0:   log pseudolikelihood = -10143.167
Iteration 1:   log pseudolikelihood = -10101.582
Iteration 2:   log pseudolikelihood =   -10101.5
Iteration 3:   log pseudolikelihood =   -10101.5
Refining estimates:
Iteration 0:   log pseudolikelihood =   -10101.5

Cox regression with Breslow method for ties

No. of subjects =      25,125                          Number of obs =  25,407
No. of failures =       1,054
Time at risk    = 34,006.8036
                                                       Wald chi2(19) = 1672.15
Log pseudolikelihood = -10101.5                        Prob > chi2   =  0.0000

                                 (Std. err. adjusted for 38 clusters in practice_id)
------------------------------------------------------------------------------------
                   |               Robust
                _t | Haz. ratio   std. err.      z    P>|z|     [95% conf. interval]
-------------------+----------------------------------------------------------------
              wave |
COVID Feb20-Aug20  |   .6036318   .0378393    -8.05   0.000     .5338432    .6825438
COVID Sep20-Jun21  |   .6391888   .0829348    -3.45   0.001     .4956621    .8242759
COVID Jul21-Nov21  |   .5782406   .0461308    -6.87   0.000     .4945401    .6761073
COVID Dec21-Oct22  |   .5401483   .0425807    -7.81   0.000     .4628194    .6303975
                   |
               sex |
             Male  |   1.002625   .0381722     0.07   0.945     .9305319    1.080303
              age1 |   1.010261   .0059385     1.74   0.082      .998689    1.021968
              age2 |   .9695984   .0204245    -1.47   0.143     .9303822    1.010468
              age3 |   1.091487   .0700016     1.36   0.172     .9625594    1.237684
                   |
             month |
         February  |   1.335047    .198498     1.94   0.052     .9975576    1.786715
            March  |   1.371458    .206195     2.10   0.036     1.021425    1.841443
            April  |   1.299269    .197561     1.72   0.085     .9644271    1.750367
              May  |   1.077982   .1559662     0.52   0.604     .8118145    1.431418
             June  |   1.429255   .2188962     2.33   0.020     1.058631    1.929633
             July  |   1.475968   .1970111     2.92   0.004     1.136211     1.91732
           August  |   1.354294   .2191234     1.87   0.061     .9862555    1.859673
        September  |   1.070956   .1684699     0.44   0.663     .7868121    1.457714
          October  |   1.128343   .1911582     0.71   0.476     .8095336    1.572706
         November  |   1.441376    .213273     2.47   0.013     1.078522    1.926305
         December  |   1.632331   .2778735     2.88   0.004      1.16925    2.278816
------------------------------------------------------------------------------------

        Failure _d: time_death
  Analysis time _t: (time_end_death-origin)/365.25
            Origin: time time_zero_death
       ID variable: patient_id

Iteration 0:   log pseudolikelihood = -3933.5765
Iteration 1:   log pseudolikelihood =  -3900.083
Iteration 2:   log pseudolikelihood =  -3899.937
Iteration 3:   log pseudolikelihood = -3899.9369
Refining estimates:
Iteration 0:   log pseudolikelihood = -3899.9369

Cox regression with Breslow method for ties

No. of subjects =      10,648                        Number of obs =    10,699
No. of failures =         448
Time at risk    = 14,357.8672
                                                     Wald chi2(35) = 631248.76
Log pseudolikelihood = -3899.9369                    Prob > chi2   =    0.0000

                                        (Std. err. adjusted for 36 clusters in practice_id)
-------------------------------------------------------------------------------------------
                          |               Robust
                       _t | Haz. ratio   std. err.      z    P>|z|     [95% conf. interval]
--------------------------+----------------------------------------------------------------
                     wave |
       COVID Feb20-Aug20  |   .5866036   .0934391    -3.35   0.001     .4292974    .8015511
       COVID Sep20-Jun21  |   .5035287   .0946062    -3.65   0.000     .3484135    .7277019
       COVID Jul21-Nov21  |   .5583482   .1066488    -3.05   0.002     .3839893    .8118786
       COVID Dec21-Oct22  |   .5147159   .0781478    -4.37   0.000     .3822365    .6931113
                          |
                      sex |
                    Male  |   1.074315   .1147526     0.67   0.502     .8713866    1.324501
                          |
                ethnicity |
             South Asian  |   1.191508   .3304894     0.63   0.528     .6918287    2.052085
                   Black  |    1.17645   .1835878     1.04   0.298     .8664463     1.59737
                   Mixed  |   .8723229   .1669105    -0.71   0.475     .5995262    1.269248
                   Other  |   .7031575   .1969772    -1.26   0.209     .4060723    1.217592
                          |
                      imd |
                       2  |   1.350754   .1489705     2.73   0.006     1.088178     1.67669
                       3  |   1.101371   .1116292     0.95   0.341     .9029432    1.343405
                       4  |   1.339557   .1126588     3.48   0.001     1.135988    1.579606
        5 Least deprived  |   1.153758   .1037023     1.59   0.112     .9674016    1.376013
                          |
                   region |
                    East  |   .7906926   .1908499    -0.97   0.331     .4926661    1.269003
                  London  |    .891266   .1874874    -0.55   0.584     .5901303    1.346067
              North East  |   .7386331   .1098846    -2.04   0.042     .5518203    .9886895
              North West  |   .7124766   .1027685    -2.35   0.019     .5370221     .945255
              South East  |   .9951758   .1438237    -0.03   0.973     .7496929    1.321041
              South West  |   .9088657   .1315906    -0.66   0.509     .6843182    1.207095
           West Midlands  |   .9005831   .1029895    -0.92   0.360     .7197497     1.12685
Yorkshire and The Humber  |   .9441921   .1459019    -0.37   0.710     .6974738    1.278182
                          |
                    urban |
                   Urban  |   .9105723    .120703    -0.71   0.480     .7022333    1.180721
                          |
                      bmi |
      Normal (18.5-24.9)  |    1.09871   .1565808     0.66   0.509     .8309511    1.452749
    Overweight (25-29.9)  |   1.137396    .180885     0.81   0.418     .8328012    1.553395
       Obese I (30-34.9)  |   1.088162   .1631127     0.56   0.573     .8111488    1.459777
      Obese II (35-39.9)  |   1.145953   .1912168     0.82   0.414      .826291    1.589281
         Obese III (40+)  |   1.060675   .2048954     0.30   0.760     .7263596    1.548862
                          |
                  smoking |
   Current/former smoker  |   1.071282   .0737212     1.00   0.317      .936112    1.225971
                     age1 |   .9983725   .0043343    -0.38   0.708     .9899134    1.006904
                     age2 |   .9904763   .0162691    -0.58   0.560     .9590973    1.022882
                     age3 |   1.048949   .0567181     0.88   0.377     .9434711    1.166218
                          |
                    month |
                February  |   1.584672   .2956626     2.47   0.014     1.099322    2.284302
                   March  |   1.393612   .3208798     1.44   0.149     .8874671    2.188424
                   April  |   1.316704   .2813428     1.29   0.198     .8661844    2.001549
                     May  |    1.27387   .2476436     1.25   0.213      .870261    1.864666
                    June  |   1.447505    .350334     1.53   0.126     .9007553    2.326125
                    July  |   1.204003   .1992323     1.12   0.262     .8705121    1.665252
                  August  |   1.471587   .3747271     1.52   0.129      .893377    2.424025
               September  |   1.100971   .2382483     0.44   0.657     .7204062    1.682576
                 October  |   1.503653   .3025971     2.03   0.043     1.013563    2.230718
                November  |   1.210598   .2984354     0.78   0.438     .7467278    1.962625
                December  |    1.69233   .4831497     1.84   0.065     .9671024    2.961405
-------------------------------------------------------------------------------------------

        Failure _d: time_death
  Analysis time _t: (time_end_death-origin)/365.25
            Origin: time time_zero_death
       ID variable: patient_id

Iteration 0:   log pseudolikelihood = -3933.5765
Iteration 1:   log pseudolikelihood =  -3895.161
Iteration 2:   log pseudolikelihood = -3894.9766
Iteration 3:   log pseudolikelihood = -3894.9765
Refining estimates:
Iteration 0:   log pseudolikelihood = -3894.9765

Cox regression with Breslow method for ties

No. of subjects =      10,648                        Number of obs =    10,699
No. of failures =         448
Time at risk    = 14,357.8672
                                                     Wald chi2(35) = 457719.08
Log pseudolikelihood = -3894.9765                    Prob > chi2   =    0.0000

                                        (Std. err. adjusted for 36 clusters in practice_id)
-------------------------------------------------------------------------------------------
                          |               Robust
                       _t | Haz. ratio   std. err.      z    P>|z|     [95% conf. interval]
--------------------------+----------------------------------------------------------------
                     wave |
       COVID Feb20-Aug20  |   .5935641   .0959172    -3.23   0.001     .4324316    .8147379
       COVID Sep20-Jun21  |   .5038051   .0942305    -3.67   0.000     .3491852    .7268908
       COVID Jul21-Nov21  |   .5607076   .1077024    -3.01   0.003     .3848001    .8170296
       COVID Dec21-Oct22  |   .5156685   .0782154    -4.37   0.000      .383056    .6941909
                          |
                      sex |
                    Male  |     1.0785   .1137796     0.72   0.474     .8770415    1.326234
                          |
                ethnicity |
             South Asian  |    1.19272   .3428751     0.61   0.540     .6789552    2.095252
                   Black  |   1.184413   .1840402     1.09   0.276     .8734517     1.60608
                   Mixed  |   .8728039   .1662684    -0.71   0.475     .6008465    1.267856
                   Other  |   .7056239   .2005539    -1.23   0.220     .4042435    1.231696
                          |
                      imd |
                       2  |   1.354295   .1533736     2.68   0.007     1.084714    1.690876
                       3  |   1.104081   .1116625     0.98   0.328     .9055521    1.346133
                       4  |   1.341569   .1128414     3.49   0.000     1.137672    1.582009
        5 Least deprived  |   1.159622   .1042521     1.65   0.099     .9722814     1.38306
                          |
                   region |
                    East  |   .7895802   .1899269    -0.98   0.326      .492773     1.26516
                  London  |   .9015493   .1870824    -0.50   0.617     .6002813    1.354017
              North East  |   .7455413   .1085381    -2.02   0.044     .5604686     .991727
              North West  |   .7212544    .101773    -2.32   0.021     .5469898    .9510376
              South East  |     1.0006   .1467851     0.00   0.997     .7505711    1.333919
              South West  |   .9106108   .1314857    -0.65   0.517       .68616    1.208482
           West Midlands  |   .9134829   .1076057    -0.77   0.442     .7251558     1.15072
Yorkshire and The Humber  |   .9597322   .1502522    -0.26   0.793     .7061371    1.304401
                          |
                    urban |
                   Urban  |   .9074867   .1215591    -0.72   0.469     .6979442     1.17994
                          |
                      bmi |
      Normal (18.5-24.9)  |   1.091688   .1554666     0.62   0.538     .8258091    1.443171
    Overweight (25-29.9)  |   1.135361   .1823303     0.79   0.429     .8287766    1.555358
       Obese I (30-34.9)  |   1.089123   .1616709     0.58   0.565     .8141854    1.456902
      Obese II (35-39.9)  |   1.141618    .191479     0.79   0.430     .8217735     1.58595
         Obese III (40+)  |   1.048016   .2021398     0.24   0.808     .7181075    1.529489
                          |
         1.cardiovascular |    1.22343   .1302612     1.89   0.058     .9930016     1.50733
               1.diabetes |    .787956   .1012476    -1.85   0.064     .6125304    1.013623
           1.hypertension |   1.080791   .1256419     0.67   0.504     .8605766    1.357356
       1.immunosuppressed |   1.267091   .1023128     2.93   0.003     1.081625     1.48436
        1.non_haem_cancer |   .8821948   .2037461    -0.54   0.587     .5610174    1.387243
                          |
                  smoking |
   Current/former smoker  |   1.081166   .0753322     1.12   0.263     .9431556    1.239371
                     age1 |   .9984363   .0045548    -0.34   0.732     .9895488    1.007404
                     age2 |   .9900614   .0168249    -0.59   0.557     .9576283    1.023593
                     age3 |   1.050047   .0584369     0.88   0.380     .9415384    1.171061
                          |
                    month |
                February  |    1.60032   .2958251     2.54   0.011     1.113933    2.299083
                   March  |   1.411636   .3233286     1.51   0.132     .9010706    2.211497
                   April  |   1.333222   .2854117     1.34   0.179     .8763548    2.028265
                     May  |   1.272344   .2487991     1.23   0.218     .8672754    1.866602
                    June  |   1.454167   .3551668     1.53   0.125     .9009825    2.346997
                    July  |   1.191988   .2003819     1.04   0.296     .8573908    1.657163
                  August  |   1.481763    .377837     1.54   0.123      .898938    2.442463
               September  |    1.11532   .2394742     0.51   0.611     .7322089    1.698884
                 October  |   1.524394   .3031192     2.12   0.034     1.032379    2.250893
                November  |   1.203848   .2981249     0.75   0.454     .7409302    1.955987
                December  |   1.715043   .4867564     1.90   0.057     .9833098    2.991297
-------------------------------------------------------------------------------------------

. 
. file close tablecontent

. 
end of do-file

. do "C:\Users\lsh1703468\Documents\Repos\analysis\cox_hospitalised_covid_vax.do"

. sysdir set PLUS ./analysis/adofiles

. sysdir set PERSONAL ./analysis/adofiles

. pwd
C:\Users\lsh1703468\Documents\repos

. cap log close
