-------------------------------------------------------------------------------
      name:  <unnamed>
       log:  /workspace/logs/cox_u_hospitalised_case.log
  log type:  text
 opened on:   5 Apr 2023, 00:38:03

. 
. cap file close tablecontent

. file open tablecontent using ./output/cox_u_hospitalised_case.txt, write text
>  replace
(note: file ./output/cox_u_hospitalised_case.txt not found)

. file write tablecontent ("Kidney outcomes after COVID-19 hospitalisation comp
> ared to a pre-pandemic population hospitalised for pneumonia") _n

. file write tablecontent _n

. file write tablecontent ("Restricted to those who survived 28 days after hosp
> ital admission") _n

. file write tablecontent ("Clustering by general practice accounted for using 
> robust standard errors") _n

. file write tablecontent _n

. file write tablecontent ("Cox regression models:") _n

. file write tablecontent ("1. Crude") _n

. file write tablecontent ("2. Minimally adjusted: adjusted for age (using spli
> ne functions), sex and calendar month") _n

. file write tablecontent ("3. Additionally adjusted: additionally adjusted for
>  ethnicity, socioeconomic deprivation, region, rural/urban, body mass index a
> nd smoking") _n

. file write tablecontent ("4. Fully adjusted: additionally adjusted for cardio
> vascular diseases, diabetes, hypertension, immunocompromise and cancer and nu
> mber of GP interactions") _n

. file write tablecontent _n

. file write tablecontent _tab _tab _tab _tab _tab ("Number") _tab ("Event") _t
> ab ("Total person-years") _tab ("Rate per 100,000") _tab ("Crude") _tab _tab 
> _tab ("Minimally adjusted") _tab ("Additionally adjusted") _tab ("Fully adjus
> ted") _tab _tab _n

. file write tablecontent _tab _tab _tab _tab _tab _tab _tab _tab _tab _tab _ta
> b _tab _tab ("HR") _tab ("95% CI") _tab _tab ("HR") _tab ("95% CI") _tab _tab
>  ("HR") _tab ("95% CI") _tab _tab ("HR") _tab ("95% CI") _tab _tab _n

. 
. use ./output/analysis_hospitalised.dta, clear

. foreach outcome of varlist esrd egfr_half aki death {
  2. stset time_end_`outcome', fail(time_`outcome') origin(time_zero_`outcome')
>  id(unique) scale(365.25)
  3. bysort case: egen total_follow_up_`outcome' = total(_t)
  4. 
. stcox i.case, vce(cluster practice_id)
  5. matrix table = r(table)
  6. local crude_`outcome'_b: display %4.2f table[1,2]
  7. local crude_`outcome'_ll: display %4.2f table[5,2]
  8. local crude_`outcome'_ul: display %4.2f table[6,2]
  9. 
. stcox i.case i.sex age1 age2 age3 i.month, vce(cluster practice_id)
 10. matrix table = r(table)
 11. local minimal_`outcome'_b: display %4.2f table[1,2]
 12. local minimal_`outcome'_ll: display %4.2f table[5,2]
 13. local minimal_`outcome'_ul: display %4.2f table[6,2]
 14. 
. stcox i.case i.sex i.ethnicity i.imd i.region i.urban i.bmi i.smoking age1 ag
> e2 age3 i.month, vce(cluster practice_id)
 15. matrix table = r(table)
 16. local additional_`outcome'_b: display %4.2f table[1,2]
 17. local additional_`outcome'_ll: display %4.2f table[5,2]
 18. local additional_`outcome'_ul: display %4.2f table[6,2]
 19. 
. stcox i.case i.sex i.ethnicity i.imd i.region i.urban i.bmi i.cardiovascular 
> i.diabetes i.hypertension i.immunosuppressed i.non_haem_cancer i.smoking i.gp
> _consults age1 age2 age3 i.month, vce(cluster practice_id)            
 20. matrix table = r(table)
 21. local full_`outcome'_b: display %4.2f table[1,2]
 22. local full_`outcome'_ll: display %4.2f table[5,2]
 23. local full_`outcome'_ul: display %4.2f table[6,2]               
 24.                                                                           
>       
. local lab0: label case 0
 25. local lab1: label case 1
 26. 
.         qui safecount if case==0 & `outcome'_denominator==1 & _st==1
 27.         local denominator = round(r(N),5)
 28.         qui safecount if case== 0 & `outcome'==1 & _st==1
 29.         local event = round(r(N),5)
 30.         qui su total_follow_up_`outcome' if case==0
 31.         local person_year = r(mean)
 32.         local rate = 100000*(`event'/`person_year')
 33.         
.         file write tablecontent _n
 34.         file write tablecontent ("`outcome'") _n
 35.         file write tablecontent _tab ("`lab0'") _tab (`denominator') _tab 
> _tab (`event') _tab %10.0f (`person_year') _tab _tab %3.2f (`rate') _tab _tab
>  ("1.00") _tab _tab _tab ("1.00") _tab _tab _tab ("1.00") _tab _tab _tab ("1.
> 00") _n
 36.         
.         qui safecount if case==1  & `outcome'_denominator==1 & _st==1
 37.         local denominator = round(r(N),5)
 38.         qui safecount if case == 1 & `outcome'==1 &  _st==1
 39.         local event = round(r(N),5)
 40.         qui su total_follow_up_`outcome' if case==1
 41.         local person_year = r(mean)
 42.         local rate = 100000*(`event'/`person_year')
 43.         file write tablecontent _tab ("`lab1'") _tab _tab _tab (`denominat
> or') _tab _tab (`event') _tab %10.0f (`person_year') _tab _tab %3.2f (`rate')
>  _tab 
 44.         file write tablecontent  _tab %4.2f (`crude_`outcome'_b') _tab ("(
> ") %4.2f (`crude_`outcome'_ll') (" - ") %4.2f (`crude_`outcome'_ul') (")")
 45.         file write tablecontent  _tab %4.2f (`minimal_`outcome'_b') _tab (
> "(") %4.2f (`minimal_`outcome'_ll') (" - ") %4.2f (`minimal_`outcome'_ul') ("
> )")
 46.         file write tablecontent  _tab %4.2f (`additional_`outcome'_b') _ta
> b ("(") %4.2f (`additional_`outcome'_ll') (" - ") %4.2f (`additional_`outcome
> '_ul') (")")
 47.         file write tablecontent  _tab %4.2f (`full_`outcome'_b') _tab ("("
> ) %4.2f (`full_`outcome'_ll') (" - ") %4.2f (`full_`outcome'_ul') (")") _tab 
> _n
 48. }

                id:  unique
     failure event:  time_esrd != 0 & time_esrd < .
obs. time interval:  (time_end_esrd[_n-1], time_end_esrd]
 exit on or before:  failure
    t for analysis:  (time-origin)/365.25
            origin:  time time_zero_esrd

------------------------------------------------------------------------------
     24,721  total observations
          0  exclusions
------------------------------------------------------------------------------
     24,721  observations remaining, representing
     24,721  subjects
      1,983  failures in single-failure-per-subject data
 31,799.773  total analysis time at risk and under observation
                                                at risk from t =         0
                                     earliest observed entry t =         0
                                          last observed exit t =  2.748802

         failure _d:  time_esrd
   analysis time _t:  (time_end_esrd-origin)/365.25
             origin:  time time_zero_esrd
                 id:  unique

Iteration 0:   log pseudolikelihood = -19031.018
Iteration 1:   log pseudolikelihood = -19031.009
Iteration 2:   log pseudolikelihood = -19031.009
Refining estimates:
Iteration 0:   log pseudolikelihood = -19031.009

Cox regression -- Breslow method for ties

No. of subjects      =       24,721             Number of obs    =      24,721
No. of failures      =        1,983
Time at risk         =  31799.77276
                                                Wald chi2(1)     =        0.02
Log pseudolikelihood =   -19031.009             Prob > chi2      =      0.8864

                           (Std. Err. adjusted for 41 clusters in practice_id)
------------------------------------------------------------------------------
             |               Robust
          _t | Haz. Ratio   Std. Err.      z    P>|z|     [95% Conf. Interval]
-------------+----------------------------------------------------------------
        case |
   COVID-19  |   1.005961   .0418341     0.14   0.886     .9272201    1.091388
------------------------------------------------------------------------------

         failure _d:  time_esrd
   analysis time _t:  (time_end_esrd-origin)/365.25
             origin:  time time_zero_esrd
                 id:  unique

Iteration 0:   log pseudolikelihood = -19031.018
Iteration 1:   log pseudolikelihood = -19020.917
Iteration 2:   log pseudolikelihood = -19020.894
Iteration 3:   log pseudolikelihood = -19020.894
Refining estimates:
Iteration 0:   log pseudolikelihood = -19020.894

Cox regression -- Breslow method for ties

No. of subjects      =       24,721             Number of obs    =      24,721
No. of failures      =        1,983
Time at risk         =  31799.77276
                                                Wald chi2(16)    =      134.81
Log pseudolikelihood =   -19020.894             Prob > chi2      =      0.0000

                           (Std. Err. adjusted for 41 clusters in practice_id)
------------------------------------------------------------------------------
             |               Robust
          _t | Haz. Ratio   Std. Err.      z    P>|z|     [95% Conf. Interval]
-------------+----------------------------------------------------------------
        case |
   COVID-19  |   1.004714   .0414795     0.11   0.909     .9266178    1.089392
             |
         sex |
       Male  |   1.058261   .0372592     1.61   0.108     .9876973    1.133867
        age1 |   1.002908   .0045052     0.65   0.518     .9941163    1.011777
        age2 |   1.003584   .0122464     0.29   0.769     .9798661    1.027876
        age3 |   .9757796   .0321956    -0.74   0.457     .9146745    1.040967
             |
       month |
   February  |   1.342466    .137279     2.88   0.004     1.098653    1.640386
      March  |   1.198681   .1424421     1.53   0.127     .9496273    1.513052
      April  |   1.414308   .1243065     3.94   0.000     1.190502    1.680188
        May  |    1.20539   .1619125     1.39   0.164     .9263835    1.568426
       June  |   1.142694   .0982993     1.55   0.121     .9653968    1.352551
       July  |   1.245127   .1250028     2.18   0.029     1.022724    1.515894
     August  |   1.302125   .1338919     2.57   0.010     1.064455    1.592861
  September  |   1.319392   .1785892     2.05   0.041     1.011947    1.720245
    October  |   1.302809   .1317762     2.62   0.009     1.068522    1.588466
   November  |   1.213262   .1183018     1.98   0.047     1.002204    1.468767
   December  |   1.143867   .1345113     1.14   0.253     .9084059    1.440361
------------------------------------------------------------------------------

         failure _d:  time_esrd
   analysis time _t:  (time_end_esrd-origin)/365.25
             origin:  time time_zero_esrd
                 id:  unique

Iteration 0:   log pseudolikelihood = -7476.3608
Iteration 1:   log pseudolikelihood = -7457.1972
Iteration 2:   log pseudolikelihood = -7457.0924
Iteration 3:   log pseudolikelihood = -7457.0924
Refining estimates:
Iteration 0:   log pseudolikelihood = -7457.0924

Cox regression -- Breslow method for ties

No. of subjects      =       10,538             Number of obs    =      10,538
No. of failures      =          853
Time at risk         =  13580.18617
                                                Wald chi2(38)    =   827986.64
Log pseudolikelihood =   -7457.0924             Prob > chi2      =      0.0000

                           (Std. Err. adjusted for 39 clusters in practice_id)
------------------------------------------------------------------------------
             |               Robust
          _t | Haz. Ratio   Std. Err.      z    P>|z|     [95% Conf. Interval]
-------------+----------------------------------------------------------------
        case |
   COVID-19  |   1.036737    .074144     0.50   0.614     .9011427    1.192734
             |
         sex |
       Male  |    1.05451   .0601506     0.93   0.352     .9429684    1.179246
             |
   ethnicity |
South Asian  |   1.133158   .1261542     1.12   0.261      .911017    1.409466
      Black  |   .7680977   .1164074    -1.74   0.082     .5707087    1.033757
      Mixed  |   .6573454   .1858449    -1.48   0.138     .3776953    1.144052
      Other  |   .9394532   .1315647    -0.45   0.656      .713953    1.236177
             |
         imd |
          2  |   1.187294   .1696685     1.20   0.230      .897261    1.571079
          3  |   1.063902   .1218276     0.54   0.589     .8500227    1.331597
          4  |   1.100668    .124268     0.85   0.396     .8821732     1.37328
5 Least d..  |   .9354034   .0983714    -0.63   0.525     .7611717    1.149517
             |
      region |
       East  |   1.111069   .1154345     1.01   0.311     .9063701    1.361999
     London  |   1.032967   .1077787     0.31   0.756     .8419245     1.26736
 North East  |    1.11373   .1893911     0.63   0.526     .7980539    1.554275
 North West  |   1.213211   .1385133     1.69   0.090     .9699603    1.517465
 South East  |   .9185117    .105676    -0.74   0.460     .7330824    1.150844
 South West  |   1.168936   .0798695     2.28   0.022     1.022424    1.336443
West Midl..  |   1.054512   .1373101     0.41   0.684     .8169865    1.361094
Yorkshire..  |    .970775   .1171172    -0.25   0.806     .7663498    1.229731
             |
       urban |
      Urban  |   .9150395    .058102    -1.40   0.162     .8079628    1.036307
             |
         bmi |
Normal (..)  |   1.083217    .154648     0.56   0.576     .8188263    1.432977
Overweig..)  |   1.158652   .1705177     1.00   0.317     .8683249     1.54605
Obese I ..)  |   1.240207   .1795627     1.49   0.137     .9337986    1.647156
Obese II..)  |   1.024581   .1494696     0.17   0.868     .7697863    1.363712
Obese II..)  |   .9729105   .1474758    -0.18   0.856     .7228464    1.309483
             |
     smoking |
Current/f..  |   1.105364   .0653812     1.69   0.090     .9843678    1.241232
        age1 |   .9995594   .0066115    -0.07   0.947     .9866847    1.012602
        age2 |   1.003347   .0206332     0.16   0.871     .9637107    1.044613
        age3 |     .99261   .0576764    -0.13   0.898     .8857657    1.112342
             |
       month |
   February  |   1.494904   .2930039     2.05   0.040     1.018067     2.19508
      March  |   1.297118   .2996976     1.13   0.260     .8247273    2.040087
      April  |   1.431389   .2201155     2.33   0.020     1.058917    1.934877
        May  |   1.382451   .1867794     2.40   0.017     1.060831    1.801579
       June  |   1.159383   .1857965     0.92   0.356     .8468726    1.587216
       July  |     1.4031    .261828     1.81   0.070      .973304    2.022687
     August  |   1.338289   .3620885     1.08   0.281     .7874955     2.27432
  September  |   1.230324   .2591422     0.98   0.325      .814201     1.85912
    October  |   1.248869   .2259326     1.23   0.219     .8760442    1.780358
   November  |   1.269902   .2625956     1.16   0.248     .8467504    1.904519
   December  |   1.113661   .3080864     0.39   0.697     .6475515    1.915278
------------------------------------------------------------------------------

         failure _d:  time_esrd
   analysis time _t:  (time_end_esrd-origin)/365.25
             origin:  time time_zero_esrd
                 id:  unique

Iteration 0:   log pseudolikelihood =  -7427.241
Iteration 1:   log pseudolikelihood = -7402.7391
Iteration 2:   log pseudolikelihood = -7402.5854
Iteration 3:   log pseudolikelihood = -7402.5853
Refining estimates:
Iteration 0:   log pseudolikelihood = -7402.5853

Cox regression -- Breslow method for ties

No. of subjects      =       10,477             Number of obs    =      10,477
No. of failures      =          848
Time at risk         =  13502.62012
                                                Wald chi2(38)    =  1392849.35
Log pseudolikelihood =   -7402.5853             Prob > chi2      =      0.0000

                           (Std. Err. adjusted for 39 clusters in practice_id)
------------------------------------------------------------------------------
             |               Robust
          _t | Haz. Ratio   Std. Err.      z    P>|z|     [95% Conf. Interval]
-------------+----------------------------------------------------------------
        case |
   COVID-19  |   1.048218   .0785064     0.63   0.530     .9051086    1.213954
             |
         sex |
       Male  |   1.045519   .0613062     0.76   0.448     .9320086    1.172854
             |
   ethnicity |
South Asian  |   1.136312    .126451     1.15   0.251     .9136378    1.413256
      Black  |   .7598045   .1119695    -1.86   0.062     .5691983    1.014239
      Mixed  |   .6692367   .1910127    -1.41   0.159     .3824995    1.170924
      Other  |   .9432115   .1345052    -0.41   0.682     .7132221    1.247364
             |
         imd |
          2  |   1.185771   .1693804     1.19   0.233     .8962143    1.568881
          3  |   1.071141   .1236542     0.60   0.552      .854245    1.343107
          4  |   1.106718   .1304118     0.86   0.390     .8784845    1.394246
5 Least d..  |   .9388722   .1032471    -0.57   0.566     .7568337    1.164696
             |
      region |
       East  |   1.115024   .1114401     1.09   0.276     .9166672    1.356303
     London  |   1.029364    .105808     0.28   0.778     .8415387     1.25911
 North East  |   1.107122   .1876992     0.60   0.548     .7941167    1.543499
 North West  |   1.205218   .1286473     1.75   0.080     .9777023    1.485677
 South East  |   .9048614   .1098712    -0.82   0.410     .7132248    1.147989
 South West  |   1.177781   .0797444     2.42   0.016     1.031411    1.344922
West Midl..  |   1.041055   .1370405     0.31   0.760     .8043121     1.34748
Yorkshire..  |   .9704742    .111138    -0.26   0.794     .7753628    1.214683
             |
       urban |
      Urban  |   .9159398   .0587571    -1.37   0.171     .8077235    1.038655
             |
         bmi |
Normal (..)  |   1.088346   .1549016     0.59   0.552     .8234127    1.438522
Overweig..)  |   1.165727   .1762013     1.01   0.310     .8668357     1.56768
Obese I ..)  |   1.246328   .1862081     1.47   0.141     .9299475    1.670346
Obese II..)  |   1.036502   .1537339     0.24   0.809     .7750322    1.386182
Obese II..)  |   .9923958   .1506603    -0.05   0.960     .7369873    1.336318
             |
1.cardiova~r |   .9527572   .0894083    -0.52   0.606     .7926913    1.145145
  1.diabetes |   1.092273   .0986275     0.98   0.328     .9151058     1.30374
1.hyperten~n |   .9848389   .0722535    -0.21   0.835     .8529353    1.137141
1.immunosu~d |    .794143   .0878411    -2.08   0.037     .6393613    .9863957
1.non_haem~r |   .6586815   .1777041    -1.55   0.122     .3881789    1.117684
             |
     smoking |
Current/f..  |    1.10306   .0649191     1.67   0.096     .9828856    1.237929
             |
 gp_consults |
        1-4  |   1.121298   .1069306     1.20   0.230      .930139    1.351744
        5-9  |   1.080577   .1187134     0.71   0.481     .8712484    1.340201
      10-19  |   1.225393   .1569877     1.59   0.113     .9532928     1.57516
             |
        age1 |   .9986775   .0066851    -0.20   0.843     .9856605    1.011866
        age2 |   1.005746   .0212365     0.27   0.786     .9649724    1.048242
        age3 |   .9867804   .0590903    -0.22   0.824     .8775036    1.109666
             |
       month |
   February  |    1.53163   .3280938     1.99   0.047     1.006506    2.330728
      March  |   1.325465   .3357989     1.11   0.266     .8067174    2.177787
      April  |   1.461491   .2424067     2.29   0.022     1.055878     2.02292
        May  |   1.406888   .2058982     2.33   0.020     1.056054    1.874274
       June  |   1.180405   .2000525     0.98   0.328     .8467815    1.645473
       July  |   1.428915   .2794429     1.83   0.068     .9739637    2.096379
     August  |   1.353781   .3822389     1.07   0.283     .7784172    2.354423
  September  |   1.248479   .2790483     0.99   0.321     .8056172     1.93479
    October  |   1.273483   .2411952     1.28   0.202      .878572    1.845904
   November  |   1.274234    .292937     1.05   0.292     .8120156    1.999559
   December  |   1.113878   .3324118     0.36   0.718     .6206052    1.999215
------------------------------------------------------------------------------

                id:  unique
     failure event:  time_egfr_half != 0 & time_egfr_half < .
obs. time interval:  (time_end_egfr_half[_n-1], time_end_egfr_half]
 exit on or before:  failure
    t for analysis:  (time-origin)/365.25
            origin:  time time_zero_egfr_half

------------------------------------------------------------------------------
     24,721  total observations
     11,104  event time missing (time_end_egfr_half>=.)         PROBABLE ERROR
------------------------------------------------------------------------------
     13,617  observations remaining, representing
     13,617  subjects
      5,615  failures in single-failure-per-subject data
 12,831.439  total analysis time at risk and under observation
                                                at risk from t =         0
                                     earliest observed entry t =         0
                                          last observed exit t =  2.748802

         failure _d:  time_egfr_half
   analysis time _t:  (time_end_egfr_half-origin)/365.25
             origin:  time time_zero_egfr_half
                 id:  unique

Iteration 0:   log pseudolikelihood = -50336.091
Iteration 1:   log pseudolikelihood = -50332.987
Iteration 2:   log pseudolikelihood = -50332.987
Refining estimates:
Iteration 0:   log pseudolikelihood = -50332.987

Cox regression -- Breslow method for ties

No. of subjects      =       13,617             Number of obs    =      13,617
No. of failures      =        5,615
Time at risk         =  12831.43874
                                                Wald chi2(1)     =       16.78
Log pseudolikelihood =   -50332.987             Prob > chi2      =      0.0000

                           (Std. Err. adjusted for 40 clusters in practice_id)
------------------------------------------------------------------------------
             |               Robust
          _t | Haz. Ratio   Std. Err.      z    P>|z|     [95% Conf. Interval]
-------------+----------------------------------------------------------------
        case |
   COVID-19  |   1.068832   .0173686     4.10   0.000     1.035327    1.103422
------------------------------------------------------------------------------

         failure _d:  time_egfr_half
   analysis time _t:  (time_end_egfr_half-origin)/365.25
             origin:  time time_zero_egfr_half
                 id:  unique

Iteration 0:   log pseudolikelihood = -50336.091
Iteration 1:   log pseudolikelihood = -50308.762
Iteration 2:   log pseudolikelihood = -50308.758
Iteration 3:   log pseudolikelihood = -50308.758
Refining estimates:
Iteration 0:   log pseudolikelihood = -50308.758

Cox regression -- Breslow method for ties

No. of subjects      =       13,617             Number of obs    =      13,617
No. of failures      =        5,615
Time at risk         =  12831.43874
                                                Wald chi2(16)    =     1093.06
Log pseudolikelihood =   -50308.758             Prob > chi2      =      0.0000

                           (Std. Err. adjusted for 40 clusters in practice_id)
------------------------------------------------------------------------------
             |               Robust
          _t | Haz. Ratio   Std. Err.      z    P>|z|     [95% Conf. Interval]
-------------+----------------------------------------------------------------
        case |
   COVID-19  |   1.068904   .0167966     4.24   0.000     1.036486    1.102337
             |
         sex |
       Male  |   .8499085   .0150856    -9.16   0.000     .8208497     .879996
        age1 |   .9997138   .0023068    -0.12   0.901     .9952028    1.004245
        age2 |   1.002679   .0074045     0.36   0.717      .988271    1.017297
        age3 |   .9954867   .0210931    -0.21   0.831     .9549917    1.037699
             |
       month |
   February  |   1.049096    .063608     0.79   0.429      .931549    1.181475
      March  |   1.022588   .0641876     0.36   0.722     .9042131    1.156459
      April  |   1.107184   .0928486     1.21   0.225     .9393723    1.304973
        May  |   1.063467    .081055     0.81   0.419     .9158987    1.234812
       June  |   1.069555   .0777929     0.92   0.355     .9274533     1.23343
       July  |   1.058353   .0987477     0.61   0.543     .8814767    1.270722
     August  |   .9608131   .0759494    -0.51   0.613     .8229131    1.121822
  September  |   1.056542   .0816904     0.71   0.477     .9079735    1.229421
    October  |   1.053568   .0803007     0.68   0.494     .9073725    1.223318
   November  |   1.040909   .0649057     0.64   0.520     .9211621    1.176221
   December  |   .9937829   .0583995    -0.11   0.915     .8856677    1.115096
------------------------------------------------------------------------------

         failure _d:  time_egfr_half
   analysis time _t:  (time_end_egfr_half-origin)/365.25
             origin:  time time_zero_egfr_half
                 id:  unique

Iteration 0:   log pseudolikelihood = -19329.842
Iteration 1:   log pseudolikelihood = -19301.501
Iteration 2:   log pseudolikelihood = -19301.475
Iteration 3:   log pseudolikelihood = -19301.475
Refining estimates:
Iteration 0:   log pseudolikelihood = -19301.475

Cox regression -- Breslow method for ties

No. of subjects      =        5,825             Number of obs    =       5,825
No. of failures      =        2,382
Time at risk         =  5491.791923
                                                Wald chi2(34)    =    22186.56
Log pseudolikelihood =   -19301.475             Prob > chi2      =      0.0000

                           (Std. Err. adjusted for 35 clusters in practice_id)
------------------------------------------------------------------------------
             |               Robust
          _t | Haz. Ratio   Std. Err.      z    P>|z|     [95% Conf. Interval]
-------------+----------------------------------------------------------------
        case |
   COVID-19  |    1.07637    .023044     3.44   0.001     1.032139    1.122497
             |
         sex |
       Male  |     .87232   .0202985    -5.87   0.000     .8334293    .9130256
             |
   ethnicity |
South Asian  |    1.14093   .0902867     1.67   0.096     .9770112    1.332349
      Black  |   .9641333   .0791745    -0.44   0.656     .8207986    1.132498
      Mixed  |   1.030684   .0860527     0.36   0.717     .8751001    1.213928
      Other  |   .9502213   .0878775    -0.55   0.581     .7926925    1.139055
             |
         imd |
          2  |   1.085247   .1015015     0.87   0.382     .9034767    1.303588
          3  |   .9552412   .0639626    -0.68   0.494     .8377548    1.089204
          4  |   1.109644    .094496     1.22   0.222     .9390663    1.311206
5 Least d..  |   1.031747   .0539169     0.60   0.550      .931303    1.143023
             |
      region |
       East  |   .8804505   .0924555    -1.21   0.225     .7166728    1.081656
     London  |   .9674592    .057722    -0.55   0.579     .8606905    1.087472
 North East  |   1.056182   .1127864     0.51   0.609     .8567248    1.302074
 North West  |    .965672   .0630975    -0.53   0.593     .8495946    1.097609
 South East  |   1.001116   .0549441     0.02   0.984     .8990174     1.11481
 South West  |   1.081218   .0675834     1.25   0.212       .95655    1.222135
West Midl..  |   1.169192   .0782934     2.33   0.020     1.025384     1.33317
Yorkshire..  |    1.06568   .0866453     0.78   0.434     .9086984    1.249781
             |
       urban |
      Urban  |   .9564136   .0385569    -1.11   0.269     .8837519    1.035049
             |
         bmi |
Normal (..)  |   .9096417   .1075299    -0.80   0.423     .7215206    1.146811
Overweig..)  |   .9894948   .0892975    -0.12   0.907     .8290798    1.180948
Obese I ..)  |   .9685376    .069835    -0.44   0.658     .8408951    1.115555
Obese II..)  |   .9234497   .0703379    -1.05   0.296     .7953868    1.072132
Obese II..)  |   .8344074   .0902812    -1.67   0.094     .6749628    1.031517
             |
     smoking |
Current/f..  |   .9910602   .0760001    -0.12   0.907     .8527565    1.151795
        age1 |   .9966317   .0040466    -0.83   0.406      .988732    1.004595
        age2 |   1.007211    .014127     0.51   0.608     .9798999    1.035284
        age3 |   .9878953   .0381039    -0.32   0.752     .9159661    1.065473
             |
       month |
   February  |    1.08769   .0905632     1.01   0.313     .9239157    1.280495
      March  |   1.107341   .0873858     1.29   0.196     .9486563     1.29257
      April  |   1.134563   .1143392     1.25   0.210     .9312064    1.382328
        May  |   1.187408    .088473     2.31   0.021     1.026071    1.374113
       June  |   1.190491   .0727428     2.85   0.004     1.056124    1.341953
       July  |   1.113709   .1368631     0.88   0.381     .8753229    1.417019
     August  |   .9520645   .0935111    -0.50   0.617     .7853476    1.154173
  September  |   1.009573   .0946374     0.10   0.919     .8401294    1.213192
    October  |   1.112158     .09071     1.30   0.192     .9478526    1.304946
   November  |   .9984668   .1042109    -0.01   0.988     .8137536    1.225108
   December  |   .9769623   .0960154    -0.24   0.813     .8057905    1.184496
------------------------------------------------------------------------------

         failure _d:  time_egfr_half
   analysis time _t:  (time_end_egfr_half-origin)/365.25
             origin:  time time_zero_egfr_half
                 id:  unique

Iteration 0:   log pseudolikelihood = -19172.038
Iteration 1:   log pseudolikelihood = -19138.983
Iteration 2:   log pseudolikelihood = -19138.949
Iteration 3:   log pseudolikelihood = -19138.949
Refining estimates:
Iteration 0:   log pseudolikelihood = -19138.949

Cox regression -- Breslow method for ties

No. of subjects      =        5,781             Number of obs    =       5,781
No. of failures      =        2,365
Time at risk         =  5446.255989
                                                Wald chi2(34)    =    64984.27
Log pseudolikelihood =   -19138.949             Prob > chi2      =      0.0000

                           (Std. Err. adjusted for 35 clusters in practice_id)
------------------------------------------------------------------------------
             |               Robust
          _t | Haz. Ratio   Std. Err.      z    P>|z|     [95% Conf. Interval]
-------------+----------------------------------------------------------------
        case |
   COVID-19  |   1.078299   .0237512     3.42   0.001     1.032738     1.12587
             |
         sex |
       Male  |   .8660591   .0213601    -5.83   0.000     .8251898    .9089524
             |
   ethnicity |
South Asian  |    1.14425    .092005     1.68   0.094     .9774145    1.339562
      Black  |   .9662912   .0820539    -0.40   0.686     .8181391    1.141271
      Mixed  |   1.032103   .0854571     0.38   0.703     .8774945    1.213953
      Other  |   .9519036   .0859317    -0.55   0.585     .7975392    1.136145
             |
         imd |
          2  |    1.07976   .0978568     0.85   0.397     .9040327    1.289645
          3  |   .9615736    .063342    -0.59   0.552     .8451058    1.094092
          4  |   1.109383   .0891812     1.29   0.197      .947665    1.298697
5 Least d..  |   1.030768    .054133     0.58   0.564     .9299473    1.142519
             |
      region |
       East  |   .8769636   .0869014    -1.32   0.185     .7221594    1.064952
     London  |   .9604147   .0570911    -0.68   0.497     .8547908     1.07909
 North East  |   1.051801   .1134531     0.47   0.640     .8513697    1.299418
 North West  |   .9551645   .0661724    -0.66   0.508     .8338888    1.094078
 South East  |   1.003756   .0540577     0.07   0.944     .9032055    1.115501
 South West  |   1.085116   .0656337     1.35   0.177     .9638086    1.221691
West Midl..  |   1.171315   .0810389     2.29   0.022      1.02278    1.341421
Yorkshire..  |   1.060356    .087303     0.71   0.477     .9023381    1.246047
             |
       urban |
      Urban  |   .9507567   .0375532    -1.28   0.201     .8799306    1.027284
             |
         bmi |
Normal (..)  |   .9088456   .1014893    -0.86   0.392     .7301932    1.131208
Overweig..)  |   .9955605   .0863175    -0.05   0.959     .8399751    1.179964
Obese I ..)  |    .977003   .0711405    -0.32   0.749     .8470628    1.126876
Obese II..)  |   .9331298   .0680025    -0.95   0.342     .8089284    1.076401
Obese II..)  |   .8459464   .0916991    -1.54   0.123     .6840283    1.046193
             |
1.cardiova~r |   .9921344   .0331073    -0.24   0.813     .9293218    1.059193
  1.diabetes |   1.076341   .0507606     1.56   0.119     .9813114    1.180573
1.hyperten~n |   1.056531   .0331118     1.75   0.079     .9935859    1.123464
1.immunosu~d |   1.068835   .0637184     1.12   0.264     .9509692     1.20131
1.non_haem~r |   .8943839   .1401794    -0.71   0.476     .6578285    1.216005
             |
     smoking |
Current/f..  |   .9842635   .0754838    -0.21   0.836     .8469001    1.143907
             |
 gp_consults |
        1-4  |   .9860603   .0314342    -0.44   0.660     .9263357    1.049636
        5-9  |   1.028397    .068294     0.42   0.673      .902888    1.171352
      10-19  |   1.131471   .1061686     1.32   0.188     .9413977    1.359921
             |
        age1 |   .9957279   .0038975    -1.09   0.274     .9881182    1.003396
        age2 |   1.009331   .0132703     0.71   0.480     .9836542    1.035679
        age3 |   .9832039   .0353935    -0.47   0.638     .9162246     1.05508
             |
       month |
   February  |   1.117823   .0928528     1.34   0.180     .9498764    1.315463
      March  |   1.122063   .0906975     1.42   0.154     .9576649    1.314682
      April  |   1.155835   .1176143     1.42   0.155     .9468482     1.41095
        May  |   1.208059   .0932669     2.45   0.014     1.038418    1.405414
       June  |   1.217127   .0705269     3.39   0.001     1.086458    1.363513
       July  |   1.139242   .1269169     1.17   0.242     .9157741    1.417242
     August  |   .9617483    .088459    -0.42   0.672     .8031011    1.151735
  September  |   1.029467   .0852899     0.35   0.726     .8751688     1.21097
    October  |   1.124535   .0828818     1.59   0.111      .973278      1.2993
   November  |   1.013426    .104363     0.13   0.897     .8281999    1.240079
   December  |   .9910035   .0939381    -0.10   0.924     .8229795    1.193332
------------------------------------------------------------------------------

                id:  unique
     failure event:  time_aki != 0 & time_aki < .
obs. time interval:  (time_end_aki[_n-1], time_end_aki]
 exit on or before:  failure
    t for analysis:  (time-origin)/365.25
            origin:  time time_zero_aki

------------------------------------------------------------------------------
     24,721  total observations
      1,260  observations end on or before enter()
------------------------------------------------------------------------------
     23,461  observations remaining, representing
     23,461  subjects
      3,051  failures in single-failure-per-subject data
 29,689.826  total analysis time at risk and under observation
                                                at risk from t =         0
                                     earliest observed entry t =         0
                                          last observed exit t =  2.748802

         failure _d:  time_aki
   analysis time _t:  (time_end_aki-origin)/365.25
             origin:  time time_zero_aki
                 id:  unique

Iteration 0:   log pseudolikelihood = -29002.141
Iteration 1:   log pseudolikelihood = -29002.136
Refining estimates:
Iteration 0:   log pseudolikelihood = -29002.136

Cox regression -- Breslow method for ties

No. of subjects      =       23,461             Number of obs    =      23,461
No. of failures      =        3,051
Time at risk         =  29689.82615
                                                Wald chi2(1)     =        0.01
Log pseudolikelihood =   -29002.136             Prob > chi2      =      0.9114

                           (Std. Err. adjusted for 41 clusters in practice_id)
------------------------------------------------------------------------------
             |               Robust
          _t | Haz. Ratio   Std. Err.      z    P>|z|     [95% Conf. Interval]
-------------+----------------------------------------------------------------
        case |
   COVID-19  |    1.00358   .0322498     0.11   0.911     .9423214    1.068822
------------------------------------------------------------------------------

         failure _d:  time_aki
   analysis time _t:  (time_end_aki-origin)/365.25
             origin:  time time_zero_aki
                 id:  unique

Iteration 0:   log pseudolikelihood = -29002.141
Iteration 1:   log pseudolikelihood = -28990.895
Iteration 2:   log pseudolikelihood = -28990.881
Iteration 3:   log pseudolikelihood = -28990.881
Refining estimates:
Iteration 0:   log pseudolikelihood = -28990.881

Cox regression -- Breslow method for ties

No. of subjects      =       23,461             Number of obs    =      23,461
No. of failures      =        3,051
Time at risk         =  29689.82615
                                                Wald chi2(16)    =      167.99
Log pseudolikelihood =   -28990.881             Prob > chi2      =      0.0000

                           (Std. Err. adjusted for 41 clusters in practice_id)
------------------------------------------------------------------------------
             |               Robust
          _t | Haz. Ratio   Std. Err.      z    P>|z|     [95% Conf. Interval]
-------------+----------------------------------------------------------------
        case |
   COVID-19  |   1.003088   .0323704     0.10   0.924     .9416083    1.068582
             |
         sex |
       Male  |   1.061348   .0410673     1.54   0.124     .9838342     1.14497
        age1 |   1.001583   .0028561     0.55   0.579     .9960006    1.007196
        age2 |   1.000486    .010656     0.05   0.964     .9798173    1.021591
        age3 |   .9916385   .0326011    -0.26   0.798     .9297567    1.057639
             |
       month |
   February  |   1.173762   .0882951     2.13   0.033     1.012859    1.360225
      March  |   1.129703   .0771334     1.79   0.074     .9882032    1.291464
      April  |   1.223374   .0984649     2.50   0.012     1.044839    1.432417
        May  |   1.067835   .1084991     0.65   0.518     .8750173    1.303143
       June  |   .9570109   .0777849    -0.54   0.589     .8160787    1.122281
       July  |   1.076908   .0783923     1.02   0.309      .933719    1.242055
     August  |     1.0244   .0901399     0.27   0.784     .8621249    1.217221
  September  |    1.16107   .1287946     1.35   0.178      .934193    1.443045
    October  |    1.09487   .0817845     1.21   0.225     .9457573    1.267493
   November  |   1.052765   .0762274     0.71   0.478     .9134793    1.213289
   December  |   .9414108   .1152448    -0.49   0.622     .7405894    1.196688
------------------------------------------------------------------------------

         failure _d:  time_aki
   analysis time _t:  (time_end_aki-origin)/365.25
             origin:  time time_zero_aki
                 id:  unique

Iteration 0:   log pseudolikelihood =  -11232.93
Iteration 1:   log pseudolikelihood = -11215.114
Iteration 2:   log pseudolikelihood = -11215.038
Iteration 3:   log pseudolikelihood = -11215.038
Refining estimates:
Iteration 0:   log pseudolikelihood = -11215.038

Cox regression -- Breslow method for ties

No. of subjects      =        9,989             Number of obs    =       9,989
No. of failures      =        1,295
Time at risk         =  12685.25394
                                                Wald chi2(38)    =    6.62e+08
Log pseudolikelihood =   -11215.038             Prob > chi2      =      0.0000

                           (Std. Err. adjusted for 39 clusters in practice_id)
------------------------------------------------------------------------------
             |               Robust
          _t | Haz. Ratio   Std. Err.      z    P>|z|     [95% Conf. Interval]
-------------+----------------------------------------------------------------
        case |
   COVID-19  |   1.019991   .0486951     0.41   0.678     .9288793    1.120039
             |
         sex |
       Male  |   1.017107   .0568773     0.30   0.762     .9115211    1.134923
             |
   ethnicity |
South Asian  |   .9808702   .1026794    -0.18   0.854     .7989252    1.204251
      Black  |    .874593   .0634522    -1.85   0.065     .7586664    1.008234
      Mixed  |   .7966146   .1714304    -1.06   0.291     .5224814    1.214579
      Other  |   .9078221   .0984432    -0.89   0.372     .7340023    1.122804
             |
         imd |
          2  |   1.078052   .0716464     1.13   0.258     .9463884    1.228032
          3  |   1.020018   .0717943     0.28   0.778     .8885779      1.1709
          4  |   1.043095   .0687782     0.64   0.522     .9166393    1.186996
5 Least d..  |   1.039841   .0732954     0.55   0.579      .905666    1.193893
             |
      region |
       East  |   1.102385   .1117023     0.96   0.336     .9038223    1.344571
     London  |   1.125123   .0776079     1.71   0.087     .9828478    1.287993
 North East  |    1.16262   .0995043     1.76   0.078     .9830754    1.374957
 North West  |   1.268013   .0975207     3.09   0.002     1.090584    1.474307
 South East  |   1.029717   .1029039     0.29   0.769     .8465522    1.252512
 South West  |   1.203756   .1074018     2.08   0.038      1.01063    1.433786
West Midl..  |   1.095497   .0963437     1.04   0.300     .9220445    1.301578
Yorkshire..  |   1.109573   .0978977     1.18   0.239     .9333709    1.319038
             |
       urban |
      Urban  |   .9707082   .0546218    -0.53   0.597     .8693437    1.083892
             |
         bmi |
Normal (..)  |   1.006569   .1167083     0.06   0.955     .8019543     1.26339
Overweig..)  |   1.082093   .1307628     0.65   0.514     .8538927    1.371279
Obese I ..)  |   1.157807   .1370922     1.24   0.216     .9180114     1.46024
Obese II..)  |   .9873358   .1191394    -0.11   0.916     .7793858    1.250769
Obese II..)  |   .9474203   .1167929    -0.44   0.661     .7440653    1.206353
             |
     smoking |
Current/f..  |   1.063772   .0515879     1.27   0.202     .9673187    1.169844
        age1 |   1.001529     .00575     0.27   0.790     .9903219    1.012862
        age2 |   .9927244    .020815    -0.35   0.728     .9527546    1.034371
        age3 |   1.025971   .0625973     0.42   0.674      .910334    1.156296
             |
       month |
   February  |   1.250214   .1996407     1.40   0.162     .9142397    1.709656
      March  |    1.10534   .2055026     0.54   0.590     .7677895    1.591291
      April  |   1.309202   .1572251     2.24   0.025     1.034627    1.656645
        May  |   1.176272   .1170018     1.63   0.103     .9679214    1.429471
       June  |   .9575086   .1660318    -0.25   0.802     .6816233    1.345058
       July  |   1.215439   .2317229     1.02   0.306     .8364727    1.766096
     August  |   1.089549   .2685264     0.35   0.728     .6721449    1.766164
  September  |   1.119183   .1961099     0.64   0.520     .7938684    1.577806
    October  |   1.149234   .1488372     1.07   0.283     .8915989    1.481316
   November  |   .9880788   .1696456    -0.07   0.944     .7057432    1.383364
   December  |   .8217947   .2276299    -0.71   0.479      .477516    1.414291
------------------------------------------------------------------------------

         failure _d:  time_aki
   analysis time _t:  (time_end_aki-origin)/365.25
             origin:  time time_zero_aki
                 id:  unique

Iteration 0:   log pseudolikelihood = -11146.626
Iteration 1:   log pseudolikelihood = -11124.116
Iteration 2:   log pseudolikelihood = -11123.963
Iteration 3:   log pseudolikelihood = -11123.963
Refining estimates:
Iteration 0:   log pseudolikelihood = -11123.963

Cox regression -- Breslow method for ties

No. of subjects      =        9,930             Number of obs    =       9,930
No. of failures      =        1,286
Time at risk         =  12616.11499
                                                Wald chi2(38)    =  5270975.43
Log pseudolikelihood =   -11123.963             Prob > chi2      =      0.0000

                           (Std. Err. adjusted for 39 clusters in practice_id)
------------------------------------------------------------------------------
             |               Robust
          _t | Haz. Ratio   Std. Err.      z    P>|z|     [95% Conf. Interval]
-------------+----------------------------------------------------------------
        case |
   COVID-19  |   1.029426   .0496007     0.60   0.547     .9366593    1.131379
             |
         sex |
       Male  |    1.01551   .0585734     0.27   0.790     .9069598    1.137052
             |
   ethnicity |
South Asian  |   .9853527    .101571    -0.14   0.886     .8050986    1.205964
      Black  |   .8680259   .0649983    -1.89   0.059      .749539    1.005243
      Mixed  |   .8049845   .1772099    -0.99   0.324     .5228816    1.239286
      Other  |   .8936663   .0973471    -1.03   0.302     .7218616    1.106361
             |
         imd |
          2  |   1.075849   .0704315     1.12   0.264     .9462949    1.223139
          3  |    1.03089   .0722535     0.43   0.664     .8985721    1.182692
          4  |   1.047081   .0683561     0.70   0.481     .9213225    1.190005
5 Least d..  |   1.045356   .0764134     0.61   0.544     .9058229    1.206384
             |
      region |
       East  |   1.110491   .1208157     0.96   0.335     .8972399    1.374426
     London  |   1.125985    .079413     1.68   0.092     .9806166    1.292902
 North East  |   1.162663    .100605     1.74   0.082     .9812945    1.377552
 North West  |   1.258471   .0959278     3.02   0.003     1.083826    1.461257
 South East  |    1.01487   .1062893     0.14   0.888     .8265369    1.246115
 South West  |   1.194711   .1113006     1.91   0.056     .9953231    1.434042
West Midl..  |   1.078373   .0986612     0.82   0.410     .9013469    1.290168
Yorkshire..  |   1.109893   .0999728     1.16   0.247     .9302715    1.324197
             |
       urban |
      Urban  |   .9692928   .0530513    -0.57   0.569      .870697    1.079053
             |
         bmi |
Normal (..)  |   1.009797    .115348     0.09   0.932     .8072389    1.263182
Overweig..)  |   1.089683   .1321535     0.71   0.479     .8591498    1.382074
Obese I ..)  |   1.168684   .1377101     1.32   0.186     .9276773    1.472303
Obese II..)  |   .9991768   .1186845    -0.01   0.994     .7916528    1.261101
Obese II..)  |   .9671941   .1143527    -0.28   0.778     .7671406    1.219417
             |
1.cardiova~r |   1.002172    .059793     0.04   0.971     .8915726    1.126491
  1.diabetes |   .9754658   .0826809    -0.29   0.769     .8261594    1.151755
1.hyperten~n |   .9563045   .0600774    -0.71   0.477     .8455157     1.08161
1.immunosu~d |   .8638189   .0622927    -2.03   0.042     .7499631    .9949597
1.non_haem~r |   .6264525   .1489368    -1.97   0.049     .3931136    .9982934
             |
     smoking |
Current/f..  |   1.065414   .0549905     1.23   0.220     .9629068    1.178833
             |
 gp_consults |
        1-4  |   1.014399   .0750457     0.19   0.847     .8774781    1.172684
        5-9  |   .9788245   .0839384    -0.25   0.803     .8273908    1.157975
      10-19  |    1.21265   .1094854     2.14   0.033     1.015977    1.447396
             |
        age1 |   1.000877   .0058809     0.15   0.881      .989417     1.01247
        age2 |    .994412   .0215342    -0.26   0.796     .9530889    1.037527
        age3 |   1.021542   .0643338     0.34   0.735     .9029216    1.155747
             |
       month |
   February  |   1.252356   .2079078     1.36   0.175     .9045178    1.733958
      March  |   1.123737   .2201169     0.60   0.551     .7654769    1.649672
      April  |   1.306751   .1595864     2.19   0.028     1.028585    1.660143
        May  |   1.193081   .1207313     1.74   0.081     .9784405    1.454807
       June  |   .9686475   .1730416    -0.18   0.858     .6825037    1.374759
       July  |   1.225612   .2361518     1.06   0.291      .840123    1.787982
     August  |   1.103169   .2742291     0.39   0.693     .6777161    1.795711
  September  |   1.123101    .201426     0.65   0.517     .7902375    1.596174
    October  |    1.16965   .1584012     1.16   0.247     .8969763    1.525214
   November  |   .9922091   .1823076    -0.04   0.966     .6921564    1.422336
   December  |   .8202593   .2373073    -0.68   0.493     .4652561     1.44614
------------------------------------------------------------------------------

                id:  unique
     failure event:  time_death != 0 & time_death < .
obs. time interval:  (time_end_death[_n-1], time_end_death]
 exit on or before:  failure
    t for analysis:  (time-origin)/365.25
            origin:  time time_zero_death

------------------------------------------------------------------------------
     24,721  total observations
          0  exclusions
------------------------------------------------------------------------------
     24,721  observations remaining, representing
     24,721  subjects
      1,040  failures in single-failure-per-subject data
 33,545.969  total analysis time at risk and under observation
                                                at risk from t =         0
                                     earliest observed entry t =         0
                                          last observed exit t =  2.748802

         failure _d:  time_death
   analysis time _t:  (time_end_death-origin)/365.25
             origin:  time time_zero_death
                 id:  unique

Iteration 0:   log pseudolikelihood = -9936.6881
Iteration 1:   log pseudolikelihood = -9908.3187
Iteration 2:   log pseudolikelihood = -9908.2894
Refining estimates:
Iteration 0:   log pseudolikelihood = -9908.2894

Cox regression -- Breslow method for ties

No. of subjects      =       24,721             Number of obs    =      24,721
No. of failures      =        1,040
Time at risk         =  33545.96851
                                                Wald chi2(1)     =       57.49
Log pseudolikelihood =   -9908.2894             Prob > chi2      =      0.0000

                           (Std. Err. adjusted for 41 clusters in practice_id)
------------------------------------------------------------------------------
             |               Robust
          _t | Haz. Ratio   Std. Err.      z    P>|z|     [95% Conf. Interval]
-------------+----------------------------------------------------------------
        case |
   COVID-19  |   .6190706   .0391529    -7.58   0.000     .5468979    .7007678
------------------------------------------------------------------------------

         failure _d:  time_death
   analysis time _t:  (time_end_death-origin)/365.25
             origin:  time time_zero_death
                 id:  unique

Iteration 0:   log pseudolikelihood = -9936.6881
Iteration 1:   log pseudolikelihood = -9905.9893
Iteration 2:   log pseudolikelihood = -9905.9579
Iteration 3:   log pseudolikelihood = -9905.9579
Refining estimates:
Iteration 0:   log pseudolikelihood = -9905.9579

Cox regression -- Breslow method for ties

No. of subjects      =       24,721             Number of obs    =      24,721
No. of failures      =        1,040
Time at risk         =  33545.96851
                                                Wald chi2(16)    =      274.19
Log pseudolikelihood =   -9905.9579             Prob > chi2      =      0.0000

                           (Std. Err. adjusted for 41 clusters in practice_id)
------------------------------------------------------------------------------
             |               Robust
          _t | Haz. Ratio   Std. Err.      z    P>|z|     [95% Conf. Interval]
-------------+----------------------------------------------------------------
        case |
   COVID-19  |   .6187028   .0391732    -7.58   0.000     .5464975    .7004481
             |
         sex |
       Male  |   .9607499    .043721    -0.88   0.379     .8787687    1.050379
        age1 |   1.000539   .0049242     0.11   0.913     .9909341    1.010237
        age2 |   1.000653   .0168362     0.04   0.969      .968193    1.034202
        age3 |    .993422   .0515629    -0.13   0.899     .8973312    1.099803
             |
       month |
   February  |   .9479457   .1510363    -0.34   0.737     .6936836    1.295405
      March  |   1.004291   .1201467     0.04   0.971     .7943781    1.269672
      April  |    1.03698    .149012     0.25   0.800      .782446    1.374315
        May  |    1.11565   .1246761     0.98   0.327      .896199    1.388837
       June  |   1.109362   .2038643     0.56   0.572      .773839    1.590363
       July  |   1.184578   .1691757     1.19   0.236     .8953626    1.567213
     August  |   1.114683   .1615253     0.75   0.454     .8390857      1.4808
  September  |   1.100287   .0917621     1.15   0.252     .9343664    1.295671
    October  |   1.075083   .1536392     0.51   0.612     .8124515    1.422612
   November  |   1.011566   .1679154     0.07   0.945     .7306317    1.400521
   December  |   1.109807   .1705472     0.68   0.498     .8211852    1.499872
------------------------------------------------------------------------------

         failure _d:  time_death
   analysis time _t:  (time_end_death-origin)/365.25
             origin:  time time_zero_death
                 id:  unique

Iteration 0:   log pseudolikelihood = -3789.7865
Iteration 1:   log pseudolikelihood = -3766.2403
Iteration 2:   log pseudolikelihood = -3766.1785
Iteration 3:   log pseudolikelihood = -3766.1784
Refining estimates:
Iteration 0:   log pseudolikelihood = -3766.1784

Cox regression -- Breslow method for ties

No. of subjects      =       10,538             Number of obs    =      10,538
No. of failures      =          436
Time at risk         =  14343.32923
                                                Wald chi2(38)    =    4.23e+07
Log pseudolikelihood =   -3766.1784             Prob > chi2      =      0.0000

                           (Std. Err. adjusted for 39 clusters in practice_id)
------------------------------------------------------------------------------
             |               Robust
          _t | Haz. Ratio   Std. Err.      z    P>|z|     [95% Conf. Interval]
-------------+----------------------------------------------------------------
        case |
   COVID-19  |    .604979   .0636651    -4.78   0.000     .4922253    .7435611
             |
         sex |
       Male  |   1.017721   .0646619     0.28   0.782     .8985596    1.152685
             |
   ethnicity |
South Asian  |   .7955345   .1344844    -1.35   0.176     .5711684    1.108036
      Black  |   1.070009    .128418     0.56   0.573     .8457264    1.353771
      Mixed  |    1.22278   .2408925     1.02   0.307     .8311099     1.79903
      Other  |    .758984   .2415541    -0.87   0.386     .4067517    1.416237
             |
         imd |
          2  |   1.258467   .2113762     1.37   0.171     .9054645    1.749091
          3  |   1.050653   .1178616     0.44   0.660     .8432808    1.309021
          4  |   1.296992   .1610155     2.09   0.036     1.016868    1.654284
5 Least d..  |    1.19783    .137902     1.57   0.117     .9558708    1.501035
             |
      region |
       East  |   .9891479   .2550204    -0.04   0.966     .5967686    1.639519
     London  |   1.158005   .2171693     0.78   0.434     .8018229     1.67241
 North East  |   1.210999    .228578     1.01   0.310     .8365237    1.753111
 North West  |   1.115927   .2000041     0.61   0.541     .7853759    1.585601
 South East  |   1.044191   .2358681     0.19   0.848     .6706646    1.625753
 South West  |   .9615056   .2218548    -0.17   0.865     .6117138    1.511317
West Midl..  |   1.270304   .2919766     1.04   0.298     .8095822    1.993217
Yorkshire..  |   .9714934   .1672163    -0.17   0.867     .6933117    1.361292
             |
       urban |
      Urban  |   1.055331   .0796499     0.71   0.476     .9102175    1.223579
             |
         bmi |
Normal (..)  |   1.388542   .2630483     1.73   0.083     .9578681    2.012855
Overweig..)  |   1.238959   .2487604     1.07   0.286     .8358941    1.836381
Obese I ..)  |   1.336171   .2122373     1.82   0.068     .9787175    1.824176
Obese II..)  |   1.244273   .2962458     0.92   0.359     .7802887    1.984158
Obese II..)  |   1.439056   .2173178     2.41   0.016     1.070371    1.934733
             |
     smoking |
Current/f..  |   .9413903   .0874157    -0.65   0.515     .7847454    1.129303
        age1 |   1.001864   .0074155     0.25   0.801     .9874346    1.016504
        age2 |   .9986898   .0230325    -0.06   0.955     .9545521    1.044868
        age3 |   .9958426   .0642202    -0.06   0.948     .8776031    1.130012
             |
       month |
   February  |   1.104503   .3020363     0.36   0.716     .6462466    1.887712
      March  |    .897778   .2129445    -0.45   0.649     .5639907    1.429111
      April  |   1.163118    .328787     0.53   0.593     .6683569    2.024133
        May  |   1.150306   .3475408     0.46   0.643     .6362692     2.07963
       June  |   .9525891    .268704    -0.17   0.863     .5480255     1.65581
       July  |   1.298178   .3750103     0.90   0.366     .7369601    2.286781
     August  |   1.160838   .3282172     0.53   0.598     .6669625     2.02042
  September  |   1.091182    .297774     0.32   0.749     .6391635    1.862871
    October  |    1.26009   .2956314     0.99   0.324     .7956094    1.995736
   November  |   .9807547   .2647273    -0.07   0.943      .577833    1.664633
   December  |   .9715652   .2818755    -0.10   0.921     .5501954    1.715643
------------------------------------------------------------------------------

         failure _d:  time_death
   analysis time _t:  (time_end_death-origin)/365.25
             origin:  time time_zero_death
                 id:  unique

Iteration 0:   log pseudolikelihood = -3770.7064
Iteration 1:   log pseudolikelihood = -3742.8692
Iteration 2:   log pseudolikelihood = -3742.7842
Iteration 3:   log pseudolikelihood = -3742.7842
Refining estimates:
Iteration 0:   log pseudolikelihood = -3742.7842

Cox regression -- Breslow method for ties

No. of subjects      =       10,477             Number of obs    =      10,477
No. of failures      =          434
Time at risk         =  14259.51814
                                                Wald chi2(38)    =  3981471.74
Log pseudolikelihood =   -3742.7842             Prob > chi2      =      0.0000

                           (Std. Err. adjusted for 39 clusters in practice_id)
------------------------------------------------------------------------------
             |               Robust
          _t | Haz. Ratio   Std. Err.      z    P>|z|     [95% Conf. Interval]
-------------+----------------------------------------------------------------
        case |
   COVID-19  |   .6070869   .0627974    -4.82   0.000     .4956808    .7435319
             |
         sex |
       Male  |    1.01855    .067109     0.28   0.780     .8951576    1.158952
             |
   ethnicity |
South Asian  |   .7949791   .1353852    -1.35   0.178     .5693717    1.109981
      Black  |   1.063951   .1265036     0.52   0.602     .8427793    1.343165
      Mixed  |    1.22274   .2365142     1.04   0.299     .8369251    1.786413
      Other  |   .7550374   .2444284    -0.87   0.385     .4003215    1.424059
             |
         imd |
          2  |   1.262578   .2173953     1.35   0.176     .9009383     1.76938
          3  |   1.054876   .1183367     0.48   0.634     .8466682    1.314286
          4  |   1.277955   .1648475     1.90   0.057     .9924671    1.645564
5 Least d..  |   1.181693   .1388613     1.42   0.155     .9385974    1.487749
             |
      region |
       East  |   .9960748   .2617514    -0.01   0.988     .5951285    1.667144
     London  |   1.155253   .2167036     0.77   0.442     .7998488    1.668578
 North East  |   1.196931   .2255043     0.95   0.340     .8273722    1.731559
 North West  |   1.094848   .1917154     0.52   0.605     .7767879    1.543139
 South East  |   1.014989    .226653     0.07   0.947     .6552138    1.572315
 South West  |   .9574087   .2249729    -0.19   0.853     .6040615    1.517447
West Midl..  |   1.268931   .2890456     1.05   0.296     .8119805    1.983035
Yorkshire..  |   .9670075   .1687029    -0.19   0.848     .6869581    1.361223
             |
       urban |
      Urban  |   1.059501   .0823812     0.74   0.457     .9097379    1.233918
             |
         bmi |
Normal (..)  |   1.457123   .2663887     2.06   0.039     1.018312    2.085026
Overweig..)  |   1.290453   .2448562     1.34   0.179     .8896749    1.871772
Obese I ..)  |   1.395827   .2173094     2.14   0.032     1.028756    1.893874
Obese II..)  |   1.269891   .2997356     1.01   0.311     .7995676    2.016869
Obese II..)  |   1.503164   .2234522     2.74   0.006     1.123237    2.011598
             |
1.cardiova~r |   1.145018   .0843483     1.84   0.066     .9910782    1.322868
  1.diabetes |   .9984367   .0856627    -0.02   0.985     .8438983    1.181275
1.hyperten~n |   1.001735   .1241608     0.01   0.989     .7856879     1.27719
1.immunosu~d |   1.018587   .1217191     0.15   0.878        .8059    1.287404
1.non_haem~r |   1.334989   .2857792     1.35   0.177     .8775309    2.030922
             |
     smoking |
Current/f..  |   .9368742   .0871998    -0.70   0.484     .7806484    1.124364
             |
 gp_consults |
        1-4  |   1.373979   .1403534     3.11   0.002      1.12468    1.678538
        5-9  |   1.163858    .112372     1.57   0.116     .9631976    1.406321
      10-19  |    1.24337   .2378589     1.14   0.255     .8546026    1.808993
             |
        age1 |   1.001453   .0076169     0.19   0.849     .9866349    1.016494
        age2 |   1.000118   .0236851     0.00   0.996     .9547571    1.047634
        age3 |    .991858   .0655064    -0.12   0.901     .8714303    1.128928
             |
       month |
   February  |   1.127183    .314559     0.43   0.668      .652308    1.947764
      March  |   .9083889   .2151959    -0.41   0.685     .5709834    1.445174
      April  |   1.197568    .347813     0.62   0.535     .6777719    2.116007
        May  |   1.169961    .354362     0.52   0.604      .646184    2.118294
       June  |   .9553378   .2713436    -0.16   0.872     .5475087    1.666951
       July  |   1.313563   .3836248     0.93   0.350     .7410684    2.328325
     August  |   1.155171   .3522721     0.47   0.636     .6354339    2.100014
  September  |   1.105556   .2984891     0.37   0.710     .6512757    1.876708
    October  |   1.260079   .3000789     0.97   0.332     .7901144     2.00958
   November  |    .998801   .2701902    -0.00   0.996     .5877824    1.697233
   December  |   .9394097   .2920245    -0.20   0.841     .5108001    1.727664
------------------------------------------------------------------------------

. 
. file close tablecontent

. 
end of do-file

. . file open output using "/tmp/cox_u_hospitalised_case.do.B1MI.out", write te
> xt replace

. . file write output "success" 

. . file close output

. 
end of do-file


