------------------------------------------------------------------------------------------------------------------------------------------------------------------------------------------------------------------------------------------------------------
      name:  <unnamed>
       log:  C:\Users\lsh1703468\Documents\repos\logs/cox_hospitalised_case.log
  log type:  text
 opened on:  25 Jan 2023, 11:07:49

. 
. cap file close tablecontent

. file open tablecontent using ./output/cox_hospitalised_case.txt, write text replace

. file write tablecontent ("Kidney outcomes after COVID-19 hospitalisation compared to a pre-pandemic population hospitalised for pneumonia") _n

. file write tablecontent _n

. file write tablecontent ("Restricted to those who survived 28 days after hospital admission") _n

. file write tablecontent ("Clustering by general practice accounted for using robust standard errors") _n

. file write tablecontent _n

. file write tablecontent ("Cox regression models:") _n

. file write tablecontent ("1. Crude") _n

. file write tablecontent ("2. Minimally adjusted: adjusted for age (using spline functions), sex and calendar month") _n

. file write tablecontent ("3. Additionally adjusted: additionally adjusted for ethnicity, socioeconomic deprivation, region, rural/urban, body mass index and smoking") _n

. file write tablecontent ("4. Fully adjusted: additionally adjusted for cardiovascular diseases, diabetes, hypertension, immunocompromise and cancer") _n

. file write tablecontent _n

. file write tablecontent _tab _tab _tab _tab _tab ("Number") _tab ("Event") _tab ("Total person-years") _tab ("Rate per 100,000") _tab ("Crude") _tab _tab _tab ("Minimally adjusted") _tab ("Additionally adjusted") _tab ("Fully adjusted") _tab _tab _n

. file write tablecontent _tab _tab _tab _tab _tab _tab _tab _tab _tab _tab _tab _tab _tab ("HR") _tab ("95% CI") _tab _tab ("HR") _tab ("95% CI") _tab _tab ("HR") _tab ("95% CI") _tab _tab ("HR") _tab ("95% CI") _tab _tab _n

. 
. use ./output/analysis_hospitalised.dta, clear

. foreach outcome of varlist esrd egfr_half aki death {
  2. stset time_end_`outcome', fail(time_`outcome') origin(time_zero_`outcome') id(patient_id) scale(365.25)
  3. bysort case: egen total_follow_up_`outcome' = total(_t)
  4. 
. stcox i.case, vce(cluster practice_id)
  5. matrix table = r(table)
  6. local crude_`outcome'_b: display %4.2f table[1,2]
  7. local crude_`outcome'_ll: display %4.2f table[5,2]
  8. local crude_`outcome'_ul: display %4.2f table[6,2]
  9. 
. stcox i.case i.sex age1 age2 age3 i.month, vce(cluster practice_id)
 10. matrix table = r(table)
 11. local minimal_`outcome'_b: display %4.2f table[1,2]
 12. local minimal_`outcome'_ll: display %4.2f table[5,2]
 13. local minimal_`outcome'_ul: display %4.2f table[6,2]
 14. 
. stcox i.case i.sex i.ethnicity i.imd i.region i.urban i.bmi i.smoking age1 age2 age3 i.month, vce(cluster practice_id)
 15. matrix table = r(table)
 16. local additional_`outcome'_b: display %4.2f table[1,2]
 17. local additional_`outcome'_ll: display %4.2f table[5,2]
 18. local additional_`outcome'_ul: display %4.2f table[6,2]
 19. 
. stcox i.case i.sex i.ethnicity i.imd i.region i.urban i.bmi i.cardiovascular i.diabetes i.hypertension i.immunosuppressed i.non_haem_cancer i.smoking age1 age2 age3 i.month, vce(cluster practice_id)          
 20. matrix table = r(table)
 21. local full_`outcome'_b: display %4.2f table[1,2]
 22. local full_`outcome'_ll: display %4.2f table[5,2]
 23. local full_`outcome'_ul: display %4.2f table[6,2]               
 24.                                                                                 
. local lab0: label case 0
 25. local lab1: label case 1
 26. 
.         qui safecount if case==0 & `outcome'_denominator==1 & _st==1
 27.         local denominator = round(r(N),5)
 28.         qui safecount if case== 0 & `outcome'==1 & _st==1
 29.         local event = round(r(N),5)
 30.         qui su total_follow_up_`outcome' if case==0
 31.         local person_year = r(mean)
 32.         local rate = 100000*(`event'/`person_year')
 33.         
.         file write tablecontent _n
 34.         file write tablecontent ("`outcome'") _n
 35.         file write tablecontent _tab ("`lab0'") _tab (`denominator') _tab _tab (`event') _tab %10.0f (`person_year') _tab _tab %3.2f (`rate') _tab _tab ("1.00") _tab _tab _tab ("1.00") _tab _tab _tab ("1.00") _tab _tab _tab ("1.00") _n
 36.         
.         qui safecount if case==1  & `outcome'_denominator==1 & _st==1
 37.         local denominator = round(r(N),5)
 38.         qui safecount if case == 1 & `outcome'==1 &  _st==1
 39.         local event = round(r(N),5)
 40.         qui su total_follow_up_`outcome' if case==1
 41.         local person_year = r(mean)
 42.         local rate = 100000*(`event'/`person_year')
 43.         file write tablecontent _tab ("`lab1'") _tab _tab _tab (`denominator') _tab _tab (`event') _tab %10.0f (`person_year') _tab _tab %3.2f (`rate') _tab 
 44.         file write tablecontent  _tab %4.2f (`crude_`outcome'_b') _tab ("(") %4.2f (`crude_`outcome'_ll') (" - ") %4.2f (`crude_`outcome'_ul') (")")
 45.         file write tablecontent  _tab %4.2f (`minimal_`outcome'_b') _tab ("(") %4.2f (`minimal_`outcome'_ll') (" - ") %4.2f (`minimal_`outcome'_ul') (")")
 46.         file write tablecontent  _tab %4.2f (`additional_`outcome'_b') _tab ("(") %4.2f (`additional_`outcome'_ll') (" - ") %4.2f (`additional_`outcome'_ul') (")")
 47.         file write tablecontent  _tab %4.2f (`full_`outcome'_b') _tab ("(") %4.2f (`full_`outcome'_ll') (" - ") %4.2f (`full_`outcome'_ul') (")") _tab _n
 48. }

Survival-time data settings

           ID variable: patient_id
         Failure event: time_esrd!=0 & time_esrd<.
Observed time interval: (time_end_esrd[_n-1], time_end_esrd]
     Exit on or before: failure
     Time for analysis: (time-origin)/365.25
                Origin: time time_zero_esrd

--------------------------------------------------------------------------
     25,430  total observations
         34  observations begin on or after (first) failure
--------------------------------------------------------------------------
     25,396  observations remaining, representing
     25,131  subjects
      2,037  failures in single-failure-per-subject data
 32,222.804  total analysis time at risk and under observation
                                                At risk from t =         0
                                     Earliest observed entry t =         0
                                          Last observed exit t =  2.748802

        Failure _d: time_esrd
  Analysis time _t: (time_end_esrd-origin)/365.25
            Origin: time time_zero_esrd
       ID variable: patient_id

Iteration 0:   log pseudolikelihood = -19503.145
Iteration 1:   log pseudolikelihood = -19503.121
Iteration 2:   log pseudolikelihood = -19503.121
Refining estimates:
Iteration 0:   log pseudolikelihood = -19503.121

Cox regression with Breslow method for ties

No. of subjects =      25,131                           Number of obs = 25,396
No. of failures =       2,037
Time at risk    = 32,222.8036
                                                        Wald chi2(1)  =   0.09
Log pseudolikelihood = -19503.121                       Prob > chi2   = 0.7641

                           (Std. err. adjusted for 38 clusters in practice_id)
------------------------------------------------------------------------------
             |               Robust
          _t | Haz. ratio   std. err.      z    P>|z|     [95% conf. interval]
-------------+----------------------------------------------------------------
        case |
   COVID-19  |   .9902469   .0323351    -0.30   0.764     .9288568    1.055694
------------------------------------------------------------------------------

        Failure _d: time_esrd
  Analysis time _t: (time_end_esrd-origin)/365.25
            Origin: time time_zero_esrd
       ID variable: patient_id

Iteration 0:   log pseudolikelihood = -19503.145
Iteration 1:   log pseudolikelihood = -19491.203
Iteration 2:   log pseudolikelihood = -19491.168
Iteration 3:   log pseudolikelihood = -19491.168
Refining estimates:
Iteration 0:   log pseudolikelihood = -19491.168

Cox regression with Breslow method for ties

No. of subjects =      25,131                           Number of obs = 25,396
No. of failures =       2,037
Time at risk    = 32,222.8036
                                                        Wald chi2(16) = 344.67
Log pseudolikelihood = -19491.168                       Prob > chi2   = 0.0000

                           (Std. err. adjusted for 38 clusters in practice_id)
------------------------------------------------------------------------------
             |               Robust
          _t | Haz. ratio   std. err.      z    P>|z|     [95% conf. interval]
-------------+----------------------------------------------------------------
        case |
   COVID-19  |   .9880925   .0326363    -0.36   0.717     .9261531    1.054174
             |
         sex |
       Male  |   .9574727   .0376112    -1.11   0.269     .8865225    1.034101
        age1 |   1.004534   .0042493     1.07   0.285     .9962403    1.012897
        age2 |   .9945234    .017154    -0.32   0.750     .9614641    1.028719
        age3 |    1.00817   .0574014     0.14   0.886     .9017153    1.127192
             |
       month |
   February  |   .8328399   .0875326    -1.74   0.082     .6777961    1.023349
      March  |   .9546781   .0806757    -0.55   0.583     .8089574    1.126648
      April  |   1.074593     .08392     0.92   0.357     .9220821    1.252328
        May  |   .8404264   .0661208    -2.21   0.027     .7203294    .9805467
       June  |   .8995265   .0819609    -1.16   0.245     .7524129    1.075404
       July  |   .9250858   .0892002    -0.81   0.419     .7657835    1.117527
     August  |   .9559351   .0844648    -0.51   0.610      .803929    1.136682
  September  |   .9090974   .1122083    -0.77   0.440     .7137533    1.157904
    October  |   .7644521   .0549962    -3.73   0.000      .663916    .8802122
   November  |   .8743859   .0691648    -1.70   0.090     .7488111     1.02102
   December  |    1.10706   .1125085     1.00   0.317     .9071205    1.351068
------------------------------------------------------------------------------

        Failure _d: time_esrd
  Analysis time _t: (time_end_esrd-origin)/365.25
            Origin: time time_zero_esrd
       ID variable: patient_id

Iteration 0:   log pseudolikelihood =  -7130.939
Iteration 1:   log pseudolikelihood = -7113.0893
Iteration 2:   log pseudolikelihood = -7113.0389
Iteration 3:   log pseudolikelihood = -7113.0389
Refining estimates:
Iteration 0:   log pseudolikelihood = -7113.0389

Cox regression with Breslow method for ties

No. of subjects =      10,648                       Number of obs =     10,693
No. of failures =         820
Time at risk    = 13,654.5161
                                                    Wald chi2(35) = 6782269.85
Log pseudolikelihood = -7113.0389                   Prob > chi2   =     0.0000

                                        (Std. err. adjusted for 36 clusters in practice_id)
-------------------------------------------------------------------------------------------
                          |               Robust
                       _t | Haz. ratio   std. err.      z    P>|z|     [95% conf. interval]
--------------------------+----------------------------------------------------------------
                     case |
                COVID-19  |   .9947349   .0515861    -0.10   0.919     .8985967    1.101159
                          |
                      sex |
                    Male  |   .9978303   .0529878    -0.04   0.967      .899198    1.107282
                          |
                ethnicity |
             South Asian  |   .9381231   .1415922    -0.42   0.672     .6978898    1.261052
                   Black  |   .8015679   .0994724    -1.78   0.075     .6285047    1.022285
                   Mixed  |   1.095341   .1256022     0.79   0.427     .8748682    1.371375
                   Other  |    .864926   .1521721    -0.82   0.409     .6126627    1.221058
                          |
                      imd |
                       2  |   .9280794    .147312    -0.47   0.638     .6799481     1.26676
                       3  |   .9971271   .0723236    -0.04   0.968     .8649903    1.149449
                       4  |   .9982669   .1177356    -0.01   0.988     .7922385    1.257875
        5 Least deprived  |   1.048444    .088567     0.56   0.575     .8884647    1.237229
                          |
                   region |
                    East  |   1.113115   .1141564     1.04   0.296     .9104251     1.36093
                  London  |   .9570522   .1231577    -0.34   0.733     .7437026    1.231607
              North East  |   .8970015   .0904204    -1.08   0.281     .7361893    1.092941
              North West  |   .8619178   .0931261    -1.38   0.169     .6974252    1.065207
              South East  |   1.030062   .1046349     0.29   0.771     .8441069    1.256983
              South West  |   1.198491   .1311896     1.65   0.098     .9670751    1.485283
           West Midlands  |   .8522378   .1335968    -1.02   0.308     .6267964    1.158764
Yorkshire and The Humber  |   1.024717     .13841     0.18   0.857     .7863769    1.335294
                          |
                    urban |
                   Urban  |    1.16276   .0621409     2.82   0.005     1.047128    1.291162
                          |
                      bmi |
      Normal (18.5-24.9)  |   1.026374   .0913425     0.29   0.770     .8620901    1.221965
    Overweight (25-29.9)  |   1.140066   .1280886     1.17   0.243     .9147359    1.420902
       Obese I (30-34.9)  |   1.024868   .1136022     0.22   0.825     .8247375    1.273561
      Obese II (35-39.9)  |   .8401523   .1396437    -1.05   0.295     .6065656    1.163693
         Obese III (40+)  |   .8961377    .128938    -0.76   0.446     .6759309    1.188084
                          |
                  smoking |
   Current/former smoker  |   1.054752   .0788379     0.71   0.476     .9110179    1.221164
                     age1 |   1.003554   .0064009     0.56   0.578     .9910868    1.016178
                     age2 |     .99169   .0268401    -0.31   0.758     .9404554    1.045716
                     age3 |   1.019588   .0873087     0.23   0.821     .8620556    1.205908
                          |
                    month |
                February  |   .8975159   .1015928    -0.96   0.339     .7189386     1.12045
                   March  |   1.122004   .1322462     0.98   0.329     .8905673    1.413586
                   April  |   1.045597    .122253     0.38   0.703     .8314578    1.314886
                     May  |   .8011108   .0975585    -1.82   0.069     .6310068    1.017071
                    June  |   1.098472   .1465131     0.70   0.481     .8457779    1.426663
                    July  |   .9855475   .1259864    -0.11   0.909     .7671232    1.266164
                  August  |    .884804   .1445196    -0.75   0.454     .6424154    1.218648
               September  |   .8170379   .1024794    -1.61   0.107      .638966    1.044736
                 October  |   .9220574   .1212381    -0.62   0.537     .7125846    1.193107
                November  |    1.00947   .1811427     0.05   0.958     .7101515    1.434947
                December  |   1.139579   .1530012     0.97   0.330     .8759134    1.482613
-------------------------------------------------------------------------------------------

        Failure _d: time_esrd
  Analysis time _t: (time_end_esrd-origin)/365.25
            Origin: time time_zero_esrd
       ID variable: patient_id

Iteration 0:   log pseudolikelihood =  -7130.939
Iteration 1:   log pseudolikelihood =  -7111.211
Iteration 2:   log pseudolikelihood = -7111.1591
Iteration 3:   log pseudolikelihood = -7111.1591
Refining estimates:
Iteration 0:   log pseudolikelihood = -7111.1591

Cox regression with Breslow method for ties

No. of subjects =      10,648                        Number of obs =    10,693
No. of failures =         820
Time at risk    = 13,654.5161
                                                     Wald chi2(35) = 475176.23
Log pseudolikelihood = -7111.1591                    Prob > chi2   =    0.0000

                                        (Std. err. adjusted for 36 clusters in practice_id)
-------------------------------------------------------------------------------------------
                          |               Robust
                       _t | Haz. ratio   std. err.      z    P>|z|     [95% conf. interval]
--------------------------+----------------------------------------------------------------
                     case |
                COVID-19  |   .9953286   .0511722    -0.09   0.927     .8999206    1.100852
                          |
                      sex |
                    Male  |   .9976032   .0534332    -0.04   0.964     .8981856    1.108025
                          |
                ethnicity |
             South Asian  |   .9287777     .14239    -0.48   0.630     .6877251    1.254321
                   Black  |   .8030946   .0982322    -1.79   0.073     .6319027    1.020665
                   Mixed  |   1.097251   .1249815     0.81   0.415     .8777092    1.371707
                   Other  |   .8654892   .1520355    -0.82   0.411     .6133891    1.221201
                          |
                      imd |
                       2  |   .9265227   .1449262    -0.49   0.626     .6818856    1.258927
                       3  |   .9999884   .0722862    -0.00   1.000     .8678889    1.152194
                       4  |   .9958972   .1169079    -0.04   0.972     .7912111    1.253535
        5 Least deprived  |   1.049371   .0884975     0.57   0.568     .8894964    1.237982
                          |
                   region |
                    East  |   1.106633   .1163209     0.96   0.335        .9006    1.359802
                  London  |   .9529345   .1232156    -0.37   0.709     .7396081    1.227791
              North East  |   .8874721   .0898265    -1.18   0.238     .7277788    1.082206
              North West  |   .8580544   .0908987    -1.45   0.148     .6971755    1.056057
              South East  |   1.026212   .1055113     0.25   0.801     .8389183     1.25532
              South West  |   1.196279   .1321521     1.62   0.105     .9633869    1.485471
           West Midlands  |   .8466302   .1326629    -1.06   0.288     .6227511    1.150994
Yorkshire and The Humber  |    1.02061   .1397494     0.15   0.882     .7803816    1.334789
                          |
                    urban |
                   Urban  |   1.163777   .0618554     2.85   0.004     1.048643    1.291551
                          |
                      bmi |
      Normal (18.5-24.9)  |   1.025144    .090909     0.28   0.779     .8615902    1.219744
    Overweight (25-29.9)  |   1.136063   .1262968     1.15   0.251      .913637    1.412638
       Obese I (30-34.9)  |   1.022194   .1134532     0.20   0.843     .8223535    1.270598
      Obese II (35-39.9)  |   .8399334   .1386152    -1.06   0.291     .6078131    1.160699
         Obese III (40+)  |     .89564   .1298912    -0.76   0.447     .6740422     1.19009
                          |
         1.cardiovascular |   .8865405   .0456023    -2.34   0.019     .8015194    .9805801
               1.diabetes |   1.071093   .0941554     0.78   0.435     .9015747    1.272486
           1.hypertension |   .9439699   .0752634    -0.72   0.470     .8074046    1.103634
       1.immunosuppressed |   1.097806   .0993304     1.03   0.302     .9194076     1.31082
        1.non_haem_cancer |     1.1184   .2879781     0.43   0.664     .6751808    1.852567
                          |
                  smoking |
   Current/former smoker  |   1.054857   .0781362     0.72   0.471     .9123108    1.219676
                     age1 |   1.003569     .00632     0.57   0.572      .991258    1.016032
                     age2 |   .9919677   .0266041    -0.30   0.764     .9411713    1.045506
                     age3 |   1.018475   .0866294     0.22   0.830     .8620823    1.203239
                          |
                    month |
                February  |   .8961714   .1018714    -0.96   0.335     .7171857    1.119826
                   March  |   1.120223   .1330792     0.96   0.339     .8875327     1.41392
                   April  |   1.042728   .1235793     0.35   0.724     .8265911    1.315381
                     May  |   .8014963   .0985379    -1.80   0.072     .6298727    1.019883
                    June  |   1.097127   .1492458     0.68   0.496     .8403593    1.432348
                    July  |   .9913122   .1272315    -0.07   0.946     .7708354    1.274851
                  August  |   .8817686   .1465971    -0.76   0.449     .6365601    1.221433
               September  |   .8142531   .1041163    -1.61   0.108     .6337509    1.046165
                 October  |    .919575   .1238129    -0.62   0.533     .7062852    1.197276
                November  |   1.009161   .1800577     0.05   0.959     .7113554    1.431643
                December  |   1.136637   .1539479     0.95   0.344     .8716333    1.482211
-------------------------------------------------------------------------------------------

Survival-time data settings

           ID variable: patient_id
         Failure event: time_egfr_half!=0 & time_egfr_half<.
Observed time interval: (time_end_egfr_half[_n-1], time_end_egfr_half]
     Exit on or before: failure
     Time for analysis: (time-origin)/365.25
                Origin: time time_zero_egfr_half

--------------------------------------------------------------------------
     25,430  total observations
     11,325  event time missing (time_end_egfr_half>=.)     PROBABLE ERROR
         52  observations begin on or after (first) failure
--------------------------------------------------------------------------
     14,053  observations remaining, representing
     14,013  subjects
      5,788  failures in single-failure-per-subject data
 13,153.832  total analysis time at risk and under observation
                                                At risk from t =         0
                                     Earliest observed entry t =         0
                                          Last observed exit t =  2.748802

        Failure _d: time_egfr_half
  Analysis time _t: (time_end_egfr_half-origin)/365.25
            Origin: time time_zero_egfr_half
       ID variable: patient_id

Iteration 0:   log pseudolikelihood = -52046.848
Iteration 1:   log pseudolikelihood = -52041.398
Iteration 2:   log pseudolikelihood = -52041.398
Refining estimates:
Iteration 0:   log pseudolikelihood = -52041.398

Cox regression with Breslow method for ties

No. of subjects =      14,013                           Number of obs = 14,053
No. of failures =       5,788
Time at risk    = 13,153.8316
                                                        Wald chi2(1)  =   7.17
Log pseudolikelihood = -52041.398                       Prob > chi2   = 0.0074

                           (Std. err. adjusted for 36 clusters in practice_id)
------------------------------------------------------------------------------
             |               Robust
          _t | Haz. ratio   std. err.      z    P>|z|     [95% conf. interval]
-------------+----------------------------------------------------------------
        case |
   COVID-19  |    1.09068   .0353674     2.68   0.007     1.023518    1.162249
------------------------------------------------------------------------------

        Failure _d: time_egfr_half
  Analysis time _t: (time_end_egfr_half-origin)/365.25
            Origin: time time_zero_egfr_half
       ID variable: patient_id

Iteration 0:   log pseudolikelihood = -52046.848
Iteration 1:   log pseudolikelihood = -52016.606
Iteration 2:   log pseudolikelihood = -52016.595
Iteration 3:   log pseudolikelihood = -52016.595
Refining estimates:
Iteration 0:   log pseudolikelihood = -52016.595

Cox regression with Breslow method for ties

No. of subjects =      14,013                           Number of obs = 14,053
No. of failures =       5,788
Time at risk    = 13,153.8316
                                                        Wald chi2(16) = 429.89
Log pseudolikelihood = -52016.595                       Prob > chi2   = 0.0000

                           (Std. err. adjusted for 36 clusters in practice_id)
------------------------------------------------------------------------------
             |               Robust
          _t | Haz. ratio   std. err.      z    P>|z|     [95% conf. interval]
-------------+----------------------------------------------------------------
        case |
   COVID-19  |   1.093383   .0371114     2.63   0.009     1.023013    1.168594
             |
         sex |
       Male  |   .8601892   .0167899    -7.72   0.000     .8279031    .8937343
        age1 |   1.002759   .0026666     1.04   0.300     .9975459    1.007999
        age2 |   .9952618   .0092746    -0.51   0.610      .977249    1.013607
        age3 |   1.006232   .0296114     0.21   0.833     .9498367    1.065976
             |
       month |
   February  |   1.037408   .0429785     0.89   0.375     .9565012    1.125159
      March  |   1.029067   .0336075     0.88   0.380     .9652615     1.09709
      April  |    1.03243   .0459878     0.72   0.474     .9461177    1.126616
        May  |    1.06082   .0372005     1.68   0.092     .9903577    1.136296
       June  |   1.040579    .042651     0.97   0.332     .9602542    1.127623
       July  |   1.075983    .033716     2.34   0.019     1.011889    1.144137
     August  |   1.007194   .0539507     0.13   0.894     .9068136    1.118685
  September  |   .9500876   .0429451    -1.13   0.257     .8695375    1.038099
    October  |   .9903947    .032853    -0.29   0.771     .9280526    1.056925
   November  |   .9505377   .0468312    -1.03   0.303     .8630426    1.046903
   December  |   1.158884   .0532223     3.21   0.001     1.059127    1.268036
------------------------------------------------------------------------------

        Failure _d: time_egfr_half
  Analysis time _t: (time_end_egfr_half-origin)/365.25
            Origin: time time_zero_egfr_half
       ID variable: patient_id

Iteration 0:   log pseudolikelihood = -20020.183
Iteration 1:   log pseudolikelihood = -19988.216
Iteration 2:   log pseudolikelihood =  -19988.17
Iteration 3:   log pseudolikelihood =  -19988.17
Refining estimates:
Iteration 0:   log pseudolikelihood =  -19988.17

Cox regression with Breslow method for ties

No. of subjects =      5,936                          Number of obs =    5,943
No. of failures =      2,462
Time at risk    = 5,546.4285
                                                      Wald chi2(34) = 87726.64
Log pseudolikelihood = -19988.17                      Prob > chi2   =   0.0000

                                        (Std. err. adjusted for 35 clusters in practice_id)
-------------------------------------------------------------------------------------------
                          |               Robust
                       _t | Haz. ratio   std. err.      z    P>|z|     [95% conf. interval]
--------------------------+----------------------------------------------------------------
                     case |
                COVID-19  |   1.067064   .0299804     2.31   0.021     1.009892    1.127473
                          |
                      sex |
                    Male  |   .8352725   .0277787    -5.41   0.000     .7825638    .8915315
                          |
                ethnicity |
             South Asian  |   .9760904   .1244849    -0.19   0.850     .7602086    1.253278
                   Black  |   1.007668   .1081503     0.07   0.943     .8165074    1.243582
                   Mixed  |    .829073   .0562608    -2.76   0.006     .7258224    .9470114
                   Other  |   .9674521   .0879111    -0.36   0.716     .8096212    1.156051
                          |
                      imd |
                       2  |   1.085164   .0624655     1.42   0.156     .9693875    1.214767
                       3  |   .9971984   .0437918    -0.06   0.949      .914958    1.086831
                       4  |   1.069865   .0636716     1.13   0.256      .952074    1.202228
        5 Least deprived  |   .9600163    .062006    -0.63   0.528     .8458645    1.089573
                          |
                   region |
                    East  |   .9562894   .0642443    -0.67   0.506     .8383106    1.090872
                  London  |   1.114141   .0626108     1.92   0.054     .9979424    1.243869
              North East  |   1.001751   .0903864     0.02   0.985     .8393775    1.195535
              North West  |   .9717092   .0714227    -0.39   0.696     .8413393     1.12228
              South East  |   .9369608   .0553275    -1.10   0.270     .8345608    1.051925
              South West  |   1.174213   .0757997     2.49   0.013     1.034662    1.332585
           West Midlands  |   1.107438    .073212     1.54   0.123     .9728525    1.260642
Yorkshire and The Humber  |   1.083051   .0843033     1.02   0.305     .9298058    1.261552
                          |
                    urban |
                   Urban  |   .9695749   .0557299    -0.54   0.591     .8662742    1.085194
                          |
                      bmi |
      Normal (18.5-24.9)  |   1.032327    .053645     0.61   0.540     .9323617     1.14301
    Overweight (25-29.9)  |   1.000613   .0611445     0.01   0.992     .8876709    1.127926
       Obese I (30-34.9)  |   1.131888   .0558761     2.51   0.012     1.027504    1.246876
      Obese II (35-39.9)  |   .9741467   .0616354    -0.41   0.679     .8605336     1.10276
         Obese III (40+)  |   1.048489   .0842121     0.59   0.556     .8957721    1.227243
                          |
                  smoking |
   Current/former smoker  |   1.001239   .0442774     0.03   0.978     .9181117    1.091893
                     age1 |   1.001762   .0035105     0.50   0.615      .994905    1.008666
                     age2 |   .9974816   .0112202    -0.22   0.823     .9757311    1.019717
                     age3 |   1.002606   .0325562     0.08   0.936     .9407856     1.06849
                          |
                    month |
                February  |   .9744897   .0445795    -0.56   0.572      .890918    1.065901
                   March  |   .9779253   .0712419    -0.31   0.759     .8478043    1.128017
                   April  |   1.005587   .0608368     0.09   0.927     .8931474    1.132183
                     May  |   .9318378   .0508723    -1.29   0.196     .8372791    1.037076
                    June  |   1.012552   .0698082     0.18   0.856     .8845714    1.159048
                    July  |   .9847293   .0558775    -0.27   0.786     .8810819    1.100569
                  August  |   .8528144   .0709544    -1.91   0.056     .7244932    1.003864
               September  |   .8748846   .0762083    -1.53   0.125     .7375737    1.037758
                 October  |   .9592633   .0680857    -0.59   0.558     .8346839    1.102437
                November  |    1.01929   .0682766     0.29   0.775     .8938828    1.162292
                December  |   1.137569   .0722304     2.03   0.042     1.004455    1.288324
-------------------------------------------------------------------------------------------

        Failure _d: time_egfr_half
  Analysis time _t: (time_end_egfr_half-origin)/365.25
            Origin: time time_zero_egfr_half
       ID variable: patient_id

Iteration 0:   log pseudolikelihood = -20020.183
Iteration 1:   log pseudolikelihood = -19980.401
Iteration 2:   log pseudolikelihood = -19980.338
Iteration 3:   log pseudolikelihood = -19980.338
Refining estimates:
Iteration 0:   log pseudolikelihood = -19980.338

Cox regression with Breslow method for ties

No. of subjects =      5,936                         Number of obs =     5,943
No. of failures =      2,462
Time at risk    = 5,546.4285
                                                     Wald chi2(34) = 143149.73
Log pseudolikelihood = -19980.338                    Prob > chi2   =    0.0000

                                        (Std. err. adjusted for 35 clusters in practice_id)
-------------------------------------------------------------------------------------------
                          |               Robust
                       _t | Haz. ratio   std. err.      z    P>|z|     [95% conf. interval]
--------------------------+----------------------------------------------------------------
                     case |
                COVID-19  |   1.069014    .029737     2.40   0.016      1.01229    1.128915
                          |
                      sex |
                    Male  |   .8339805    .027131    -5.58   0.000     .7824645    .8888883
                          |
                ethnicity |
             South Asian  |   .9651829   .1213491    -0.28   0.778     .7543814     1.23489
                   Black  |   1.016247   .1083582     0.15   0.880     .8245926    1.252447
                   Mixed  |   .8284981   .0574394    -2.71   0.007     .7232328    .9490845
                   Other  |   .9623394   .0871802    -0.42   0.672     .8057795    1.149318
                          |
                      imd |
                       2  |    1.08157   .0610348     1.39   0.165     .9683224    1.208063
                       3  |   .9961032   .0421896    -0.09   0.927     .9167523    1.082322
                       4  |   1.065385   .0618668     1.09   0.275     .9507741    1.193811
        5 Least deprived  |   .9582019   .0589813    -0.69   0.488     .8493019    1.081065
                          |
                   region |
                    East  |   .9532091   .0661425    -0.69   0.490     .8320011    1.092075
                  London  |   1.111094   .0641217     1.83   0.068     .9922649    1.244154
              North East  |   .9965323   .0928517    -0.04   0.970     .8301964    1.196195
              North West  |    .975115   .0738652    -0.33   0.739     .8405762    1.131188
              South East  |   .9347362   .0574873    -1.10   0.272     .8285891    1.054481
              South West  |   1.171009   .0789721     2.34   0.019      1.02602    1.336487
           West Midlands  |   1.098354   .0728711     1.41   0.157     .9644252     1.25088
Yorkshire and The Humber  |   1.079054   .0824648     1.00   0.319     .9289485    1.253415
                          |
                    urban |
                   Urban  |   .9716743   .0542617    -0.51   0.607     .8709368    1.084064
                          |
                      bmi |
      Normal (18.5-24.9)  |   1.033725   .0536171     0.64   0.523     .9338026     1.14434
    Overweight (25-29.9)  |   1.000441   .0611824     0.01   0.994     .8874336    1.127839
       Obese I (30-34.9)  |   1.136307   .0560103     2.59   0.010     1.031665    1.251563
      Obese II (35-39.9)  |   .9760042   .0617218    -0.38   0.701     .8622283    1.104793
         Obese III (40+)  |   1.051465    .085317     0.62   0.536     .8968656    1.232714
                          |
         1.cardiovascular |    .829859   .0357171    -4.33   0.000     .7627261    .9029007
               1.diabetes |   .9599893   .0297327    -1.32   0.187     .9034477    1.020069
           1.hypertension |   .9888419   .0403228    -0.28   0.783     .9128863    1.071117
       1.immunosuppressed |   1.010479   .0806608     0.13   0.896     .8641331    1.181609
        1.non_haem_cancer |   .8452025   .0971642    -1.46   0.143     .6746941    1.058802
                          |
                  smoking |
   Current/former smoker  |   1.001981   .0450913     0.04   0.965      .917389    1.094373
                     age1 |   1.001415   .0035283     0.40   0.688     .9945239    1.008355
                     age2 |   .9987742   .0113441    -0.11   0.914     .9767857    1.021258
                     age3 |   .9986599   .0327289    -0.04   0.967     .9365292    1.064912
                          |
                    month |
                February  |   .9649588    .043833    -0.79   0.432      .882761     1.05481
                   March  |   .9776337   .0692031    -0.32   0.749     .8509866    1.123129
                   April  |   1.007475   .0630984     0.12   0.905     .8910935    1.139056
                     May  |   .9286149   .0499254    -1.38   0.168     .8357421    1.031808
                    June  |   1.016387   .0717253     0.23   0.818     .8850965    1.167152
                    July  |   .9856208     .05615    -0.25   0.799     .8814904    1.102052
                  August  |   .8493083   .0700953    -1.98   0.048     .7224599    .9984285
               September  |   .8688718   .0750812    -1.63   0.104     .7335021    1.029224
                 October  |   .9535179   .0665101    -0.68   0.495     .8316787    1.093206
                November  |   1.022576   .0680038     0.34   0.737     .8976117    1.164937
                December  |   1.125795   .0731996     1.82   0.068      .991092    1.278807
-------------------------------------------------------------------------------------------

Survival-time data settings

           ID variable: patient_id
         Failure event: time_aki!=0 & time_aki<.
Observed time interval: (time_end_aki[_n-1], time_end_aki]
     Exit on or before: failure
     Time for analysis: (time-origin)/365.25
                Origin: time time_zero_aki

--------------------------------------------------------------------------
     25,430  total observations
      1,192  observations end on or before enter()
         77  observations begin on or after (first) failure
--------------------------------------------------------------------------
     24,161  observations remaining, representing
     23,940  subjects
      3,172  failures in single-failure-per-subject data
  30,144.03  total analysis time at risk and under observation
                                                At risk from t =         0
                                     Earliest observed entry t =         0
                                          Last observed exit t =  2.748802

        Failure _d: time_aki
  Analysis time _t: (time_end_aki-origin)/365.25
            Origin: time time_zero_aki
       ID variable: patient_id

Iteration 0:   log pseudolikelihood = -30191.052
Iteration 1:   log pseudolikelihood = -30188.969
Iteration 2:   log pseudolikelihood = -30188.969
Refining estimates:
Iteration 0:   log pseudolikelihood = -30188.969

Cox regression with Breslow method for ties

No. of subjects =      23,940                           Number of obs = 24,161
No. of failures =       3,172
Time at risk    = 30,144.0301
                                                        Wald chi2(1)  =   5.64
Log pseudolikelihood = -30188.969                       Prob > chi2   = 0.0175

                           (Std. err. adjusted for 38 clusters in practice_id)
------------------------------------------------------------------------------
             |               Robust
          _t | Haz. ratio   std. err.      z    P>|z|     [95% conf. interval]
-------------+----------------------------------------------------------------
        case |
   COVID-19  |   1.075169      .0328     2.38   0.018     1.012766    1.141417
------------------------------------------------------------------------------

        Failure _d: time_aki
  Analysis time _t: (time_end_aki-origin)/365.25
            Origin: time time_zero_aki
       ID variable: patient_id

Iteration 0:   log pseudolikelihood = -30191.052
Iteration 1:   log pseudolikelihood = -30180.932
Iteration 2:   log pseudolikelihood = -30180.922
Iteration 3:   log pseudolikelihood = -30180.922
Refining estimates:
Iteration 0:   log pseudolikelihood = -30180.922

Cox regression with Breslow method for ties

No. of subjects =      23,940                           Number of obs = 24,161
No. of failures =       3,172
Time at risk    = 30,144.0301
                                                        Wald chi2(16) = 121.29
Log pseudolikelihood = -30180.922                       Prob > chi2   = 0.0000

                           (Std. err. adjusted for 38 clusters in practice_id)
------------------------------------------------------------------------------
             |               Robust
          _t | Haz. ratio   std. err.      z    P>|z|     [95% conf. interval]
-------------+----------------------------------------------------------------
        case |
   COVID-19  |   1.073631   .0329925     2.31   0.021     1.010876    1.140282
             |
         sex |
       Male  |   .9768608   .0224724    -1.02   0.309      .933794    1.021914
        age1 |   1.004138   .0037727     1.10   0.272     .9967704    1.011559
        age2 |   .9945715   .0147537    -0.37   0.714      .966071    1.023913
        age3 |   1.009393    .047499     0.20   0.843     .9204606    1.106917
             |
       month |
   February  |   .8887158   .0478056    -2.19   0.028     .7997887    .9875305
      March  |   .9307967    .066109    -1.01   0.313     .8098397     1.06982
      April  |   1.005416     .07751     0.07   0.944     .8644199    1.169411
        May  |   .9188753   .0457514    -1.70   0.089     .8334406    1.013068
       June  |   .8782517   .0570663    -2.00   0.046     .7732329    .9975338
       July  |   .8939601   .0814836    -1.23   0.219     .7477078    1.068819
     August  |   .9480748    .060037    -0.84   0.400     .8374138    1.073359
  September  |   .9190774     .07552    -1.03   0.304      .782365    1.079679
    October  |   .8164294   .0575556    -2.88   0.004      .711069    .9374012
   November  |   .8874898   .0591906    -1.79   0.074     .7787409    1.011425
   December  |   1.038371   .0846487     0.46   0.644      .885038    1.218268
------------------------------------------------------------------------------

        Failure _d: time_aki
  Analysis time _t: (time_end_aki-origin)/365.25
            Origin: time time_zero_aki
       ID variable: patient_id

Iteration 0:   log pseudolikelihood = -10942.316
Iteration 1:   log pseudolikelihood = -10925.866
Iteration 2:   log pseudolikelihood = -10925.826
Iteration 3:   log pseudolikelihood = -10925.826
Refining estimates:
Iteration 0:   log pseudolikelihood = -10925.826

Cox regression with Breslow method for ties

No. of subjects =     10,129                          Number of obs =   10,166
No. of failures =      1,265
Time at risk    = 12,797.306
                                                      Wald chi2(34) = 30580.22
Log pseudolikelihood = -10925.826                     Prob > chi2   =   0.0000

                                        (Std. err. adjusted for 35 clusters in practice_id)
-------------------------------------------------------------------------------------------
                          |               Robust
                       _t | Haz. ratio   std. err.      z    P>|z|     [95% conf. interval]
--------------------------+----------------------------------------------------------------
                     case |
                COVID-19  |   1.013473   .0471146     0.29   0.773     .9252117    1.110153
                          |
                      sex |
                    Male  |   1.005432   .0480221     0.11   0.910     .9155817      1.1041
                          |
                ethnicity |
             South Asian  |    .930588   .0611096    -1.10   0.273     .8182029     1.05841
                   Black  |   .7789078   .0922643    -2.11   0.035     .6175303    .9824575
                   Mixed  |   1.094869   .0891974     1.11   0.266     .9332883    1.284423
                   Other  |   .8487703   .1195341    -1.16   0.244     .6440413    1.118579
                          |
                      imd |
                       2  |   1.035211   .0793929     0.45   0.652     .8907341    1.203122
                       3  |   1.104207   .1003141     1.09   0.275     .9241051     1.31941
                       4  |   .9849627   .0608769    -0.25   0.806     .8725899    1.111807
        5 Least deprived  |   1.037083   .0717576     0.53   0.599     .9055603    1.187708
                          |
                   region |
                    East  |   1.075231   .1194973     0.65   0.514     .8647732    1.336907
                  London  |    1.10316   .0999279     1.08   0.278     .9237057    1.317477
              North East  |   .9520691   .1082021    -0.43   0.666     .7619561    1.189617
              North West  |   .9052448   .1026962    -0.88   0.380      .724771    1.130658
              South East  |   1.018069   .1179696     0.15   0.877     .8112294    1.277647
              South West  |   1.200589   .1489023     1.47   0.140     .9415093    1.530961
           West Midlands  |   .9375045   .1473473    -0.41   0.681     .6889541    1.275723
Yorkshire and The Humber  |   1.107562    .149785     0.76   0.450     .8496752    1.443721
                          |
                    urban |
                   Urban  |   1.114419   .0460575     2.62   0.009     1.027708    1.208447
                          |
                      bmi |
      Normal (18.5-24.9)  |   .8875212   .0826915    -1.28   0.200     .7393858    1.065335
    Overweight (25-29.9)  |   .9917477   .1354573    -0.06   0.952     .7588227     1.29617
       Obese I (30-34.9)  |   .9364701   .0987753    -0.62   0.534     .7615746     1.15153
      Obese II (35-39.9)  |   .8312384   .1356484    -1.13   0.257     .6036976    1.144542
         Obese III (40+)  |   .8695528   .1292057    -0.94   0.347     .6498558    1.163523
                          |
                  smoking |
   Current/former smoker  |    1.02551    .048171     0.54   0.592     .9353121    1.124406
                     age1 |   1.001121   .0051731     0.22   0.828     .9910334    1.011312
                     age2 |   1.002145   .0194886     0.11   0.912     .9646666    1.041079
                     age3 |   .9895662   .0593736    -0.17   0.861     .8797781    1.113055
                          |
                    month |
                February  |   .9183521   .0983884    -0.80   0.427     .7444149    1.132931
                   March  |   .9296885   .0863491    -0.78   0.432      .774958    1.115313
                   April  |   .9406476   .0978913    -0.59   0.557     .7670861    1.153479
                     May  |   .7734275   .0853668    -2.33   0.020      .622972    .9602198
                    June  |   1.018618   .1023738     0.18   0.854     .8364945    1.240393
                    July  |   .8691319   .1284971    -0.95   0.343     .6504883    1.161267
                  August  |   .8657462   .1281478    -0.97   0.330     .6477325    1.157139
               September  |   .9162289   .0762826    -1.05   0.293     .7782792     1.07863
                 October  |   .8806991   .0863059    -1.30   0.195     .7267956    1.067193
                November  |   .9304541   .1126032    -0.60   0.551     .7339777    1.179525
                December  |   1.025961   .1485788     0.18   0.860     .7724328    1.362703
-------------------------------------------------------------------------------------------

        Failure _d: time_aki
  Analysis time _t: (time_end_aki-origin)/365.25
            Origin: time time_zero_aki
       ID variable: patient_id

Iteration 0:   log pseudolikelihood = -10942.316
Iteration 1:   log pseudolikelihood = -10922.854
Iteration 2:   log pseudolikelihood = -10922.811
Iteration 3:   log pseudolikelihood = -10922.811
Refining estimates:
Iteration 0:   log pseudolikelihood = -10922.811

Cox regression with Breslow method for ties

No. of subjects =     10,129                          Number of obs =   10,166
No. of failures =      1,265
Time at risk    = 12,797.306
                                                      Wald chi2(34) = 14876.98
Log pseudolikelihood = -10922.811                     Prob > chi2   =   0.0000

                                        (Std. err. adjusted for 35 clusters in practice_id)
-------------------------------------------------------------------------------------------
                          |               Robust
                       _t | Haz. ratio   std. err.      z    P>|z|     [95% conf. interval]
--------------------------+----------------------------------------------------------------
                     case |
                COVID-19  |   1.013706    .047661     0.29   0.772     .9244673     1.11156
                          |
                      sex |
                    Male  |   1.004951   .0481669     0.10   0.918     .9148444    1.103933
                          |
                ethnicity |
             South Asian  |   .9208663   .0600122    -1.27   0.206     .8104464     1.04633
                   Black  |   .7824156   .0923376    -2.08   0.038     .6208433    .9860363
                   Mixed  |   1.096574   .0892042     1.13   0.257      .934963     1.28612
                   Other  |   .8485941   .1203604    -1.16   0.247      .642643    1.120547
                          |
                      imd |
                       2  |   1.032755   .0786792     0.42   0.672     .8895078    1.199072
                       3  |   1.106414   .0992005     1.13   0.259     .9281095    1.318973
                       4  |   .9811096    .060898    -0.31   0.759     .8687263    1.108031
        5 Least deprived  |   1.036979   .0700858     0.54   0.591     .9083223    1.183858
                          |
                   region |
                    East  |   1.070018   .1197264     0.60   0.545     .8593072    1.332397
                  London  |   1.098712   .0998258     1.04   0.300     .9194881     1.31287
              North East  |   .9443999   .1067013    -0.51   0.613     .7568058    1.178494
              North West  |   .9012509   .1007892    -0.93   0.353     .7238584    1.122116
              South East  |   1.016415   .1166653     0.14   0.887     .8116504    1.272837
              South West  |   1.198526   .1482768     1.46   0.143     .9404603    1.527407
           West Midlands  |   .9346835   .1468877    -0.43   0.667     .6869043    1.271841
Yorkshire and The Humber  |   1.106167   .1510597     0.74   0.460     .8464074    1.445646
                          |
                    urban |
                   Urban  |   1.114205   .0461713     2.61   0.009     1.027289    1.208476
                          |
                      bmi |
      Normal (18.5-24.9)  |   .8850046   .0817131    -1.32   0.186      .738505    1.060566
    Overweight (25-29.9)  |   .9870714    .134136    -0.10   0.924     .7562691    1.288311
       Obese I (30-34.9)  |    .934282   .0986014    -0.64   0.520     .7597045    1.148977
      Obese II (35-39.9)  |    .829198   .1346137    -1.15   0.249     .6032154     1.13984
         Obese III (40+)  |   .8689886   .1291095    -0.95   0.345     .6494523    1.162735
                          |
         1.cardiovascular |   .8758971   .0333626    -3.48   0.001     .8128887    .9437892
               1.diabetes |   1.056042   .0720732     0.80   0.424     .9238211    1.207186
           1.hypertension |   .9890926   .0630708    -0.17   0.863     .8728888    1.120766
       1.immunosuppressed |   1.137227    .079182     1.85   0.065      .992157    1.303509
        1.non_haem_cancer |   .9939318   .1578205    -0.04   0.969     .7281139    1.356794
                          |
                  smoking |
   Current/former smoker  |   1.027104   .0482216     0.57   0.569      .936809    1.126101
                     age1 |   1.001004   .0052275     0.19   0.848      .990811    1.011303
                     age2 |   1.002917    .019736     0.15   0.882     .9649714    1.042354
                     age3 |   .9870402   .0600343    -0.21   0.830      .876118    1.112006
                          |
                    month |
                February  |   .9176863   .0997004    -0.79   0.429     .7416806    1.135459
                   March  |   .9292686   .0862785    -0.79   0.429     .7746597    1.114735
                   April  |   .9421315   .0983938    -0.57   0.568     .7677401    1.156136
                     May  |   .7757919   .0856836    -2.30   0.022     .6247882    .9632913
                    June  |    1.02014    .102953     0.20   0.843      .837059    1.243264
                    July  |   .8760636   .1294079    -0.90   0.370     .6558435     1.17023
                  August  |   .8639344   .1301737    -0.97   0.332     .6430217    1.160743
               September  |   .9151096   .0747271    -1.09   0.277     .7797667    1.073944
                 October  |   .8816988   .0895203    -1.24   0.215     .7225975    1.075831
                November  |   .9318563   .1130633    -0.58   0.561      .734635    1.182024
                December  |   1.025282    .148915     0.17   0.864     .7712807    1.362933
-------------------------------------------------------------------------------------------

Survival-time data settings

           ID variable: patient_id
         Failure event: time_death!=0 & time_death<.
Observed time interval: (time_end_death[_n-1], time_end_death]
     Exit on or before: failure
     Time for analysis: (time-origin)/365.25
                Origin: time time_zero_death

--------------------------------------------------------------------------
     25,430  total observations
          6  observations end on or before enter()
         17  observations begin on or after (first) failure
--------------------------------------------------------------------------
     25,407  observations remaining, representing
     25,125  subjects
      1,054  failures in single-failure-per-subject data
 34,006.804  total analysis time at risk and under observation
                                                At risk from t =         0
                                     Earliest observed entry t =         0
                                          Last observed exit t =  2.748802

        Failure _d: time_death
  Analysis time _t: (time_end_death-origin)/365.25
            Origin: time time_zero_death
       ID variable: patient_id

Iteration 0:   log pseudolikelihood = -10143.167
Iteration 1:   log pseudolikelihood = -10112.123
Iteration 2:   log pseudolikelihood = -10112.103
Refining estimates:
Iteration 0:   log pseudolikelihood = -10112.103

Cox regression with Breslow method for ties

No. of subjects =      25,125                           Number of obs = 25,407
No. of failures =       1,054
Time at risk    = 34,006.8036
                                                        Wald chi2(1)  = 110.15
Log pseudolikelihood = -10112.103                       Prob > chi2   = 0.0000

                           (Std. err. adjusted for 38 clusters in practice_id)
------------------------------------------------------------------------------
             |               Robust
          _t | Haz. ratio   std. err.      z    P>|z|     [95% conf. interval]
-------------+----------------------------------------------------------------
        case |
   COVID-19  |    .609505   .0287536   -10.50   0.000     .5556759    .6685486
------------------------------------------------------------------------------

        Failure _d: time_death
  Analysis time _t: (time_end_death-origin)/365.25
            Origin: time time_zero_death
       ID variable: patient_id

Iteration 0:   log pseudolikelihood = -10143.167
Iteration 1:   log pseudolikelihood = -10102.035
Iteration 2:   log pseudolikelihood = -10101.972
Iteration 3:   log pseudolikelihood = -10101.972
Refining estimates:
Iteration 0:   log pseudolikelihood = -10101.972

Cox regression with Breslow method for ties

No. of subjects =      25,125                          Number of obs =  25,407
No. of failures =       1,054
Time at risk    = 34,006.8036
                                                       Wald chi2(16) = 1308.89
Log pseudolikelihood = -10101.972                      Prob > chi2   =  0.0000

                           (Std. err. adjusted for 38 clusters in practice_id)
------------------------------------------------------------------------------
             |               Robust
          _t | Haz. ratio   std. err.      z    P>|z|     [95% conf. interval]
-------------+----------------------------------------------------------------
        case |
   COVID-19  |   .6070164   .0289818   -10.46   0.000       .55279    .6665623
             |
         sex |
       Male  |   1.003347   .0382594     0.09   0.930     .9310935    1.081207
        age1 |   1.010223   .0059888     1.72   0.086     .9985526    1.022029
        age2 |   .9697062   .0205838    -1.45   0.147     .9301904    1.010901
        age3 |   1.091154   .0704654     1.35   0.177     .9614268    1.238384
             |
       month |
   February  |   1.332184   .2034275     1.88   0.060     .9876058    1.796985
      March  |   1.366784   .2167904     1.97   0.049     1.001585    1.865142
      April  |   1.297881    .207439     1.63   0.103     .9488297     1.77534
        May  |   1.076252   .1672765     0.47   0.636     .7936263    1.459527
       June  |   1.427596   .2336563     2.18   0.030     1.035829    1.967535
       July  |    1.45879   .1847547     2.98   0.003     1.138121    1.869807
     August  |   1.338746   .2455136     1.59   0.112     .9345352    1.917788
  September  |   1.074741    .167526     0.46   0.644     .7918122    1.458765
    October  |   1.132994    .191326     0.74   0.460     .8137429    1.577495
   November  |   1.449624   .2156814     2.50   0.013     1.082954    1.940443
   December  |   1.631103   .2782475     2.87   0.004     1.167551    2.278697
------------------------------------------------------------------------------

        Failure _d: time_death
  Analysis time _t: (time_end_death-origin)/365.25
            Origin: time time_zero_death
       ID variable: patient_id

Iteration 0:   log pseudolikelihood = -3933.5765
Iteration 1:   log pseudolikelihood = -3900.3552
Iteration 2:   log pseudolikelihood = -3900.2664
Iteration 3:   log pseudolikelihood = -3900.2664
Refining estimates:
Iteration 0:   log pseudolikelihood = -3900.2664

Cox regression with Breslow method for ties

No. of subjects =      10,648                        Number of obs =    10,699
No. of failures =         448
Time at risk    = 14,357.8672
                                                     Wald chi2(35) = 786591.91
Log pseudolikelihood = -3900.2664                    Prob > chi2   =    0.0000

                                        (Std. err. adjusted for 36 clusters in practice_id)
-------------------------------------------------------------------------------------------
                          |               Robust
                       _t | Haz. ratio   std. err.      z    P>|z|     [95% conf. interval]
--------------------------+----------------------------------------------------------------
                     case |
                COVID-19  |   .5444046   .0694197    -4.77   0.000     .4240148    .6989765
                          |
                      sex |
                    Male  |   1.073807   .1149704     0.67   0.506     .8705424    1.324533
                          |
                ethnicity |
             South Asian  |   1.192357   .3302788     0.64   0.525     .6928292    2.052041
                   Black  |   1.180529   .1851226     1.06   0.290     .8681539      1.6053
                   Mixed  |   .8728976   .1672716    -0.71   0.478      .599583      1.2708
                   Other  |   .7026934   .1960312    -1.26   0.206      .406729    1.214022
                          |
                      imd |
                       2  |   1.353196   .1507839     2.71   0.007      1.08771    1.683482
                       3  |   1.102997   .1134388     0.95   0.340     .9016367    1.349326
                       4  |   1.341144   .1135312     3.47   0.001     1.136107    1.583186
        5 Least deprived  |   1.154888   .1046884     1.59   0.112     .9668968     1.37943
                          |
                   region |
                    East  |   .7908731   .1921171    -0.97   0.334     .4912865    1.273148
                  London  |   .8925374   .1894977    -0.54   0.592     .5887147    1.353156
              North East  |   .7377622   .1104824    -2.03   0.042     .5501056    .9894338
              North West  |   .7114496   .1031542    -2.35   0.019     .5354601    .9452814
              South East  |   .9949047   .1435482    -0.04   0.972     .7498376    1.320066
              South West  |    .910136   .1321218    -0.65   0.517     .6847623    1.209686
           West Midlands  |   .9006568   .1030346    -0.91   0.360     .7197513    1.127032
Yorkshire and The Humber  |   .9444355   .1464915    -0.37   0.712     .6968549    1.279977
                          |
                    urban |
                   Urban  |   .9111978   .1208678    -0.70   0.483     .7025921     1.18174
                          |
                      bmi |
      Normal (18.5-24.9)  |   1.096733   .1550732     0.65   0.514     .8312747    1.446961
    Overweight (25-29.9)  |   1.138117   .1812326     0.81   0.417     .8329948    1.555003
       Obese I (30-34.9)  |   1.085231   .1606277     0.55   0.581     .8119587    1.450476
      Obese II (35-39.9)  |   1.145576   .1894587     0.82   0.411     .8284187    1.584157
         Obese III (40+)  |   1.056199   .2033549     0.28   0.776     .7242021    1.540393
                          |
                  smoking |
   Current/former smoker  |   1.070805   .0731272     1.00   0.316     .9366562    1.224166
                     age1 |    .998441   .0043159    -0.36   0.718     .9900177    1.006936
                     age2 |   .9902681    .016265    -0.60   0.552     .9588969    1.022666
                     age3 |   1.049607    .056807     0.89   0.371      .943969    1.167066
                          |
                    month |
                February  |   1.621442   .3013871     2.60   0.009     1.126376    2.334099
                   March  |   1.429916   .3230181     1.58   0.113     .9183833    2.226368
                   April  |   1.348877   .2813429     1.43   0.151      .896257    2.030076
                     May  |   1.307565   .2459686     1.43   0.154      .904362    1.890534
                    June  |   1.486818   .3541426     1.67   0.096     .9322053    2.371396
                    July  |   1.251498   .2044353     1.37   0.170     .9086246    1.723757
                  August  |   1.531893   .3849528     1.70   0.090      .936113    2.506853
               September  |    1.10863   .2399631     0.48   0.634     .7253438    1.694452
                 October  |   1.514084   .3102043     2.02   0.043     1.013343    2.262264
                November  |   1.216933   .3008352     0.79   0.427     .7496237     1.97556
                December  |   1.691011    .481236     1.85   0.065     .9680719     2.95383
-------------------------------------------------------------------------------------------

        Failure _d: time_death
  Analysis time _t: (time_end_death-origin)/365.25
            Origin: time time_zero_death
       ID variable: patient_id

Iteration 0:   log pseudolikelihood = -3933.5765
Iteration 1:   log pseudolikelihood = -3895.4785
Iteration 2:   log pseudolikelihood = -3895.3544
Iteration 3:   log pseudolikelihood = -3895.3544
Refining estimates:
Iteration 0:   log pseudolikelihood = -3895.3544

Cox regression with Breslow method for ties

No. of subjects =      10,648                        Number of obs =    10,699
No. of failures =         448
Time at risk    = 14,357.8672
                                                     Wald chi2(35) = 754823.85
Log pseudolikelihood = -3895.3544                    Prob > chi2   =    0.0000

                                        (Std. err. adjusted for 36 clusters in practice_id)
-------------------------------------------------------------------------------------------
                          |               Robust
                       _t | Haz. ratio   std. err.      z    P>|z|     [95% conf. interval]
--------------------------+----------------------------------------------------------------
                     case |
                COVID-19  |   .5474672   .0703253    -4.69   0.000     .4256144    .7042062
                          |
                      sex |
                    Male  |    1.07809   .1139448     0.71   0.477     .8763756    1.326232
                          |
                ethnicity |
             South Asian  |   1.193104   .3421559     0.62   0.538        .6801    2.093072
                   Black  |   1.188587   .1854469     1.11   0.268     .8754347    1.613756
                   Mixed  |   .8735237   .1664885    -0.71   0.478       .60123    1.269138
                   Other  |   .7050238   .1994459    -1.24   0.217     .4049535    1.227446
                          |
                      imd |
                       2  |   1.357093   .1551357     2.67   0.008     1.084688    1.697909
                       3  |   1.106051   .1136466     0.98   0.327     .9043038    1.352808
                       4  |   1.343475   .1137171     3.49   0.000       1.1381     1.58591
        5 Least deprived  |   1.160828   .1054081     1.64   0.101     .9715721    1.386949
                          |
                   region |
                    East  |   .7899871   .1911598    -0.97   0.330     .4916405    1.269382
                  London  |    .903172   .1892373    -0.49   0.627     .5989937    1.361817
              North East  |   .7447141     .10906    -2.01   0.044     .5589011    .9923027
              North West  |   .7201598   .1021605    -2.31   0.021     .5453547     .950996
              South East  |    1.00043   .1463886     0.00   0.998     .7509901    1.332722
              South West  |   .9120314   .1320112    -0.64   0.525     .6867575    1.211201
           West Midlands  |   .9136192   .1073602    -0.77   0.442      .725671    1.150246
Yorkshire and The Humber  |   .9601452   .1509273    -0.26   0.796     .7055611    1.306589
                          |
                    urban |
                   Urban  |   .9082656   .1216474    -0.72   0.473     .6985673    1.180912
                          |
                      bmi |
      Normal (18.5-24.9)  |   1.089385   .1538454     0.61   0.544     .8259858    1.436779
    Overweight (25-29.9)  |   1.136287   .1827155     0.79   0.427     .8291141    1.557262
       Obese I (30-34.9)  |   1.086268   .1590706     0.57   0.572     .8152463    1.447388
      Obese II (35-39.9)  |    1.14142    .189624     0.80   0.426     .8242057    1.580722
         Obese III (40+)  |   1.043475   .2006796     0.22   0.825     .7157814    1.521192
                          |
         1.cardiovascular |   1.223562   .1301384     1.90   0.058     .9933262    1.507162
               1.diabetes |   .7897034   .1014974    -1.84   0.066     .6138503    1.015934
           1.hypertension |   1.080496   .1260397     0.66   0.507     .8596677     1.35805
       1.immunosuppressed |    1.26417   .1011734     2.93   0.003     1.080644    1.478865
        1.non_haem_cancer |   .8805575    .203971    -0.55   0.583     .5592252    1.386528
                          |
                  smoking |
   Current/former smoker  |   1.080796   .0747613     1.12   0.261     .9437659    1.237723
                     age1 |   .9985072   .0045335    -0.33   0.742     .9896612    1.007432
                     age2 |   .9898638   .0168222    -0.60   0.549     .9574359     1.02339
                     age3 |   1.050656   .0585285     0.89   0.375     .9419828    1.171867
                          |
                    month |
                February  |     1.6402   .3016927     2.69   0.007     1.143747    2.352144
                   March  |   1.450724   .3249855     1.66   0.097     .9351949    2.250441
                   April  |   1.367909   .2851534     1.50   0.133     .9091094    2.058249
                     May  |   1.308233   .2464762     1.43   0.154     .9043059    1.892582
                    June  |   1.496319   .3584332     1.68   0.092     .9356741    2.392896
                    July  |   1.242026   .2055546     1.31   0.190     .8979604    1.717924
                  August  |   1.546652   .3867115     1.74   0.081     .9474699    2.524757
               September  |   1.123256   .2408827     0.54   0.588     .7377995    1.710091
                 October  |   1.535029   .3104143     2.12   0.034     1.032729    2.281639
                November  |   1.209931   .2998394     0.77   0.442     .7444236    1.966534
                December  |   1.713457   .4851339     1.90   0.057     .9837194    2.984526
-------------------------------------------------------------------------------------------

. 
. file close tablecontent

. 
end of do-file

. do "C:\Users\LSH170~1\AppData\Local\Temp\STD5158_000000.tmp"

. sysdir set PLUS ./analysis/adofiles

. sysdir set PERSONAL ./analysis/adofiles

. pwd
C:\Users\lsh1703468\Documents\repos

. cap log close
