-------------------------------------------------------------------------------
      name:  <unnamed>
       log:  /workspace/logs/cox_egfr_half_hospitalised.log
  log type:  text
 opened on:  28 Dec 2022, 13:39:27

. use ./output/analysis_hospitalised.dta

. 
. stset exit_date, fail(egfr_half_date) origin(index_date) id(patient_id) scale
> (365.25)

                id:  patient_id
     failure event:  egfr_half_date != 0 & egfr_half_date < .
obs. time interval:  (exit_date[_n-1], exit_date]
 exit on or before:  failure
    t for analysis:  (time-origin)/365.25
            origin:  time index_date

------------------------------------------------------------------------------
     25,013  total observations
        119  observations end on or before enter()
         70  observations begin on or after (first) failure
------------------------------------------------------------------------------
     24,824  observations remaining, representing
     24,604  subjects
      6,411  failures in single-failure-per-subject data
 31,700.569  total analysis time at risk and under observation
                                                at risk from t =         0
                                     earliest observed entry t =         0
                                          last observed exit t =  5.722108

. foreach exposure of varlist     case                    ///
>                                                         covid_vax            
>    ///
>                                                         wave {
  2.         tab _d `exposure', col chi
  3.         strate `exposure'
  4.         stcox i.`exposure' i.sex age1 age2 age3 i.month, vce(cluster pract
> ice_id)
  5.         quietly stcox i.`exposure' i.sex age1 age2 age3 i.month
  6.         est store A
  7.         quietly stcox i.sex age1 age2 age3 i.month
  8.         est store B
  9.         lrtest B A
 10.         stcox i.`exposure' i.sex i.ethnicity i.imd i.region i.urban i.bmi 
> i.smoking age1 age2 age3 i.month, vce(cluster practice_id)
 11.         quietly stcox i.`exposure' i.sex i.ethnicity i.imd i.region i.urba
> n i.bmi i.smoking age1 age2 age3 i.month
 12.         est store A
 13.         quietly stcox i.sex i.ethnicity i.imd i.region i.urban i.bmi i.smo
> king age1 age2 age3 i.month
 14.         est store B
 15.         lrtest B A
 16.         stcox i.`exposure' i.sex i.ethnicity i.imd i.region i.urban i.bmi 
> i.cardiovascular i.diabetes i.hypertension i.immunosuppressed i.non_haem_canc
> er i.smoking age1 age2 age3 i.month, vce(cluster practice_id)
 17.         quietly stcox i.`exposure' i.sex i.ethnicity i.imd i.region i.urba
> n i.bmi i.cardiovascular i.diabetes i.hypertension i.immunosuppressed i.non_h
> aem_cancer i.smoking age1 age2 age3 i.month
 18.         est store A
 19.         quietly stcox i.sex i.ethnicity i.imd i.region i.urban i.bmi i.car
> diovascular i.diabetes i.hypertension i.immunosuppressed i.non_haem_cancer i.
> smoking age1 age2 age3 i.month
 20.         est store B
 21.         lrtest B A
 22.         }

+-------------------+
| Key               |
|-------------------|
|     frequency     |
| column percentage |
+-------------------+

      1 if |
failure; 0 |
        if |         case
  censored | Pneumonia   COVID-19 |     Total
-----------+----------------------+----------
         0 |     9,549      8,864 |    18,413 
           |     74.79      73.52 |     74.17 
-----------+----------------------+----------
         1 |     3,218      3,193 |     6,411 
           |     25.21      26.48 |     25.83 
-----------+----------------------+----------
     Total |    12,767     12,057 |    24,824 
           |    100.00     100.00 |    100.00 

          Pearson chi2(1) =   5.2782   Pr = 0.022

         failure _d:  egfr_half_date
   analysis time _t:  (exit_date-origin)/365.25
             origin:  time index_date
                 id:  patient_id

Estimated rates and lower/upper bounds of 95% confidence intervals
(24824 records included in the analysis)

  +-------------------------------------------------------------------------+
  |                     case      D         Y      Rate     Lower     Upper |
  |-------------------------------------------------------------------------|
  | Pneumonia (pre-pandemic)   3218   1.6e+04   0.20138   0.19454   0.20846 |
  |                 COVID-19   3193   1.6e+04   0.20311   0.19618   0.21028 |
  +-------------------------------------------------------------------------+


         failure _d:  egfr_half_date
   analysis time _t:  (exit_date-origin)/365.25
             origin:  time index_date
                 id:  patient_id

Iteration 0:   log pseudolikelihood = -57946.904
Iteration 1:   log pseudolikelihood = -57742.125
Iteration 2:   log pseudolikelihood = -57738.627
Iteration 3:   log pseudolikelihood = -57738.624
Refining estimates:
Iteration 0:   log pseudolikelihood = -57738.624

Cox regression -- Breslow method for ties

No. of subjects      =       24,604             Number of obs    =      24,824
No. of failures      =        6,411
Time at risk         =  31700.56947
                                                Wald chi2(16)    =     3669.85
Log pseudolikelihood =   -57738.624             Prob > chi2      =      0.0000

                           (Std. Err. adjusted for 39 clusters in practice_id)
------------------------------------------------------------------------------
             |               Robust
          _t | Haz. Ratio   Std. Err.      z    P>|z|     [95% Conf. Interval]
-------------+----------------------------------------------------------------
        case |
   COVID-19  |   .9340122     .01812    -3.52   0.000     .8991643    .9702106
             |
         sex |
       Male  |   .8457945   .0137389   -10.31   0.000     .8192909    .8731554
        age1 |   1.003959   .0029514     1.34   0.179     .9981904     1.00976
        age2 |   .9839107   .0090093    -1.77   0.076     .9664103    1.001728
        age3 |   1.049391    .026389     1.92   0.055     .9989235    1.102408
             |
       month |
          2  |   1.123821   .0525697     2.50   0.013     1.025368    1.231727
          3  |   .4751012   .0253808   -13.93   0.000     .4278715    .5275444
          4  |   .5079335   .0299598   -11.48   0.000     .4524805    .5701824
          5  |    .634239   .0348267    -8.29   0.000     .5695247    .7063068
          6  |   .6313716   .0394179    -7.37   0.000     .5586536    .7135549
          7  |   .6854994   .0403031    -6.42   0.000     .6108883    .7692232
          8  |   .6866382   .0527585    -4.89   0.000      .590643    .7982353
          9  |   .7792439   .0456231    -4.26   0.000     .6947641    .8739962
         10  |    .765532   .0616674    -3.32   0.001     .6537246     .896462
         11  |   .9014167   .0657316    -1.42   0.155     .7813682    1.039909
         12  |   .9790169   .0518382    -0.40   0.689     .8825101    1.086077
------------------------------------------------------------------------------

Likelihood-ratio test                                 LR chi2(1)  =      7.30
(Assumption: B nested in A)                           Prob > chi2 =    0.0069

         failure _d:  egfr_half_date
   analysis time _t:  (exit_date-origin)/365.25
             origin:  time index_date
                 id:  patient_id

Iteration 0:   log pseudolikelihood =  -22170.82
Iteration 1:   log pseudolikelihood = -22083.706
Iteration 2:   log pseudolikelihood =  -22083.05
Iteration 3:   log pseudolikelihood =  -22083.05
Refining estimates:
Iteration 0:   log pseudolikelihood =  -22083.05

Cox regression -- Breslow method for ties

No. of subjects      =       10,547             Number of obs    =      10,585
No. of failures      =        2,700
Time at risk         =  13497.84805
                                                Wald chi2(35)    =  3047967.49
Log pseudolikelihood =    -22083.05             Prob > chi2      =      0.0000

                           (Std. Err. adjusted for 36 clusters in practice_id)
------------------------------------------------------------------------------
             |               Robust
          _t | Haz. Ratio   Std. Err.      z    P>|z|     [95% Conf. Interval]
-------------+----------------------------------------------------------------
        case |
   COVID-19  |   .9048334   .0258706    -3.50   0.000     .8555226    .9569865
             |
         sex |
       Male  |   .8257998   .0225733    -7.00   0.000     .7827213    .8712492
             |
   ethnicity |
South Asian  |   .9027736   .0940498    -0.98   0.326     .7360405    1.107276
      Black  |   .8658473   .0428327    -2.91   0.004     .7858381    .9540025
      Mixed  |   .9280866   .0931508    -0.74   0.457     .7623503    1.129854
      Other  |   .8758959   .0753965    -1.54   0.124     .7399148    1.036868
             |
         imd |
          2  |   .9628493   .0548624    -0.66   0.506     .8611078    1.076612
          3  |   .8596246   .0429193    -3.03   0.002     .7794893    .9479983
          4  |   .9438412    .048587    -1.12   0.262     .8532589     1.04404
5 Least d..  |    .941398   .0661964    -0.86   0.390     .8201991    1.080506
             |
      region |
       East  |    1.03197   .0521034     0.62   0.533     .9347393    1.139315
     London  |    1.04103   .0454514     0.92   0.357     .9556516    1.134035
 North East  |   1.010878   .0398614     0.27   0.784     .9356939    1.092103
 North West  |   .9918892   .0609897    -0.13   0.895     .8792738    1.118928
 South East  |   .8179472   .0521141    -3.15   0.002     .7219255    .9267405
 South West  |   .8803762   .0597747    -1.88   0.061     .7706806    1.005685
West Midl..  |   .9385347   .0500499    -1.19   0.234     .8453912    1.041941
Yorkshire..  |   .9344738   .0854599    -0.74   0.459     .7811288    1.117922
             |
       urban |
      Urban  |   1.047153   .0294549     1.64   0.101     .9909848    1.106504
             |
         bmi |
Normal (..)  |   .8978757   .0482949    -2.00   0.045     .8080381    .9977016
Overweig..)  |   .8822278   .0464713    -2.38   0.017     .7956897    .9781777
Obese I ..)  |   .8629154   .0372066    -3.42   0.001     .7929882    .9390089
Obese II..)  |   .9041424    .049134    -1.85   0.064     .8127927    1.005759
Obese II..)  |   .9332831   .0609043    -1.06   0.290     .8212315    1.060623
             |
     smoking |
Current/f..  |   1.069247   .0412794     1.73   0.083     .9913256    1.153292
        age1 |   1.001706    .002855     0.60   0.550     .9961257    1.007317
        age2 |    .993217    .009011    -0.75   0.453     .9757118    1.011036
        age3 |   1.022769   .0262205     0.88   0.380     .9726474    1.075473
             |
       month |
          2  |   1.095999    .088151     1.14   0.254     .9361559    1.283134
          3  |   .5512258   .0463362    -7.09   0.000     .4674953    .6499528
          4  |   .6075544   .0443659    -6.82   0.000      .526535    .7010405
          5  |   .7370721   .0521925    -4.31   0.000     .6415579    .8468063
          6  |   .7025894   .0505482    -4.91   0.000     .6101849    .8089874
          7  |   .7484907   .0667425    -3.25   0.001     .6284709    .8914308
          8  |   .7459948   .0780409    -2.80   0.005     .6076995    .9157621
          9  |   .7674256   .0739927    -2.75   0.006     .6352814     .927057
         10  |   .8487217   .0817291    -1.70   0.089     .7027444    1.025022
         11  |   1.024455   .1011544     0.24   0.807     .8442002    1.243198
         12  |   1.105151   .0777067     1.42   0.155     .9628775    1.268447
------------------------------------------------------------------------------

Likelihood-ratio test                                 LR chi2(1)  =      6.57
(Assumption: B nested in A)                           Prob > chi2 =    0.0104

         failure _d:  egfr_half_date
   analysis time _t:  (exit_date-origin)/365.25
             origin:  time index_date
                 id:  patient_id

Iteration 0:   log pseudolikelihood =  -22170.82
Iteration 1:   log pseudolikelihood = -22081.759
Iteration 2:   log pseudolikelihood = -22081.092
Iteration 3:   log pseudolikelihood = -22081.092
Refining estimates:
Iteration 0:   log pseudolikelihood = -22081.092

Cox regression -- Breslow method for ties

No. of subjects      =       10,547             Number of obs    =      10,585
No. of failures      =        2,700
Time at risk         =  13497.84805
                                                Wald chi2(35)    =  7674132.09
Log pseudolikelihood =   -22081.092             Prob > chi2      =      0.0000

                           (Std. Err. adjusted for 36 clusters in practice_id)
------------------------------------------------------------------------------
             |               Robust
          _t | Haz. Ratio   Std. Err.      z    P>|z|     [95% Conf. Interval]
-------------+----------------------------------------------------------------
        case |
   COVID-19  |   .9049457   .0266123    -3.40   0.001     .8542612    .9586373
             |
         sex |
       Male  |   .8269541   .0229259    -6.85   0.000     .7832191    .8731313
             |
   ethnicity |
South Asian  |   .9074465   .0957382    -0.92   0.357     .7379329      1.1159
      Black  |   .8641195    .043326    -2.91   0.004     .7832411    .9533495
      Mixed  |   .9281132    .091348    -0.76   0.448     .7652844    1.125587
      Other  |   .8768869   .0748492    -1.54   0.124     .7418001    1.036574
             |
         imd |
          2  |   .9653843   .0559235    -0.61   0.543     .8617697    1.081457
          3  |   .8615017   .0434728    -2.95   0.003     .7803746    .9510628
          4  |   .9428748   .0479126    -1.16   0.247     .8534927    1.041617
5 Least d..  |   .9408955    .065874    -0.87   0.384     .8202515    1.079284
             |
      region |
       East  |   1.033617   .0517622     0.66   0.509     .9369852    1.140215
     London  |   1.041941   .0463914     0.92   0.356     .9548696    1.136951
 North East  |   1.012923   .0399627     0.33   0.745     .9375493    1.094356
 North West  |   .9961018   .0616701    -0.06   0.950     .8822764    1.124612
 South East  |    .819179   .0513064    -3.18   0.001     .7245474    .9261703
 South West  |   .8842051   .0600487    -1.81   0.070     .7740084    1.010091
West Midl..  |   .9374961   .0492796    -1.23   0.219     .8457188    1.039233
Yorkshire..  |   .9350938   .0853499    -0.74   0.462     .7819202    1.118273
             |
       urban |
      Urban  |   1.045288   .0296465     1.56   0.118     .9887676     1.10504
             |
         bmi |
Normal (..)  |   .8981322   .0482191    -2.00   0.045     .8084269    .9977915
Overweig..)  |   .8830681   .0464153    -2.37   0.018     .7966248    .9788916
Obese I ..)  |   .8636778    .036774    -3.44   0.001     .7945277    .9388464
Obese II..)  |   .9056764   .0486281    -1.85   0.065     .8152108    1.006181
Obese II..)  |   .9351162   .0612161    -1.02   0.305     .8225132    1.063135
             |
1.cardiova~r |   .9548707   .0473651    -0.93   0.352     .8664067    1.052367
  1.diabetes |   .9943094   .0405152    -0.14   0.889     .9179892    1.076975
1.hyperten~n |   .9827171   .0397494    -0.43   0.666     .9078179    1.063796
1.immunosu~d |   .9266747   .0504955    -1.40   0.162     .8328071    1.031122
1.non_haem~r |    1.16328   .1387699     1.27   0.205     .9207525     1.46969
             |
     smoking |
Current/f..  |   1.069507   .0416261     1.73   0.084     .9909559    1.154286
        age1 |   1.001747     .00282     0.62   0.535     .9962349    1.007289
        age2 |   .9932012   .0089324    -0.76   0.448     .9758474    1.010864
        age3 |   1.022942   .0260878     0.89   0.374     .9730682    1.075373
             |
       month |
          2  |   1.095873   .0892811     1.12   0.261     .9341418    1.285606
          3  |   .5503472   .0460865    -7.13   0.000     .4670425    .6485106
          4  |   .6093042   .0432815    -6.97   0.000     .5301144    .7003235
          5  |   .7380188   .0529797    -4.23   0.000     .6411546    .8495171
          6  |     .70283    .050406    -4.92   0.000     .6106652    .8089046
          7  |   .7493064   .0665706    -3.25   0.001     .6295585    .8918314
          8  |   .7460316   .0775227    -2.82   0.005     .6085636    .9145522
          9  |   .7694512    .074846    -2.69   0.007     .6358916    .9310631
         10  |   .8492691   .0820963    -1.69   0.091     .7026876    1.026428
         11  |   1.022607   .1002501     0.23   0.820     .8438444     1.23924
         12  |   1.105825   .0777798     1.43   0.153     .9634206    1.269278
------------------------------------------------------------------------------

Likelihood-ratio test                                 LR chi2(1)  =      6.54
(Assumption: B nested in A)                           Prob > chi2 =    0.0106

+-------------------+
| Key               |
|-------------------|
|     frequency     |
| column percentage |
+-------------------+

      1 if |
failure; 0 |
        if |                   Vaccination status
  censored | Pneumonia  Pre-vacci  1 vaccine  2 vaccine  3 vaccine |     Total
-----------+-------------------------------------------------------+----------
         0 |     9,549         84        183        527      1,835 |    18,413 
           |     74.79      75.00      76.89      73.71      72.88 |     74.17 
-----------+-------------------------------------------------------+----------
         1 |     3,218         28         55        188        683 |     6,411 
           |     25.21      25.00      23.11      26.29      27.12 |     25.83 
-----------+-------------------------------------------------------+----------
     Total |    12,767        112        238        715      2,518 |    24,824 
           |    100.00     100.00     100.00     100.00     100.00 |    100.00 


      1 if |
failure; 0 | Vaccinatio
        if |  n status
  censored | 4 vaccine |     Total
-----------+-----------+----------
         0 |     6,235 |    18,413 
           |     73.58 |     74.17 
-----------+-----------+----------
         1 |     2,239 |     6,411 
           |     26.42 |     25.83 
-----------+-----------+----------
     Total |     8,474 |    24,824 
           |    100.00 |    100.00 

          Pearson chi2(5) =   7.3921   Pr = 0.193

         failure _d:  egfr_half_date
   analysis time _t:  (exit_date-origin)/365.25
             origin:  time index_date
                 id:  patient_id

Estimated rates and lower/upper bounds of 95% confidence intervals
(24824 records included in the analysis)

  +--------------------------------------------------------------------------+
  |                covid_vax      D          Y      Rate     Lower     Upper |
  |--------------------------------------------------------------------------|
  | Pneumonia (pre-pandemic)   3218    1.6e+04   0.20138   0.19454   0.20846 |
  |          Pre-vaccination     28   148.3943   0.18869   0.13028   0.27328 |
  |           1 vaccine dose     55   305.1691   0.18023   0.13837   0.23475 |
  |          2 vaccine doses    188   961.0595   0.19562   0.16956   0.22568 |
  |          3 vaccine doses    683    3.3e+03   0.20603   0.19114   0.22208 |
  |--------------------------------------------------------------------------|
  |          4 vaccine doses   2239    1.1e+04   0.20371   0.19544   0.21232 |
  +--------------------------------------------------------------------------+


         failure _d:  egfr_half_date
   analysis time _t:  (exit_date-origin)/365.25
             origin:  time index_date
                 id:  patient_id

Iteration 0:   log pseudolikelihood = -57946.904
Iteration 1:   log pseudolikelihood = -57741.378
Iteration 2:   log pseudolikelihood = -57737.874
Iteration 3:   log pseudolikelihood = -57737.871
Refining estimates:
Iteration 0:   log pseudolikelihood = -57737.871

Cox regression -- Breslow method for ties

No. of subjects      =       24,604             Number of obs    =      24,824
No. of failures      =        6,411
Time at risk         =  31700.56947
                                                Wald chi2(20)    =     6560.40
Log pseudolikelihood =   -57737.871             Prob > chi2      =      0.0000

                           (Std. Err. adjusted for 39 clusters in practice_id)
------------------------------------------------------------------------------
             |               Robust
          _t | Haz. Ratio   Std. Err.      z    P>|z|     [95% Conf. Interval]
-------------+----------------------------------------------------------------
   covid_vax |
Pre-vacci~n  |   .8875619   .1346999    -0.79   0.432     .6591997    1.195034
1 vaccine..  |   .8165153   .0541572    -3.06   0.002     .7169791    .9298698
2 vaccine..  |   .9095722   .0486094    -1.77   0.076     .8191194    1.010013
3 vaccine..  |   .9524654   .0346651    -1.34   0.181     .8868898     1.02289
4 vaccine..  |   .9345083   .0219014    -2.89   0.004     .8925533    .9784355
             |
         sex |
       Male  |   .8458939   .0137669   -10.28   0.000     .8193372    .8733115
        age1 |     1.0039   .0029593     1.32   0.187     .9981166    1.009717
        age2 |   .9841041   .0090661    -1.74   0.082     .9664943    1.002035
        age3 |   1.048829   .0265793     1.88   0.060     .9980071    1.102239
             |
       month |
          2  |   1.123928   .0524653     2.50   0.012     1.025662    1.231609
          3  |   .4747394   .0252939   -13.98   0.000     .4276649    .5269955
          4  |   .5081307   .0298696   -11.52   0.000      .452834    .5701799
          5  |   .6338218   .0344134    -8.40   0.000     .5698376    .7049905
          6  |   .6310834   .0392123    -7.41   0.000     .5587242    .7128137
          7  |   .6853007   .0401392    -6.45   0.000      .610977    .7686657
          8  |   .6860822   .0525495    -4.92   0.000     .5904452      .79721
          9  |   .7798327   .0456944    -4.24   0.000     .6952246    .8747375
         10  |   .7654093   .0618294    -3.31   0.001     .6533322    .8967129
         11  |   .9014691   .0657648    -1.42   0.155     .7813637    1.040036
         12  |   .9779718      .0516    -0.42   0.673     .8818913     1.08452
------------------------------------------------------------------------------

Likelihood-ratio test                                 LR chi2(5)  =      8.81
(Assumption: B nested in A)                           Prob > chi2 =    0.1169

         failure _d:  egfr_half_date
   analysis time _t:  (exit_date-origin)/365.25
             origin:  time index_date
                 id:  patient_id

Iteration 0:   log pseudolikelihood =  -22170.82
Iteration 1:   log pseudolikelihood = -22077.881
Iteration 2:   log pseudolikelihood = -22076.682
Iteration 3:   log pseudolikelihood = -22076.674
Iteration 4:   log pseudolikelihood = -22076.674
Refining estimates:
Iteration 0:   log pseudolikelihood = -22076.674

Cox regression -- Breslow method for ties

No. of subjects      =       10,547             Number of obs    =      10,585
No. of failures      =        2,700
Time at risk         =  13497.84805
                                                Wald chi2(35)    =  1845558.38
Log pseudolikelihood =   -22076.674             Prob > chi2      =      0.0000

                           (Std. Err. adjusted for 36 clusters in practice_id)
------------------------------------------------------------------------------
             |               Robust
          _t | Haz. Ratio   Std. Err.      z    P>|z|     [95% Conf. Interval]
-------------+----------------------------------------------------------------
   covid_vax |
Pre-vacci~n  |   .6056501   .2869393    -1.06   0.290     .2393026    1.532838
1 vaccine..  |   .3866863   .0862006    -4.26   0.000     .2498089    .5985628
2 vaccine..  |   .8656944   .0685759    -1.82   0.069     .7412023    1.011096
3 vaccine..  |    .906266   .0508916    -1.75   0.080     .8118135    1.011708
4 vaccine..  |   .9248766   .0347604    -2.08   0.038     .8591963    .9955778
             |
         sex |
       Male  |   .8259997   .0232043    -6.80   0.000     .7817494    .8727547
             |
   ethnicity |
South Asian  |   .9008179   .0939572    -1.00   0.317     .7342685    1.105145
      Black  |   .8681793   .0432721    -2.84   0.005     .7873784    .9572719
      Mixed  |    .925075   .0946719    -0.76   0.447     .7569467    1.130547
      Other  |   .8733267   .0737753    -1.60   0.109      .740066    1.030583
             |
         imd |
          2  |   .9621507   .0549962    -0.68   0.500     .8601787    1.076211
          3  |   .8612418   .0423873    -3.04   0.002     .7820454    .9484583
          4  |    .948999   .0460973    -1.08   0.281     .8628175    1.043789
5 Least d..  |   .9427499   .0661235    -0.84   0.401     .8216637     1.08168
             |
      region |
       East  |   1.031047   .0523115     0.60   0.547     .9334509    1.138846
     London  |   1.036092   .0469846     0.78   0.434     .9479778    1.132397
 North East  |   1.009602    .040904     0.24   0.814     .9325317    1.093041
 North West  |   .9847496   .0609592    -0.25   0.804     .8722354    1.111778
 South East  |   .8146926   .0513378    -3.25   0.001     .7200379    .9217904
 South West  |    .873881   .0617289    -1.91   0.056     .7608963    1.003643
West Midl..  |   .9343627   .0506848    -1.25   0.211     .8401209    1.039176
Yorkshire..  |    .930182   .0891418    -0.76   0.450     .7708947    1.122382
             |
       urban |
      Urban  |   1.052314   .0291893     1.84   0.066      .996631    1.111107
             |
         bmi |
Normal (..)  |   .8989378   .0483945    -1.98   0.048     .8089191    .9989741
Overweig..)  |   .8882305   .0474067    -2.22   0.026     .8000099    .9861797
Obese I ..)  |   .8651985   .0378357    -3.31   0.001      .794131    .9426259
Obese II..)  |   .9117072   .0506883    -1.66   0.096     .8175814    1.016669
Obese II..)  |   .9356874   .0615185    -1.01   0.312     .8225589    1.064375
             |
     smoking |
Current/f..  |   1.068737   .0420596     1.69   0.091     .9894011    1.154435
        age1 |   1.001463   .0029145     0.50   0.615     .9957672    1.007192
        age2 |   .9942432   .0092608    -0.62   0.535     .9762571    1.012561
        age3 |   1.019683   .0270146     0.74   0.462     .9680863    1.074029
             |
       month |
          2  |   1.101336    .086913     1.22   0.221     .9435104    1.285563
          3  |   .5502864   .0466476    -7.05   0.000     .4660502    .6497479
          4  |   .6075716   .0435497    -6.95   0.000     .5279402     .699214
          5  |   .7382267   .0515613    -4.35   0.000     .6437805    .8465288
          6  |   .7016612    .050711    -4.90   0.000     .6089881    .8084368
          7  |   .7504556   .0672437    -3.20   0.001     .6295846     .894532
          8  |   .7433525   .0779062    -2.83   0.005     .6053208    .9128596
          9  |   .7718478   .0736361    -2.71   0.007     .6402138    .9305471
         10  |   .8485719   .0835516    -1.67   0.095     .6996455    1.029199
         11  |   1.023138   .1016692     0.23   0.818     .8420742    1.243135
         12  |   1.103494   .0774171     1.40   0.160     .9617289    1.266156
------------------------------------------------------------------------------

Likelihood-ratio test                                 LR chi2(5)  =     19.32
(Assumption: B nested in A)                           Prob > chi2 =    0.0017

         failure _d:  egfr_half_date
   analysis time _t:  (exit_date-origin)/365.25
             origin:  time index_date
                 id:  patient_id

Iteration 0:   log pseudolikelihood =  -22170.82
Iteration 1:   log pseudolikelihood = -22075.954
Iteration 2:   log pseudolikelihood = -22074.736
Iteration 3:   log pseudolikelihood = -22074.728
Iteration 4:   log pseudolikelihood = -22074.728
Refining estimates:
Iteration 0:   log pseudolikelihood = -22074.728

Cox regression -- Breslow method for ties

No. of subjects      =       10,547             Number of obs    =      10,585
No. of failures      =        2,700
Time at risk         =  13497.84805
                                                Wald chi2(35)    =    1.15e+07
Log pseudolikelihood =   -22074.728             Prob > chi2      =      0.0000

                           (Std. Err. adjusted for 36 clusters in practice_id)
------------------------------------------------------------------------------
             |               Robust
          _t | Haz. Ratio   Std. Err.      z    P>|z|     [95% Conf. Interval]
-------------+----------------------------------------------------------------
   covid_vax |
Pre-vacci~n  |   .6099494   .2857609    -1.06   0.291     .2435042    1.527852
1 vaccine..  |   .3860064   .0860637    -4.27   0.000      .249351     .597555
2 vaccine..  |   .8667549   .0695078    -1.78   0.075     .7406887    1.014278
3 vaccine..  |   .9066322   .0523196    -1.70   0.089     .8096743    1.015201
4 vaccine..  |   .9248647   .0353639    -2.04   0.041     .8580862      .99684
             |
         sex |
       Male  |   .8271241   .0235458    -6.67   0.000     .7822389    .8745848
             |
   ethnicity |
South Asian  |   .9052821   .0956149    -0.94   0.346     .7360053    1.113492
      Black  |   .8661635   .0437081    -2.85   0.004     .7845972    .9562093
      Mixed  |   .9249334   .0929272    -0.78   0.437     .7596107    1.126237
      Other  |   .8741954   .0731933    -1.61   0.108     .7418915    1.030094
             |
         imd |
          2  |   .9648619   .0559736    -0.62   0.537     .8611626    1.081048
          3  |   .8631343   .0429448    -2.96   0.003     .7829378    .9515454
          4  |   .9481774   .0453983    -1.11   0.266     .8632458    1.041465
5 Least d..  |   .9422407   .0658348    -0.85   0.394     .8216522    1.080527
             |
      region |
       East  |   1.033042   .0518643     0.65   0.517     .9362315    1.139864
     London  |   1.036876   .0480239     0.78   0.434     .9468964    1.135405
 North East  |   1.011467   .0411643     0.28   0.779     .9339208    1.095453
 North West  |   .9889468   .0618606    -0.18   0.859     .8748399    1.117937
 South East  |   .8160179   .0505585    -3.28   0.001     .7227053    .9213785
 South West  |   .8775689   .0621679    -1.84   0.065     .7638027     1.00828
West Midl..  |   .9332439    .049793    -1.29   0.195     .8405809    1.036122
Yorkshire..  |    .930899   .0891148    -0.75   0.454     .7716445    1.123021
             |
       urban |
      Urban  |   1.050617   .0292844     1.77   0.076     .9947603     1.10961
             |
         bmi |
Normal (..)  |   .8991445   .0483195    -1.98   0.048     .8092568    .9990163
Overweig..)  |   .8888698    .047326    -2.21   0.027     .8007884    .9866396
Obese I ..)  |   .8659121   .0374395    -3.33   0.001     .7955553    .9424911
Obese II..)  |    .913072   .0502449    -1.65   0.098     .8197185    1.017057
Obese II..)  |     .93754   .0618243    -0.98   0.328     .8238705    1.066892
             |
1.cardiova~r |   .9566255    .046811    -0.91   0.365       .86914    1.052917
  1.diabetes |   .9914897   .0406842    -0.21   0.835     .9148723    1.074523
1.hyperten~n |   .9860622   .0398495    -0.35   0.728     .9109718    1.067342
1.immunosu~d |   .9243222   .0512013    -1.42   0.155     .8292251    1.030325
1.non_haem~r |    1.16328   .1366591     1.29   0.198     .9240326    1.464472
             |
     smoking |
Current/f..  |   1.068655   .0423829     1.67   0.094     .9887321    1.155037
        age1 |   1.001515   .0028773     0.53   0.598     .9958909     1.00717
        age2 |   .9941872   .0091704    -0.63   0.527      .976375    1.012324
        age3 |   1.019973   .0268631     0.75   0.453     .9686583    1.074007
             |
       month |
          2  |   1.101106   .0879502     1.21   0.228     .9415425    1.287711
          3  |   .5493533   .0463622    -7.10   0.000     .4656025    .6481687
          4  |    .609262    .042495    -7.10   0.000     .5314155    .6985122
          5  |   .7392396   .0522699    -4.27   0.000     .6435743    .8491252
          6  |   .7017393   .0505061    -4.92   0.000     .6094142    .8080516
          7  |   .7512746    .067074    -3.20   0.001     .6306714    .8949406
          8  |   .7434437   .0774201    -2.85   0.004     .6061866    .9117795
          9  |   .7739413   .0743417    -2.67   0.008     .6411284     .934267
         10  |   .8490407   .0838112    -1.66   0.097     .6996873    1.030275
         11  |   1.021281   .1007431     0.21   0.831     .8417428    1.239113
         12  |   1.104113   .0773758     1.41   0.158     .9624129    1.266675
------------------------------------------------------------------------------

Likelihood-ratio test                                 LR chi2(5)  =     19.26
(Assumption: B nested in A)                           Prob > chi2 =    0.0017

+-------------------+
| Key               |
|-------------------|
|     frequency     |
| column percentage |
+-------------------+

      1 if |
failure; 0 |
        if |                     COVID-19 wave
  censored | Pneumonia  Feb20-Aug  Sep20-Jun  Jul21-Nov  Dec21-Oct |     Total
-----------+-------------------------------------------------------+----------
         0 |     9,549      1,740      2,586      1,363      3,175 |    18,413 
           |     74.79      62.39      66.53      76.40      88.27 |     74.17 
-----------+-------------------------------------------------------+----------
         1 |     3,218      1,049      1,301        421        422 |     6,411 
           |     25.21      37.61      33.47      23.60      11.73 |     25.83 
-----------+-------------------------------------------------------+----------
     Total |    12,767      2,789      3,887      1,784      3,597 |    24,824 
           |    100.00     100.00     100.00     100.00     100.00 |    100.00 

          Pearson chi2(4) = 701.0047   Pr = 0.000

         failure _d:  egfr_half_date
   analysis time _t:  (exit_date-origin)/365.25
             origin:  time index_date
                 id:  patient_id

Estimated rates and lower/upper bounds of 95% confidence intervals
(24824 records included in the analysis)

  +-------------------------------------------------------------------------+
  |                     wave      D         Y      Rate     Lower     Upper |
  |-------------------------------------------------------------------------|
  | Pneumonia (pre-pandemic)   3218   1.6e+04   0.20138   0.19454   0.20846 |
  |              Feb20-Aug20   1049   5.7e+03   0.18308   0.17233   0.19451 |
  |              Sep20-Jun21   1301   6.2e+03   0.20893   0.19788   0.22060 |
  |              Jul21-Nov21    421   1.9e+03   0.21709   0.19731   0.23885 |
  |              Dec21-Oct22    422   1.8e+03   0.23122   0.21018   0.25437 |
  +-------------------------------------------------------------------------+


         failure _d:  egfr_half_date
   analysis time _t:  (exit_date-origin)/365.25
             origin:  time index_date
                 id:  patient_id

Iteration 0:   log pseudolikelihood = -57946.904
Iteration 1:   log pseudolikelihood = -57595.992
Iteration 2:   log pseudolikelihood = -57585.788
Iteration 3:   log pseudolikelihood = -57585.779
Refining estimates:
Iteration 0:   log pseudolikelihood = -57585.779

Cox regression -- Breslow method for ties

No. of subjects      =       24,604             Number of obs    =      24,824
No. of failures      =        6,411
Time at risk         =  31700.56947
                                                Wald chi2(19)    =    11008.67
Log pseudolikelihood =   -57585.779             Prob > chi2      =      0.0000

                           (Std. Err. adjusted for 39 clusters in practice_id)
------------------------------------------------------------------------------
             |               Robust
          _t | Haz. Ratio   Std. Err.      z    P>|z|     [95% Conf. Interval]
-------------+----------------------------------------------------------------
        wave |
Feb20-Aug20  |   .6399402   .0136898   -20.87   0.000     .6136635    .6673422
Sep20-Jun21  |   1.061963   .0302828     2.11   0.035     1.004238    1.123006
Jul21-Nov21  |   1.632938   .0894353     8.95   0.000     1.466728    1.817982
Dec21-Oct22  |   1.563056   .1042117     6.70   0.000     1.371587    1.781253
             |
         sex |
       Male  |     .84705   .0145361    -9.67   0.000     .8190336    .8760248
        age1 |   1.003613   .0030869     1.17   0.241      .997581    1.009681
        age2 |   .9851382   .0093394    -1.58   0.114     .9670023    1.003614
        age3 |   1.046286   .0271435     1.74   0.081     .9944155    1.100862
             |
       month |
          2  |   1.208087   .0599187     3.81   0.000     1.096177    1.331423
          3  |   .5821378   .0336002    -9.37   0.000      .519871    .6518625
          4  |   .6181703   .0402428    -7.39   0.000     .5441203    .7022977
          5  |    .762172   .0446335    -4.64   0.000     .6795256    .8548701
          6  |   .7586801   .0492388    -4.26   0.000     .6680595     .861593
          7  |   .7748412   .0482129    -4.10   0.000     .6858805    .8753403
          8  |   .7693051   .0625486    -3.23   0.001     .6559812    .9022064
          9  |   .7601233   .0450834    -4.62   0.000     .6767039     .853826
         10  |   .7476544   .0606815    -3.58   0.000     .6376984    .8765698
         11  |   .8931046   .0643284    -1.57   0.117     .7755183     1.02852
         12  |   .9820465   .0558116    -0.32   0.750     .8785301     1.09776
------------------------------------------------------------------------------

Likelihood-ratio test                                 LR chi2(4)  =    312.99
(Assumption: B nested in A)                           Prob > chi2 =    0.0000

         failure _d:  egfr_half_date
   analysis time _t:  (exit_date-origin)/365.25
             origin:  time index_date
                 id:  patient_id

Iteration 0:   log pseudolikelihood =  -22170.82
Iteration 1:   log pseudolikelihood = -22014.892
Iteration 2:   log pseudolikelihood = -22011.642
Iteration 3:   log pseudolikelihood =  -22011.64
Refining estimates:
Iteration 0:   log pseudolikelihood =  -22011.64

Cox regression -- Breslow method for ties

No. of subjects      =       10,547             Number of obs    =      10,585
No. of failures      =        2,700
Time at risk         =  13497.84805
                                                Wald chi2(35)    =  2902040.40
Log pseudolikelihood =    -22011.64             Prob > chi2      =      0.0000

                           (Std. Err. adjusted for 36 clusters in practice_id)
------------------------------------------------------------------------------
             |               Robust
          _t | Haz. Ratio   Std. Err.      z    P>|z|     [95% Conf. Interval]
-------------+----------------------------------------------------------------
        wave |
Feb20-Aug20  |   .6086335   .0352285    -8.58   0.000     .5433595    .6817489
Sep20-Jun21  |   1.029459   .0514736     0.58   0.561     .9333585    1.135455
Jul21-Nov21  |   1.733665    .107051     8.91   0.000     1.536049    1.956706
Dec21-Oct22  |   1.416116   .1105289     4.46   0.000      1.21524    1.650197
             |
         sex |
       Male  |   .8277862    .021383    -7.32   0.000     .7869196    .8707752
             |
   ethnicity |
South Asian  |   .9155255   .0941166    -0.86   0.391     .7484563    1.119888
      Black  |   .8602234   .0436736    -2.97   0.003     .7787458    .9502258
      Mixed  |    .914874   .0946183    -0.86   0.390     .7470129    1.120455
      Other  |   .8785548   .0750198    -1.52   0.129     .7431642    1.038611
             |
         imd |
          2  |   .9590511   .0460342    -0.87   0.384     .8729398    1.053657
          3  |   .8678087   .0400205    -3.07   0.002     .7928105    .9499015
          4  |   .9508177   .0421291    -1.14   0.255       .87173    1.037081
5 Least d..  |   .9494451   .0586982    -0.84   0.401     .8410957    1.071752
             |
      region |
       East  |   1.038378   .0548218     0.71   0.476     .9363011    1.151582
     London  |   1.051891   .0441485     1.21   0.228     .9688245    1.142079
 North East  |   1.016299   .0398806     0.41   0.680     .9410652    1.097548
 North West  |    .983078    .062506    -0.27   0.788     .8678944    1.113548
 South East  |   .8142631   .0517476    -3.23   0.001     .7189021    .9222737
 South West  |   .8863586   .0629521    -1.70   0.089     .7711774    1.018743
West Midl..  |   .9503253   .0520282    -0.93   0.352     .8536324    1.057971
Yorkshire..  |   .9342443   .0849373    -0.75   0.454     .7817593    1.116472
             |
       urban |
      Urban  |   1.042431   .0301242     1.44   0.150     .9850292    1.103177
             |
         bmi |
Normal (..)  |   .8898614   .0457187    -2.27   0.023     .8046183    .9841353
Overweig..)  |    .887957   .0448371    -2.35   0.019     .8042865    .9803319
Obese I ..)  |   .8670483    .036026    -3.43   0.001     .7992372    .9406128
Obese II..)  |   .9133963   .0473286    -1.75   0.080     .8251888    1.011033
Obese II..)  |   .9320225   .0610452    -1.07   0.282     .8197374    1.059688
             |
     smoking |
Current/f..  |   1.072643   .0419101     1.79   0.073     .9935672    1.158013
        age1 |   1.000863   .0030613     0.28   0.778     .9948812    1.006881
        age2 |   .9951484   .0093751    -0.52   0.606      .976942    1.013694
        age3 |   1.018736   .0264782     0.71   0.475     .9681393    1.071977
             |
       month |
          2  |   1.169763   .0926918     1.98   0.048     1.001495    1.366303
          3  |   .6702857   .0591408    -4.53   0.000     .5638409    .7968257
          4  |   .7334907   .0571394    -3.98   0.000       .62963    .8544837
          5  |   .8648263   .0673014    -1.87   0.062     .7424851    1.007326
          6  |   .8328809   .0690825    -2.20   0.027     .7079144    .9799073
          7  |   .8294333   .0807975    -1.92   0.055     .6852727    1.003921
          8  |   .8063227   .0969241    -1.79   0.073     .6370743    1.020534
          9  |    .722175   .0723289    -3.25   0.001     .5934594    .8788078
         10  |   .8091141   .0804988    -2.13   0.033     .6657692    .9833221
         11  |   .9990945   .1009519    -0.01   0.993     .8195931    1.217909
         12  |   1.102253   .0776412     1.38   0.167     .9601165    1.265432
------------------------------------------------------------------------------

Likelihood-ratio test                                 LR chi2(4)  =    149.39
(Assumption: B nested in A)                           Prob > chi2 =    0.0000

         failure _d:  egfr_half_date
   analysis time _t:  (exit_date-origin)/365.25
             origin:  time index_date
                 id:  patient_id

Iteration 0:   log pseudolikelihood =  -22170.82
Iteration 1:   log pseudolikelihood = -22012.643
Iteration 2:   log pseudolikelihood = -22009.371
Iteration 3:   log pseudolikelihood =  -22009.37
Iteration 4:   log pseudolikelihood =  -22009.37
Refining estimates:
Iteration 0:   log pseudolikelihood =  -22009.37

Cox regression -- Breslow method for ties

No. of subjects      =       10,547             Number of obs    =      10,585
No. of failures      =        2,700
Time at risk         =  13497.84805
                                                Wald chi2(35)    =  2416689.89
Log pseudolikelihood =    -22009.37             Prob > chi2      =      0.0000

                           (Std. Err. adjusted for 36 clusters in practice_id)
------------------------------------------------------------------------------
             |               Robust
          _t | Haz. Ratio   Std. Err.      z    P>|z|     [95% Conf. Interval]
-------------+----------------------------------------------------------------
        wave |
Feb20-Aug20  |   .6084946   .0352555    -8.57   0.000     .5431741    .6816703
Sep20-Jun21  |    1.02794   .0520202     0.54   0.586     .9308753    1.135125
Jul21-Nov21  |   1.734308   .1069645     8.93   0.000     1.536837    1.957152
Dec21-Oct22  |    1.42496   .1103424     4.57   0.000     1.224304    1.658501
             |
         sex |
       Male  |   .8284838   .0215581    -7.23   0.000       .78729     .871833
             |
   ethnicity |
South Asian  |   .9200892   .0951011    -0.81   0.420     .7513618    1.126706
      Black  |   .8574787   .0441957    -2.98   0.003     .7750882    .9486271
      Mixed  |    .915457   .0928534    -0.87   0.384     .7504157    1.116796
      Other  |   .8792608    .074349    -1.52   0.128     .7449745    1.037753
             |
         imd |
          2  |   .9616667   .0468921    -0.80   0.423      .874015    1.058109
          3  |   .8699986   .0402669    -3.01   0.003     .7945507    .9526108
          4  |   .9495628   .0413496    -1.19   0.235     .8718811    1.034166
5 Least d..  |    .948916   .0583216    -0.85   0.394     .8412244    1.070394
             |
      region |
       East  |   1.039923   .0547735     0.74   0.457      .937924    1.153014
     London  |   1.052586   .0447483     1.21   0.228     .9684355    1.144049
 North East  |   1.017418   .0393794     0.45   0.655     .9430907    1.097603
 North West  |   .9874593   .0630089    -0.20   0.843     .8713743    1.119009
 South East  |   .8147348   .0514115    -3.25   0.001     .7199521    .9219958
 South West  |   .8900133   .0629898    -1.65   0.100     .7747356    1.022444
West Midl..  |   .9482315   .0516395    -0.98   0.329     .8522344    1.055042
Yorkshire..  |   .9352321   .0848199    -0.74   0.460     .7829257    1.117167
             |
       urban |
      Urban  |   1.040327   .0303617     1.35   0.176     .9824888     1.10157
             |
         bmi |
Normal (..)  |   .8904397    .045987    -2.25   0.025     .8047184    .9852922
Overweig..)  |   .8882021   .0448495    -2.35   0.019     .8045085    .9806024
Obese I ..)  |   .8676324   .0355605    -3.46   0.001      .800661    .9402056
Obese II..)  |   .9149226   .0466604    -1.74   0.081      .827892    1.011102
Obese II..)  |   .9342798    .061494    -1.03   0.302     .8212041    1.062925
             |
1.cardiova~r |   .9483602    .050005    -1.01   0.315     .8552464    1.051612
  1.diabetes |   .9890093   .0409521    -0.27   0.790     .9119153    1.072621
1.hyperten~n |   .9925282   .0391063    -0.19   0.849     .9187659    1.072212
1.immunosu~d |   .9222341   .0500416    -1.49   0.136     .8291896    1.025719
1.non_haem~r |   1.179229    .136522     1.42   0.154      .939837    1.479597
             |
     smoking |
Current/f..  |   1.072485   .0422465     1.78   0.076     .9927992    1.158567
        age1 |   1.000845   .0030326     0.28   0.780     .9949193    1.006807
        age2 |   .9953462   .0093075    -0.50   0.618       .97727    1.013757
        age3 |   1.018358   .0262934     0.70   0.481     .9681061    1.071218
             |
       month |
          2  |   1.170914   .0939511     1.97   0.049     1.000522    1.370324
          3  |   .6705487   .0589151    -4.55   0.000     .5644726    .7965587
          4  |   .7369266   .0561715    -4.00   0.000     .6346616    .8556698
          5  |   .8673767   .0680941    -1.81   0.070     .7436756    1.011654
          6  |   .8341152   .0689582    -2.19   0.028     .7093414    .9808369
          7  |    .831653   .0805385    -1.90   0.057     .6878765    1.005481
          8  |   .8088739   .0963716    -1.78   0.075      .640422    1.021634
          9  |   .7252202   .0731899    -3.18   0.001      .595067    .8838405
         10  |   .8114126   .0810233    -2.09   0.036     .6671836    .9868204
         11  |   .9999252   .1002593    -0.00   0.999     .8215239    1.217068
         12  |    1.10435   .0779112     1.41   0.159     .9617339    1.268114
------------------------------------------------------------------------------

Likelihood-ratio test                                 LR chi2(4)  =    149.98
(Assumption: B nested in A)                           Prob > chi2 =    0.0000

. 
. log close
      name:  <unnamed>
       log:  /workspace/logs/cox_egfr_half_hospitalised.log
  log type:  text
 closed on:  28 Dec 2022, 13:42:06
-------------------------------------------------------------------------------
