-------------------------------------------------------------------------------
      name:  <unnamed>
       log:  /workspace/logs/cox_aki_hospitalised.log
  log type:  text
 opened on:  28 Dec 2022, 13:39:56

. use ./output/analysis_hospitalised.dta

. 
. stset exit_date, fail(aki_date) origin(index_date) id(patient_id) scale(365.2
> 5)

                id:  patient_id
     failure event:  aki_date != 0 & aki_date < .
obs. time interval:  (exit_date[_n-1], exit_date]
 exit on or before:  failure
    t for analysis:  (time-origin)/365.25
            origin:  time index_date

------------------------------------------------------------------------------
     25,013  total observations
        119  observations end on or before enter()
         51  observations begin on or after (first) failure
------------------------------------------------------------------------------
     24,843  observations remaining, representing
     24,604  subjects
      4,286  failures in single-failure-per-subject data
 31,758.442  total analysis time at risk and under observation
                                                at risk from t =         0
                                     earliest observed entry t =         0
                                          last observed exit t =  5.722108

. foreach exposure of varlist     case                    ///
>                                                         covid_vax            
>    ///
>                                                         wave {
  2.         tab _d `exposure', col chi
  3.         strate `exposure'
  4.         stcox i.`exposure' i.sex age1 age2 age3 i.month, vce(cluster pract
> ice_id)
  5.         quietly stcox i.`exposure' i.sex age1 age2 age3 i.month
  6.         est store A
  7.         quietly stcox i.sex age1 age2 age3 i.month
  8.         est store B
  9.         lrtest B A
 10.         stcox i.`exposure' i.sex i.ethnicity i.imd i.region i.urban i.bmi 
> i.smoking age1 age2 age3 i.month, vce(cluster practice_id)
 11.         quietly stcox i.`exposure' i.sex i.ethnicity i.imd i.region i.urba
> n i.bmi i.smoking age1 age2 age3 i.month
 12.         est store A
 13.         quietly stcox i.sex i.ethnicity i.imd i.region i.urban i.bmi i.smo
> king age1 age2 age3 i.month
 14.         est store B
 15.         lrtest B A
 16.         stcox i.`exposure' i.sex i.ethnicity i.imd i.region i.urban i.bmi 
> i.cardiovascular i.diabetes i.hypertension i.immunosuppressed i.non_haem_canc
> er i.smoking age1 age2 age3 i.month, vce(cluster practice_id)
 17.         quietly stcox i.`exposure' i.sex i.ethnicity i.imd i.region i.urba
> n i.bmi i.cardiovascular i.diabetes i.hypertension i.immunosuppressed i.non_h
> aem_cancer i.smoking age1 age2 age3 i.month
 18.         est store A
 19.         quietly stcox i.sex i.ethnicity i.imd i.region i.urban i.bmi i.car
> diovascular i.diabetes i.hypertension i.immunosuppressed i.non_haem_cancer i.
> smoking age1 age2 age3 i.month
 20.         est store B
 21.         lrtest B A
 22.         }

+-------------------+
| Key               |
|-------------------|
|     frequency     |
| column percentage |
+-------------------+

      1 if |
failure; 0 |
        if |         case
  censored | Pneumonia   COVID-19 |     Total
-----------+----------------------+----------
         0 |    10,553     10,004 |    20,557 
           |     82.66      82.84 |     82.75 
-----------+----------------------+----------
         1 |     2,214      2,072 |     4,286 
           |     17.34      17.16 |     17.25 
-----------+----------------------+----------
     Total |    12,767     12,076 |    24,843 
           |    100.00     100.00 |    100.00 

          Pearson chi2(1) =   0.1465   Pr = 0.702

         failure _d:  aki_date
   analysis time _t:  (exit_date-origin)/365.25
             origin:  time index_date
                 id:  patient_id

Estimated rates and lower/upper bounds of 95% confidence intervals
(24843 records included in the analysis)

  +-------------------------------------------------------------------------+
  |                     case      D         Y      Rate     Lower     Upper |
  |-------------------------------------------------------------------------|
  | Pneumonia (pre-pandemic)   2214   1.6e+04   0.13855   0.13290   0.14444 |
  |                 COVID-19   2072   1.6e+04   0.13132   0.12578   0.13709 |
  +-------------------------------------------------------------------------+


         failure _d:  aki_date
   analysis time _t:  (exit_date-origin)/365.25
             origin:  time index_date
                 id:  patient_id

Iteration 0:   log pseudolikelihood = -39773.718
Iteration 1:   log pseudolikelihood = -39700.595
Iteration 2:   log pseudolikelihood =  -39698.89
Iteration 3:   log pseudolikelihood = -39698.888
Refining estimates:
Iteration 0:   log pseudolikelihood = -39698.888

Cox regression -- Breslow method for ties

No. of subjects      =       24,604             Number of obs    =      24,843
No. of failures      =        4,286
Time at risk         =  31758.44216
                                                Wald chi2(16)    =      986.93
Log pseudolikelihood =   -39698.888             Prob > chi2      =      0.0000

                           (Std. Err. adjusted for 39 clusters in practice_id)
------------------------------------------------------------------------------
             |               Robust
          _t | Haz. Ratio   Std. Err.      z    P>|z|     [95% Conf. Interval]
-------------+----------------------------------------------------------------
        case |
   COVID-19  |    .912071    .018781    -4.47   0.000     .8759939    .9496339
             |
         sex |
       Male  |   1.013558   .0227056     0.60   0.548      .970019    1.059052
        age1 |   1.000221   .0043267     0.05   0.959     .9917772    1.008738
        age2 |   .9964472     .01019    -0.35   0.728     .9766741    1.016621
        age3 |   1.011696   .0253612     0.46   0.643     .9631901    1.062644
             |
       month |
          2  |   1.262686   .0683149     4.31   0.000     1.135646    1.403938
          3  |   .6171841   .0548568    -5.43   0.000     .5185109    .7346349
          4  |   .6687489   .0429349    -6.27   0.000     .5896772    .7584236
          5  |   .7325433   .0439692    -5.19   0.000     .6512412    .8239953
          6  |   .7454176   .0678095    -3.23   0.001     .6236877    .8909065
          7  |   .8569689   .0810052    -1.63   0.102     .7120411    1.031395
          8  |   .8353478   .0637993    -2.36   0.018     .7192124    .9702362
          9  |   .8674581   .1016365    -1.21   0.225     .6894722    1.091391
         10  |   .9933966   .0943833    -0.07   0.944     .8246116    1.196729
         11  |   .8655444   .0677693    -1.84   0.065     .7424087    1.009103
         12  |   .8565352   .0673183    -1.97   0.049     .7342537    .9991814
------------------------------------------------------------------------------

Likelihood-ratio test                                 LR chi2(1)  =      8.91
(Assumption: B nested in A)                           Prob > chi2 =    0.0028

         failure _d:  aki_date
   analysis time _t:  (exit_date-origin)/365.25
             origin:  time index_date
                 id:  patient_id

Iteration 0:   log pseudolikelihood = -15198.231
Iteration 1:   log pseudolikelihood = -15161.947
Iteration 2:   log pseudolikelihood = -15161.771
Iteration 3:   log pseudolikelihood = -15161.771
Refining estimates:
Iteration 0:   log pseudolikelihood = -15161.771

Cox regression -- Breslow method for ties

No. of subjects      =       10,552             Number of obs    =      10,593
No. of failures      =        1,810
Time at risk         =  13521.47296
                                                Wald chi2(35)    =   131799.53
Log pseudolikelihood =   -15161.771             Prob > chi2      =      0.0000

                           (Std. Err. adjusted for 36 clusters in practice_id)
------------------------------------------------------------------------------
             |               Robust
          _t | Haz. Ratio   Std. Err.      z    P>|z|     [95% Conf. Interval]
-------------+----------------------------------------------------------------
        case |
   COVID-19  |   .8542422   .0299589    -4.49   0.000     .7974965    .9150257
             |
         sex |
       Male  |   .9988225   .0397742    -0.03   0.976     .9238311    1.079901
             |
   ethnicity |
South Asian  |   .9676486   .1438416    -0.22   0.825     .7230795    1.294939
      Black  |   1.013729   .0782122     0.18   0.860     .8714631    1.179219
      Mixed  |    .913712   .0955373    -0.86   0.388      .744403    1.121529
      Other  |    .844541   .0906053    -1.57   0.115     .6843856    1.042175
             |
         imd |
          2  |   1.024834   .0566766     0.44   0.657     .9195586    1.142162
          3  |   1.007278     .06119     0.12   0.905     .8942124     1.13464
          4  |   1.152356   .0699313     2.34   0.019     1.023131    1.297904
5 Least d..  |   .9680494   .0697852    -0.45   0.652      .840496     1.11496
             |
      region |
       East  |   .8995514   .1004785    -0.95   0.343     .7226834    1.119706
     London  |   .8997535    .069574    -1.37   0.172     .7732214    1.046992
 North East  |   .8668946   .0618701    -2.00   0.045     .7537308    .9970486
 North West  |    .725237   .0558934    -4.17   0.000     .6235605    .8434928
 South East  |   .7506639   .0686343    -3.14   0.002     .6275075    .8979913
 South West  |   .8213098   .0584104    -2.77   0.006     .7144482    .9441548
West Midl..  |   .8686327   .0732441    -1.67   0.095     .7363121    1.024732
Yorkshire..  |   .8930065   .0551028    -1.83   0.067     .7912822    1.007808
             |
       urban |
      Urban  |   1.022772   .0347674     0.66   0.508     .9568498    1.093236
             |
         bmi |
Normal (..)  |   .9203698   .0746699    -1.02   0.306     .7850623    1.078998
Overweig..)  |   .9021074   .0695544    -1.34   0.181      .775584    1.049271
Obese I ..)  |   .9296459   .0681738    -0.99   0.320     .8051862    1.073344
Obese II..)  |   .8875965   .0824378    -1.28   0.199     .7398745    1.064812
Obese II..)  |    1.00858   .1050802     0.08   0.935     .8222935    1.237069
             |
     smoking |
Current/f..  |   1.063571   .0470777     1.39   0.164     .9751898    1.159962
        age1 |     1.0006   .0031327     0.19   0.848     .9944788    1.006759
        age2 |   .9975977   .0105632    -0.23   0.820     .9771075    1.018518
        age3 |   1.008957   .0312133     0.29   0.773     .9495978    1.072027
             |
       month |
          2  |   1.146026   .1063305     1.47   0.142     .9554731    1.374582
          3  |   .7314977   .0938695    -2.44   0.015     .5688299    .9406834
          4  |   .7660702   .0552778    -3.69   0.000     .6650402    .8824482
          5  |   .7170939    .086952    -2.74   0.006     .5654089    .9094721
          6  |   .7599052   .0723849    -2.88   0.004     .6304898    .9158845
          7  |   .9032699   .1116799    -0.82   0.411     .7088842    1.150959
          8  |   .8362867   .0934004    -1.60   0.109     .6718759     1.04093
          9  |   .9027181   .0868789    -1.06   0.288     .7475346    1.090117
         10  |   1.083492   .1148131     0.76   0.449      .880293    1.333595
         11  |   .8762048   .1313344    -0.88   0.378     .6531591    1.175418
         12  |   .8433023   .1012389    -1.42   0.156     .6664937    1.067015
------------------------------------------------------------------------------

Likelihood-ratio test                                 LR chi2(1)  =     10.92
(Assumption: B nested in A)                           Prob > chi2 =    0.0010

         failure _d:  aki_date
   analysis time _t:  (exit_date-origin)/365.25
             origin:  time index_date
                 id:  patient_id

Iteration 0:   log pseudolikelihood = -15198.231
Iteration 1:   log pseudolikelihood = -15161.516
Iteration 2:   log pseudolikelihood = -15161.339
Iteration 3:   log pseudolikelihood = -15161.339
Refining estimates:
Iteration 0:   log pseudolikelihood = -15161.339

Cox regression -- Breslow method for ties

No. of subjects      =       10,552             Number of obs    =      10,593
No. of failures      =        1,810
Time at risk         =  13521.47296
                                                Wald chi2(35)    =  1979484.17
Log pseudolikelihood =   -15161.339             Prob > chi2      =      0.0000

                           (Std. Err. adjusted for 36 clusters in practice_id)
------------------------------------------------------------------------------
             |               Robust
          _t | Haz. Ratio   Std. Err.      z    P>|z|     [95% Conf. Interval]
-------------+----------------------------------------------------------------
        case |
   COVID-19  |   .8539129   .0296113    -4.55   0.000     .7978041    .9139676
             |
         sex |
       Male  |   .9988838   .0387628    -0.03   0.977     .9257274    1.077821
             |
   ethnicity |
South Asian  |    .969021   .1454998    -0.21   0.834     .7219783    1.300595
      Black  |   1.013774   .0785571     0.18   0.860     .8709267     1.18005
      Mixed  |   .9146387   .0946279    -0.86   0.388     .7467665    1.120248
      Other  |   .8446224   .0906392    -1.57   0.116     .6844115    1.042336
             |
         imd |
          2  |   1.025235   .0580079     0.44   0.660     .9176187    1.145472
          3  |   1.007294   .0618814     0.12   0.906     .8930264    1.136183
          4  |   1.150381   .0690046     2.34   0.020     1.022782    1.293899
5 Least d..  |   .9666382   .0696468    -0.47   0.638     .8393333    1.113252
             |
      region |
       East  |   .8992805   .1011159    -0.94   0.345     .7214152    1.120999
     London  |   .8995796   .0694936    -1.37   0.171     .7731848    1.046637
 North East  |   .8675771   .0616491    -2.00   0.046     .7547839    .9972259
 North West  |   .7254343   .0561874    -4.14   0.000     .6232605    .8443579
 South East  |   .7496931   .0675806    -3.20   0.001      .628279    .8945704
 South West  |   .8227527   .0592579    -2.71   0.007     .7144345    .9474934
West Midl..  |   .8683707   .0738281    -1.66   0.097     .7350837    1.025826
Yorkshire..  |   .8920936   .0541462    -1.88   0.060     .7920383    1.004789
             |
       urban |
      Urban  |   1.022361   .0348485     0.65   0.516     .9562912    1.092996
             |
         bmi |
Normal (..)  |   .9204546   .0748939    -1.02   0.308     .7847716    1.079596
Overweig..)  |   .9031895    .069808    -1.32   0.188     .7762275    1.050918
Obese I ..)  |   .9312242   .0684327    -0.97   0.332     .8063102     1.07549
Obese II..)  |   .8888808   .0826021    -1.27   0.205     .7408716    1.066459
Obese II..)  |    1.00971   .1050151     0.09   0.926     .8235068    1.238015
             |
1.cardiova~r |   .9651638   .0444997    -0.77   0.442     .8817707    1.056444
  1.diabetes |   1.018657   .0387607     0.49   0.627     .9454511    1.097531
1.hyperten~n |   .9656936   .0472622    -0.71   0.476     .8773655    1.062914
1.immunosu~d |   1.003175   .0611693     0.05   0.959     .8901727    1.130523
1.non_haem~r |   1.017002   .1871932     0.09   0.927     .7090005    1.458805
             |
     smoking |
Current/f..  |   1.064388    .046718     1.42   0.155     .9766505    1.160008
        age1 |   1.000696   .0031426     0.22   0.825     .9945553    1.006874
        age2 |   .9973334   .0105591    -0.25   0.801     .9768513    1.018245
        age3 |   1.009677   .0312351     0.31   0.756      .950276     1.07279
             |
       month |
          2  |   1.147507   .1065789     1.48   0.138      .956526    1.376619
          3  |   .7309352   .0943551    -2.43   0.015      .567543     .941367
          4  |   .7675791   .0557716    -3.64   0.000     .6656955    .8850557
          5  |   .7183834   .0865929    -2.74   0.006     .5672228     .909827
          6  |    .759599   .0726737    -2.87   0.004     .6297189     .916267
          7  |   .9033579    .111115    -0.83   0.409     .7098396    1.149634
          8  |   .8364719   .0940673    -1.59   0.112     .6710079    1.042738
          9  |    .904286   .0852984    -1.07   0.286     .7516483     1.08792
         10  |   1.084314   .1145036     0.77   0.443      .881593     1.33365
         11  |   .8750034   .1320088    -0.89   0.376     .6510163    1.176055
         12  |   .8424742   .1011013    -1.43   0.153     .6658984    1.065872
------------------------------------------------------------------------------

Likelihood-ratio test                                 LR chi2(1)  =     10.95
(Assumption: B nested in A)                           Prob > chi2 =    0.0009

+-------------------+
| Key               |
|-------------------|
|     frequency     |
| column percentage |
+-------------------+

      1 if |
failure; 0 |
        if |                   Vaccination status
  censored | Pneumonia  Pre-vacci  1 vaccine  2 vaccine  3 vaccine |     Total
-----------+-------------------------------------------------------+----------
         0 |    10,553         93        198        613      2,078 |    20,557 
           |     82.66      82.30      82.85      85.38      82.39 |     82.75 
-----------+-------------------------------------------------------+----------
         1 |     2,214         20         41        105        444 |     4,286 
           |     17.34      17.70      17.15      14.62      17.61 |     17.25 
-----------+-------------------------------------------------------+----------
     Total |    12,767        113        239        718      2,522 |    24,843 
           |    100.00     100.00     100.00     100.00     100.00 |    100.00 


      1 if |
failure; 0 | Vaccinatio
        if |  n status
  censored | 4 vaccine |     Total
-----------+-----------+----------
         0 |     7,022 |    20,557 
           |     82.77 |     82.75 
-----------+-----------+----------
         1 |     1,462 |     4,286 
           |     17.23 |     17.25 
-----------+-----------+----------
     Total |     8,484 |    24,843 
           |    100.00 |    100.00 

          Pearson chi2(5) =   3.7853   Pr = 0.581

         failure _d:  aki_date
   analysis time _t:  (exit_date-origin)/365.25
             origin:  time index_date
                 id:  patient_id

Estimated rates and lower/upper bounds of 95% confidence intervals
(24843 records included in the analysis)

  +----------------------------------------------------------------------------
> -+
  |                covid_vax      D          Y       Rate      Lower      Upper
>  |
  |----------------------------------------------------------------------------
> -|
  | Pneumonia (pre-pandemic)   2214    1.6e+04   0.138550   0.132898   0.144443
>  |
  |          Pre-vaccination     20   150.6721   0.132739   0.085637   0.205746
>  |
  |           1 vaccine dose     41   308.7912   0.132776   0.097765   0.180324
>  |
  |          2 vaccine doses    105   969.9357   0.108255   0.089408   0.131074
>  |
  |          3 vaccine doses    444    3.3e+03   0.133421   0.121570   0.146427
>  |
  |----------------------------------------------------------------------------
> -|
  |          4 vaccine doses   1462    1.1e+04   0.132650   0.126022   0.139627
>  |
  +----------------------------------------------------------------------------
> -+


         failure _d:  aki_date
   analysis time _t:  (exit_date-origin)/365.25
             origin:  time index_date
                 id:  patient_id

Iteration 0:   log pseudolikelihood = -39773.718
Iteration 1:   log pseudolikelihood = -39698.438
Iteration 2:   log pseudolikelihood = -39696.701
Iteration 3:   log pseudolikelihood = -39696.699
Refining estimates:
Iteration 0:   log pseudolikelihood = -39696.699

Cox regression -- Breslow method for ties

No. of subjects      =       24,604             Number of obs    =      24,843
No. of failures      =        4,286
Time at risk         =  31758.44216
                                                Wald chi2(20)    =     2076.61
Log pseudolikelihood =   -39696.699             Prob > chi2      =      0.0000

                           (Std. Err. adjusted for 39 clusters in practice_id)
------------------------------------------------------------------------------
             |               Robust
          _t | Haz. Ratio   Std. Err.      z    P>|z|     [95% Conf. Interval]
-------------+----------------------------------------------------------------
   covid_vax |
Pre-vacci~n  |   .9138866   .1694151    -0.49   0.627     .6354738    1.314277
1 vaccine..  |   .8947193   .0993422    -1.00   0.316     .7197414    1.112237
2 vaccine..  |   .7541912   .0427053    -4.98   0.000     .6749678    .8427134
3 vaccine..  |   .9313626   .0323403    -2.05   0.041     .8700856    .9969551
4 vaccine..  |   .9205925   .0241102    -3.16   0.002     .8745296    .9690815
             |
         sex |
       Male  |   1.012701   .0219862     0.58   0.561      .970513    1.056723
        age1 |   1.000175   .0043123     0.04   0.968     .9917584    1.008662
        age2 |   .9966351   .0101824    -0.33   0.741     .9768765    1.016793
        age3 |   1.011166   .0253779     0.44   0.658     .9626303     1.06215
             |
       month |
          2  |   1.262283   .0686833     4.28   0.000     1.134596     1.40434
          3  |   .6165531   .0550109    -5.42   0.000     .5176348    .7343745
          4  |   .6683705   .0430164    -6.26   0.000     .5891608    .7582294
          5  |   .7317374    .043988    -5.20   0.000     .6504078    .8232369
          6  |   .7450928   .0677789    -3.23   0.001     .6234176     .890516
          7  |   .8567934   .0815106    -1.62   0.104     .7110456    1.032416
          8  |   .8336036   .0638559    -2.38   0.018     .7173905    .9686425
          9  |   .8671076   .1014826    -1.22   0.223     .6893693    1.090672
         10  |   .9922862   .0945096    -0.08   0.935     .8233128    1.195939
         11  |   .8643959   .0672781    -1.87   0.061     .7420985    1.006848
         12  |   .8560287   .0668387    -1.99   0.046     .7345588    .9975854
------------------------------------------------------------------------------

Likelihood-ratio test                                 LR chi2(5)  =     13.28
(Assumption: B nested in A)                           Prob > chi2 =    0.0209

         failure _d:  aki_date
   analysis time _t:  (exit_date-origin)/365.25
             origin:  time index_date
                 id:  patient_id

Iteration 0:   log pseudolikelihood = -15198.231
Iteration 1:   log pseudolikelihood = -15161.036
Iteration 2:   log pseudolikelihood = -15160.836
Iteration 3:   log pseudolikelihood = -15160.836
Refining estimates:
Iteration 0:   log pseudolikelihood = -15160.836

Cox regression -- Breslow method for ties

No. of subjects      =       10,552             Number of obs    =      10,593
No. of failures      =        1,810
Time at risk         =  13521.47296
                                                Wald chi2(35)    =   515509.62
Log pseudolikelihood =   -15160.836             Prob > chi2      =      0.0000

                           (Std. Err. adjusted for 36 clusters in practice_id)
------------------------------------------------------------------------------
             |               Robust
          _t | Haz. Ratio   Std. Err.      z    P>|z|     [95% Conf. Interval]
-------------+----------------------------------------------------------------
   covid_vax |
Pre-vacci~n  |   .7022068   .2948918    -0.84   0.400     .3083209     1.59929
1 vaccine..  |   .6158177   .1022586    -2.92   0.004     .4447411    .8527017
2 vaccine..  |   .8189998   .0788541    -2.07   0.038     .6781555    .9890957
3 vaccine..  |   .8651098   .0408873    -3.07   0.002     .7885719    .9490764
4 vaccine..  |   .8620635    .038476    -3.33   0.001     .7898562    .9408719
             |
         sex |
       Male  |   .9988247   .0394423    -0.03   0.976     .9244351      1.0792
             |
   ethnicity |
South Asian  |   .9664412    .143634    -0.23   0.818     .7222185    1.293249
      Black  |   1.014991   .0786497     0.19   0.848     .8719759    1.181463
      Mixed  |   .9128553   .0961439    -0.87   0.387     .7425941    1.122154
      Other  |   .8438618   .0909995    -1.57   0.115     .6830938    1.042467
             |
         imd |
          2  |   1.024323   .0569361     0.43   0.665     .9185943    1.142221
          3  |    1.00809   .0613707     0.13   0.895     .8947049    1.135845
          4  |   1.155768   .0698897     2.39   0.017     1.026592    1.301197
5 Least d..  |    .968963   .0702219    -0.44   0.664     .8406585     1.11685
             |
      region |
       East  |   .8992551   .0999065    -0.96   0.339     .7232945    1.118023
     London  |    .898116   .0696776    -1.39   0.166     .7714264    1.045611
 North East  |   .8665318   .0610982    -2.03   0.042     .7546876    .9949512
 North West  |   .7233031   .0564898    -4.15   0.000     .6206429    .8429444
 South East  |   .7496972   .0667945    -3.23   0.001     .6295755    .8927379
 South West  |   .8199574   .0588269    -2.77   0.006     .7123982    .9437561
West Midl..  |   .8669183   .0728547    -1.70   0.089     .7352657    1.022144
Yorkshire..  |   .8912737   .0549262    -1.87   0.062     .7898677    1.005698
             |
       urban |
      Urban  |   1.025163   .0347475     0.73   0.463     .9592716     1.09558
             |
         bmi |
Normal (..)  |   .9213876   .0743719    -1.01   0.310     .7865669    1.079317
Overweig..)  |   .9054674   .0692022    -1.30   0.194     .7795034    1.051787
Obese I ..)  |   .9308796    .068541    -0.97   0.331     .8057851    1.075395
Obese II..)  |   .8907972   .0829139    -1.24   0.214     .7422504    1.069073
Obese II..)  |   1.010245    .104596     0.10   0.922     .8247023    1.237531
             |
     smoking |
Current/f..  |   1.063677   .0472632     1.39   0.165     .9749624    1.160465
        age1 |   1.000504   .0031392     0.16   0.872     .9943699    1.006675
        age2 |   .9980094   .0106567    -0.19   0.852     .9773398    1.019116
        age3 |   1.007731   .0314826     0.25   0.805     .9478773    1.071364
             |
       month |
          2  |    1.14988   .1073398     1.50   0.135     .9576221    1.380738
          3  |    .730784   .0938829    -2.44   0.015     .5681149    .9400303
          4  |   .7661012   .0548777    -3.72   0.000      .665752    .8815761
          5  |   .7177113   .0890904    -2.67   0.008     .5627157    .9153992
          6  |   .7594416    .073764    -2.83   0.005      .627795    .9186941
          7  |   .9045448   .1127348    -0.80   0.421     .7085059    1.154826
          8  |   .8349049   .0933469    -1.61   0.107     .6706071    1.039456
          9  |   .9049647   .0890588    -1.01   0.310     .7462146    1.097487
         10  |   1.083804   .1175004     0.74   0.458     .8763304    1.340398
         11  |   .8760499   .1315863    -0.88   0.378     .6526418    1.175934
         12  |   .8429564   .1024088    -1.41   0.160     .6643464    1.069586
------------------------------------------------------------------------------

Likelihood-ratio test                                 LR chi2(5)  =     12.79
(Assumption: B nested in A)                           Prob > chi2 =    0.0255

         failure _d:  aki_date
   analysis time _t:  (exit_date-origin)/365.25
             origin:  time index_date
                 id:  patient_id

Iteration 0:   log pseudolikelihood = -15198.231
Iteration 1:   log pseudolikelihood = -15160.639
Iteration 2:   log pseudolikelihood = -15160.438
Iteration 3:   log pseudolikelihood = -15160.438
Refining estimates:
Iteration 0:   log pseudolikelihood = -15160.438

Cox regression -- Breslow method for ties

No. of subjects      =       10,552             Number of obs    =      10,593
No. of failures      =        1,810
Time at risk         =  13521.47296
                                                Wald chi2(35)    =   501667.80
Log pseudolikelihood =   -15160.438             Prob > chi2      =      0.0000

                           (Std. Err. adjusted for 36 clusters in practice_id)
------------------------------------------------------------------------------
             |               Robust
          _t | Haz. Ratio   Std. Err.      z    P>|z|     [95% Conf. Interval]
-------------+----------------------------------------------------------------
   covid_vax |
Pre-vacci~n  |   .7059812    .297957    -0.82   0.409     .3087069    1.614507
1 vaccine..  |   .6187991   .1025917    -2.90   0.004     .4471236    .8563903
2 vaccine..  |   .8187254   .0779142    -2.10   0.036     .6794123    .9866045
3 vaccine..  |   .8649709   .0409337    -3.07   0.002     .7883507     .949038
4 vaccine..  |   .8615238   .0382687    -3.36   0.001     .7896909     .939891
             |
         sex |
       Male  |    .998909   .0384388    -0.03   0.977     .9263413    1.077161
             |
   ethnicity |
South Asian  |   .9677533   .1452562    -0.22   0.827     .7211115    1.298754
      Black  |   1.014827   .0790159     0.19   0.850     .8711965    1.182137
      Mixed  |   .9137262   .0951923    -0.87   0.386     .7449681    1.120713
      Other  |     .84388   .0910038    -1.57   0.115     .6831049    1.042495
             |
         imd |
          2  |   1.024744   .0583005     0.43   0.667     .9166171    1.145625
          3  |   1.008113   .0620634     0.13   0.896     .8935238    1.137399
          4  |   1.153832   .0689704     2.39   0.017      1.02627    1.297248
5 Least d..  |   .9675595   .0700326    -0.46   0.649     .8395897    1.115034
             |
      region |
       East  |   .8990905    .100565    -0.95   0.342      .722096    1.119469
     London  |   .8979957   .0696096    -1.39   0.165      .771422    1.045337
 North East  |   .8671985   .0609378    -2.03   0.043     .7556223    .9952501
 North West  |   .7235838   .0568208    -4.12   0.000     .6203641    .8439778
 South East  |   .7488062   .0658136    -3.29   0.001     .6303129    .8895752
 South West  |   .8214046   .0597696    -2.70   0.007     .7122285    .9473162
West Midl..  |   .8666815   .0734878    -1.69   0.092     .7339802    1.023375
Yorkshire..  |   .8904434   .0539576    -1.91   0.056      .790727    1.002735
             |
       urban |
      Urban  |   1.024739    .034814     0.72   0.472     .9587269    1.095296
             |
         bmi |
Normal (..)  |   .9214333   .0745853    -1.01   0.312     .7862552    1.079852
Overweig..)  |   .9064095   .0694084    -1.28   0.199      .780088    1.053187
Obese I ..)  |   .9323608   .0687577    -0.95   0.342     .8068847    1.077349
Obese II..)  |   .8919234    .083062    -1.23   0.219      .743118    1.070526
Obese II..)  |   1.011292   .1045377     0.11   0.913     .8258244    1.238414
             |
1.cardiova~r |   .9661831   .0453479    -0.73   0.464     .8812684     1.05928
  1.diabetes |    1.01736   .0384408     0.46   0.649     .9447399    1.095563
1.hyperten~n |    .967055   .0476347    -0.68   0.496     .8780579    1.065073
1.immunosu~d |   1.001793   .0608517     0.03   0.976     .8893515     1.12845
1.non_haem~r |    1.01563   .1863609     0.08   0.933     .7088363    1.455207
             |
     smoking |
Current/f..  |   1.064449   .0469037     1.42   0.156     .9763776    1.160465
        age1 |     1.0006   .0031549     0.19   0.849     .9944359    1.006803
        age2 |   .9977381   .0106715    -0.21   0.832       .97704    1.018875
        age3 |   1.008474   .0315613     0.27   0.787     .9484735    1.072269
             |
       month |
          2  |   1.151194   .1075367     1.51   0.132     .9585946     1.38249
          3  |   .7302173   .0943647    -2.43   0.015       .56683    .9407007
          4  |   .7675691   .0554056    -3.66   0.000     .6663081    .8842191
          5  |   .7189333   .0886378    -2.68   0.007     .5646033    .9154483
          6  |   .7591227   .0740427    -2.83   0.005     .6270298    .9190429
          7  |   .9045977   .1121678    -0.81   0.419     .7094286    1.153459
          8  |   .8351259   .0939276    -1.60   0.109     .6699098    1.041088
          9  |   .9064934   .0873361    -1.02   0.308     .7505085    1.094898
         10  |   1.084581   .1170921     0.75   0.452     .8777398    1.340165
         11  |   .8748848   .1322373    -0.88   0.377     .6505688    1.176545
         12  |   .8421638   .1022536    -1.41   0.157     .6638127    1.068434
------------------------------------------------------------------------------

Likelihood-ratio test                                 LR chi2(5)  =     12.75
(Assumption: B nested in A)                           Prob > chi2 =    0.0258

+-------------------+
| Key               |
|-------------------|
|     frequency     |
| column percentage |
+-------------------+

      1 if |
failure; 0 |
        if |                     COVID-19 wave
  censored | Pneumonia  Feb20-Aug  Sep20-Jun  Jul21-Nov  Dec21-Oct |     Total
-----------+-------------------------------------------------------+----------
         0 |    10,553      2,167      3,154      1,510      3,173 |    20,557 
           |     82.66      77.50      81.10      84.59      87.99 |     82.75 
-----------+-------------------------------------------------------+----------
         1 |     2,214        629        735        275        433 |     4,286 
           |     17.34      22.50      18.90      15.41      12.01 |     17.25 
-----------+-------------------------------------------------------+----------
     Total |    12,767      2,796      3,889      1,785      3,606 |    24,843 
           |    100.00     100.00     100.00     100.00     100.00 |    100.00 

          Pearson chi2(4) = 135.0616   Pr = 0.000

         failure _d:  aki_date
   analysis time _t:  (exit_date-origin)/365.25
             origin:  time index_date
                 id:  patient_id

Estimated rates and lower/upper bounds of 95% confidence intervals
(24843 records included in the analysis)

  +-------------------------------------------------------------------------+
  |                     wave      D         Y      Rate     Lower     Upper |
  |-------------------------------------------------------------------------|
  | Pneumonia (pre-pandemic)   2214   1.6e+04   0.13855   0.13290   0.14444 |
  |              Feb20-Aug20    629   5.7e+03   0.10944   0.10121   0.11834 |
  |              Sep20-Jun21    735   6.2e+03   0.11792   0.10969   0.12676 |
  |              Jul21-Nov21    275   1.9e+03   0.14159   0.12581   0.15936 |
  |              Dec21-Oct22    433   1.9e+03   0.23331   0.21233   0.25635 |
  +-------------------------------------------------------------------------+


         failure _d:  aki_date
   analysis time _t:  (exit_date-origin)/365.25
             origin:  time index_date
                 id:  patient_id

Iteration 0:   log pseudolikelihood = -39773.718
Iteration 1:   log pseudolikelihood = -39582.894
Iteration 2:   log pseudolikelihood = -39564.251
Iteration 3:   log pseudolikelihood = -39564.148
Iteration 4:   log pseudolikelihood = -39564.148
Refining estimates:
Iteration 0:   log pseudolikelihood = -39564.148

Cox regression -- Breslow method for ties

No. of subjects      =       24,604             Number of obs    =      24,843
No. of failures      =        4,286
Time at risk         =  31758.44216
                                                Wald chi2(19)    =     6371.29
Log pseudolikelihood =   -39564.148             Prob > chi2      =      0.0000

                           (Std. Err. adjusted for 39 clusters in practice_id)
------------------------------------------------------------------------------
             |               Robust
          _t | Haz. Ratio   Std. Err.      z    P>|z|     [95% Conf. Interval]
-------------+----------------------------------------------------------------
        wave |
Feb20-Aug20  |   .6565461   .0221338   -12.48   0.000     .6145668    .7013928
Sep20-Jun21  |   .8616665   .0284439    -4.51   0.000     .8076826    .9192585
Jul21-Nov21  |   1.186818   .0598651     3.40   0.001     1.075098    1.310147
Dec21-Oct22  |   2.047613    .100112    14.66   0.000     1.860505    2.253538
             |
         sex |
       Male  |   1.012847   .0217585     0.59   0.552     .9710869    1.056404
        age1 |    .999705   .0044479    -0.07   0.947     .9910252    1.008461
        age2 |   .9979933   .0105897    -0.19   0.850     .9774523    1.018966
        age3 |   1.007955     .02635     0.30   0.762     .9576104    1.060946
             |
       month |
          2  |   1.350781   .0728028     5.58   0.000     1.215368    1.501281
          3  |    .731585   .0628017    -3.64   0.000     .6182937    .8656349
          4  |   .7933573   .0462119    -3.97   0.000     .7077625    .8893038
          5  |   .8688155   .0537457    -2.27   0.023     .7696114    .9808072
          6  |   .8844452   .0707858    -1.53   0.125     .7560417    1.034656
          7  |   .9778448   .0833284    -0.26   0.793     .8274344    1.155597
          8  |   .9506173   .0663581    -0.73   0.468     .8290627    1.089994
          9  |    .940437   .1027397    -0.56   0.574     .7591693    1.164986
         10  |   1.072464    .093705     0.80   0.423     .9036707    1.272786
         11  |   .9668477   .0728798    -0.45   0.655     .8340567     1.12078
         12  |   .8543584   .0757064    -1.78   0.076     .7181471    1.016405
------------------------------------------------------------------------------

Likelihood-ratio test                                 LR chi2(4)  =    278.39
(Assumption: B nested in A)                           Prob > chi2 =    0.0000

         failure _d:  aki_date
   analysis time _t:  (exit_date-origin)/365.25
             origin:  time index_date
                 id:  patient_id

Iteration 0:   log pseudolikelihood = -15198.231
Iteration 1:   log pseudolikelihood = -15112.678
Iteration 2:   log pseudolikelihood = -15108.797
Iteration 3:   log pseudolikelihood = -15108.787
Refining estimates:
Iteration 0:   log pseudolikelihood = -15108.787

Cox regression -- Breslow method for ties

No. of subjects      =       10,552             Number of obs    =      10,593
No. of failures      =        1,810
Time at risk         =  13521.47296
                                                Wald chi2(35)    =    1.16e+07
Log pseudolikelihood =   -15108.787             Prob > chi2      =      0.0000

                           (Std. Err. adjusted for 36 clusters in practice_id)
------------------------------------------------------------------------------
             |               Robust
          _t | Haz. Ratio   Std. Err.      z    P>|z|     [95% Conf. Interval]
-------------+----------------------------------------------------------------
        wave |
Feb20-Aug20  |   .6024688    .032501    -9.39   0.000     .5420199    .6696592
Sep20-Jun21  |   .8428992   .0483629    -2.98   0.003     .7532451    .9432242
Jul21-Nov21  |   1.110594   .0562197     2.07   0.038     1.005695    1.226434
Dec21-Oct22  |   1.828757    .116042     9.51   0.000     1.614894    2.070943
             |
         sex |
       Male  |   .9976828   .0365124    -0.06   0.949     .9286262    1.071875
             |
   ethnicity |
South Asian  |   .9849589   .1469321    -0.10   0.919     .7352573    1.319462
      Black  |   .9964058   .0734474    -0.05   0.961     .8623672    1.151278
      Mixed  |   .9048799   .0947766    -0.95   0.340     .7369475     1.11108
      Other  |   .8607727    .094964    -1.36   0.174     .6933945    1.068554
             |
         imd |
          2  |   1.012266   .0506151     0.24   0.807     .9177682    1.116494
          3  |   1.009871    .056513     0.18   0.861     .9049662    1.126937
          4  |   1.151828   .0667228     2.44   0.015     1.028205    1.290315
5 Least d..  |   .9757619   .0635501    -0.38   0.706      .858828    1.108617
             |
      region |
       East  |   .9044639   .1005325    -0.90   0.366     .7274095    1.124614
     London  |    .905192   .0671698    -1.34   0.179     .7826675    1.046897
 North East  |   .8703386    .065444    -1.85   0.065     .7510748     1.00854
 North West  |   .7155902   .0513193    -4.67   0.000     .6217555    .8235864
 South East  |   .7500156   .0693816    -3.11   0.002     .6256455    .8991088
 South West  |   .8320729   .0573144    -2.67   0.008     .7269916    .9523429
West Midl..  |    .884876   .0751731    -1.44   0.150     .7491522    1.045189
Yorkshire..  |   .8946203   .0539687    -1.85   0.065     .7948577    1.006904
             |
       urban |
      Urban  |   1.011392   .0365223     0.31   0.754     .9422846    1.085569
             |
         bmi |
Normal (..)  |    .913074   .0802853    -1.03   0.301     .7685304    1.084803
Overweig..)  |   .8976153   .0760505    -1.27   0.202     .7602775    1.059762
Obese I ..)  |    .931931   .0690555    -0.95   0.341      .805954    1.077599
Obese II..)  |   .8984048   .0839375    -1.15   0.252     .7480743    1.078945
Obese II..)  |   1.004125   .1104664     0.04   0.970      .809366     1.24575
             |
     smoking |
Current/f..  |   1.064393   .0457604     1.45   0.147     .9783787    1.157968
        age1 |   .9997654   .0032089    -0.07   0.942     .9934958    1.006075
        age2 |   .9998002   .0108374    -0.02   0.985     .9787833    1.021268
        age3 |   1.004035   .0316256     0.13   0.898     .9439245    1.067973
             |
       month |
          2  |   1.219419    .113971     2.12   0.034     1.015306    1.464567
          3  |   .8734914   .1190384    -0.99   0.321     .6687409    1.140931
          4  |   .9138995   .0755949    -1.09   0.276      .777123    1.074749
          5  |   .8380584   .1023973    -1.45   0.148     .6595855    1.064823
          6  |   .8994248   .0865692    -1.10   0.271     .7447956    1.086157
          7  |   1.039479   .1303243     0.31   0.757     .8130115     1.32903
          8  |   .9455045   .1044023    -0.51   0.612     .7615075    1.173959
          9  |   .9630593   .0948937    -0.38   0.702      .793928    1.168221
         10  |   1.155025   .1246043     1.34   0.182     .9348965    1.426984
         11  |   .9679801   .1413828    -0.22   0.824     .7270098    1.288821
         12  |   .8323359   .0904787    -1.69   0.091      .672619    1.029978
------------------------------------------------------------------------------

Likelihood-ratio test                                 LR chi2(4)  =    116.89
(Assumption: B nested in A)                           Prob > chi2 =    0.0000

         failure _d:  aki_date
   analysis time _t:  (exit_date-origin)/365.25
             origin:  time index_date
                 id:  patient_id

Iteration 0:   log pseudolikelihood = -15198.231
Iteration 1:   log pseudolikelihood = -15112.218
Iteration 2:   log pseudolikelihood = -15108.328
Iteration 3:   log pseudolikelihood = -15108.317
Refining estimates:
Iteration 0:   log pseudolikelihood = -15108.317

Cox regression -- Breslow method for ties

No. of subjects      =       10,552             Number of obs    =      10,593
No. of failures      =        1,810
Time at risk         =  13521.47296
                                                Wald chi2(35)    =    1.65e+07
Log pseudolikelihood =   -15108.317             Prob > chi2      =      0.0000

                           (Std. Err. adjusted for 36 clusters in practice_id)
------------------------------------------------------------------------------
             |               Robust
          _t | Haz. Ratio   Std. Err.      z    P>|z|     [95% Conf. Interval]
-------------+----------------------------------------------------------------
        wave |
Feb20-Aug20  |   .6022823   .0321999    -9.48   0.000     .5423657    .6688181
Sep20-Jun21  |   .8420964   .0484625    -2.99   0.003     .7522727    .9426453
Jul21-Nov21  |   1.109426   .0563136     2.05   0.041     1.004366    1.225476
Dec21-Oct22  |   1.829173    .114856     9.62   0.000      1.61736    2.068725
             |
         sex |
       Male  |   .9979887   .0358046    -0.06   0.955     .9302234    1.070691
             |
   ethnicity |
South Asian  |   .9861655   .1478596    -0.09   0.926     .7350652    1.323042
      Black  |   .9955289   .0742255    -0.06   0.952     .8601799    1.152175
      Mixed  |   .9059707   .0935293    -0.96   0.339     .7400125    1.109147
      Other  |   .8607695   .0949631    -1.36   0.174     .6933928    1.068549
             |
         imd |
          2  |   1.013116   .0517137     0.26   0.799     .9166642    1.119716
          3  |   1.010322   .0572031     0.18   0.856     .9042026    1.128895
          4  |    1.14981   .0654598     2.45   0.014      1.02841    1.285541
5 Least d..  |   .9745655     .06362    -0.39   0.693     .8575201    1.107587
             |
      region |
       East  |   .9044509   .1012284    -0.90   0.370     .7263006    1.126299
     London  |   .9046955   .0671087    -1.35   0.177     .7822792    1.046268
 North East  |   .8705624   .0649838    -1.86   0.063     .7520753    1.007717
 North West  |   .7159229   .0513876    -4.66   0.000     .6219688    .8240696
 South East  |   .7484612   .0692743    -3.13   0.002     .6242892    .8973312
 South West  |   .8335069    .057927    -2.62   0.009     .7273651    .9551376
West Midl..  |   .8842285   .0760615    -1.43   0.153     .7470402     1.04661
Yorkshire..  |   .8936874   .0532591    -1.89   0.059     .7951672    1.004414
             |
       urban |
      Urban  |   1.010941   .0365924     0.30   0.764     .9417062    1.085266
             |
         bmi |
Normal (..)  |   .9130558    .080628    -1.03   0.303     .7679473    1.085583
Overweig..)  |    .898391    .076421    -1.26   0.208     .7604286    1.061383
Obese I ..)  |   .9332334   .0693054    -0.93   0.352     .8068204    1.079453
Obese II..)  |    .899615   .0842188    -1.13   0.258     .7488075    1.080795
Obese II..)  |    1.00551   .1102882     0.05   0.960      .811005    1.246665
             |
1.cardiova~r |   .9588914   .0475418    -0.85   0.397     .8700954    1.056749
  1.diabetes |   1.015198   .0407205     0.38   0.707     .9384441     1.09823
1.hyperten~n |   .9687175   .0484483    -0.64   0.525     .8782661    1.068484
1.immunosu~d |   .9945938   .0603225    -0.09   0.929     .8831207    1.120138
1.non_haem~r |   1.022799   .1667984     0.14   0.890     .7429779    1.408006
             |
     smoking |
Current/f..  |   1.064939   .0454736     1.47   0.141       .97944    1.157901
        age1 |   .9998537   .0032088    -0.05   0.964     .9935843    1.006163
        age2 |   .9995543    .010819    -0.04   0.967     .9785727    1.020986
        age3 |   1.004735   .0316071     0.15   0.881     .9446574    1.068633
             |
       month |
          2  |   1.220834   .1145984     2.13   0.034     1.015676    1.467432
          3  |   .8727899   .1194115    -0.99   0.320     .6675009    1.141215
          4  |   .9159643   .0769263    -1.05   0.296     .7769468    1.079856
          5  |    .839488   .1019506    -1.44   0.150     .6616699    1.065093
          6  |   .8988301   .0870064    -1.10   0.271     .7435011     1.08661
          7  |   1.039551    .129576     0.31   0.756     .8142297    1.327226
          8  |   .9463015   .1047773    -0.50   0.618     .7616965    1.175647
          9  |   .9650088   .0927209    -0.37   0.711     .7993653    1.164977
         10  |   1.156731   .1238611     1.36   0.174     .9377495    1.426848
         11  |   .9668622   .1416238    -0.23   0.818     .7255754    1.288388
         12  |   .8316562   .0904155    -1.70   0.090     .6720527    1.029163
------------------------------------------------------------------------------

Likelihood-ratio test                                 LR chi2(4)  =    116.99
(Assumption: B nested in A)                           Prob > chi2 =    0.0000

. 
. log close
      name:  <unnamed>
       log:  /workspace/logs/cox_aki_hospitalised.log
  log type:  text
 closed on:  28 Dec 2022, 13:42:27
-------------------------------------------------------------------------------
