-----------------------------------------------------------------------------------------------------------------------------------------------------------------------------------------------------------------------
      name:  <unnamed>
       log:  C:\Users\lsh1703468\Documents\repos\logs/cox_esrd_20174.log
  log type:  text
 opened on:   7 Dec 2022, 16:36:46

. use ./output/analysis_20174.dta

. 
. stset exit_date, fail(esrd_date) origin(index_date) id(patient_id) scale(365.25)

Survival-time data settings

           ID variable: patient_id
         Failure event: esrd_date!=0 & esrd_date<.
Observed time interval: (exit_date[_n-1], exit_date]
     Exit on or before: failure
     Time for analysis: (time-origin)/365.25
                Origin: time index_date

--------------------------------------------------------------------------
     11,384  total observations
         89  observations end on or before enter()
          2  observations begin on or after (first) failure
--------------------------------------------------------------------------
     11,293  observations remaining, representing
     11,255  subjects
        330  failures in single-failure-per-subject data
  4,715.625  total analysis time at risk and under observation
                                                At risk from t =         0
                                     Earliest observed entry t =         0
                                          Last observed exit t =  3.734428

. foreach exposure of varlist     case                    ///
>                                                         covid_severity  ///
>                                                         covid_aki               ///
>                                                         covid_vax               ///
>                                                         calendar_period {
  2.         tab _d `exposure', col chi
  3.         strate `exposure'
  4.         stcox i.`exposure' i.sex age1 age2 age3, vce(cluster practice_id) strata(set_id)
  5.         quietly stcox i.`exposure' i.sex age1 age2 age3, strata(set_id)
  6.         est store A
  7.         quietly stcox i.sex age1 age2 age3, strata(set_id)
  8.         est store B
  9.         lrtest B A
 10.         stcox i.`exposure' i.sex i.ethnicity i.imd i.region i.urban i.bmi i.smoking age1 age2 age3, vce(cluster practice_id) strata(set_id)
 11.         quietly stcox i.`exposure' i.sex i.ethnicity i.imd i.region i.urban i.bmi i.smoking age1 age2 age3, strata(set_id)
 12.         est store A
 13.         quietly stcox i.sex i.ethnicity i.imd i.region i.urban i.bmi i.smoking age1 age2 age3, strata(set_id)
 14.         est store B
 15.         lrtest B A
 16.         stcox i.`exposure' i.sex i.ethnicity i.imd i.region i.urban i.bmi i.cardiac i.diabetes i.hypertension i.immunosuppressed i.non_haem_cancer i.smoking age1 age2 age3, vce(cluster practice_id) strata(set_i
> d)
 17.         quietly stcox i.`exposure' i.sex i.ethnicity i.imd i.region i.urban i.bmi i.cardiac i.diabetes i.hypertension i.immunosuppressed i.non_haem_cancer i.smoking age1 age2 age3, strata(set_id)
 18.         est store A
 19.         quietly stcox i.sex i.ethnicity i.imd i.region i.urban i.bmi i.cardiac i.diabetes i.hypertension i.immunosuppressed i.non_haem_cancer i.smoking age1 age2 age3, strata(set_id)
 20.         est store B
 21.         lrtest B A
 22.         }

+-------------------+
| Key               |
|-------------------|
|     frequency     |
| column percentage |
+-------------------+

      1 if |
failure; 0 |
        if |         case
  censored | Comparato   COVID-19 |     Total
-----------+----------------------+----------
         0 |     8,649      2,314 |    10,963 
           |     96.92      97.68 |     97.08 
-----------+----------------------+----------
         1 |       275         55 |       330 
           |      3.08       2.32 |      2.92 
-----------+----------------------+----------
     Total |     8,924      2,369 |    11,293 
           |    100.00     100.00 |    100.00 

          Pearson chi2(1) =   3.8109   Pr = 0.051

        Failure _d: esrd_date
  Analysis time _t: (exit_date-origin)/365.25
            Origin: time index_date
       ID variable: patient_id

Estimated failure rates
Number of records = 11293

  +--------------------------------------------------------------------------+
  |                    case     D         Y       Rate      Lower      Upper |
  |--------------------------------------------------------------------------|
  | Comparator (historical)   275   3.7e+03   0.075212   0.066828   0.084648 |
  |                COVID-19    55   1.1e+03   0.051921   0.039863   0.067627 |
  +--------------------------------------------------------------------------+
   Notes: Rate = D/Y = failures/person-time.
          Lower and Upper are bounds of 95% confidence intervals.


        Failure _d: esrd_date
  Analysis time _t: (exit_date-origin)/365.25
            Origin: time index_date
       ID variable: patient_id

Iteration 0:   log pseudolikelihood =  -414.3594
Iteration 1:   log pseudolikelihood = -412.13564
Iteration 2:   log pseudolikelihood = -412.13245
Iteration 3:   log pseudolikelihood = -412.13245
Refining estimates:
Iteration 0:   log pseudolikelihood = -412.13245

Stratified Cox regression with no ties
Strata variable: set_id

No. of subjects =     11,255                            Number of obs = 11,293
No. of failures =        330
Time at risk    = 4,715.6249
                                                        Wald chi2(4)  =   8.16
Log pseudolikelihood = -412.13245                       Prob > chi2   = 0.0858

                           (Std. err. adjusted for 38 clusters in practice_id)
------------------------------------------------------------------------------
             |               Robust
          _t | Haz. ratio   std. err.      z    P>|z|     [95% conf. interval]
-------------+----------------------------------------------------------------
        case |
   COVID-19  |    .854766    .139186    -0.96   0.335     .6212145    1.176123
             |
         sex |
       Male  |          1  (omitted)
        age1 |   .9827538   .0195559    -0.87   0.382     .9451627     1.02184
        age2 |   1.100628   .0710963     1.48   0.138     .9697422    1.249179
        age3 |    .712968   .1451953    -1.66   0.097     .4783255    1.062714
------------------------------------------------------------------------------

Likelihood-ratio test
Assumption: B nested within A

 LR chi2(1) =   0.95
Prob > chi2 = 0.3288

        Failure _d: esrd_date
  Analysis time _t: (exit_date-origin)/365.25
            Origin: time index_date
       ID variable: patient_id

Iteration 0:   log pseudolikelihood = -5.3752784
Iteration 1:   log pseudolikelihood =  -.6655529
Iteration 2:   log pseudolikelihood = -.22556337
Iteration 3:   log pseudolikelihood = -.08079654
Iteration 4:   log pseudolikelihood = -.02944451
Iteration 5:   log pseudolikelihood = -.01079505
Iteration 6:   log pseudolikelihood = -.00396631
Iteration 7:   log pseudolikelihood = -.00145845
Iteration 8:   log pseudolikelihood = -.00053644
Iteration 9:   log pseudolikelihood = -.00019733
Iteration 10:  log pseudolikelihood = -.00007259
Iteration 11:  log pseudolikelihood =  -.0000267
Iteration 12:  log pseudolikelihood = -9.823e-06
Iteration 13:  log pseudolikelihood = -3.616e-06
Iteration 14:  log pseudolikelihood = -1.331e-06
Iteration 15:  log pseudolikelihood = -4.895e-07
Iteration 16:  log pseudolikelihood = -1.796e-07
Iteration 17:  log pseudolikelihood = -9.642e-08
Iteration 18:  log pseudolikelihood = -3.171e-08
Iteration 19:  log pseudolikelihood = -2.529e-08  (backed up)
Iteration 20:  log pseudolikelihood =  1.308e-08
Iteration 21:  log pseudolikelihood =  5.440e-08
Iteration 22:  log pseudolikelihood =  4.778e-08  (backed up)
Refining estimates:
Iteration 0:   log pseudolikelihood = -8.476e-09
Iteration 1:   log pseudolikelihood = -3.118e-09
Iteration 2:   log pseudolikelihood = -1.147e-09
Iteration 3:   log pseudolikelihood = -4.220e-10
Iteration 4:   log pseudolikelihood = -1.552e-10
Iteration 5:   log pseudolikelihood = -5.711e-11
Iteration 6:   log pseudolikelihood = -2.101e-11
Iteration 7:   log pseudolikelihood = -7.723e-12
Iteration 8:   log pseudolikelihood = -2.842e-12
Iteration 9:   log pseudolikelihood = -1.045e-12
Iteration 10:  log pseudolikelihood = -3.784e-13
Iteration 11:  log pseudolikelihood = -1.394e-13
Iteration 12:  log pseudolikelihood = -6.223e-14
Iteration 13:  log pseudolikelihood = -1.910e-14
Iteration 14:  log pseudolikelihood = -5.773e-15
Iteration 15:  log pseudolikelihood = -1.749e-15
Iteration 16:  log pseudolikelihood = -8.882e-16
Iteration 17:  log pseudolikelihood = -8.882e-16

Stratified Cox regression with no ties
Strata variable: set_id

No. of subjects =    1,309                            Number of obs =    1,311
No. of failures =       39
Time at risk    = 567.2005
                                                      Wald chi2(6)  = 1.97e+07
Log pseudolikelihood = -8.882e-16                     Prob > chi2   =   0.0000

                                        (Std. err. adjusted for 34 clusters in practice_id)
-------------------------------------------------------------------------------------------
                          |               Robust
                       _t | Haz. ratio   std. err.      z    P>|z|     [95% conf. interval]
--------------------------+----------------------------------------------------------------
                     case |
                COVID-19  |   .7423076   1.100863    -0.20   0.841     .0405722    13.58123
                          |
                      sex |
                    Male  |          1  (omitted)
                          |
                ethnicity |
             South Asian  |          1  (omitted)
                   Black  |   .0211687          .        .       .            .           .
                   Mixed  |          1  (omitted)
                   Other  |          1  (omitted)
                          |
                      imd |
                       2  |   2.35e+07          .        .       .            .           .
                       3  |   1.48e-26          .        .       .            .           .
                       4  |   1.87e+09          .        .       .            .           .
        5 Least deprived  |   .0003751   .0004078    -7.25   0.000     .0000445    .0031598
                          |
                   region |
                    East  |   7.60e+35          .        .       .            .           .
                  London  |   3.25e+11   4.01e+11    21.47   0.000     2.89e+10    3.66e+12
              North East  |   1.33e-08          .        .       .            .           .
              North West  |          1  (omitted)
              South East  |     1.9974   5.276833     0.26   0.793     .0112646    354.1708
              South West  |   .0025289          .        .       .            .           .
           West Midlands  |          1  (omitted)
Yorkshire and The Humber  |          1          .        .       .            .           .
                          |
                    urban |
                   Urban  |   3.88e+10          .        .       .            .           .
                          |
                      bmi |
      Normal (18.5-24.9)  |   2.38e-19          .        .       .            .           .
    Overweight (25-29.9)  |   .0000399   .0000646    -6.25   0.000     1.67e-06    .0009536
       Obese I (30-34.9)  |   2.672494          .        .       .            .           .
      Obese II (35-39.9)  |   8.949485   15.49098     1.27   0.205     .3009007    266.1785
         Obese III (40+)  |          1  (omitted)
                          |
                  smoking |
   Current/former smoker  |    1004968          .        .       .            .           .
                     age1 |   .5866245   .0761198    -4.11   0.000     .4548929     .756504
                     age2 |   .0806775   .0056147   -36.17   0.000     .0703904     .092468
                     age3 |    7203329    3824190    29.74   0.000      2544703    2.04e+07
-------------------------------------------------------------------------------------------

Likelihood-ratio test
Assumption: B nested within A

 LR chi2(1) =  -0.00
Prob > chi2 = 1.0000

        Failure _d: esrd_date
  Analysis time _t: (exit_date-origin)/365.25
            Origin: time index_date
       ID variable: patient_id

Iteration 0:   log pseudolikelihood = -5.3752784
Iteration 1:   log pseudolikelihood =  -.6655529
Iteration 2:   log pseudolikelihood = -.22556337
Iteration 3:   log pseudolikelihood = -.08079654
Iteration 4:   log pseudolikelihood = -.02944451
Iteration 5:   log pseudolikelihood = -.01079505
Iteration 6:   log pseudolikelihood = -.00396631
Iteration 7:   log pseudolikelihood = -.00145845
Iteration 8:   log pseudolikelihood = -.00053644
Iteration 9:   log pseudolikelihood = -.00019733
Iteration 10:  log pseudolikelihood = -.00007259
Iteration 11:  log pseudolikelihood = -.00002671
Iteration 12:  log pseudolikelihood = -9.825e-06
Iteration 13:  log pseudolikelihood = -3.616e-06
Iteration 14:  log pseudolikelihood = -1.333e-06
Iteration 15:  log pseudolikelihood = -4.847e-07
Iteration 16:  log pseudolikelihood = -3.354e-07
Iteration 17:  log pseudolikelihood = -1.295e-07
Iteration 18:  log pseudolikelihood =  7.854e-08
Iteration 19:  log pseudolikelihood =  1.448e-07
Iteration 20:  log pseudolikelihood =  2.761e-07  (backed up)
Iteration 21:  log pseudolikelihood =  3.995e-07  (backed up)
Iteration 22:  log pseudolikelihood =  3.187e-07  (backed up)
Refining estimates:
Iteration 0:   log pseudolikelihood = -1.622e-07
Iteration 1:   log pseudolikelihood = -5.969e-08
Iteration 2:   log pseudolikelihood = -2.196e-08
Iteration 3:   log pseudolikelihood = -8.078e-09
Iteration 4:   log pseudolikelihood = -2.972e-09
Iteration 5:   log pseudolikelihood = -1.093e-09
Iteration 6:   log pseudolikelihood = -4.022e-10
Iteration 7:   log pseudolikelihood = -1.480e-10
Iteration 8:   log pseudolikelihood = -5.442e-11
Iteration 9:   log pseudolikelihood = -2.002e-11
Iteration 10:  log pseudolikelihood = -7.363e-12
Iteration 11:  log pseudolikelihood = -2.708e-12
Iteration 12:  log pseudolikelihood = -9.963e-13
Iteration 13:  log pseudolikelihood = -3.672e-13
Iteration 14:  log pseudolikelihood = -1.169e-13
Iteration 15:  log pseudolikelihood = -4.263e-14
Iteration 16:  log pseudolikelihood = -4.086e-14
Iteration 17:  log pseudolikelihood = -1.066e-14
Iteration 18:  log pseudolikelihood = -3.553e-15
Iteration 19:  log pseudolikelihood = -1.776e-15
Iteration 20:  log pseudolikelihood =          0

Stratified Cox regression with no ties
Strata variable: set_id

No. of subjects =    1,309                            Number of obs =    1,311
No. of failures =       39
Time at risk    = 567.2005
                                                      Wald chi2(6)  = 9.74e+11
Log pseudolikelihood = 0                              Prob > chi2   =   0.0000

                                        (Std. err. adjusted for 34 clusters in practice_id)
-------------------------------------------------------------------------------------------
                          |               Robust
                       _t | Haz. ratio   std. err.      z    P>|z|     [95% conf. interval]
--------------------------+----------------------------------------------------------------
                     case |
                COVID-19  |   5.03e-06   5.06e-06   -12.11   0.000     6.98e-07    .0000362
                          |
                      sex |
                    Male  |          1  (omitted)
                          |
                ethnicity |
             South Asian  |          1  (omitted)
                   Black  |   6.145187          .        .       .            .           .
                   Mixed  |          1  (omitted)
                   Other  |          1  (omitted)
                          |
                      imd |
                       2  |   1222.707          .        .       .            .           .
                       3  |   43.63502          .        .       .            .           .
                       4  |   23.59973   24.82529     3.01   0.003     3.002631    185.4865
        5 Least deprived  |   401.7326          .        .       .            .           .
                          |
                   region |
                    East  |   2.47e+12          .        .       .            .           .
                  London  |   .0044497          .        .       .            .           .
              North East  |   .1587036          .        .       .            .           .
              North West  |          1  (omitted)
              South East  |   2.594508          .        .       .            .           .
              South West  |   4.895609          .        .       .            .           .
           West Midlands  |   .5102555          .        .       .            .           .
Yorkshire and The Humber  |   5.41e+11          .        .       .            .           .
                          |
                    urban |
                   Urban  |   4.700252          .        .       .            .           .
                          |
                      bmi |
      Normal (18.5-24.9)  |   .4219772          .        .       .            .           .
    Overweight (25-29.9)  |   .0386465   .0351739    -3.57   0.000     .0064922    .2300521
       Obese I (30-34.9)  |   4.52e+07          .        .       .            .           .
      Obese II (35-39.9)  |   .0592353   .1079999    -1.55   0.121      .001662    2.111163
         Obese III (40+)  |          1  (omitted)
                          |
                1.cardiac |   .0000487          .        .       .            .           .
               1.diabetes |   .0001149          .        .       .            .           .
           1.hypertension |   2233.058          .        .       .            .           .
       1.immunosuppressed |    .004892   .0051118    -5.09   0.000      .000631    .0379257
        1.non_haem_cancer |          1  (omitted)
                          |
                  smoking |
   Current/former smoker  |          1  (omitted)
                     age1 |   .1904558   .0052603   -60.04   0.000     .1804198      .20105
                     age2 |   1.720222          .        .       .            .           .
                     age3 |   106.9304   .7973767   626.55   0.000     105.3789    108.5047
-------------------------------------------------------------------------------------------

Likelihood-ratio test
Assumption: A nested within B

 LR chi2(2) =   0.00
Prob > chi2 = 1.0000

+-------------------+
| Key               |
|-------------------|
|     frequency     |
| column percentage |
+-------------------+

      1 if |
failure; 0 |
        if |             SARS-CoV-2 severity
  censored | Historica  Non-hospi  Hospitali  Critical  |     Total
-----------+--------------------------------------------+----------
         0 |     8,649      1,914        203        197 |    10,963 
           |     96.92      97.80      97.60      96.57 |     97.08 
-----------+--------------------------------------------+----------
         1 |       275         43          5          7 |       330 
           |      3.08       2.20       2.40       3.43 |      2.92 
-----------+--------------------------------------------+----------
     Total |     8,924      1,957        208        204 |    11,293 
           |    100.00     100.00     100.00     100.00 |    100.00 

          Pearson chi2(3) =   4.8082   Pr = 0.186

        Failure _d: esrd_date
  Analysis time _t: (exit_date-origin)/365.25
            Origin: time index_date
       ID variable: patient_id

Estimated failure rates
Number of records = 11293

  +-------------------------------------------------------------------------------+
  |              covid_severity     D          Y       Rate      Lower      Upper |
  |-------------------------------------------------------------------------------|
  |       Historical comparator   275    3.7e+03   0.075212   0.066828   0.084648 |
  | Non-hospitalised SARS-CoV-2    43   869.9521   0.049428   0.036658   0.066647 |
  |       Hospitalised COVID-19     5    95.6112   0.052295   0.021767   0.125641 |
  |      Critical care COVID-19     7    93.7331   0.074680   0.035603   0.156650 |
  +-------------------------------------------------------------------------------+
   Notes: Rate = D/Y = failures/person-time.
          Lower and Upper are bounds of 95% confidence intervals.


        Failure _d: esrd_date
  Analysis time _t: (exit_date-origin)/365.25
            Origin: time index_date
       ID variable: patient_id

Iteration 0:   log pseudolikelihood =  -414.3594
Iteration 1:   log pseudolikelihood = -411.31231
Iteration 2:   log pseudolikelihood = -411.30081
Iteration 3:   log pseudolikelihood = -411.30081
Refining estimates:
Iteration 0:   log pseudolikelihood = -411.30081

Stratified Cox regression with no ties
Strata variable: set_id

No. of subjects =     11,255                            Number of obs = 11,293
No. of failures =        330
Time at risk    = 4,715.6249
                                                        Wald chi2(6)  =  12.03
Log pseudolikelihood = -411.30081                       Prob > chi2   = 0.0613

                                           (Std. err. adjusted for 38 clusters in practice_id)
----------------------------------------------------------------------------------------------
                             |               Robust
                          _t | Haz. ratio   std. err.      z    P>|z|     [95% conf. interval]
-----------------------------+----------------------------------------------------------------
              covid_severity |
Non-hospitalised SARS-CoV-2  |   .7780986   .1329059    -1.47   0.142     .5567267    1.087495
      Hospitalised COVID-19  |     1.0475   .5468086     0.09   0.929     .3765436    2.914019
     Critical care COVID-19  |    1.48764   .4638332     1.27   0.203     .8074224    2.740912
                             |
                         sex |
                       Male  |          1  (omitted)
                        age1 |   .9816527   .0202226    -0.90   0.369     .9428067    1.022099
                        age2 |   1.105598   .0719935     1.54   0.123     .9731261    1.256102
                        age3 |   .7039111   .1426053    -1.73   0.083     .4732308    1.047038
----------------------------------------------------------------------------------------------

Likelihood-ratio test
Assumption: B nested within A

 LR chi2(3) =   2.62
Prob > chi2 = 0.4546

        Failure _d: esrd_date
  Analysis time _t: (exit_date-origin)/365.25
            Origin: time index_date
       ID variable: patient_id

Iteration 0:   log pseudolikelihood = -5.3752784
Iteration 1:   log pseudolikelihood =  -.6655529
Iteration 2:   log pseudolikelihood = -.22556337
Iteration 3:   log pseudolikelihood = -.08079654
Iteration 4:   log pseudolikelihood = -.02944451
Iteration 5:   log pseudolikelihood = -.01079505
Iteration 6:   log pseudolikelihood = -.00396631
Iteration 7:   log pseudolikelihood = -.00145845
Iteration 8:   log pseudolikelihood = -.00053644
Iteration 9:   log pseudolikelihood = -.00019733
Iteration 10:  log pseudolikelihood = -.00007259
Iteration 11:  log pseudolikelihood =  -.0000267
Iteration 12:  log pseudolikelihood = -9.823e-06
Iteration 13:  log pseudolikelihood = -3.616e-06
Iteration 14:  log pseudolikelihood = -1.331e-06
Iteration 15:  log pseudolikelihood = -4.895e-07
Iteration 16:  log pseudolikelihood = -1.796e-07
Iteration 17:  log pseudolikelihood = -9.642e-08
Iteration 18:  log pseudolikelihood = -3.171e-08
Iteration 19:  log pseudolikelihood = -2.529e-08  (backed up)
Iteration 20:  log pseudolikelihood =  1.308e-08
Iteration 21:  log pseudolikelihood =  5.440e-08
Iteration 22:  log pseudolikelihood =  4.778e-08  (backed up)
Refining estimates:
Iteration 0:   log pseudolikelihood = -8.476e-09
Iteration 1:   log pseudolikelihood = -3.118e-09
Iteration 2:   log pseudolikelihood = -1.147e-09
Iteration 3:   log pseudolikelihood = -4.220e-10
Iteration 4:   log pseudolikelihood = -1.552e-10
Iteration 5:   log pseudolikelihood = -5.711e-11
Iteration 6:   log pseudolikelihood = -2.101e-11
Iteration 7:   log pseudolikelihood = -7.723e-12
Iteration 8:   log pseudolikelihood = -2.842e-12
Iteration 9:   log pseudolikelihood = -1.045e-12
Iteration 10:  log pseudolikelihood = -3.784e-13
Iteration 11:  log pseudolikelihood = -1.394e-13
Iteration 12:  log pseudolikelihood = -6.223e-14
Iteration 13:  log pseudolikelihood = -1.910e-14
Iteration 14:  log pseudolikelihood = -5.773e-15
Iteration 15:  log pseudolikelihood = -1.749e-15
Iteration 16:  log pseudolikelihood = -8.882e-16
Iteration 17:  log pseudolikelihood = -8.882e-16

Stratified Cox regression with no ties
Strata variable: set_id

No. of subjects =    1,309                            Number of obs =    1,311
No. of failures =       39
Time at risk    = 567.2005
                                                      Wald chi2(6)  = 1.97e+07
Log pseudolikelihood = -8.882e-16                     Prob > chi2   =   0.0000

                                           (Std. err. adjusted for 34 clusters in practice_id)
----------------------------------------------------------------------------------------------
                             |               Robust
                          _t | Haz. ratio   std. err.      z    P>|z|     [95% conf. interval]
-----------------------------+----------------------------------------------------------------
              covid_severity |
Non-hospitalised SARS-CoV-2  |   .7423076   1.100863    -0.20   0.841     .0405722    13.58123
      Hospitalised COVID-19  |          1  (omitted)
     Critical care COVID-19  |          1  (omitted)
                             |
                         sex |
                       Male  |          1  (omitted)
                             |
                   ethnicity |
                South Asian  |          1  (omitted)
                      Black  |   .0211687          .        .       .            .           .
                      Mixed  |          1  (omitted)
                      Other  |          1  (omitted)
                             |
                         imd |
                          2  |   2.35e+07          .        .       .            .           .
                          3  |   1.48e-26          .        .       .            .           .
                          4  |   1.87e+09          .        .       .            .           .
           5 Least deprived  |   .0003751   .0004078    -7.25   0.000     .0000445    .0031598
                             |
                      region |
                       East  |   7.60e+35          .        .       .            .           .
                     London  |   3.25e+11   4.01e+11    21.47   0.000     2.89e+10    3.66e+12
                 North East  |   1.33e-08          .        .       .            .           .
                 North West  |          1  (omitted)
                 South East  |     1.9974   5.276833     0.26   0.793     .0112646    354.1708
                 South West  |   .0025289          .        .       .            .           .
              West Midlands  |          1  (omitted)
   Yorkshire and The Humber  |          1          .        .       .            .           .
                             |
                       urban |
                      Urban  |   3.88e+10          .        .       .            .           .
                             |
                         bmi |
         Normal (18.5-24.9)  |   2.38e-19          .        .       .            .           .
       Overweight (25-29.9)  |   .0000399   .0000646    -6.25   0.000     1.67e-06    .0009536
          Obese I (30-34.9)  |   2.672494          .        .       .            .           .
         Obese II (35-39.9)  |   8.949485   15.49098     1.27   0.205     .3009007    266.1785
            Obese III (40+)  |          1  (omitted)
                             |
                     smoking |
      Current/former smoker  |    1004968          .        .       .            .           .
                        age1 |   .5866245   .0761198    -4.11   0.000     .4548929     .756504
                        age2 |   .0806775   .0056147   -36.17   0.000     .0703904     .092468
                        age3 |    7203329    3824190    29.74   0.000      2544703    2.04e+07
----------------------------------------------------------------------------------------------

Likelihood-ratio test
Assumption: B nested within A

 LR chi2(1) =  -0.00
Prob > chi2 = 1.0000

        Failure _d: esrd_date
  Analysis time _t: (exit_date-origin)/365.25
            Origin: time index_date
       ID variable: patient_id

Iteration 0:   log pseudolikelihood = -5.3752784
Iteration 1:   log pseudolikelihood =  -.6655529
Iteration 2:   log pseudolikelihood = -.22556337
Iteration 3:   log pseudolikelihood = -.08079654
Iteration 4:   log pseudolikelihood = -.02944451
Iteration 5:   log pseudolikelihood = -.01079505
Iteration 6:   log pseudolikelihood = -.00396631
Iteration 7:   log pseudolikelihood = -.00145845
Iteration 8:   log pseudolikelihood = -.00053644
Iteration 9:   log pseudolikelihood = -.00019733
Iteration 10:  log pseudolikelihood = -.00007259
Iteration 11:  log pseudolikelihood = -.00002671
Iteration 12:  log pseudolikelihood = -9.825e-06
Iteration 13:  log pseudolikelihood = -3.616e-06
Iteration 14:  log pseudolikelihood = -1.333e-06
Iteration 15:  log pseudolikelihood = -4.847e-07
Iteration 16:  log pseudolikelihood = -3.354e-07
Iteration 17:  log pseudolikelihood = -1.295e-07
Iteration 18:  log pseudolikelihood =  7.854e-08
Iteration 19:  log pseudolikelihood =  1.448e-07
Iteration 20:  log pseudolikelihood =  2.761e-07  (backed up)
Iteration 21:  log pseudolikelihood =  3.995e-07  (backed up)
Iteration 22:  log pseudolikelihood =  3.187e-07  (backed up)
Refining estimates:
Iteration 0:   log pseudolikelihood = -1.622e-07
Iteration 1:   log pseudolikelihood = -5.969e-08
Iteration 2:   log pseudolikelihood = -2.196e-08
Iteration 3:   log pseudolikelihood = -8.078e-09
Iteration 4:   log pseudolikelihood = -2.972e-09
Iteration 5:   log pseudolikelihood = -1.093e-09
Iteration 6:   log pseudolikelihood = -4.022e-10
Iteration 7:   log pseudolikelihood = -1.480e-10
Iteration 8:   log pseudolikelihood = -5.442e-11
Iteration 9:   log pseudolikelihood = -2.002e-11
Iteration 10:  log pseudolikelihood = -7.363e-12
Iteration 11:  log pseudolikelihood = -2.708e-12
Iteration 12:  log pseudolikelihood = -9.963e-13
Iteration 13:  log pseudolikelihood = -3.672e-13
Iteration 14:  log pseudolikelihood = -1.169e-13
Iteration 15:  log pseudolikelihood = -4.263e-14
Iteration 16:  log pseudolikelihood = -4.086e-14
Iteration 17:  log pseudolikelihood = -1.066e-14
Iteration 18:  log pseudolikelihood = -3.553e-15
Iteration 19:  log pseudolikelihood = -1.776e-15
Iteration 20:  log pseudolikelihood =          0

Stratified Cox regression with no ties
Strata variable: set_id

No. of subjects =    1,309                            Number of obs =    1,311
No. of failures =       39
Time at risk    = 567.2005
                                                      Wald chi2(6)  = 9.74e+11
Log pseudolikelihood = 0                              Prob > chi2   =   0.0000

                                           (Std. err. adjusted for 34 clusters in practice_id)
----------------------------------------------------------------------------------------------
                             |               Robust
                          _t | Haz. ratio   std. err.      z    P>|z|     [95% conf. interval]
-----------------------------+----------------------------------------------------------------
              covid_severity |
Non-hospitalised SARS-CoV-2  |   5.03e-06   5.06e-06   -12.11   0.000     6.98e-07    .0000362
      Hospitalised COVID-19  |          1  (omitted)
     Critical care COVID-19  |          1  (omitted)
                             |
                         sex |
                       Male  |          1  (omitted)
                             |
                   ethnicity |
                South Asian  |          1  (omitted)
                      Black  |   6.145187          .        .       .            .           .
                      Mixed  |          1  (omitted)
                      Other  |          1  (omitted)
                             |
                         imd |
                          2  |   1222.707          .        .       .            .           .
                          3  |   43.63502          .        .       .            .           .
                          4  |   23.59973   24.82529     3.01   0.003     3.002631    185.4865
           5 Least deprived  |   401.7326          .        .       .            .           .
                             |
                      region |
                       East  |   2.47e+12          .        .       .            .           .
                     London  |   .0044497          .        .       .            .           .
                 North East  |   .1587036          .        .       .            .           .
                 North West  |          1  (omitted)
                 South East  |   2.594508          .        .       .            .           .
                 South West  |   4.895609          .        .       .            .           .
              West Midlands  |   .5102555          .        .       .            .           .
   Yorkshire and The Humber  |   5.41e+11          .        .       .            .           .
                             |
                       urban |
                      Urban  |   4.700252          .        .       .            .           .
                             |
                         bmi |
         Normal (18.5-24.9)  |   .4219772          .        .       .            .           .
       Overweight (25-29.9)  |   .0386465   .0351739    -3.57   0.000     .0064922    .2300521
          Obese I (30-34.9)  |   4.52e+07          .        .       .            .           .
         Obese II (35-39.9)  |   .0592353   .1079999    -1.55   0.121      .001662    2.111163
            Obese III (40+)  |          1  (omitted)
                             |
                   1.cardiac |   .0000487          .        .       .            .           .
                  1.diabetes |   .0001149          .        .       .            .           .
              1.hypertension |   2233.058          .        .       .            .           .
          1.immunosuppressed |    .004892   .0051118    -5.09   0.000      .000631    .0379257
           1.non_haem_cancer |          1  (omitted)
                             |
                     smoking |
      Current/former smoker  |          1  (omitted)
                        age1 |   .1904558   .0052603   -60.04   0.000     .1804198      .20105
                        age2 |   1.720222          .        .       .            .           .
                        age3 |   106.9304   .7973767   626.55   0.000     105.3789    108.5047
----------------------------------------------------------------------------------------------

Likelihood-ratio test
Assumption: A nested within B

 LR chi2(2) =   0.00
Prob > chi2 = 1.0000

+-------------------+
| Key               |
|-------------------|
|     frequency     |
| column percentage |
+-------------------+

      1 if |
failure; 0 |
        if |        COVID-19 acute kidney injury
  censored | Historica  Non-hospi  No AKI ho  AKI hospi |     Total
-----------+--------------------------------------------+----------
         0 |     8,649      1,996        204        114 |    10,963 
           |     96.92      97.70      97.61      97.44 |     97.08 
-----------+--------------------------------------------+----------
         1 |       275         47          5          3 |       330 
           |      3.08       2.30       2.39       2.56 |      2.92 
-----------+--------------------------------------------+----------
     Total |     8,924      2,043        209        117 |    11,293 
           |    100.00     100.00     100.00     100.00 |    100.00 

          Pearson chi2(3) =   3.8421   Pr = 0.279

        Failure _d: esrd_date
  Analysis time _t: (exit_date-origin)/365.25
            Origin: time index_date
       ID variable: patient_id

Estimated failure rates
Number of records = 11293

  +--------------------------------------------------------------------------------+
  |                    covid_aki     D          Y       Rate      Lower      Upper |
  |--------------------------------------------------------------------------------|
  |        Historical comparator   275    3.7e+03   0.075212   0.066828   0.084648 |
  |  Non-hospitalised SARS-CoV-2    47   911.8658   0.051543   0.038726   0.068601 |
  | No AKI hospitalised COVID-19     5    97.4182   0.051325   0.021363   0.123310 |
  |    AKI hospitalised COVID-19     3    50.0123   0.059985   0.019347   0.185988 |
  +--------------------------------------------------------------------------------+
   Notes: Rate = D/Y = failures/person-time.
          Lower and Upper are bounds of 95% confidence intervals.


        Failure _d: esrd_date
  Analysis time _t: (exit_date-origin)/365.25
            Origin: time index_date
       ID variable: patient_id

Iteration 0:   log pseudolikelihood =  -414.3594
Iteration 1:   log pseudolikelihood = -412.00945
Iteration 2:   log pseudolikelihood =  -412.0049
Iteration 3:   log pseudolikelihood =  -412.0049
Refining estimates:
Iteration 0:   log pseudolikelihood =  -412.0049

Stratified Cox regression with no ties
Strata variable: set_id

No. of subjects =     11,255                            Number of obs = 11,293
No. of failures =        330
Time at risk    = 4,715.6249
                                                        Wald chi2(6)  =  15.85
Log pseudolikelihood = -412.0049                        Prob > chi2   = 0.0146

                                            (Std. err. adjusted for 38 clusters in practice_id)
-----------------------------------------------------------------------------------------------
                              |               Robust
                           _t | Haz. ratio   std. err.      z    P>|z|     [95% conf. interval]
------------------------------+----------------------------------------------------------------
                    covid_aki |
 Non-hospitalised SARS-CoV-2  |   .8417947   .1390083    -1.04   0.297     .6090381    1.163504
No AKI hospitalised COVID-19  |   1.081956   .6226449     0.14   0.891      .350235     3.34241
   AKI hospitalised COVID-19  |   .7101438   .5949656    -0.41   0.683     .1374679    3.668525
                              |
                          sex |
                        Male  |          1  (omitted)
                         age1 |   .9826312   .0196725    -0.88   0.381     .9448206    1.021955
                         age2 |   1.101755   .0715992     1.49   0.136     .9699925    1.251416
                         age3 |   .7106775   .1459633    -1.66   0.096     .4751685    1.062913
-----------------------------------------------------------------------------------------------

Likelihood-ratio test
Assumption: B nested within A

 LR chi2(3) =   1.21
Prob > chi2 = 0.7510

        Failure _d: esrd_date
  Analysis time _t: (exit_date-origin)/365.25
            Origin: time index_date
       ID variable: patient_id

Iteration 0:   log pseudolikelihood = -5.3752784
Iteration 1:   log pseudolikelihood =  -.6655529
Iteration 2:   log pseudolikelihood = -.22556337
Iteration 3:   log pseudolikelihood = -.08079654
Iteration 4:   log pseudolikelihood = -.02944451
Iteration 5:   log pseudolikelihood = -.01079505
Iteration 6:   log pseudolikelihood = -.00396631
Iteration 7:   log pseudolikelihood = -.00145845
Iteration 8:   log pseudolikelihood = -.00053644
Iteration 9:   log pseudolikelihood = -.00019733
Iteration 10:  log pseudolikelihood = -.00007259
Iteration 11:  log pseudolikelihood =  -.0000267
Iteration 12:  log pseudolikelihood = -9.823e-06
Iteration 13:  log pseudolikelihood = -3.616e-06
Iteration 14:  log pseudolikelihood = -1.331e-06
Iteration 15:  log pseudolikelihood = -4.895e-07
Iteration 16:  log pseudolikelihood = -1.796e-07
Iteration 17:  log pseudolikelihood = -9.642e-08
Iteration 18:  log pseudolikelihood = -3.171e-08
Iteration 19:  log pseudolikelihood = -2.529e-08  (backed up)
Iteration 20:  log pseudolikelihood =  1.308e-08
Iteration 21:  log pseudolikelihood =  5.440e-08
Iteration 22:  log pseudolikelihood =  4.778e-08  (backed up)
Refining estimates:
Iteration 0:   log pseudolikelihood = -8.476e-09
Iteration 1:   log pseudolikelihood = -3.118e-09
Iteration 2:   log pseudolikelihood = -1.147e-09
Iteration 3:   log pseudolikelihood = -4.220e-10
Iteration 4:   log pseudolikelihood = -1.552e-10
Iteration 5:   log pseudolikelihood = -5.711e-11
Iteration 6:   log pseudolikelihood = -2.101e-11
Iteration 7:   log pseudolikelihood = -7.723e-12
Iteration 8:   log pseudolikelihood = -2.842e-12
Iteration 9:   log pseudolikelihood = -1.045e-12
Iteration 10:  log pseudolikelihood = -3.784e-13
Iteration 11:  log pseudolikelihood = -1.394e-13
Iteration 12:  log pseudolikelihood = -6.223e-14
Iteration 13:  log pseudolikelihood = -1.910e-14
Iteration 14:  log pseudolikelihood = -5.773e-15
Iteration 15:  log pseudolikelihood = -1.749e-15
Iteration 16:  log pseudolikelihood = -8.882e-16
Iteration 17:  log pseudolikelihood = -8.882e-16

Stratified Cox regression with no ties
Strata variable: set_id

No. of subjects =    1,309                            Number of obs =    1,311
No. of failures =       39
Time at risk    = 567.2005
                                                      Wald chi2(6)  = 1.97e+07
Log pseudolikelihood = -8.882e-16                     Prob > chi2   =   0.0000

                                            (Std. err. adjusted for 34 clusters in practice_id)
-----------------------------------------------------------------------------------------------
                              |               Robust
                           _t | Haz. ratio   std. err.      z    P>|z|     [95% conf. interval]
------------------------------+----------------------------------------------------------------
                    covid_aki |
 Non-hospitalised SARS-CoV-2  |   .7423076   1.100863    -0.20   0.841     .0405722    13.58123
No AKI hospitalised COVID-19  |          1  (omitted)
   AKI hospitalised COVID-19  |          1  (omitted)
                              |
                          sex |
                        Male  |          1  (omitted)
                              |
                    ethnicity |
                 South Asian  |          1  (omitted)
                       Black  |   .0211687          .        .       .            .           .
                       Mixed  |          1  (omitted)
                       Other  |          1  (omitted)
                              |
                          imd |
                           2  |   2.35e+07          .        .       .            .           .
                           3  |   1.48e-26          .        .       .            .           .
                           4  |   1.87e+09          .        .       .            .           .
            5 Least deprived  |   .0003751   .0004078    -7.25   0.000     .0000445    .0031598
                              |
                       region |
                        East  |   7.60e+35          .        .       .            .           .
                      London  |   3.25e+11   4.01e+11    21.47   0.000     2.89e+10    3.66e+12
                  North East  |   1.33e-08          .        .       .            .           .
                  North West  |          1  (omitted)
                  South East  |     1.9974   5.276833     0.26   0.793     .0112646    354.1708
                  South West  |   .0025289          .        .       .            .           .
               West Midlands  |          1  (omitted)
    Yorkshire and The Humber  |          1          .        .       .            .           .
                              |
                        urban |
                       Urban  |   3.88e+10          .        .       .            .           .
                              |
                          bmi |
          Normal (18.5-24.9)  |   2.38e-19          .        .       .            .           .
        Overweight (25-29.9)  |   .0000399   .0000646    -6.25   0.000     1.67e-06    .0009536
           Obese I (30-34.9)  |   2.672494          .        .       .            .           .
          Obese II (35-39.9)  |   8.949485   15.49098     1.27   0.205     .3009007    266.1785
             Obese III (40+)  |          1  (omitted)
                              |
                      smoking |
       Current/former smoker  |    1004968          .        .       .            .           .
                         age1 |   .5866245   .0761198    -4.11   0.000     .4548929     .756504
                         age2 |   .0806775   .0056147   -36.17   0.000     .0703904     .092468
                         age3 |    7203329    3824190    29.74   0.000      2544703    2.04e+07
-----------------------------------------------------------------------------------------------

Likelihood-ratio test
Assumption: B nested within A

 LR chi2(1) =  -0.00
Prob > chi2 = 1.0000

        Failure _d: esrd_date
  Analysis time _t: (exit_date-origin)/365.25
            Origin: time index_date
       ID variable: patient_id

Iteration 0:   log pseudolikelihood = -5.3752784
Iteration 1:   log pseudolikelihood =  -.6655529
Iteration 2:   log pseudolikelihood = -.22556337
Iteration 3:   log pseudolikelihood = -.08079654
Iteration 4:   log pseudolikelihood = -.02944451
Iteration 5:   log pseudolikelihood = -.01079505
Iteration 6:   log pseudolikelihood = -.00396631
Iteration 7:   log pseudolikelihood = -.00145845
Iteration 8:   log pseudolikelihood = -.00053644
Iteration 9:   log pseudolikelihood = -.00019733
Iteration 10:  log pseudolikelihood = -.00007259
Iteration 11:  log pseudolikelihood = -.00002671
Iteration 12:  log pseudolikelihood = -9.825e-06
Iteration 13:  log pseudolikelihood = -3.616e-06
Iteration 14:  log pseudolikelihood = -1.333e-06
Iteration 15:  log pseudolikelihood = -4.847e-07
Iteration 16:  log pseudolikelihood = -3.354e-07
Iteration 17:  log pseudolikelihood = -1.295e-07
Iteration 18:  log pseudolikelihood =  7.854e-08
Iteration 19:  log pseudolikelihood =  1.448e-07
Iteration 20:  log pseudolikelihood =  2.761e-07  (backed up)
Iteration 21:  log pseudolikelihood =  3.995e-07  (backed up)
Iteration 22:  log pseudolikelihood =  3.187e-07  (backed up)
Refining estimates:
Iteration 0:   log pseudolikelihood = -1.622e-07
Iteration 1:   log pseudolikelihood = -5.969e-08
Iteration 2:   log pseudolikelihood = -2.196e-08
Iteration 3:   log pseudolikelihood = -8.078e-09
Iteration 4:   log pseudolikelihood = -2.972e-09
Iteration 5:   log pseudolikelihood = -1.093e-09
Iteration 6:   log pseudolikelihood = -4.022e-10
Iteration 7:   log pseudolikelihood = -1.480e-10
Iteration 8:   log pseudolikelihood = -5.442e-11
Iteration 9:   log pseudolikelihood = -2.002e-11
Iteration 10:  log pseudolikelihood = -7.363e-12
Iteration 11:  log pseudolikelihood = -2.708e-12
Iteration 12:  log pseudolikelihood = -9.963e-13
Iteration 13:  log pseudolikelihood = -3.672e-13
Iteration 14:  log pseudolikelihood = -1.169e-13
Iteration 15:  log pseudolikelihood = -4.263e-14
Iteration 16:  log pseudolikelihood = -4.086e-14
Iteration 17:  log pseudolikelihood = -1.066e-14
Iteration 18:  log pseudolikelihood = -3.553e-15
Iteration 19:  log pseudolikelihood = -1.776e-15
Iteration 20:  log pseudolikelihood =          0

Stratified Cox regression with no ties
Strata variable: set_id

No. of subjects =    1,309                            Number of obs =    1,311
No. of failures =       39
Time at risk    = 567.2005
                                                      Wald chi2(6)  = 9.74e+11
Log pseudolikelihood = 0                              Prob > chi2   =   0.0000

                                            (Std. err. adjusted for 34 clusters in practice_id)
-----------------------------------------------------------------------------------------------
                              |               Robust
                           _t | Haz. ratio   std. err.      z    P>|z|     [95% conf. interval]
------------------------------+----------------------------------------------------------------
                    covid_aki |
 Non-hospitalised SARS-CoV-2  |   5.03e-06   5.06e-06   -12.11   0.000     6.98e-07    .0000362
No AKI hospitalised COVID-19  |          1  (omitted)
   AKI hospitalised COVID-19  |          1  (omitted)
                              |
                          sex |
                        Male  |          1  (omitted)
                              |
                    ethnicity |
                 South Asian  |          1  (omitted)
                       Black  |   6.145187          .        .       .            .           .
                       Mixed  |          1  (omitted)
                       Other  |          1  (omitted)
                              |
                          imd |
                           2  |   1222.707          .        .       .            .           .
                           3  |   43.63502          .        .       .            .           .
                           4  |   23.59973   24.82529     3.01   0.003     3.002631    185.4865
            5 Least deprived  |   401.7326          .        .       .            .           .
                              |
                       region |
                        East  |   2.47e+12          .        .       .            .           .
                      London  |   .0044497          .        .       .            .           .
                  North East  |   .1587036          .        .       .            .           .
                  North West  |          1  (omitted)
                  South East  |   2.594508          .        .       .            .           .
                  South West  |   4.895609          .        .       .            .           .
               West Midlands  |   .5102555          .        .       .            .           .
    Yorkshire and The Humber  |   5.41e+11          .        .       .            .           .
                              |
                        urban |
                       Urban  |   4.700252          .        .       .            .           .
                              |
                          bmi |
          Normal (18.5-24.9)  |   .4219772          .        .       .            .           .
        Overweight (25-29.9)  |   .0386465   .0351739    -3.57   0.000     .0064922    .2300521
           Obese I (30-34.9)  |   4.52e+07          .        .       .            .           .
          Obese II (35-39.9)  |   .0592353   .1079999    -1.55   0.121      .001662    2.111163
             Obese III (40+)  |          1  (omitted)
                              |
                    1.cardiac |   .0000487          .        .       .            .           .
                   1.diabetes |   .0001149          .        .       .            .           .
               1.hypertension |   2233.058          .        .       .            .           .
           1.immunosuppressed |    .004892   .0051118    -5.09   0.000      .000631    .0379257
            1.non_haem_cancer |          1  (omitted)
                              |
                      smoking |
       Current/former smoker  |          1  (omitted)
                         age1 |   .1904558   .0052603   -60.04   0.000     .1804198      .20105
                         age2 |   1.720222          .        .       .            .           .
                         age3 |   106.9304   .7973767   626.55   0.000     105.3789    108.5047
-----------------------------------------------------------------------------------------------

Likelihood-ratio test
Assumption: A nested within B

 LR chi2(2) =   0.00
Prob > chi2 = 1.0000

+-------------------+
| Key               |
|-------------------|
|     frequency     |
| column percentage |
+-------------------+

      1 if |
failure; 0 |
        if |                        Vaccination status
  censored | Historica  Pre-vacci  1 vaccine  2 vaccine  3 vaccine  4 vaccine |     Total
-----------+------------------------------------------------------------------+----------
         0 |     8,649        950        228        282        373        481 |    10,963 
           |     96.92      97.44      98.28      97.58      98.42      97.37 |     97.08 
-----------+------------------------------------------------------------------+----------
         1 |       275         25          4          7          6         13 |       330 
           |      3.08       2.56       1.72       2.42       1.58       2.63 |      2.92 
-----------+------------------------------------------------------------------+----------
     Total |     8,924        975        232        289        379        494 |    11,293 
           |    100.00     100.00     100.00     100.00     100.00     100.00 |    100.00 

          Pearson chi2(5) =   5.2112   Pr = 0.391

        Failure _d: esrd_date
  Analysis time _t: (exit_date-origin)/365.25
            Origin: time index_date
       ID variable: patient_id

Estimated failure rates
Number of records = 11293

  +-------------------------------------------------------------------------+
  |             covid_vax     D          Y       Rate      Lower      Upper |
  |-------------------------------------------------------------------------|
  | Historical comparator   275    3.7e+03   0.075212   0.066828   0.084648 |
  |       Pre-vaccination    25   451.2526   0.055401   0.037435   0.081990 |
  |        1 vaccine dose     4    94.1191   0.042499   0.015951   0.113236 |
  |       2 vaccine doses     7   136.4353   0.051306   0.024459   0.107621 |
  |       3 vaccine doses     6   160.0110   0.037497   0.016846   0.083465 |
  |-------------------------------------------------------------------------|
  |       4 vaccine doses    13   217.4784   0.059776   0.034709   0.102946 |
  +-------------------------------------------------------------------------+
   Notes: Rate = D/Y = failures/person-time.
          Lower and Upper are bounds of 95% confidence intervals.


        Failure _d: esrd_date
  Analysis time _t: (exit_date-origin)/365.25
            Origin: time index_date
       ID variable: patient_id

Iteration 0:   log pseudolikelihood =  -414.3594
Iteration 1:   log pseudolikelihood = -411.95413
Iteration 2:   log pseudolikelihood = -411.94892
Iteration 3:   log pseudolikelihood = -411.94892
Refining estimates:
Iteration 0:   log pseudolikelihood = -411.94892

Stratified Cox regression with no ties
Strata variable: set_id

No. of subjects =     11,255                            Number of obs = 11,293
No. of failures =        330
Time at risk    = 4,715.6249
                                                        Wald chi2(8)  =  11.34
Log pseudolikelihood = -411.94892                       Prob > chi2   = 0.1830

                               (Std. err. adjusted for 38 clusters in practice_id)
----------------------------------------------------------------------------------
                 |               Robust
              _t | Haz. ratio   std. err.      z    P>|z|     [95% conf. interval]
-----------------+----------------------------------------------------------------
       covid_vax |
Pre-vaccination  |   .9177698    .095406    -0.83   0.409     .7485966    1.125174
 1 vaccine dose  |   .8176147   .3384831    -0.49   0.627     .3632127    1.840502
2 vaccine doses  |   .9468353   .2730984    -0.19   0.850     .5379723    1.666437
3 vaccine doses  |    .854487   .3460539    -0.39   0.698      .386351    1.889856
4 vaccine doses  |   .7276829   .2306964    -1.00   0.316      .390919    1.354558
                 |
             sex |
           Male  |          1  (omitted)
            age1 |   .9820618   .0202797    -0.88   0.381     .9431078    1.022625
            age2 |   1.103776   .0743916     1.46   0.143     .9671904    1.259649
            age3 |   .7058909   .1504807    -1.63   0.102     .4648146    1.072001
----------------------------------------------------------------------------------

Likelihood-ratio test
Assumption: B nested within A

 LR chi2(5) =   1.32
Prob > chi2 = 0.9328

        Failure _d: esrd_date
  Analysis time _t: (exit_date-origin)/365.25
            Origin: time index_date
       ID variable: patient_id

Iteration 0:   log pseudolikelihood = -5.3752784
Iteration 1:   log pseudolikelihood =  -.6655529
Iteration 2:   log pseudolikelihood = -.22556337
Iteration 3:   log pseudolikelihood = -.08079654
Iteration 4:   log pseudolikelihood = -.02944451
Iteration 5:   log pseudolikelihood = -.01079505
Iteration 6:   log pseudolikelihood = -.00396631
Iteration 7:   log pseudolikelihood = -.00145845
Iteration 8:   log pseudolikelihood = -.00053644
Iteration 9:   log pseudolikelihood = -.00019733
Iteration 10:  log pseudolikelihood = -.00007259
Iteration 11:  log pseudolikelihood = -.00002671
Iteration 12:  log pseudolikelihood = -9.824e-06
Iteration 13:  log pseudolikelihood =  .00003425
Iteration 14:  log pseudolikelihood =  .00004715  (backed up)
Iteration 15:  log pseudolikelihood =  .00005117  (backed up)
Iteration 16:  log pseudolikelihood =  .00002207  (backed up)
Iteration 17:  log pseudolikelihood =  .00004542
Iteration 18:  log pseudolikelihood =  .01142073
Iteration 19:  log pseudolikelihood =  .03849077
Iteration 20:  log pseudolikelihood =   .0384902  (backed up)
Iteration 21:  log pseudolikelihood =  .03849019  (backed up)
Iteration 22:  log pseudolikelihood =  .03848991  (backed up)
Iteration 23:  log pseudolikelihood =  .03848991  (backed up)
Iteration 24:  log pseudolikelihood =  .03848962  (backed up)
Iteration 25:  log pseudolikelihood =  .03848962  (backed up)
Iteration 26:  log pseudolikelihood =  .03848933  (backed up)
Iteration 27:  log pseudolikelihood =  .03848905  (backed up)
Iteration 28:  log pseudolikelihood =  .03848876  (backed up)
Iteration 29:  log pseudolikelihood =  .03848848  (backed up)
Iteration 30:  log pseudolikelihood =  .03848847  (backed up)
Iteration 31:  log pseudolikelihood =  .03848818  (backed up)
Iteration 32:  log pseudolikelihood =   .0384879  (backed up)
Iteration 33:  log pseudolikelihood =  .03848789  (backed up)
Iteration 34:  log pseudolikelihood =   .0384876  (backed up)
Iteration 35:  log pseudolikelihood =  .03848703  (backed up)
Iteration 36:  log pseudolikelihood =  .03848703  (backed up)
Iteration 37:  log pseudolikelihood =  .03848703  (backed up)
Iteration 38:  log pseudolikelihood =  .03848675  (backed up)
Iteration 39:  log pseudolikelihood =  .03848674  (backed up)
Iteration 40:  log pseudolikelihood =  .03848674  (backed up)
Iteration 41:  log pseudolikelihood =  .03848674  (backed up)
Iteration 42:  log pseudolikelihood =  .03848673  (backed up)
Iteration 43:  log pseudolikelihood =  .03848644  (backed up)
Iteration 44:  log pseudolikelihood =  .03848587  (backed up)
Iteration 45:  log pseudolikelihood =  .03848587  (backed up)
Iteration 46:  log pseudolikelihood =  .03848587  (backed up)
Iteration 47:  log pseudolikelihood =  .03848586  (backed up)
Iteration 48:  log pseudolikelihood =  .03848585  (backed up)
Iteration 49:  log pseudolikelihood =  .03848585  (backed up)
Iteration 50:  log pseudolikelihood =  .03848556  (backed up)
Iteration 51:  log pseudolikelihood =  .03848527  (backed up)
Iteration 52:  log pseudolikelihood =  .03848499  (backed up)
Iteration 53:  log pseudolikelihood =   .0384847  (backed up)
Iteration 54:  log pseudolikelihood =  .03848441  (backed up)
Iteration 55:  log pseudolikelihood =   .0384844  (backed up)
Iteration 56:  log pseudolikelihood =   .0384844  (backed up)
Iteration 57:  log pseudolikelihood =   .0384844  (backed up)
Iteration 58:  log pseudolikelihood =   .0384844  (backed up)
Iteration 59:  log pseudolikelihood =   .0384844  (backed up)
Iteration 60:  log pseudolikelihood =   .0384844  (backed up)
Iteration 61:  log pseudolikelihood =  .03848412  (backed up)
Iteration 62:  log pseudolikelihood =  .03848412  (backed up)
Iteration 63:  log pseudolikelihood =  .03848412  (backed up)
Iteration 64:  log pseudolikelihood =  .03848383  (backed up)
Iteration 65:  log pseudolikelihood =  .03848383  (backed up)
Iteration 66:  log pseudolikelihood =  .03848354  (backed up)
Iteration 67:  log pseudolikelihood =  .03848326  (backed up)
Iteration 68:  log pseudolikelihood =  .03848326  (backed up)
Iteration 69:  log pseudolikelihood =  .03848297  (backed up)
Iteration 70:  log pseudolikelihood =  .03848296  (backed up)
Iteration 71:  log pseudolikelihood =  .03848267  (backed up)
Iteration 72:  log pseudolikelihood =  .03848267  (backed up)
Iteration 73:  log pseudolikelihood =  .03848267  (backed up)
Iteration 74:  log pseudolikelihood =  .03848267  (backed up)
Iteration 75:  log pseudolikelihood =  .03848238  (backed up)
Iteration 76:  log pseudolikelihood =  .03848209  (backed up)
Iteration 77:  log pseudolikelihood =  .03848208  (backed up)
Iteration 78:  log pseudolikelihood =  .03848208  (backed up)
Iteration 79:  log pseudolikelihood =   .0384818  (backed up)
Iteration 80:  log pseudolikelihood =  .03848122  (backed up)
Iteration 81:  log pseudolikelihood =  .03848121  (backed up)
Iteration 82:  log pseudolikelihood =   .0384812  (backed up)
Iteration 83:  log pseudolikelihood =  .03848063  (backed up)
Iteration 84:  log pseudolikelihood =  .03848062  (backed up)
Iteration 85:  log pseudolikelihood =  .03848062  (backed up)
Iteration 86:  log pseudolikelihood =  .03848033  (backed up)
Iteration 87:  log pseudolikelihood =  .03848032  (backed up)
Iteration 88:  log pseudolikelihood =  .03848032  (backed up)
Iteration 89:  log pseudolikelihood =  .03848018  (backed up)
Iteration 90:  log pseudolikelihood =  .03848003  (backed up)
Iteration 91:  log pseudolikelihood =  .03848002  (backed up)
Iteration 92:  log pseudolikelihood =  .03847988  (backed up)
Iteration 93:  log pseudolikelihood =  .03847987  (backed up)
Iteration 94:  log pseudolikelihood =  .03847973  (backed up)
Iteration 95:  log pseudolikelihood =  .03847958  (backed up)
Iteration 96:  log pseudolikelihood =  .03847958  (backed up)
Iteration 97:  log pseudolikelihood =  .03847957  (backed up)
Iteration 98:  log pseudolikelihood =  .03847957  (backed up)
Iteration 99:  log pseudolikelihood =  .03847942  (backed up)
Iteration 100: log pseudolikelihood =  .03847941  (backed up)
Iteration 101: log pseudolikelihood =   .0384794  (backed up)
Iteration 102: log pseudolikelihood =  .03847926  (backed up)
Iteration 103: log pseudolikelihood =  .03847925  (backed up)
Iteration 104: log pseudolikelihood =  .03847925  (backed up)
Iteration 105: log pseudolikelihood =  .03847925  (backed up)
Iteration 106: log pseudolikelihood =  .03847911  (backed up)
Iteration 107: log pseudolikelihood =  .03847896  (backed up)
Iteration 108: log pseudolikelihood =  .03847882  (backed up)
Iteration 109: log pseudolikelihood =  .03847868  (backed up)
Iteration 110: log pseudolikelihood =  .03847867  (backed up)
Iteration 111: log pseudolikelihood =  .03847852  (backed up)
Iteration 112: log pseudolikelihood =  .03847852  (backed up)
Iteration 113: log pseudolikelihood =  .03847852  (backed up)
Iteration 114: log pseudolikelihood =  .03847837  (backed up)
Iteration 115: log pseudolikelihood =  .03847837  (backed up)
Iteration 116: log pseudolikelihood =  .03847837  (backed up)
Iteration 117: log pseudolikelihood =  .03847823  (backed up)
Iteration 118: log pseudolikelihood =  .03847808  (backed up)
Iteration 119: log pseudolikelihood =  .03847794  (backed up)
Iteration 120: log pseudolikelihood =   .0384778  (backed up)
Iteration 121: log pseudolikelihood =  .03847779  (backed up)
Iteration 122: log pseudolikelihood =  .03847778  (backed up)
Iteration 123: log pseudolikelihood =  .03847764  (backed up)
Iteration 124: log pseudolikelihood =  .03847749  (backed up)
Iteration 125: log pseudolikelihood =  .03847735  (backed up)
Iteration 126: log pseudolikelihood =   .0384772  (backed up)
Iteration 127: log pseudolikelihood =   .0384772  (backed up)
Iteration 128: log pseudolikelihood =  .03847705  (backed up)
Iteration 129: log pseudolikelihood =  .03847691  (backed up)
Iteration 130: log pseudolikelihood =  .03847676  (backed up)
Iteration 131: log pseudolikelihood =  .03847662  (backed up)
Iteration 132: log pseudolikelihood =  .03847648  (backed up)
Iteration 133: log pseudolikelihood =  .03847633  (backed up)
Iteration 134: log pseudolikelihood =  .03847633  (backed up)
Iteration 135: log pseudolikelihood =  .03847632  (backed up)
Iteration 136: log pseudolikelihood =  .03847632  (backed up)
Iteration 137: log pseudolikelihood =  .03847632  (backed up)
Iteration 138: log pseudolikelihood =  .03847618  (backed up)
Iteration 139: log pseudolikelihood =  .03847604  (backed up)
Iteration 140: log pseudolikelihood =  .03847589  (backed up)
Iteration 141: log pseudolikelihood =  .03847575  (backed up)
Iteration 142: log pseudolikelihood =  .03847575  (backed up)
Iteration 143: log pseudolikelihood =  .03847575  (backed up)
Iteration 144: log pseudolikelihood =   .0384756  (backed up)
Iteration 145: log pseudolikelihood =   .0384756  (backed up)
Iteration 146: log pseudolikelihood =  .03847546  (backed up)
Iteration 147: log pseudolikelihood =  .03847545  (backed up)
Iteration 148: log pseudolikelihood =  .03847531  (backed up)
Iteration 149: log pseudolikelihood =  .03847516  (backed up)
Iteration 150: log pseudolikelihood =  .03847502  (backed up)
Iteration 151: log pseudolikelihood =  .03847501  (backed up)
Iteration 152: log pseudolikelihood =  .03847487  (backed up)
Iteration 153: log pseudolikelihood =  .03847486  (backed up)
Iteration 154: log pseudolikelihood =  .03847471  (backed up)
Iteration 155: log pseudolikelihood =  .03847471  (backed up)
Iteration 156: log pseudolikelihood =  .03847457  (backed up)
Iteration 157: log pseudolikelihood =  .03847443  (backed up)
Iteration 158: log pseudolikelihood =  .03847428  (backed up)
Iteration 159: log pseudolikelihood =  .03847414  (backed up)
Iteration 160: log pseudolikelihood =  .03847414  (backed up)
Iteration 161: log pseudolikelihood =    .038474  (backed up)
Iteration 162: log pseudolikelihood =  .03847385  (backed up)
Iteration 163: log pseudolikelihood =  .03847385  (backed up)
Iteration 164: log pseudolikelihood =  .03847327  (backed up)
Iteration 165: log pseudolikelihood =  .03847313  (backed up)
Iteration 166: log pseudolikelihood =  .03847313  (backed up)
Iteration 167: log pseudolikelihood =  .03847313  (backed up)
Iteration 168: log pseudolikelihood =  .03847311  (backed up)
Iteration 169: log pseudolikelihood =  .03847296  (backed up)
Iteration 170: log pseudolikelihood =  .03847282  (backed up)
Iteration 171: log pseudolikelihood =  .03847268  (backed up)
Iteration 172: log pseudolikelihood =  .03847253  (backed up)
Iteration 173: log pseudolikelihood =  .03847239  (backed up)
Iteration 174: log pseudolikelihood =  .03847224  (backed up)
Iteration 175: log pseudolikelihood =  .03847224  (backed up)
Iteration 176: log pseudolikelihood =   .0384721  (backed up)
Iteration 177: log pseudolikelihood =   .0384721  (backed up)
Iteration 178: log pseudolikelihood =  .03847209  (backed up)
Iteration 179: log pseudolikelihood =  .03847195  (backed up)
Iteration 180: log pseudolikelihood =  .03847195  (backed up)
Iteration 181: log pseudolikelihood =   .0384718  (backed up)
Iteration 182: log pseudolikelihood =  .03847179  (backed up)
Iteration 183: log pseudolikelihood =  .03847179  (backed up)
Iteration 184: log pseudolikelihood =  .03847179  (backed up)
Iteration 185: log pseudolikelihood =  .03847165  (backed up)
Iteration 186: log pseudolikelihood =  .03847164  (backed up)
Iteration 187: log pseudolikelihood =   .0384715  (backed up)
Iteration 188: log pseudolikelihood =  .03847135  (backed up)
Iteration 189: log pseudolikelihood =  .03847134  (backed up)
Iteration 190: log pseudolikelihood =  .03847133  (backed up)
Iteration 191: log pseudolikelihood =  .03847119  (backed up)
Iteration 192: log pseudolikelihood =  .03847118  (backed up)
Iteration 193: log pseudolikelihood =  .03847117  (backed up)
Iteration 194: log pseudolikelihood =  .03847117  (backed up)
Iteration 195: log pseudolikelihood =  .03847116  (backed up)
Iteration 196: log pseudolikelihood =  .03847102  (backed up)
Iteration 197: log pseudolikelihood =  .03847088  (backed up)
Iteration 198: log pseudolikelihood =  .03847073  (backed up)
Iteration 199: log pseudolikelihood =  .03847016  (backed up)
Iteration 200: log pseudolikelihood =  .03846958  (backed up)
Iteration 201: log pseudolikelihood =  .03846958  (backed up)
Iteration 202: log pseudolikelihood =  .03846958  (backed up)
Iteration 203: log pseudolikelihood =    .038469  (backed up)
Iteration 204: log pseudolikelihood =  .03846899  (backed up)
Iteration 205: log pseudolikelihood =  .03846898  (backed up)
Iteration 206: log pseudolikelihood =  .03846841  (backed up)
Iteration 207: log pseudolikelihood =   .0384684  (backed up)
Iteration 208: log pseudolikelihood =  .03846839  (backed up)
Iteration 209: log pseudolikelihood =  .03846839  (backed up)
Iteration 210: log pseudolikelihood =  .03846839  (backed up)
Iteration 211: log pseudolikelihood =  .03846839  (backed up)
Iteration 212: log pseudolikelihood =  .03846838  (backed up)
Iteration 213: log pseudolikelihood =  .03846838  (backed up)
Iteration 214: log pseudolikelihood =  .03846837  (backed up)
Iteration 215: log pseudolikelihood =  .03846837  (backed up)
Iteration 216: log pseudolikelihood =  .03846822  (backed up)
Iteration 217: log pseudolikelihood =  .03846822  (backed up)
Iteration 218: log pseudolikelihood =  .03846808  (backed up)
Iteration 219: log pseudolikelihood =  .03846793  (backed up)
Iteration 220: log pseudolikelihood =  .03846779  (backed up)
Iteration 221: log pseudolikelihood =  .03846721  (backed up)
Iteration 222: log pseudolikelihood =  .03846721  (backed up)
Iteration 223: log pseudolikelihood =  .03846721  (backed up)
Iteration 224: log pseudolikelihood =  .03846707  (backed up)
Iteration 225: log pseudolikelihood =  .03846706  (backed up)
Iteration 226: log pseudolikelihood =  .03846692  (backed up)
Iteration 227: log pseudolikelihood =  .03846677  (backed up)
Iteration 228: log pseudolikelihood =  .03846663  (backed up)
Iteration 229: log pseudolikelihood =  .03846663  (backed up)
Iteration 230: log pseudolikelihood =  .03846662  (backed up)
Iteration 231: log pseudolikelihood =  .03846661  (backed up)
Iteration 232: log pseudolikelihood =  .03846646  (backed up)
Iteration 233: log pseudolikelihood =  .03846646  (backed up)
Iteration 234: log pseudolikelihood =  .03846646  (backed up)
Iteration 235: log pseudolikelihood =  .04939542  (backed up)
Iteration 236: log pseudolikelihood =  .04940067
Iteration 237: log pseudolikelihood =  .27256914
Iteration 238: log pseudolikelihood =  .27204062  (backed up)
r(430);

end of do-file

r(430);

