-------------------------------------------------------------------------------
      name:  <unnamed>
       log:  /workspace/logs/descriptive_20174.log
  log type:  text
 opened on:   1 Dec 2022, 01:27:19

. use ./output/analysis_20174.dta

. 
. foreach var of varlist  age                             ///
>                                                 baseline_egfr   ///
>                                                 time_to_esrd    ///
>                                                 follow_up_time {
  2.         by case,sort: sum `var', de
  3.         by covid_severity,sort: sum `var', de
  4.         by covid_aki,sort: sum `var', de
  5.         by covid_krt,sort: sum `var', de
  6.         by covid_vax,sort: sum `var', de
  7.         by calendar_period,sort: sum `var', de
  8.         }
variable time_to_esrd not found
r(111);

end of do-file
r(111);

end of do-file

r(111);


