------------------------------------------------------------------------------------------------------------------------------------------------------------------------------------------------------------------------------------------------------------
      name:  <unnamed>
       log:  C:\Users\lsh1703468\Documents\repos\logs/dummy_only_create_multiple_stps_2017covid2021.log
  log type:  text
 opened on:  24 Nov 2022, 17:11:05

. 
. *program for replacing stps that is called below
. program drop _all

. program replaceSTPs
  1.         local low=0
  2.         *divide total dataset by number of stps (=31)
.         local increase=int(_N/31)
  3.         *replace stps 5-9
.         foreach i of numlist 5/9 {
  4.                 local high=`low'+`increase'
  5.                 replace stp="E5400000`i'" if _n>`low'& _n<`high'
  6.                 local low=`low'+ `increase'
  7.         }
  8.         count
  9.         *replace all other stps
.         *reset lower limit to take account that 5/9 have been done already
.         local low=`increase'*5 
 10.         foreach i of numlist 10 12/17 20/27 29 33 35/37 40/44 49 {
 11.                 local high=`low'+`increase'
 12.                 replace stp="E540000`i'" if _n>`low'& _n<`high'
 13.                 local low=`low'+ `increase'
 14.         }
 15.         count
 16.         *tidy up remainder
.         replace stp="E54000005" if stp=="STP1"
 17. end

. 
. 
. *(1)=========Create separate stps for cases============
. import delimited ./output/covid2021_matching_2017.csv, clear
(encoding automatically selected: ISO-8859-1)
(10 vars, 8,631 obs)

. *tabulate before changes
. tab stp

        stp |      Freq.     Percent        Cum.
------------+-----------------------------------
  E54000005 |        321        3.72        3.72
  E54000006 |        277        3.21        6.93
  E54000007 |        277        3.21       10.14
  E54000008 |        277        3.21       13.35
  E54000009 |        277        3.21       16.56
  E54000010 |        277        3.21       19.77
  E54000012 |        277        3.21       22.98
  E54000013 |        277        3.21       26.18
  E54000014 |        277        3.21       29.39
  E54000015 |        277        3.21       32.60
  E54000016 |        277        3.21       35.81
  E54000017 |        277        3.21       39.02
  E54000020 |        277        3.21       42.23
  E54000021 |        277        3.21       45.44
  E54000022 |        277        3.21       48.65
  E54000023 |        277        3.21       51.86
  E54000024 |        277        3.21       55.07
  E54000025 |        277        3.21       58.28
  E54000026 |        277        3.21       61.49
  E54000027 |        277        3.21       64.70
  E54000029 |        277        3.21       67.91
  E54000033 |        277        3.21       71.12
  E54000035 |        277        3.21       74.33
  E54000036 |        277        3.21       77.53
  E54000037 |        277        3.21       80.74
  E54000040 |        277        3.21       83.95
  E54000041 |        277        3.21       87.16
  E54000042 |        277        3.21       90.37
  E54000043 |        277        3.21       93.58
  E54000044 |        277        3.21       96.79
  E54000049 |        277        3.21      100.00
------------+-----------------------------------
      Total |      8,631      100.00

. *call program
. replaceSTPs
(0 real changes made)
(0 real changes made)
(0 real changes made)
(0 real changes made)
(0 real changes made)
  8,631
(0 real changes made)
(0 real changes made)
(0 real changes made)
(0 real changes made)
(0 real changes made)
(0 real changes made)
(0 real changes made)
(0 real changes made)
(0 real changes made)
(0 real changes made)
(0 real changes made)
(0 real changes made)
(0 real changes made)
(0 real changes made)
(0 real changes made)
(0 real changes made)
(0 real changes made)
(0 real changes made)
(0 real changes made)
(0 real changes made)
(0 real changes made)
(0 real changes made)
(0 real changes made)
(0 real changes made)
(0 real changes made)
(0 real changes made)
  8,631
(0 real changes made)

. *tabulate after changes
. tab stp, miss

        stp |      Freq.     Percent        Cum.
------------+-----------------------------------
  E54000005 |        321        3.72        3.72
  E54000006 |        277        3.21        6.93
  E54000007 |        277        3.21       10.14
  E54000008 |        277        3.21       13.35
  E54000009 |        277        3.21       16.56
  E54000010 |        277        3.21       19.77
  E54000012 |        277        3.21       22.98
  E54000013 |        277        3.21       26.18
  E54000014 |        277        3.21       29.39
  E54000015 |        277        3.21       32.60
  E54000016 |        277        3.21       35.81
  E54000017 |        277        3.21       39.02
  E54000020 |        277        3.21       42.23
  E54000021 |        277        3.21       45.44
  E54000022 |        277        3.21       48.65
  E54000023 |        277        3.21       51.86
  E54000024 |        277        3.21       55.07
  E54000025 |        277        3.21       58.28
  E54000026 |        277        3.21       61.49
  E54000027 |        277        3.21       64.70
  E54000029 |        277        3.21       67.91
  E54000033 |        277        3.21       71.12
  E54000035 |        277        3.21       74.33
  E54000036 |        277        3.21       77.53
  E54000037 |        277        3.21       80.74
  E54000040 |        277        3.21       83.95
  E54000041 |        277        3.21       87.16
  E54000042 |        277        3.21       90.37
  E54000043 |        277        3.21       93.58
  E54000044 |        277        3.21       96.79
  E54000049 |        277        3.21      100.00
------------+-----------------------------------
      Total |      8,631      100.00

. *export output
. export delimited using "./output/covid2021_matching_2017.csv", replace
file ./output/covid2021_matching_2017.csv saved

. 
. 
. 
. 
. *(2)=========Create separate stps for comparators============
. import delimited ./output/2017_matching.csv, clear
(encoding automatically selected: ISO-8859-1)
(7 vars, 28,967 obs)

. *tabulate before changes
. tab stp

        stp |      Freq.     Percent        Cum.
------------+-----------------------------------
  E54000005 |        977        3.37        3.37
  E54000006 |        933        3.22        6.59
  E54000007 |        933        3.22        9.81
  E54000008 |        933        3.22       13.04
  E54000009 |        933        3.22       16.26
  E54000010 |        933        3.22       19.48
  E54000012 |        933        3.22       22.70
  E54000013 |        933        3.22       25.92
  E54000014 |        933        3.22       29.14
  E54000015 |        933        3.22       32.36
  E54000016 |        933        3.22       35.58
  E54000017 |        933        3.22       38.80
  E54000020 |        933        3.22       42.02
  E54000021 |        933        3.22       45.24
  E54000022 |        933        3.22       48.47
  E54000023 |        933        3.22       51.69
  E54000024 |        933        3.22       54.91
  E54000025 |        933        3.22       58.13
  E54000026 |        933        3.22       61.35
  E54000027 |        933        3.22       64.57
  E54000029 |        933        3.22       67.79
  E54000033 |        933        3.22       71.01
  E54000035 |        933        3.22       74.23
  E54000036 |        933        3.22       77.45
  E54000037 |        933        3.22       80.67
  E54000040 |        933        3.22       83.90
  E54000041 |        933        3.22       87.12
  E54000042 |        933        3.22       90.34
  E54000043 |        933        3.22       93.56
  E54000044 |        933        3.22       96.78
  E54000049 |        933        3.22      100.00
------------+-----------------------------------
      Total |     28,967      100.00

. *call program
. replaceSTPs
(0 real changes made)
(0 real changes made)
(0 real changes made)
(0 real changes made)
(0 real changes made)
  28,967
(0 real changes made)
(0 real changes made)
(0 real changes made)
(0 real changes made)
(0 real changes made)
(0 real changes made)
(0 real changes made)
(0 real changes made)
(0 real changes made)
(0 real changes made)
(0 real changes made)
(0 real changes made)
(0 real changes made)
(0 real changes made)
(0 real changes made)
(0 real changes made)
(0 real changes made)
(0 real changes made)
(0 real changes made)
(0 real changes made)
(0 real changes made)
(0 real changes made)
(0 real changes made)
(0 real changes made)
(0 real changes made)
(0 real changes made)
  28,967
(0 real changes made)

. *tabulate after changes
. tab stp

        stp |      Freq.     Percent        Cum.
------------+-----------------------------------
  E54000005 |        977        3.37        3.37
  E54000006 |        933        3.22        6.59
  E54000007 |        933        3.22        9.81
  E54000008 |        933        3.22       13.04
  E54000009 |        933        3.22       16.26
  E54000010 |        933        3.22       19.48
  E54000012 |        933        3.22       22.70
  E54000013 |        933        3.22       25.92
  E54000014 |        933        3.22       29.14
  E54000015 |        933        3.22       32.36
  E54000016 |        933        3.22       35.58
  E54000017 |        933        3.22       38.80
  E54000020 |        933        3.22       42.02
  E54000021 |        933        3.22       45.24
  E54000022 |        933        3.22       48.47
  E54000023 |        933        3.22       51.69
  E54000024 |        933        3.22       54.91
  E54000025 |        933        3.22       58.13
  E54000026 |        933        3.22       61.35
  E54000027 |        933        3.22       64.57
  E54000029 |        933        3.22       67.79
  E54000033 |        933        3.22       71.01
  E54000035 |        933        3.22       74.23
  E54000036 |        933        3.22       77.45
  E54000037 |        933        3.22       80.67
  E54000040 |        933        3.22       83.90
  E54000041 |        933        3.22       87.12
  E54000042 |        933        3.22       90.34
  E54000043 |        933        3.22       93.56
  E54000044 |        933        3.22       96.78
  E54000049 |        933        3.22      100.00
------------+-----------------------------------
      Total |     28,967      100.00

. *export output
. export delimited using "./output/2017_matching.csv", replace
file ./output/2017_matching.csv saved

. 
. 
. log close
      name:  <unnamed>
       log:  C:\Users\lsh1703468\Documents\repos\logs/dummy_only_create_multiple_stps_2017covid2021.log
  log type:  text
 closed on:  24 Nov 2022, 17:11:06
------------------------------------------------------------------------------------------------------------------------------------------------------------------------------------------------------------------------------------------------------------
